<?xml version="1.0" encoding="UTF-8"?>
<testsuite xmlns:xsi="http://www.w3.org/2001/XMLSchema-instance" xsi:noNamespaceSchemaLocation="https://maven.apache.org/surefire/maven-surefire-plugin/xsd/surefire-test-report-3.0.xsd" version="3.0" name="TestSuite" time="69.487" tests="6" errors="0" skipped="0" failures="0">
  <properties>
    <property name="sun.desktop" value="windows"/>
    <property name="awt.toolkit" value="sun.awt.windows.WToolkit"/>
    <property name="file.encoding.pkg" value="sun.io"/>
    <property name="java.specification.version" value="1.8"/>
    <property name="sun.cpu.isalist" value="amd64"/>
    <property name="sun.jnu.encoding" value="Cp1252"/>
    <property name="java.class.path" value="C:\Users\lenovo\eclipse-workspace\AppiumCucumberTDD\target\test-classes;C:\Users\lenovo\eclipse-workspace\AppiumCucumberTDD\target\classes;C:\Users\lenovo\.m2\repository\junit\junit\4.13\junit-4.13.jar;C:\Users\lenovo\.m2\repository\org\hamcrest\hamcrest-core\1.3\hamcrest-core-1.3.jar;C:\Users\lenovo\.m2\repository\io\cucumber\cucumber-java\5.6.0\cucumber-java-5.6.0.jar;C:\Users\lenovo\.m2\repository\io\cucumber\cucumber-core\5.6.0\cucumber-core-5.6.0.jar;C:\Users\lenovo\.m2\repository\io\cucumber\cucumber-gherkin\5.6.0\cucumber-gherkin-5.6.0.jar;C:\Users\lenovo\.m2\repository\io\cucumber\cucumber-gherkin-vintage\5.6.0\cucumber-gherkin-vintage-5.6.0.jar;C:\Users\lenovo\.m2\repository\io\cucumber\tag-expressions\2.0.4\tag-expressions-2.0.4.jar;C:\Users\lenovo\.m2\repository\io\cucumber\cucumber-expressions\8.3.1\cucumber-expressions-8.3.1.jar;C:\Users\lenovo\.m2\repository\io\cucumber\datatable\3.3.1\datatable-3.3.1.jar;C:\Users\lenovo\.m2\repository\io\cucumber\cucumber-plugin\5.6.0\cucumber-plugin-5.6.0.jar;C:\Users\lenovo\.m2\repository\io\cucumber\docstring\5.6.0\docstring-5.6.0.jar;C:\Users\lenovo\.m2\repository\org\apiguardian\apiguardian-api\1.1.0\apiguardian-api-1.1.0.jar;C:\Users\lenovo\.m2\repository\io\cucumber\cucumber-junit\5.6.0\cucumber-junit-5.6.0.jar;C:\Users\lenovo\.m2\repository\io\appium\java-client\7.3.0\java-client-7.3.0.jar;C:\Users\lenovo\.m2\repository\org\seleniumhq\selenium\selenium-java\3.141.59\selenium-java-3.141.59.jar;C:\Users\lenovo\.m2\repository\org\seleniumhq\selenium\selenium-chrome-driver\3.141.59\selenium-chrome-driver-3.141.59.jar;C:\Users\lenovo\.m2\repository\org\seleniumhq\selenium\selenium-edge-driver\3.141.59\selenium-edge-driver-3.141.59.jar;C:\Users\lenovo\.m2\repository\org\seleniumhq\selenium\selenium-firefox-driver\3.141.59\selenium-firefox-driver-3.141.59.jar;C:\Users\lenovo\.m2\repository\org\seleniumhq\selenium\selenium-ie-driver\3.141.59\selenium-ie-driver-3.141.59.jar;C:\Users\lenovo\.m2\repository\org\seleniumhq\selenium\selenium-opera-driver\3.141.59\selenium-opera-driver-3.141.59.jar;C:\Users\lenovo\.m2\repository\org\seleniumhq\selenium\selenium-remote-driver\3.141.59\selenium-remote-driver-3.141.59.jar;C:\Users\lenovo\.m2\repository\org\seleniumhq\selenium\selenium-safari-driver\3.141.59\selenium-safari-driver-3.141.59.jar;C:\Users\lenovo\.m2\repository\net\bytebuddy\byte-buddy\1.8.15\byte-buddy-1.8.15.jar;C:\Users\lenovo\.m2\repository\org\apache\commons\commons-exec\1.3\commons-exec-1.3.jar;C:\Users\lenovo\.m2\repository\com\google\guava\guava\25.0-jre\guava-25.0-jre.jar;C:\Users\lenovo\.m2\repository\com\google\code\findbugs\jsr305\1.3.9\jsr305-1.3.9.jar;C:\Users\lenovo\.m2\repository\org\checkerframework\checker-compat-qual\2.0.0\checker-compat-qual-2.0.0.jar;C:\Users\lenovo\.m2\repository\com\google\errorprone\error_prone_annotations\2.1.3\error_prone_annotations-2.1.3.jar;C:\Users\lenovo\.m2\repository\com\google\j2objc\j2objc-annotations\1.1\j2objc-annotations-1.1.jar;C:\Users\lenovo\.m2\repository\org\codehaus\mojo\animal-sniffer-annotations\1.14\animal-sniffer-annotations-1.14.jar;C:\Users\lenovo\.m2\repository\com\squareup\okhttp3\okhttp\3.11.0\okhttp-3.11.0.jar;C:\Users\lenovo\.m2\repository\com\squareup\okio\okio\1.14.0\okio-1.14.0.jar;C:\Users\lenovo\.m2\repository\org\seleniumhq\selenium\selenium-support\3.141.59\selenium-support-3.141.59.jar;C:\Users\lenovo\.m2\repository\org\seleniumhq\selenium\selenium-api\3.141.59\selenium-api-3.141.59.jar;C:\Users\lenovo\.m2\repository\com\google\code\gson\gson\2.8.5\gson-2.8.5.jar;C:\Users\lenovo\.m2\repository\org\apache\httpcomponents\httpclient\4.5.9\httpclient-4.5.9.jar;C:\Users\lenovo\.m2\repository\org\apache\httpcomponents\httpcore\4.4.11\httpcore-4.4.11.jar;C:\Users\lenovo\.m2\repository\commons-logging\commons-logging\1.2\commons-logging-1.2.jar;C:\Users\lenovo\.m2\repository\commons-codec\commons-codec\1.11\commons-codec-1.11.jar;C:\Users\lenovo\.m2\repository\cglib\cglib\3.2.12\cglib-3.2.12.jar;C:\Users\lenovo\.m2\repository\org\ow2\asm\asm\7.1\asm-7.1.jar;C:\Users\lenovo\.m2\repository\commons-validator\commons-validator\1.6\commons-validator-1.6.jar;C:\Users\lenovo\.m2\repository\commons-beanutils\commons-beanutils\1.9.2\commons-beanutils-1.9.2.jar;C:\Users\lenovo\.m2\repository\commons-digester\commons-digester\1.8.1\commons-digester-1.8.1.jar;C:\Users\lenovo\.m2\repository\commons-collections\commons-collections\3.2.2\commons-collections-3.2.2.jar;C:\Users\lenovo\.m2\repository\org\apache\commons\commons-lang3\3.9\commons-lang3-3.9.jar;C:\Users\lenovo\.m2\repository\commons-io\commons-io\2.6\commons-io-2.6.jar;C:\Users\lenovo\.m2\repository\org\springframework\spring-context\5.1.8.RELEASE\spring-context-5.1.8.RELEASE.jar;C:\Users\lenovo\.m2\repository\org\springframework\spring-aop\5.1.8.RELEASE\spring-aop-5.1.8.RELEASE.jar;C:\Users\lenovo\.m2\repository\org\springframework\spring-beans\5.1.8.RELEASE\spring-beans-5.1.8.RELEASE.jar;C:\Users\lenovo\.m2\repository\org\springframework\spring-core\5.1.8.RELEASE\spring-core-5.1.8.RELEASE.jar;C:\Users\lenovo\.m2\repository\org\springframework\spring-jcl\5.1.8.RELEASE\spring-jcl-5.1.8.RELEASE.jar;C:\Users\lenovo\.m2\repository\org\springframework\spring-expression\5.1.8.RELEASE\spring-expression-5.1.8.RELEASE.jar;C:\Users\lenovo\.m2\repository\org\aspectj\aspectjweaver\1.9.4\aspectjweaver-1.9.4.jar;C:\Users\lenovo\.m2\repository\org\slf4j\slf4j-api\1.7.26\slf4j-api-1.7.26.jar;C:\Users\lenovo\.m2\repository\org\json\json\20201115\json-20201115.jar;C:\Users\lenovo\.m2\repository\io\cucumber\cucumber-testng\5.6.0\cucumber-testng-5.6.0.jar;C:\Users\lenovo\.m2\repository\org\testng\testng\7.1.0\testng-7.1.0.jar;C:\Users\lenovo\.m2\repository\com\beust\jcommander\1.72\jcommander-1.72.jar;C:\Users\lenovo\.m2\repository\com\google\inject\guice\4.1.0\guice-4.1.0-no_aop.jar;C:\Users\lenovo\.m2\repository\javax\inject\javax.inject\1\javax.inject-1.jar;C:\Users\lenovo\.m2\repository\aopalliance\aopalliance\1.0\aopalliance-1.0.jar;C:\Users\lenovo\.m2\repository\org\yaml\snakeyaml\1.21\snakeyaml-1.21.jar;C:\Users\lenovo\.m2\repository\org\apache\logging\log4j\log4j-core\2.14.0\log4j-core-2.14.0.jar;C:\Users\lenovo\.m2\repository\org\apache\logging\log4j\log4j-api\2.14.0\log4j-api-2.14.0.jar;"/>
    <property name="java.vm.vendor" value="Oracle Corporation"/>
    <property name="sun.arch.data.model" value="64"/>
    <property name="user.variant" value=""/>
    <property name="java.vendor.url" value="http://java.oracle.com/"/>
    <property name="user.timezone" value="Asia/Calcutta"/>
    <property name="java.vm.specification.version" value="1.8"/>
    <property name="os.name" value="Windows 10"/>
    <property name="user.country" value="IN"/>
    <property name="sun.java.launcher" value="SUN_STANDARD"/>
    <property name="sun.boot.library.path" value="C:\Program Files\Java\jdk1.8.0_271\jre\bin"/>
    <property name="sun.java.command" value="C:\Users\lenovo\AppData\Local\Temp\surefire5800639451127483750\surefirebooter1109308349050690085.jar C:\Users\lenovo\AppData\Local\Temp\surefire5800639451127483750 2021-01-23T13-08-07_312-jvmRun1 surefire8121040842543633274tmp surefire_08126219195383597526tmp"/>
    <property name="surefire.test.class.path" value="C:\Users\lenovo\eclipse-workspace\AppiumCucumberTDD\target\test-classes;C:\Users\lenovo\eclipse-workspace\AppiumCucumberTDD\target\classes;C:\Users\lenovo\.m2\repository\junit\junit\4.13\junit-4.13.jar;C:\Users\lenovo\.m2\repository\org\hamcrest\hamcrest-core\1.3\hamcrest-core-1.3.jar;C:\Users\lenovo\.m2\repository\io\cucumber\cucumber-java\5.6.0\cucumber-java-5.6.0.jar;C:\Users\lenovo\.m2\repository\io\cucumber\cucumber-core\5.6.0\cucumber-core-5.6.0.jar;C:\Users\lenovo\.m2\repository\io\cucumber\cucumber-gherkin\5.6.0\cucumber-gherkin-5.6.0.jar;C:\Users\lenovo\.m2\repository\io\cucumber\cucumber-gherkin-vintage\5.6.0\cucumber-gherkin-vintage-5.6.0.jar;C:\Users\lenovo\.m2\repository\io\cucumber\tag-expressions\2.0.4\tag-expressions-2.0.4.jar;C:\Users\lenovo\.m2\repository\io\cucumber\cucumber-expressions\8.3.1\cucumber-expressions-8.3.1.jar;C:\Users\lenovo\.m2\repository\io\cucumber\datatable\3.3.1\datatable-3.3.1.jar;C:\Users\lenovo\.m2\repository\io\cucumber\cucumber-plugin\5.6.0\cucumber-plugin-5.6.0.jar;C:\Users\lenovo\.m2\repository\io\cucumber\docstring\5.6.0\docstring-5.6.0.jar;C:\Users\lenovo\.m2\repository\org\apiguardian\apiguardian-api\1.1.0\apiguardian-api-1.1.0.jar;C:\Users\lenovo\.m2\repository\io\cucumber\cucumber-junit\5.6.0\cucumber-junit-5.6.0.jar;C:\Users\lenovo\.m2\repository\io\appium\java-client\7.3.0\java-client-7.3.0.jar;C:\Users\lenovo\.m2\repository\org\seleniumhq\selenium\selenium-java\3.141.59\selenium-java-3.141.59.jar;C:\Users\lenovo\.m2\repository\org\seleniumhq\selenium\selenium-chrome-driver\3.141.59\selenium-chrome-driver-3.141.59.jar;C:\Users\lenovo\.m2\repository\org\seleniumhq\selenium\selenium-edge-driver\3.141.59\selenium-edge-driver-3.141.59.jar;C:\Users\lenovo\.m2\repository\org\seleniumhq\selenium\selenium-firefox-driver\3.141.59\selenium-firefox-driver-3.141.59.jar;C:\Users\lenovo\.m2\repository\org\seleniumhq\selenium\selenium-ie-driver\3.141.59\selenium-ie-driver-3.141.59.jar;C:\Users\lenovo\.m2\repository\org\seleniumhq\selenium\selenium-opera-driver\3.141.59\selenium-opera-driver-3.141.59.jar;C:\Users\lenovo\.m2\repository\org\seleniumhq\selenium\selenium-remote-driver\3.141.59\selenium-remote-driver-3.141.59.jar;C:\Users\lenovo\.m2\repository\org\seleniumhq\selenium\selenium-safari-driver\3.141.59\selenium-safari-driver-3.141.59.jar;C:\Users\lenovo\.m2\repository\net\bytebuddy\byte-buddy\1.8.15\byte-buddy-1.8.15.jar;C:\Users\lenovo\.m2\repository\org\apache\commons\commons-exec\1.3\commons-exec-1.3.jar;C:\Users\lenovo\.m2\repository\com\google\guava\guava\25.0-jre\guava-25.0-jre.jar;C:\Users\lenovo\.m2\repository\com\google\code\findbugs\jsr305\1.3.9\jsr305-1.3.9.jar;C:\Users\lenovo\.m2\repository\org\checkerframework\checker-compat-qual\2.0.0\checker-compat-qual-2.0.0.jar;C:\Users\lenovo\.m2\repository\com\google\errorprone\error_prone_annotations\2.1.3\error_prone_annotations-2.1.3.jar;C:\Users\lenovo\.m2\repository\com\google\j2objc\j2objc-annotations\1.1\j2objc-annotations-1.1.jar;C:\Users\lenovo\.m2\repository\org\codehaus\mojo\animal-sniffer-annotations\1.14\animal-sniffer-annotations-1.14.jar;C:\Users\lenovo\.m2\repository\com\squareup\okhttp3\okhttp\3.11.0\okhttp-3.11.0.jar;C:\Users\lenovo\.m2\repository\com\squareup\okio\okio\1.14.0\okio-1.14.0.jar;C:\Users\lenovo\.m2\repository\org\seleniumhq\selenium\selenium-support\3.141.59\selenium-support-3.141.59.jar;C:\Users\lenovo\.m2\repository\org\seleniumhq\selenium\selenium-api\3.141.59\selenium-api-3.141.59.jar;C:\Users\lenovo\.m2\repository\com\google\code\gson\gson\2.8.5\gson-2.8.5.jar;C:\Users\lenovo\.m2\repository\org\apache\httpcomponents\httpclient\4.5.9\httpclient-4.5.9.jar;C:\Users\lenovo\.m2\repository\org\apache\httpcomponents\httpcore\4.4.11\httpcore-4.4.11.jar;C:\Users\lenovo\.m2\repository\commons-logging\commons-logging\1.2\commons-logging-1.2.jar;C:\Users\lenovo\.m2\repository\commons-codec\commons-codec\1.11\commons-codec-1.11.jar;C:\Users\lenovo\.m2\repository\cglib\cglib\3.2.12\cglib-3.2.12.jar;C:\Users\lenovo\.m2\repository\org\ow2\asm\asm\7.1\asm-7.1.jar;C:\Users\lenovo\.m2\repository\commons-validator\commons-validator\1.6\commons-validator-1.6.jar;C:\Users\lenovo\.m2\repository\commons-beanutils\commons-beanutils\1.9.2\commons-beanutils-1.9.2.jar;C:\Users\lenovo\.m2\repository\commons-digester\commons-digester\1.8.1\commons-digester-1.8.1.jar;C:\Users\lenovo\.m2\repository\commons-collections\commons-collections\3.2.2\commons-collections-3.2.2.jar;C:\Users\lenovo\.m2\repository\org\apache\commons\commons-lang3\3.9\commons-lang3-3.9.jar;C:\Users\lenovo\.m2\repository\commons-io\commons-io\2.6\commons-io-2.6.jar;C:\Users\lenovo\.m2\repository\org\springframework\spring-context\5.1.8.RELEASE\spring-context-5.1.8.RELEASE.jar;C:\Users\lenovo\.m2\repository\org\springframework\spring-aop\5.1.8.RELEASE\spring-aop-5.1.8.RELEASE.jar;C:\Users\lenovo\.m2\repository\org\springframework\spring-beans\5.1.8.RELEASE\spring-beans-5.1.8.RELEASE.jar;C:\Users\lenovo\.m2\repository\org\springframework\spring-core\5.1.8.RELEASE\spring-core-5.1.8.RELEASE.jar;C:\Users\lenovo\.m2\repository\org\springframework\spring-jcl\5.1.8.RELEASE\spring-jcl-5.1.8.RELEASE.jar;C:\Users\lenovo\.m2\repository\org\springframework\spring-expression\5.1.8.RELEASE\spring-expression-5.1.8.RELEASE.jar;C:\Users\lenovo\.m2\repository\org\aspectj\aspectjweaver\1.9.4\aspectjweaver-1.9.4.jar;C:\Users\lenovo\.m2\repository\org\slf4j\slf4j-api\1.7.26\slf4j-api-1.7.26.jar;C:\Users\lenovo\.m2\repository\org\json\json\20201115\json-20201115.jar;C:\Users\lenovo\.m2\repository\io\cucumber\cucumber-testng\5.6.0\cucumber-testng-5.6.0.jar;C:\Users\lenovo\.m2\repository\org\testng\testng\7.1.0\testng-7.1.0.jar;C:\Users\lenovo\.m2\repository\com\beust\jcommander\1.72\jcommander-1.72.jar;C:\Users\lenovo\.m2\repository\com\google\inject\guice\4.1.0\guice-4.1.0-no_aop.jar;C:\Users\lenovo\.m2\repository\javax\inject\javax.inject\1\javax.inject-1.jar;C:\Users\lenovo\.m2\repository\aopalliance\aopalliance\1.0\aopalliance-1.0.jar;C:\Users\lenovo\.m2\repository\org\yaml\snakeyaml\1.21\snakeyaml-1.21.jar;C:\Users\lenovo\.m2\repository\org\apache\logging\log4j\log4j-core\2.14.0\log4j-core-2.14.0.jar;C:\Users\lenovo\.m2\repository\org\apache\logging\log4j\log4j-api\2.14.0\log4j-api-2.14.0.jar;"/>
    <property name="sun.cpu.endian" value="little"/>
    <property name="user.home" value="C:\Users\lenovo"/>
    <property name="user.language" value="en"/>
    <property name="java.specification.vendor" value="Oracle Corporation"/>
    <property name="java.home" value="C:\Program Files\Java\jdk1.8.0_271\jre"/>
    <property name="basedir" value="C:\Users\lenovo\eclipse-workspace\AppiumCucumberTDD"/>
    <property name="file.separator" value="\"/>
    <property name="line.separator" value="&#10;"/>
    <property name="java.vm.specification.vendor" value="Oracle Corporation"/>
    <property name="java.specification.name" value="Java Platform API Specification"/>
    <property name="java.awt.graphicsenv" value="sun.awt.Win32GraphicsEnvironment"/>
    <property name="surefire.real.class.path" value="C:\Users\lenovo\AppData\Local\Temp\surefire5800639451127483750\surefirebooter1109308349050690085.jar"/>
    <property name="sun.boot.class.path" value="C:\Program Files\Java\jdk1.8.0_271\jre\lib\resources.jar;C:\Program Files\Java\jdk1.8.0_271\jre\lib\rt.jar;C:\Program Files\Java\jdk1.8.0_271\jre\lib\sunrsasign.jar;C:\Program Files\Java\jdk1.8.0_271\jre\lib\jsse.jar;C:\Program Files\Java\jdk1.8.0_271\jre\lib\jce.jar;C:\Program Files\Java\jdk1.8.0_271\jre\lib\charsets.jar;C:\Program Files\Java\jdk1.8.0_271\jre\lib\jfr.jar;C:\Program Files\Java\jdk1.8.0_271\jre\classes"/>
    <property name="user.script" value=""/>
    <property name="sun.management.compiler" value="HotSpot 64-Bit Tiered Compilers"/>
    <property name="java.runtime.version" value="1.8.0_271-b09"/>
    <property name="user.name" value="lenovo"/>
    <property name="path.separator" value=";"/>
    <property name="os.version" value="10.0"/>
    <property name="java.endorsed.dirs" value="C:\Program Files\Java\jdk1.8.0_271\jre\lib\endorsed"/>
    <property name="java.runtime.name" value="Java(TM) SE Runtime Environment"/>
    <property name="file.encoding" value="Cp1252"/>
    <property name="java.vm.name" value="Java HotSpot(TM) 64-Bit Server VM"/>
    <property name="localRepository" value="C:\Users\lenovo\.m2\repository"/>
    <property name="java.vendor.url.bug" value="http://bugreport.sun.com/bugreport/"/>
    <property name="java.io.tmpdir" value="C:\Users\lenovo\AppData\Local\Temp\"/>
    <property name="java.version" value="1.8.0_271"/>
    <property name="user.dir" value="C:\Users\lenovo\eclipse-workspace\AppiumCucumberTDD"/>
    <property name="os.arch" value="amd64"/>
    <property name="java.vm.specification.name" value="Java Virtual Machine Specification"/>
    <property name="java.awt.printerjob" value="sun.awt.windows.WPrinterJob"/>
    <property name="sun.os.patch.level" value=""/>
    <property name="java.library.path" value="C:\Program Files\Java\jdk1.8.0_271\jre\bin;C:\Windows\Sun\Java\bin;C:\Windows\system32;C:\Windows;C:\Users\lenovo\AppData\Local\Android\sdk\platform-tools;C:\Users\lenovo\AppData\Local\Android\sdk\tools;C:\Users\lenovo\AppData\Local\Android\sdk\tools\bin;C:\Windows\system32;C:\Windows;C:\Windows\System32\Wbem;C:\Windows\System32\WindowsPowerShell\v1.0\;C:\Windows\System32\OpenSSH\;C:\Program Files\apache-maven-3.6.3\bin;C:\Program Files\nodejs\;C:\Program Files\Java\jdk1.8.0_271\bin;C:\Program Files\Git\cmd;C:\Program Files\MySQL\MySQL Shell 8.0\bin\;C:\Users\lenovo\AppData\Local\Microsoft\WindowsApps;C:\Users\lenovo\AppData\Roaming\npm;."/>
    <property name="java.vm.info" value="mixed mode"/>
    <property name="java.vendor" value="Oracle Corporation"/>
    <property name="java.vm.version" value="25.271-b09"/>
    <property name="java.ext.dirs" value="C:\Program Files\Java\jdk1.8.0_271\jre\lib\ext;C:\Windows\Sun\Java\lib\ext"/>
    <property name="sun.io.unicode.encoding" value="UnicodeLittle"/>
    <property name="java.class.version" value="52.0"/>
  </properties>
  <testcase name="scenario[&quot;Login with invalid user name&quot;, &quot;Login Scenarios&quot;](1)" classname="com.qa.runners.MyRedmiTestNGRunnerTest" time="0.481">
    <system-out><![CDATA[[INFO ] 2021-01-23 13:08:09.687 com.qa.utils.ServerManager:20 - starting appium server
&amp#27;[35m[Appium]&amp#27;[39m Welcome to Appium v1.19.1
&amp#27;[35m[Appium]&amp#27;[39m Non-default server args:
&amp#27;[35m[Appium]&amp#27;[39m   port: 28160
&amp#27;[35m[Appium]&amp#27;[39m   sessionOverride: true
&amp#27;[35m[Appium]&amp#27;[39m   logFile: C:\Users\lenovo\eclipse-workspace\AppiumCucumberTDD\Android_pixel_3a_API_30_x86\Server.log
&amp#27;[35m[Appium]&amp#27;[39m Appium REST http interface listener started on 0.0.0.0:28160
&amp#27;[35m[Appium]&amp#27;[39m Welcome to Appium v1.19.1
&amp#27;[35m[Appium]&amp#27;[39m Non-default server args:
&amp#27;[35m[Appium]&amp#27;[39m   port: 46109
&amp#27;[35m[Appium]&amp#27;[39m   sessionOverride: true
&amp#27;[35m[Appium]&amp#27;[39m   logFile: C:\Users\lenovo\eclipse-workspace\AppiumCucumberTDD\Android_Redmi Note 9 pro max\Server.log
&amp#27;[35m[Appium]&amp#27;[39m Appium REST http interface listener started on 0.0.0.0:46109
&amp#27;[35m[HTTP]&amp#27;[39m &amp#27;[37m-->&amp#27;[39m &amp#27;[37mGET&amp#27;[39m &amp#27;[37m/wd/hub/status&amp#27;[39m
&amp#27;[35m[HTTP]&amp#27;[39m &amp#27;[90m{}&amp#27;[39m
[debug] &amp#27;[35m[GENERIC]&amp#27;[39m Calling AppiumDriver.getStatus() with args: []
[debug] &amp#27;[35m[GENERIC]&amp#27;[39m Responding to client with driver.getStatus() result: {"build":{"version":"1.19.1"}}
&amp#27;[35m[HTTP]&amp#27;[39m &amp#27;[37m<-- GET /wd/hub/status &amp#27;[39m&amp#27;[32m200&amp#27;[39m &amp#27;[90m21 ms - 68&amp#27;[39m
&amp#27;[35m[HTTP]&amp#27;[39m &amp#27;[90m&amp#27;[39m
&amp#27;[35m[HTTP]&amp#27;[39m &amp#27;[37m-->&amp#27;[39m &amp#27;[37mGET&amp#27;[39m &amp#27;[37m/wd/hub/status&amp#27;[39m
&amp#27;[35m[HTTP]&amp#27;[39m &amp#27;[90m{}&amp#27;[39m
[debug] &amp#27;[35m[GENERIC]&amp#27;[39m Calling AppiumDriver.getStatus() with args: []
[debug] &amp#27;[35m[GENERIC]&amp#27;[39m Responding to client with driver.getStatus() result: {"build":{"version":"1.19.1"}}
&amp#27;[35m[HTTP]&amp#27;[39m &amp#27;[37m<-- GET /wd/hub/status &amp#27;[39m&amp#27;[32m200&amp#27;[39m &amp#27;[90m4 ms - 68&amp#27;[39m
&amp#27;[35m[HTTP]&amp#27;[39m &amp#27;[90m&amp#27;[39m
[INFO ] 2021-01-23 13:08:12.777 com.qa.utils.ServerManager:29 - Appium server started
&amp#27;[35m[HTTP]&amp#27;[39m &amp#27;[37m-->&amp#27;[39m &amp#27;[37mGET&amp#27;[39m &amp#27;[37m/wd/hub/status&amp#27;[39m
&amp#27;[35m[HTTP]&amp#27;[39m &amp#27;[90m{}&amp#27;[39m
[debug] &amp#27;[35m[GENERIC]&amp#27;[39m Calling AppiumDriver.getStatus() with args: []
[debug] &amp#27;[35m[GENERIC]&amp#27;[39m Responding to client with driver.getStatus() result: {"build":{"version":"1.19.1"}}
[INFO ] 2021-01-23 13:08:12.878 com.qa.utils.DriverManager:28 - initializing Appium driver
&amp#27;[35m[HTTP]&amp#27;[39m &amp#27;[37m<-- GET /wd/hub/status &amp#27;[39m&amp#27;[32m200&amp#27;[39m &amp#27;[90m13 ms - 68&amp#27;[39m
&amp#27;[35m[HTTP]&amp#27;[39m &amp#27;[90m&amp#27;[39m
&amp#27;[35m[HTTP]&amp#27;[39m &amp#27;[37m-->&amp#27;[39m &amp#27;[37mGET&amp#27;[39m &amp#27;[37m/wd/hub/status&amp#27;[39m
&amp#27;[35m[HTTP]&amp#27;[39m &amp#27;[90m{}&amp#27;[39m
[debug] &amp#27;[35m[GENERIC]&amp#27;[39m Calling AppiumDriver.getStatus() with args: []
[debug] &amp#27;[35m[GENERIC]&amp#27;[39m Responding to client with driver.getStatus() result: {"build":{"version":"1.19.1"}}
&amp#27;[3[INFO ] 2021-01-23 13:08:12.906 com.qa.utils.ServerManager:29 - Appium server started
5m[HTTP]&amp#27;[39m &amp#27;[37m<-- GET /wd/hub/status &amp#27;[39m&amp#27;[32m200&amp#27;[39m &amp#27;[90m10 ms - 68&amp#27;[39m
[INFO ] 2021-01-23 13:08:12.908 com.qa.utils.DriverManager:28 - initializing Appium driver
&amp#27;[35m[HTTP]&amp#27;[39m &amp#27;[90m&amp#27;[39m
[INFO ] 2021-01-23 13:08:12.941 com.qa.utils.PropertyManager:17 - loading config properties
[INFO ] 2021-01-23 13:08:12.948 com.qa.utils.CapabilitiesManager:18 - getting capabilities
[INFO ] 2021-01-23 13:08:12.948 com.qa.utils.CapabilitiesManager:18 - getting capabilities
[INFO ] 2021-01-23 13:08:12.952 com.qa.utils.CapabilitiesManager:34 - appUrl isC:\Users\lenovo\eclipse-workspace\AppiumCucumberTDD\src\test\resources\apps\Android.SauceLabs.Mobile.Sample.app.2.2.1.apk
[INFO ] 2021-01-23 13:08:12.952 com.qa.utils.CapabilitiesManager:34 - appUrl isC:\Users\lenovo\eclipse-workspace\AppiumCucumberTDD\src\test\resources\apps\Android.SauceLabs.Mobile.Sample.app.2.2.1.apk
&amp#27;[35m[HTTP]&amp#27;[39m &amp#27;[37m-->&amp#27;[39m &amp#27;[37mPOST&amp#27;[&amp#27;3[93m 5&amp#27;m[3[7mH/wTd/hTub/Ps]es&amp#27;sio[n&amp#27;3[399mm
 &amp#27;[37m--&amp#27;[>3&amp#27;5m[[3H9TmT P&amp#27;][&amp#27;3[73m9PmO S&amp#27;T[&amp#27;9[03m9{m" d&amp#27;e[s37imr/ewddC/ahpuabilitibe/sesss"i:{o"na&amp#27;pp"[39:m"C
:\\Users&amp#27;\[\3l5emn[HovTTo\P\]e&amp#27;[cl39imps e&amp#27;-[9wo0rm{k"sdpeacsei\re\AdCpapipaumbiCluictuimebse"r:T{D"Da\p\ps"r:c"C:\\U\s\etress\t\\l\erneosvoo\ur\cecesli\\pasep-pws\o\rAksndparoceid\.\ASappuicuemLCaubscu.mMobberilTDe.DS\\amsprlc\e\.taepps.t2\.\2r.e1s.oauprk"ce,"sa\p\paApcpts\i\vAitndy"ro:i"dco.mSa.sucweaLgalabbs.smMoobbiilleea.pSap.mpSlpel.aashpApc.2ti.v2i.t1.ya",p"ka"p,"pPapacpAkactgie"vi:t"cyo":m".cswoamg.slwabasglmaobbismloebaiplpe",a"pap.uStpolmaatsihAoncNtiamviet":y""U,"iAaupptoPmacaktoarg2e"",:""chcromo.meswDraigvlearbPsomortb"i:le"1a1pp0"0,0"",a"utplomataftoiornmNNaammee""::""AUniAdruotiomda"t,"orud2i",d""c:h"ermoumelDartoivre-5rP55or4t"",:"d"e1v1i0c01","platformName":"Android","udid":"a704ebf7","deviceName":"Redmi Note 9 pro max","systemPort":"10001"},"capabilities":{"firstMatch":[{"apeName":"pixel_3a_API_30_x86","systemPort":"10000"},"capabilities":{"firstMatch":[{"appium:app":"C:\\Users\\lenovo\\eclipse-workspace\\AppiumCucumberTDD\\src\\test\\resources\\apps\\Android.SauceLabs.Mobile.Sample.app.2.2.1.apk","appium:appActivity":"com.swaglabsmobileapp.SplashActivity","appium:appPackage":"com.swaglabsmobileapp","appium:automationName":"UiAutomator2","chromeDriverPort":"11000","appium:deviceName":"pixel_3a_API_30_x86","platformName":"android","appium:systemPort":"10000","appium:udid":"emulator-5554"}]}}&amp#27;[39m
[debug] &amp#27;[35m[W3C]&amp#27;[39m Calling AppiumDriver.createSession() with args: [{"app":"C:\\Users\\lenovo\\eclipse-workspace\\AppiumCucumberTDD\\src\\test\\resources\\apps\\Android.SauceLabs.Mobile.Sample.app.2.2.1.apk","appActivity":"com.swaglabsmobileapp.SplashActivity","appPackage":"com.swaglabsmobileapp","automationName":"UiAutomator2","chromeDriverPort":"11000","platformNpame":i"uAmn:darpopi"d:"",C":u\d\iUds"e:r"se\m\ullator-5554e","ndoevvioc\e\Neacme":"pliixpesle_-3wao_rAkPsIp_a3c0e_\x\8A6p"p,i"usmyCstuecmuPmobretr"T:D"D1\0\0s0r0c"\}\,tneusltl\,\{"rfeisrsotuMractecsh\"\:a[p{p"sa\p\pAinudmr:oaipdp."S:a"uCc:e\L\aUbsse.rMso\b\illeneo.vSoa\m\pelcel.iappspe.-2w.o2r.k1s.paapcke"\,\"AapppipuiummC:uacpumpbAecrtTiDvDi\t\ys"r:c"\c\otme.sstw\a\grelsaobusrmcoebsi\l\eaapppsp\.\SApnldarsohiAdc.tSiavuicteLabs.Mobyi"le.S,am"paplep.iuapmp:.a2.p2p.Pa1c.akpakge"",:"a"pcpomi.usmw:aapgplaAcbtsimvoibtiyl"e:a"pcpo"m,."sawpapgiluamb:samuotboimlaeatpiopn.NSpalmeas":h"AUcitAivutiotmya",t"ora2p"pi,u"cmh:raopmpPeDarcikavgereP"o:r"tco"m:."1sw1a0g01l"ab,"smaopbpiilume:adpepv"i,c"aepNpaimeu"m::a"Ruetdommia tiNootneNa m9 e"p:r"oU imAaxu"to,m"aptloart2fo"r,"mcNharmoem"e:"DrainvdreroPiodr"t,""a:p"p1i10u0m0:"s,y"staeppmiPuomrt:"d:e"vi10001","appium:udid":"a704ebf7"}]}}&amp#27;[39m
[debug] &amp#27;[35m[W3C]&amp#27;[39m Calling AppiumDrivceerN.acmree"a:t"epSiexsesli_o3na(_)A PwIi_t3h0 _axr8g6s":, "[p{l"aatpfopr"m:N"aCm:e\"\:U"saenrdsr\o\ilde"n,o"vaop\p\eiculmi:pssyes-tweomrkPsopratc"e:\"\1Ap0p0i0u0m"C,u"caumpbpeiruTmD:D\u\dsirdc\\te":"emulator-5554"}]}]
[debug] &amp#27;[35m[BaseDriver]&amp#27;[39m Event 'newSessionRequested' logged at 1611387493923 (13:08:13 GMT+0530 (India Standard Time))
&amp#27;[35m[BaseDriver]&amp#27;[39m The following capabilities are not standard capabilities and should have an extension prefix:
&amp#27;[35m[BaseDriver]&amp#27;[39m   chromeDriverPort
st\\resources\\apps\\Android.SauceLabs.Mobile.Sample.app.2.2.1.apk","appActivity":"com.swaglabsmobileapp.SplashActivity","appPackage":"com.swaglabsmobileapp","automationName":"UiAutomator2","chromeDriverPort":"11001","platformName":"Android","udid":"a704ebf7","deviceName":"Redmi Note 9 pro max","systemPort":"10001"},null,{"firstMatch":[{"appium:app":"C:\\Users\\lenovo\\eclipse-workspace\\AppiumCucumberTDD\\src\\test\\resources\\apps\\Android.SauceLabs.Mobile.Sample.app.2.2.1.apk","appium:appActivity":"com.swaglabsmobileapp.SplashActivity","appium:appPackage":"com.swaglabsmobileapp","appium:automationName":"UiAutomator2","chromeDriverPort":"11001","appium:deviceName":"Redmi Note 9 pro max","platformName":"android","appium:systemPort":"10001","appium:udid":"a704ebf7"}]}]
[debug] &amp#27;[35m[BaseDriver]&amp#27;[39m Event 'newSessionRequested' logged at 1611387493923 (13:08:13 GMT+0530 (India Standard Time))
&amp#27;[35m[BaseDriver]&amp#27;[39m The following capabilities are not standard capabilities and should have an extension prefix:
&amp#27;[35m[BaseDriver]&amp#27;[39m   chromeDriverPort
&amp#27;[35m[Appium]&amp#27;[39m Appium v1.19.1 creating new AndroidUiautomator2Driver (v1.59.0) session
[debug] &amp#27;[35m[Appium]&amp#27;[39m There are no active sessions for cleanup
[debug] &amp#27;[35m[BaseDriver]&amp#27;[39m W3C capabilities and MJSONWP desired capabilities were provided
[debug] &amp#27;[35m[BaseDriver]&amp#27;[39m Creating session with W3C capabilities: {
[debug] &amp#27;[35m[BaseDriver]&amp#27;[39m   "alwaysMatch": {
[debug] &amp#27;[35m[BaseDriver]&amp#27;[39m     "appium:chromeDriverPort": "11001",
[debug] &amp#27;[35m[BaseDriver]&amp#27;[39m     "platformName": "android",
[debug] &amp#27;[35m[BaseDriver]&amp#27;[39m     "appium:app": "C:\\Users\\lenovo\\eclipse-workspace\\AppiumCucumberTDD\\src\\test\\resources\\apps\\Android.SauceLabs.Mobile.Sample.app.2.2.1.apk",
[debug] &amp#27;[35m[BaseDriver]&amp#27;[39m     "appium:appActivity": "com.swaglabsmobileapp.SplashActivity",
[debug] &amp#27;[35m[BaseDriver]&amp#27;[39m     "appium:appPackage": "com.swaglabsmobileapp",
[debug] &amp#27;[35m[BaseDriver]&amp#27;[39m     "appium:automationName": "UiAutomator2",
[debug] &amp#27;[35m[BaseDriver]&amp#27;[39m     "appium:deviceName": "Redmi Note 9 pro max",
[debug] &amp#27;[35m[BaseDriver]&amp#27;[39m     "appium:systemPort": "10001",
[debug] &amp#27;[35m[BaseDriver]&amp#27;[39m     "appium:udid": "a704ebf7"
[debug] &amp#27;[35m[BaseDriver]&amp#27;[39m   },
[debug] &amp#27;[35m[BaseDriver]&amp#27;[39m   "firstMatch": [
[debug] &amp#27;[35m[BaseDriver]&amp#27;[39m     {}
[debug] &amp#27;[35m[BaseDriver]&amp#27;[39m   ]
[debug] &amp#27;[35m[BaseDriver]&amp#27;[39m }
&amp#27;[35m[BaseDriver]&amp#27;[39m Number capability passed in as string. Functionality may be compromised.
&amp#27;[35m[BaseDriver]&amp#27;[39m Number capability passed in as string. Functionality may be compromised.
&amp#27;[35m[BaseDriver]&amp#27;[39m Capability 'systemPort' changed from string ('10001') to integer (10001). This may cause unexpected behavior
&amp#27;[35m[BaseDriver]&amp#27;[39m Capability 'chromeDriverPort' changed from string ('11001') to integer (11001). This may cause unexpected behavior
&amp#27;[35m[BaseDriver]&amp#27;[39m Session created with session id: 66bf1050-98d2-4b42-80bd-66e6a164fa2d
&amp#27;[35m[BaseDriver]&amp#27;[39m Using local app 'C:\Users\lenovo\eclipse-workspace\AppiumCucumberTDD\src\test\resources\apps\Android.SauceLabs.Mobile.Sample.app.2.2.1.apk'
[debug] &amp#27;[35m[UiAutomator2]&amp#27;[39m Checking whether app is actually present
&amp#27;[35m[ADB]&amp#27;[39m Found 1 'build-tools' folders under 'C:\Users\lenovo\AppData\Local\Android\sdk' (newest first):
&amp#27;[35m[ADB]&amp#27;[39m     C:/Users/lenovo/AppData/Local/Android/sdk/build-tools/30.0.3
&amp#27;[35m[ADB]&amp#27;[39m Using 'adb.exe' from 'C:\Users\lenovo\AppData\Local\Android\sdk\platform-tools\adb.exe'
[debug] &amp#27;[35m[ADB]&amp#27;[39m Running 'C:\Users\lenovo\AppData\Local\Android\sdk\platform-tools\adb.exe -P 5037 start-server'
&amp#27;[35m[Appium]&amp#27;[39m Appium v1.19.1 creating new AndroidUiautomator2Driver (v1.59.0) session
[debug] &amp#27;[35m[Appium]&amp#27;[39m There are no active sessions for cleanup
[debug] &amp#27;[35m[BaseDriver]&amp#27;[39m W3C capabilities and MJSONWP desired capabilities were provided
[debug] &amp#27;[35m[BaseDriver]&amp#27;[39m Creating session with W3C capabilities: {
[debug] &amp#27;[35m[BaseDriver]&amp#27;[39m   "alwaysMatch": {
[debug] &amp#27;[35m[BaseDriver]&amp#27;[39m     "appium:chromeDriverPort": "11000",
[debug] &amp#27;[35m[BaseDriver]&amp#27;[39m     "platformName": "android",
[debug] &amp#27;[35m[BaseDriver]&amp#27;[39m     "appium:app": "C:\\Users\\lenovo\\eclipse-workspace\\AppiumCucumberTDD\\src\\test\\resources\\apps\\Android.SauceLabs.Mobile.Sample.app.2.2.1.apk",
[debug] &amp#27;[35m[BaseDriver]&amp#27;[39m     "appium:appActivity": "com.swaglabsmobileapp.SplashActivity",
[debug] &amp#27;[35m[BaseDriver]&amp#27;[39m     "appium:appPackage": "com.swaglabsmobileapp",
[debug] &amp#27;[35m[BaseDriver]&amp#27;[39m     "appium:automationName": "UiAutomator2",
[debug] &amp#27;[35m[BaseDriver]&amp#27;[39m     "appium:deviceName": "pixel_3a_API_30_x86",
[debug] &amp#27;[35m[BaseDriver]&amp#27;[39m     "appium:systemPort": "10000",
[debug] &amp#27;[35m[BaseDriver]&amp#27;[39m     "appium:udid": "emulator-5554"
[debug] &amp#27;[35m[BaseDriver]&amp#27;[39m   },
[debug] &amp#27;[35m[BaseDriver]&amp#27;[39m   "firstMatch": [
[debug] &amp#27;[35m[BaseDriver]&amp#27;[39m     {}
[debug] &amp#27;[35m[BaseDriver]&amp#27;[39m   ]
[debug] &amp#27;[35m[BaseDriver]&amp#27;[39m }
&amp#27;[35m[BaseDriver]&amp#27;[39m Number capability passed in as string. Functionality may be compromised.
&amp#27;[35m[BaseDriver]&amp#27;[39m Number capability passed in as string. Functionality may be compromised.
&amp#27;[35m[AndroidDriver]&amp#27;[39m Retrieving device list
[debug] &amp#27;[35m[ADB]&amp#27;[39m Trying to find a connected android device
[debug] &amp#27;[35m[ADB]&amp#27;[39m Getting connected devices
&amp#27;[35m[BaseDriver]&amp#27;[39m Capability 'systemPort' changed from string ('10000') to integer (10000). This may cause unexpected behavior
&amp#27;[35m[BaseDriver]&amp#27;[39m Capability 'chromeDriverPort' changed from string ('11000') to integer (11000). This may cause unexpected behavior
&amp#27;[35m[BaseDriver]&amp#27;[39m Session created with session id: ec5325c9-ab8c-4c14-a23c-857f6a6dfbfe
&amp#27;[35m[BaseDriver]&amp#27;[39m Using local app 'C:\Users\lenovo\eclipse-workspace\AppiumCucumberTDD\src\test\resources\apps\Android.SauceLabs.Mobile.Sample.app.2.2.1.apk'
[debug] &amp#27;[35m[UiAutomator2]&amp#27;[39m Checking whether app is actually present
&amp#27;[35m[ADB]&amp#27;[39m Found 1 'build-tools' folders under 'C:\Users\lenovo\AppData\Local\Android\sdk' (newest first):
&amp#27;[35m[ADB]&amp#27;[39m     C:/Users/lenovo/AppData/Local/Android/sdk/build-tools/30.0.3
[debug] &amp#27;[35m[ADB]&amp#27;[39m Connected devices: [{"udid":"a704ebf7","state":"device"},{"udid":"emulator-5554","state":"device"}]
&amp#27;[35m[AndroidDriver]&amp#27;[39m Using device: a704ebf7
&amp#27;[35m[ADB]&amp#27;[39m Using 'adb.exe' from 'C:\Users\lenovo\AppData\Local\Android\sdk\platform-tools\adb.exe'
[debug] &amp#27;[35m[ADB]&amp#27;[39m Running 'C:\Users\lenovo\AppData\Local\Android\sdk\platform-tools\adb.exe -P 50&amp#27;3[73 5smt[art-server'
ADB]&amp#27;[39m Using 'adb.exe' from 'C:\Users\lenovo\AppData\Local\Android\sdk\platform-tools\adb.exe'
[debug] &amp#27;[35m[ADB]&amp#27;[39m Running 'C:\Users\lenovo\AppData\Local\Android\sdk\platform-tools\adb.exe -P 5037 start-server'
&amp#27;[35m[AndroidDriver]&amp#27;[39m Retrieving device list
[debug] &amp#27;[35m[ADB]&amp#27;[39m Trying to find a connected android device
[debug] &amp#27;[35m[ADB]&amp#27;[39m Getting connected devices
[debug] &amp#27;[35m[ADB]&amp#27;[39m Setting device id to a704ebf7
[debug] &amp#27;[35m[ADB]&amp#27;[39m Running 'C:\Users\lenovo\AppData\Local\Android\sdk\platform-tools\adb.exe -P 5037 -s a704ebf7 shell getprop ro.build.version.sdk'
[debug] &amp#27;[35m[ADB]&amp#27;[39m Connected devices: [{"udid":"a704ebf7","state":"device"},{"udid":"emulator-5554","state":"device"}]
&amp#27;[35m[AndroidDriver]&amp#27;[39m Using device: emulator-5554
&amp#27;[35m[ADB]&amp#27;[39m Using 'adb.exe' from 'C:\Users\lenovo\AppData\Local\Android\sdk\platform-tools\adb.exe'
[debug] &amp#27;[35m[ADB]&amp#27;[39m Running 'C:\Users\lenovo\AppData\Local\Android\sdk\platform-tools\adb.exe -P 5037 start-server'
[debug] &amp#27;[35m[ADB]&amp#27;[39m Current device property 'ro.build.version.sdk': 29
&amp#27;[35m[ADB]&amp#27;[39m Getting device platform version
[debug] &amp#27;[35m[ADB]&amp#27;[39m Running 'C:\Users\lenovo\AppData\Local\Android\sdk\platform-tools\adb.exe -P 5037 -s a704ebf7 shell getprop ro.build.version.release'
[debug] &amp#27;[35m[ADB]&amp#27;[39m Setting device id to emulator-5554
[debug] &amp#27;[35m[ADB]&amp#27;[39m Running 'C:\Users\lenovo\AppData\Local\Android\sdk\platform-tools\adb.exe -P 5037 -s emulator-5554 shell getprop ro.build.version.sdk'
[debug] &amp#27;[35m[ADB]&amp#27;[39m Current device property 'ro.build.version.release': 10
[debug] &amp#27;[35m[ADB]&amp#27;[39m Device API level: 29
&amp#27;[35m[UiAutomator2]&amp#27;[39m Relaxing hidden api policy
[debug] &amp#27;[35m[ADB]&amp#27;[39m Running 'C:\Users\lenovo\AppData\Local\Android\sdk\platform-tools\adb.exe -P 5037 -s a704ebf7 shell 'settings put global hidden_api_policy_pre_p_apps 1;settings put global hidden_api_policy_p_apps 1;settings put global hidden_api_policy 1''
[debug] &amp#27;[35m[ADB]&amp#27;[39m Current device property 'ro.build.version.sdk': 28
&amp#27;[35m[ADB]&amp#27;[39m Getting device platform version
[debug] &amp#27;[35m[ADB]&amp#27;[39m Running 'C:\Users\lenovo\AppData\Local\Android\sdk\platform-tools\adb.exe -P 5037 -s emulator-5554 shell getprop ro.build.version.release'
[debug] &amp#27;[35m[ADB]&amp#27;[39m Current device property 'ro.build.version.release': 9
[debug] &amp#27;[35m[ADB]&amp#27;[39m Device API level: 28
&amp#27;[35m[UiAutomator2]&amp#27;[39m Relaxing hidden api policy
[debug] &amp#27;[35m[ADB]&amp#27;[39m Running 'C:\Users\lenovo\AppData\Local\Android\sdk\platform-tools\adb.exe -P 5037 -s emulator-5554 shell 'settings put global hidden_api_policy_pre_p_apps 1;settings put global hidden_api_policy_p_apps 1;settings put global hidden_api_policy 1''
[debug] &amp#27;[35m[ADB]&amp#27;[39m Running 'C:\Users\lenovo\AppData\Local\Android\sdk\platform-tools\adb.exe -P 5037 -s a704ebf7 wait-for-device'
[debug] &amp#27;[35m[ADB]&amp#27;[39m Running 'C:\Users\lenovo\AppData\Local\Android\sdk\platform-tools\adb.exe -P 5037 -s a704ebf7 shell echo ping'
[debug] &amp#27;[35m[AndroidDriver]&amp#27;[39m Pushing settings apk to device...
[debug] &amp#27;[35m[ADB]&amp#27;[39m Getting install status for io.appium.settings
[debug] &amp#27;[35m[ADB]&amp#27;[39m Running 'C:\Users\lenovo\AppData\Local\Android\sdk\platform-tools\adb.exe -P 5037 -s a704ebf7 shell dumpsys package io.appium.settings'
[debug] &amp#27;[35m[ADB]&amp#27;[39m Running 'C:\Users\lenovo\AppData\Local\Android\sdk\platform-tools\adb.exe -P 5037 -s emulator-5554 wait-for-device'
[debug] &amp#27;[35m[ADB]&amp#27;[39m Running 'C:\Users\lenovo\AppData\Local\Android\sdk\platform-tools\adb.exe -P 5037 -s emulator-5554 shell echo ping'
[debug] &amp#27;[35m[ADB]&amp#27;[39m 'io.appium.settings' is installed
[debug] &amp#27;[35m[ADB]&amp#27;[39m Getting package info for 'io.appium.settings'
[debug] &amp#27;[35m[ADB]&amp#27;[39m Running 'C:\Users\lenovo\AppData\Local\Android\sdk\platform-tools\adb.exe -P 5037 -s a704ebf7 shell dumpsys package io.appium.settings'
[debug] &amp#27;[35m[AndroidDriver]&amp#27;[39m Pushing settings apk to device...
[debug] &amp#27;[35m[ADB]&amp#27;[39m Getting install status for io.appium.settings
[debug] &amp#27;[35m[ADB]&amp#27;[39m Running 'C:\Users\lenovo\AppData\Local\Android\sdk\platform-tools\adb.exe -P 5037 -s emulator-5554 shell dumpsys package io.appium.settings'
[debug] &amp#27;[35m[ADB]&amp#27;[39m The version name of the installed 'io.appium.settings' is greater or equal to the application version name ('3.2.1' >= '3.2.1')
[debug] &amp#27;[35m[ADB]&amp#27;[39m There is no need to install/upgrade 'C:\Users\lenovo\AppData\Roaming\npm\node_modules\appium\node_modules\io.appium.settings\apks\settings_apk-debug.apk'
[debug] &amp#27;[35m[ADB]&amp#27;[39m Getting IDs of all 'io.appium.settings' processes
[debug] &amp#27;[35m[ADB]&amp#27;[39m Running 'C:\Users\lenovo\AppData\Local\Android\sdk\platform-tools\adb.exe -P 5037 -s a704ebf7 shell 'pgrep --help; echo $?''
[debug] &amp#27;[35m[ADB]&amp#27;[39m 'io.appium.settings' is installed
[debug] &amp#27;[35m[ADB]&amp#27;[39m Getting package info for 'io.appium.settings'
[debug] &amp#27;[35m[ADB]&amp#27;[39m Running 'C:\Users\lenovo\AppData\Local\Android\sdk\platform-tools\adb.exe -P 5037 -s emulator-5554 shell dumpsys package io.appium.settings'
[debug] &amp#27;[35m[ADB]&amp#27;[39m Running 'C:\Users\lenovo\AppData\Local\Android\sdk\platform-tools\adb.exe -P 5037 -s a704ebf7 shell pgrep -f \(\[\[:blank:\]\]\|\^\)io\.appium\.settings\(\[\[:blank:\]\]\|\$\)'
[debug] &amp#27;[35m[ADB]&amp#27;[39m The version name of the installed 'io.appium.settings' is greater or equal to the application version name ('3.2.1' >= '3.2.1')
[debug] &amp#27;[35m[ADB]&amp#27;[39m There is no need to install/upgrade 'C:\Users\lenovo\AppData\Roaming\npm\node_modules\appium\node_modules\io.appium.settings\apks\settings_apk-debug.apk'
[debug] &amp#27;[35m[ADB]&amp#27;[39m Getting IDs of all 'io.appium.settings' processes
[debug] &amp#27;[35m[ADB]&amp#27;[39m Running 'C:\Users\lenovo\AppData\Local\Android\sdk\platform-tools\adb.exe -P 5037 -s emulator-5554 shell 'pgrep --help; echo $?''
[debug] &amp#27;[35m[AndroidDriver]&amp#27;[39m io.appium.settings is already running. There is no need to reset its permissions.
[debug] &amp#27;[35m[ADB]&amp#27;[39m Running 'C:\Users\lenovo\AppData\Local\Android\sdk\platform-tools\adb.exe -P 5037 -s a704ebf7 shell appops set io.appium.settings android:mock_location allow'
[debug] &amp#27;[35m[ADB]&amp#27;[39m Running 'C:\Users\lenovo\AppData\Local\Android\sdk\platform-tools\adb.exe -P 5037 -s emulator-5554 shell pgrep -f \(\[\[:blank:\]\]\|\^\)io\.appium\.settings\(\[\[:blank:\]\]\|\$\)'
[debug] &amp#27;[35m[Logcat]&amp#27;[39m Starting logs capture with command: C:\\Users\\lenovo\\AppData\\Local\\Android\\sdk\\platform-tools\\adb.exe -P 5037 -s a704ebf7 logcat -v threadtime
[debug] &amp#27;[35m[AndroidDriver]&amp#27;[39m io.appium.settings is already running. There is no need to reset its permissions.
[debug] &amp#27;[35m[Logcat]&amp#27;[39m Starting logs capture with command: C:\\Users\\lenovo\\AppData\\Local\\Android\\sdk\\platform-tools\\adb.exe -P 5037 -s emulator-5554 logcat -v threadtime
[debug] &amp#27;[35m[UiAutomator2]&amp#27;[39m Forwarding UiAutomator2 Server port 6790 to local port 10001
[debug] &amp#27;[35m[ADB]&amp#27;[39m Forwarding system: 10001 to device: 6790
[debug] &amp#27;[35m[ADB]&amp#27;[39m Running 'C:\Users\lenovo\AppData\Local\Android\sdk\platform-tools\adb.exe -P 5037 -s a704ebf7 forward tcp:10001 tcp:6790'
[debug] &amp#27;[35m[ADB]&amp#27;[39m Getting install status for io.appium.uiautomator2.server
[debug] &amp#27;[35m[ADB]&amp#27;[39m Running 'C:\Users\lenovo\AppData\Local\Android\sdk\platform-tools\adb.exe -P 5037 -s a704ebf7 shell dumpsys package io.appium.uiautomator2.server'
[debug] &amp#27;[35m[UiAutomator2]&amp#27;[39m Forwarding UiAutomator2 Server port 6790 to local port 10000
[debug] &amp#27;[35m[ADB]&amp#27;[39m Forwarding system: 10000 to device: 6790
[debug] &amp#27;[35m[ADB]&amp#27;[39m Running 'C:\Users\lenovo\AppData\Local\Android\sdk\platform-tools\adb.exe -P 5037 -s emulator-5554 forward tcp:10000 tcp:6790'
[debug] &amp#27;[35m[ADB]&amp#27;[39m Getting install status for io.appium.uiautomator2.server
[debug] &amp#27;[35m[ADB]&amp#27;[39m Running 'C:\Users\lenovo\AppData\Local\Android\sdk\platform-tools\adb.exe -P 5037 -s emulator-5554 shell dumpsys package io.appium.uiautomator2.server'
[debug] &amp#27;[35m[ADB]&amp#27;[39m 'io.appium.uiautomator2.server' is installed
[debug] &amp#27;[35m[ADB]&amp#27;[39m Getting package info for 'io.appium.uiautomator2.server'
[debug] &amp#27;[35m[ADB]&amp#27;[39m Running 'C:\Users\lenovo\AppData\Local\Android\sdk\platform-tools\adb.exe -P 5037 -s a704ebf7 shell dumpsys package io.appium.uiautomator2.server'
[debug] &amp#27;[35m[ADB]&amp#27;[39m 'io.appium.uiautomator2.server' is installed
[debug] &amp#27;[35m[ADB]&amp#27;[39m Getting package info for 'io.appium.uiautomator2.server'
[debug] &amp#27;[35m[ADB]&amp#27;[39m Running 'C:\Users\lenovo\AppData\Local\Android\sdk\platform-tools\adb.exe -P 5037 -s emulator-5554 shell dumpsys package io.appium.uiautomator2.server'
[debug] &amp#27;[35m[ADB]&amp#27;[39m The version name of the installed 'io.appium.uiautomator2.server' is greater or equal to the application version name ('4.15.0' >= '4.15.0')
[debug] &amp#27;[35m[UiAutomator2]&amp#27;[39m io.appium.uiautomator2.server installation state: sameVersionInstalled
[debug] &amp#27;[35m[ADB]&amp#27;[39m Checking app cert for C:\Users\lenovo\AppData\Roaming\npm\node_modules\appium\node_modules\appium-uiautomator2-server\apks\appium-uiautomator2-server-v4.15.0.apk
&amp#27;[35m[ADB]&amp#27;[39m Using 'apksigner.jar' from 'C:\Users\lenovo\AppData\Local\Android\sdk\build-tools\30.0.3\lib\apksigner.jar'
[debug] &amp#27;[35m[ADB]&amp#27;[39m Starting apksigner: 'C:\\Program Files\\Java\\jdk1.8.0_271\\bin\\java.exe' -Xmx1024M -Xss1m -jar C:\\Users\\lenovo\\AppData\\Local\\Android\\sdk\\build-tools\\30.0.3\\lib\\apksigner.jar verify --print-certs C:\\Users\\lenovo\\AppData\\Roaming\\npm\\node_modules\\appium\\node_modules\\appium-uiautomator2-server\\apks\\appium-uiautomator2-server-v4.15.0.apk
[debug] &amp#27;[35m[ADB]&amp#27;[39m The version name of the installed 'io.appium.uiautomator2.server' is greater or equal to the application version name ('4.15.0' >= '4.15.0')
[debug] &amp#27;[35m[UiAutomator2]&amp#27;[39m io.appium.uiautomator2.server installation state: sameVersionInstalled
[debug] &amp#27;[35m[ADB]&amp#27;[39m Checking app cert for C:\Users\lenovo\AppData\Roaming\npm\node_modules\appium\node_modules\appium-uiautomator2-server\apks\appium-uiautomator2-server-v4.15.0.apk
&amp#27;[35m[ADB]&amp#27;[39m Using 'apksigner.jar' from 'C:\Users\lenovo\AppData\Local\Android\sdk\build-tools\30.0.3\lib\apksigner.jar'
[debug] &amp#27;[35m[ADB]&amp#27;[39m Starting apksigner: 'C:\\Program Files\\Java\\jdk1.8.0_271\\bin\\java.exe' -Xmx1024M -Xss1m -jar C:\\Users\\lenovo\\AppData\\Local\\Android\\sdk\\build-tools\\30.0.3\\lib\\apksigner.jar verify --print-certs C:\\Users\\lenovo\\AppData\\Roaming\\npm\\node_modules\\appium\\node_modules\\appium-uiautomator2-server\\apks\\appium-uiautomator2-server-v4.15.0.apk
[debug] &amp#27;[35m[ADB]&amp#27;[39m apksigner stdout: Signer #1 certificate DN: EMAILADDRESS=android@android.com, CN=Android, OU=Android, O=Android, L=Mountain View, ST=California, C=US
[debug] &amp#27;[35m[ADB]&amp#27;[39m Signer #1 certificate SHA-256 digest: a40da80a59d170caa950cf15c18c454d47a39b26989d8b640ecd745ba71bf5dc
[debug] &amp#27;[35m[ADB]&amp#27;[39m Signer #1 certificate SHA-1 digest: 61ed377e85d386a8dfee6b864bd85b0bfaa5af81
[debug] &amp#27;[35m[ADB]&amp#27;[39m Signer #1 certificate MD5 digest: e89b158e4bcf988ebd09eb83f5378e87
[debug] &amp#27;[35m[ADB]&amp#27;[39m 
[debug] &amp#27;[35m[ADB]&amp#27;[39m sha256 hash did match for 'appium-uiautomator2-server-v4.15.0.apk'
&amp#27;[35m[ADB]&amp#27;[39m 'C:\Users\lenovo\AppData\Roaming\npm\node_modules\appium\node_modules\appium-uiautomator2-server\apks\appium-uiautomator2-server-v4.15.0.apk' is signed with the default certificate
[debug] &amp#27;[35m[ADB]&amp#27;[39m Getting install status for io.appium.uiautomator2.server.test
[debug] &amp#27;[35m[ADB]&amp#27;[39m Running 'C:\Users\lenovo\AppData\Local\Android\sdk\platform-tools\adb.exe -P 5037 -s emulator-5554 shell dumpsys package io.appium.uiautomator2.server.test'
[debug] &amp#27;[35m[ADB]&amp#27;[39m apksigner stdout: Signer #1 certificate DN: EMAILADDRESS=android@android.com, CN=Android, OU=Android, O=Android, L=Mountain View, ST=California, C=US
[debug] &amp#27;[35m[ADB]&amp#27;[39m Signer #1 certificate SHA-256 digest: a40da80a59d170caa950cf15c18c454d47a39b26989d8b640ecd745ba71bf5dc
[debug] &amp#27;[35m[ADB]&amp#27;[39m Signer #1 certificate SHA-1 digest: 61ed377e85d386a8dfee6b864bd85b0bfaa5af81
[debug] &amp#27;[35m[ADB]&amp#27;[39m Signer #1 certificate MD5 digest: e89b158e4bcf988ebd09eb83f5378e87
[debug] &amp#27;[35m[ADB]&amp#27;[39m 
[debug] &amp#27;[35m[ADB]&amp#27;[39m sha256 hash did match for 'appium-uiautomator2-server-v4.15.0.apk'
&amp#27;[35m[ADB]&amp#27;[39m 'C:\Users\lenovo\AppData\Roaming\npm\node_modules\appium\node_modules\appium-uiautomator2-server\apks\appium-uiautomator2-server-v4.15.0.apk' is signed with the default certificate
[debug] &amp#27;[35m[ADB]&amp#27;[39m Getting install status for io.appium.uiautomator2.server.test
[debug] &amp#27;[35m[ADB]&amp#27;[39m Running 'C:\Users\lenovo\AppData\Local\Android\sdk\platform-tools\adb.exe -P 5037 -s a704ebf7 shell dumpsys package io.appium.uiautomator2.server.test'
[debug] &amp#27;[35m[ADB]&amp#27;[39m 'io.appium.uiautomator2.server.test' is installed
[debug] &amp#27;[35m[ADB]&amp#27;[39m Checking app cert for C:\Users\lenovo\AppData\Roaming\npm\node_modules\appium\node_modules\appium-uiautomator2-server\apks\appium-uiautomator2-server-debug-androidTest.apk
[debug] &amp#27;[35m[ADB]&amp#27;[39m Starting apksigner: 'C:\\Program Files\\Java\\jdk1.8.0_271\\bin\\java.exe' -Xmx1024M -Xss1m -jar C:\\Users\\lenovo\\AppData\\Local\\Android\\sdk\\build-tools\\30.0.3\\lib\\apksigner.jar verify --print-certs C:\\Users\\lenovo\\AppData\\Roaming\\npm\\node_modules\\appium\\node_modules\\appium-uiautomator2-server\\apks\\appium-uiautomator2-server-debug-androidTest.apk
[debug] &amp#27;[35m[ADB]&amp#27;[39m 'io.appium.uiautomator2.server.test' is installed
[debug] &amp#27;[35m[ADB]&amp#27;[39m Checking app cert for C:\Users\lenovo\AppData\Roaming\npm\node_modules\appium\node_modules\appium-uiautomator2-server\apks\appium-uiautomator2-server-debug-androidTest.apk
[debug] &amp#27;[35m[ADB]&amp#27;[39m Starting apksigner: 'C:\\Program Files\\Java\\jdk1.8.0_271\\bin\\java.exe' -Xmx1024M -Xss1m -jar C:\\Users\\lenovo\\AppData\\Local\\Android\\sdk\\build-tools\\30.0.3\\lib\\apksigner.jar verify --print-certs C:\\Users\\lenovo\\AppData\\Roaming\\npm\\node_modules\\appium\\node_modules\\appium-uiautomator2-server\\apks\\appium-uiautomator2-server-debug-androidTest.apk
[debug] &amp#27;[35m[ADB]&amp#27;[39m apksigner stdout: Signer #1 certificate DN: EMAILADDRESS=android@android.com, CN=Android, OU=Android, O=Android, L=Mountain View, ST=California, C=US
[debug] &amp#27;[35m[ADB]&amp#27;[39m Signer #1 certificate SHA-256 digest: a40da80a59d170caa950cf15c18c454d47a39b26989d8b640ecd745ba71bf5dc
[debug] &amp#27;[35m[ADB]&amp#27;[39m Signer #1 certificate SHA-1 digest: 61ed377e85d386a8dfee6b864bd85b0bfaa5af81
[debug] &amp#27;[35m[ADB]&amp#27;[39m Signer #1 certificate MD5 digest: e89b158e4bcf988ebd09eb83f5378e87
[debug] &amp#27;[35m[ADB]&amp#27;[39m 
[debug] &amp#27;[35m[ADB]&amp#27;[39m sha256 hash did match for 'appium-uiautomator2-server-debug-androidTest.apk'
&amp#27;[35m[ADB]&amp#27;[39m 'C:\Users\lenovo\AppData\Roaming\npm\node_modules\appium\node_modules\appium-uiautomator2-server\apks\appium-uiautomator2-server-debug-androidTest.apk' is signed with the default certificate
&amp#27;[35m[UiAutomator2]&amp#27;[39m Server packages are not going to be (re)installed
[debug] &amp#27;[35m[UiAutomator2]&amp#27;[39m Waiting up to 30000ms for services to be available
[debug] &amp#27;[35m[ADB]&amp#27;[39m Running 'C:\Users\lenovo\AppData\Local\Android\sdk\platform-tools\adb.exe -P 5037 -s emulator-5554 shell pm list instrumentation'
[debug] &amp#27;[35m[ADB]&amp#27;[39m apksigner stdout: Signer #1 certificate DN: EMAILADDRESS=android@android.com, CN=Android, OU=Android, O=Android, L=Mountain View, ST=California, C=US
[debug] &amp#27;[35m[ADB]&amp#27;[39m Signer #1 certificate SHA-256 digest: a40da80a59d170caa950cf15c18c454d47a39b26989d8b640ecd745ba71bf5dc
[debug] &amp#27;[35m[ADB]&amp#27;[39m Signer #1 certificate SHA-1 digest: 61ed377e85d386a8dfee6b864bd85b0bfaa5af81
[debug] &amp#27;[35m[ADB]&amp#27;[39m Signer #1 certificate MD5 digest: e89b158e4bcf988ebd09eb83f5378e87
[debug] &amp#27;[35m[ADB]&amp#27;[39m 
[debug] &amp#27;[35m[ADB]&amp#27;[39m sha256 hash did match for 'appium-uiautomator2-server-debug-androidTest.apk'
&amp#27;[35m[ADB]&amp#27;[39m 'C:\Users\lenovo\AppData\Roaming\npm\node_modules\appium\node_modules\appium-uiautomator2-server\apks\appium-uiautomator2-server-debug-androidTest.apk' is signed with the default certificate
&amp#27;[35m[UiAutomator2]&amp#27;[39m Server packages are not going to be (re)installed
[debug] &amp#27;[35m[UiAutomator2]&amp#27;[39m Waiting up to 30000ms for services to be available
[debug] &amp#27;[35m[ADB]&amp#27;[39m Running 'C:\Users\lenovo\AppData\Local\Android\sdk\platform-tools\adb.exe -P 5037 -s a704ebf7 shell pm list instrumentation'
[debug] &amp#27;[35m[UiAutomator2]&amp#27;[39m Instrumentation target 'io.appium.uiautomator2.server.test/androidx.test.runner.AndroidJUnitRunner' is available
[debug] &amp#27;[35m[ADB]&amp#27;[39m Checking app cert for C:\Users\lenovo\eclipse-workspace\AppiumCucumberTDD\src\test\resources\apps\Android.SauceLabs.Mobile.Sample.app.2.2.1.apk
[debug] &amp#27;[35m[ADB]&amp#27;[39m Starting apksigner: 'C:\\Program Files\\Java\\jdk1.8.0_271\\bin\\java.exe' -Xmx1024M -Xss1m -jar C:\\Users\\lenovo\\AppData\\Local\\Android\\sdk\\build-tools\\30.0.3\\lib\\apksigner.jar verify --print-certs C:\\Users\\lenovo\\eclipse-workspace\\AppiumCucumberTDD\\src\\test\\resources\\apps\\Android.SauceLabs.Mobile.Sample.app.2.2.1.apk
[debug] &amp#27;[35m[UiAutomator2]&amp#27;[39m Instrumentation target 'io.appium.uiautomator2.server.test/androidx.test.runner.AndroidJUnitRunner' is available
[debug] &amp#27;[35m[ADB]&amp#27;[39m Checking app cert for C:\Users\lenovo\eclipse-workspace\AppiumCucumberTDD\src\test\resources\apps\Android.SauceLabs.Mobile.Sample.app.2.2.1.apk
[debug] &amp#27;[35m[ADB]&amp#27;[39m Starting apksigner: 'C:\\Program Files\\Java\\jdk1.8.0_271\\bin\\java.exe' -Xmx1024M -Xss1m -jar C:\\Users\\lenovo\\AppData\\Local\\Android\\sdk\\build-tools\\30.0.3\\lib\\apksigner.jar verify --print-certs C:\\Users\\lenovo\\eclipse-workspace\\AppiumCucumberTDD\\src\\test\\resources\\apps\\Android.SauceLabs.Mobile.Sample.app.2.2.1.apk
[debug] &amp#27;[35m[ADB]&amp#27;[39m apksigner stdout: Signer #1 certificate DN: EMAILADDRESS=android@android.com, CN=Android, OU=Android, O=Android, L=Mountain View, ST=California, C=US
[debug] &amp#27;[35m[ADB]&amp#27;[39m Signer #1 certificate SHA-256 digest: a40da80a59d170caa950cf15c18c454d47a39b26989d8b640ecd745ba71bf5dc
[debug] &amp#27;[35m[ADB]&amp#27;[39m Signer #1 certificate SHA-1 digest: 61ed377e85d386a8dfee6b864bd85b0bfaa5af81
[debug] &amp#27;[35m[ADB]&amp#27;[39m Signer #1 certificate MD5 digest: e89b158e4bcf988ebd09eb83f5378e87
[debug] &amp#27;[35m[ADB]&amp#27;[39m 
[debug] &amp#27;[35m[ADB]&amp#27;[39m sha256 hash did match for 'Android.SauceLabs.Mobile.Sample.app.2.2.1.apk'
&amp#27;[35m[ADB]&amp#27;[39m 'C:\Users\lenovo\eclipse-workspace\AppiumCucumberTDD\src\test\resources\apps\Android.SauceLabs.Mobile.Sample.app.2.2.1.apk' is signed with the default certificate
[debug] &amp#27;[35m[ADB]&amp#27;[39m Getting install status for com.swaglabsmobileapp
[debug] &amp#27;[35m[ADB]&amp#27;[39m Running 'C:\Users\lenovo\AppData\Local\Android\sdk\platform-tools\adb.exe -P 5037 -s a704ebf7 shell dumpsys package com.swaglabsmobileapp'
[debug] &amp#27;[35m[ADB]&amp#27;[39m 'com.swaglabsmobileapp' is installed
[debug] &amp#27;[35m[ADB]&amp#27;[39m Getting package info for 'com.swaglabsmobileapp'
[debug] &amp#27;[35m[ADB]&amp#27;[39m Running 'C:\Users\lenovo\AppData\Local\Android\sdk\platform-tools\adb.exe -P 5037 -s a704ebf7 shell dumpsys package com.swaglabsmobileapp'
[debug] &amp#27;[35m[ADB]&amp#27;[39m The version name of the installed 'com.swaglabsmobileapp' is greater or equal to the application version name ('2.2.1' >= '2.2.1')
[debug] &amp#27;[35m[ADB]&amp#27;[39m There is no need to install/upgrade 'C:\Users\lenovo\eclipse-workspace\AppiumCucumberTDD\src\test\resources\apps\Android.SauceLabs.Mobile.Sample.app.2.2.1.apk'
&amp#27;[35m[AndroidDriver]&amp#27;[39m Performing fast reset on 'com.swaglabsmobileapp'
[debug] &amp#27;[35m[ADB]&amp#27;[39m Getting install status for com.swaglabsmobileapp
[debug] &amp#27;[35m[ADB]&amp#27;[39m Running 'C:\Users\lenovo\AppData\Local\Android\sdk\platform-tools\adb.exe -P 5037 -s a704ebf7 shell dumpsys package com.swaglabsmobileapp'
[debug] &amp#27;[35m[ADB]&amp#27;[39m apksigner stdout: Signer #1 certificate DN: EMAILADDRESS=android@android.com, CN=Android, OU=Android, O=Android, L=Mountain View, ST=California, C=US
[debug] &amp#27;[35m[ADB]&amp#27;[39m Signer #1 certificate SHA-256 digest: a40da80a59d170caa950cf15c18c454d47a39b26989d8b640ecd745ba71bf5dc
[debug] &amp#27;[35m[ADB]&amp#27;[39m Signer #1 certificate SHA-1 digest: 61ed377e85d386a8dfee6b864bd85b0bfaa5af81
[debug] &amp#27;[35m[ADB]&amp#27;[39m Signer #1 certificate MD5 digest: e89b158e4bcf988ebd09eb83f5378e87
[debug] &amp#27;[35m[ADB]&amp#27;[39m 
[debug] &amp#27;[35m[ADB]&amp#27;[39m sha256 hash did match for 'Android.SauceLabs.Mobile.Sample.app.2.2.1.apk'
&amp#27;[35m[ADB]&amp#27;[39m 'C:\Users\lenovo\eclipse-workspace\AppiumCucumberTDD\src\test\resources\apps\Android.SauceLabs.Mobile.Sample.app.2.2.1.apk' is signed with the default certificate
[debug] &amp#27;[35m[ADB]&amp#27;[39m Getting install status for com.swaglabsmobileapp
[debug] &amp#27;[35m[ADB]&amp#27;[39m Running 'C:\Users\lenovo\AppData\Local\Android\sdk\platform-tools\adb.exe -P 5037 -s emulator-5554 shell dumpsys package com.swaglabsmobileapp'
[debug] &amp#27;[35m[ADB]&amp#27;[39m 'com.swaglabsmobileapp' is installed
[debug] &amp#27;[35m[ADB]&amp#27;[39m Running 'C:\Users\lenovo\AppData\Local\Android\sdk\platform-tools\adb.exe -P 5037 -s a704ebf7 shell am force-stop com.swaglabsmobileapp'
[debug] &amp#27;[35m[ADB]&amp#27;[39m 'com.swaglabsmobileapp' is installed
[debug] &amp#27;[35m[ADB]&amp#27;[39m Getting package info for 'com.swaglabsmobileapp'
[debug] &amp#27;[35m[ADB]&amp#27;[39m Running 'C:\Users\lenovo\AppData\Local\Android\sdk\platform-tools\adb.exe -P 5037 -s emulator-5554 shell dumpsys package com.swaglabsmobileapp'
[debug] &amp#27;[35m[ADB]&amp#27;[39m Running 'C:\Users\lenovo\AppData\Local\Android\sdk\platform-tools\adb.exe -P 5037 -s a704ebf7 shell pm clear com.swaglabsmobileapp'
[debug] &amp#27;[35m[ADB]&amp#27;[39m The version name of the installed 'com.swaglabsmobileapp' is greater or equal to the application version name ('2.2.1' >= '2.2.1')
[debug] &amp#27;[35m[ADB]&amp#27;[39m There is no need to install/upgrade 'C:\Users\lenovo\eclipse-workspace\AppiumCucumberTDD\src\test\resources\apps\Android.SauceLabs.Mobile.Sample.app.2.2.1.apk'
&amp#27;[35m[AndroidDriver]&amp#27;[39m Performing fast reset on 'com.swaglabsmobileapp'
[debug] &amp#27;[35m[ADB]&amp#27;[39m Getting install status for com.swaglabsmobileapp
[debug] &amp#27;[35m[ADB]&amp#27;[39m Running 'C:\Users\lenovo\AppData\Local\Android\sdk\platform-tools\adb.exe -P 5037 -s emulator-5554 shell dumpsys package com.swaglabsmobileapp'
[debug] &amp#27;[35m[ADB]&amp#27;[39m 'com.swaglabsmobileapp' is installed
[debug] &amp#27;[35m[ADB]&amp#27;[39m Running 'C:\Users\lenovo\AppData\Local\Android\sdk\platform-tools\adb.exe -P 5037 -s emulator-5554 shell am force-stop com.swaglabsmobileapp'
[debug] &amp#27;[35m[ADB]&amp#27;[39m Running 'C:\Users\lenovo\AppData\Local\Android\sdk\platform-tools\adb.exe -P 5037 -s emulator-5554 shell pm clear com.swaglabsmobileapp'
[debug] &amp#27;[35m[AndroidDriver]&amp#27;[39m Performed fast reset on the installed 'com.swaglabsmobileapp' application (stop and clear)
[debug] &amp#27;[35m[UiAutomator2]&amp#27;[39m Performing shallow cleanup of automation leftovers
[debug] &amp#27;[35m[UiAutomator2]&amp#27;[39m No obsolete sessions have been detected (socket hang up)
[debug] &amp#27;[35m[ADB]&amp#27;[39m Running 'C:\Users\lenovo\AppData\Local\Android\sdk\platform-tools\adb.exe -P 5037 -s a704ebf7 shell am force-stop io.appium.uiautomator2.server.test'
[debug] &amp#27;[35m[AndroidDriver]&amp#27;[39m Performed fast reset on the installed 'com.swaglabsmobileapp' application (stop and clear)
[debug] &amp#27;[35m[UiAutomator2]&amp#27;[39m Performing shallow cleanup of automation leftovers
[debug] &amp#27;[35m[UiAutomator2]&amp#27;[39m No obsolete sessions have been detected (socket hang up)
[debug] &amp#27;[35m[ADB]&amp#27;[39m Running 'C:\Users\lenovo\AppData\Local\Android\sdk\platform-tools\adb.exe -P 5037 -s emulator-5554 shell am force-stop io.appium.uiautomator2.server.test'
&amp#27;[35m[UiAutomator2]&amp#27;[39m Starting UIAutomator2 server 4.15.0
&amp#27;[35m[UiAutomator2]&amp#27;[39m Using UIAutomator2 server from 'C:\Users\lenovo\AppData\Roaming\npm\node_modules\appium\node_modules\appium-uiautomator2-server\apks\appium-uiautomator2-server-v4.15.0.apk' and test from 'C:\Users\lenovo\AppData\Roaming\npm\node_modules\appium\node_modules\appium-uiautomator2-server\apks\appium-uiautomator2-server-debug-androidTest.apk'
&amp#27;[35m[UiAutomator2]&amp#27;[39m Waiting up to 30000ms for UiAutomator2 to be online...
[debug] &amp#27;[35m[ADB]&amp#27;[39m Creating ADB subprocess with args: ["-P",5037,"-s","a704ebf7","shell","am","instrument","-w","io.appium.uiautomator2.server.test/androidx.test.runner.AndroidJUnitRunner"]
&amp#27;[35m[UiAutomator2]&amp#27;[39m Starting UIAutomator2 server 4.15.0
&amp#27;[35m[UiAutomator2]&amp#27;[39m Using UIAutomator2 server from 'C:\Users\lenovo\AppData\Roaming\npm\node_modules\appium\node_modules\appium-uiautomator2-server\apks\appium-uiautomator2-server-v4.15.0.apk' and test from 'C:\Users\lenovo\AppData\Roaming\npm\node_modules\appium\node_modules\appium-uiautomator2-server\apks\appium-uiautomator2-server-debug-androidTest.apk'
&amp#27;[35m[UiAutomator2]&amp#27;[39m Waiting up to 30000ms for UiAutomator2 to be online...
[debug] &amp#27;[35m[ADB]&amp#27;[39m Creating ADB subprocess with args: ["-P",5037,"-s","emulator-5554","shell","am","instrument","-w","io.appium.uiautomator2.server.test/androidx.test.runner.AndroidJUnitRunner"]
[debug] &amp#27;[35m[Instrumentation]&amp#27;[39m io.appium.uiautomator2.server.test.AppiumUiAutomator2Server:
[debug] &amp#27;[35m[WD Proxy]&amp#27;[39m Matched '/status' to command name 'getStatus'
[debug] &amp#27;[35m[WD Proxy]&amp#27;[39m Proxying [GET /status] to [GET http://127.0.0.1:10001/wd/hub/status] with no body
&amp#27;[35m[WD Proxy]&amp#27;[39m socket hang up
[debug] &amp#27;[35m[WD Proxy]&amp#27;[39m Matched '/status' to command name 'getStatus'
[debug] &amp#27;[35m[WD Proxy]&amp#27;[39m Proxying [GET /status] to [GET http://127.0.0.1:10000/wd/hub/status] with no body
&amp#27;[35m[WD Proxy]&amp#27;[39m socket hang up
[debug] &amp#27;[35m[WD Proxy]&amp#27;[39m Matched '/status' to command name 'getStatus'
[debug] &amp#27;[35m[WD Proxy]&amp#27;[39m Proxying [GET /status] to [GET http://127.0.0.1:10001/wd/hub/status] with no body
[debug] &amp#27;[35m[WD Proxy]&amp#27;[39m Got response with status 200: {"sessionId":"None","value":{"message":"UiAutomator2 Server is ready to accept commands","ready":true}}
[debug] &amp#27;[35m[UiAutomator2]&amp#27;[39m The initialization of the instrumentation process took 2084ms
[debug] &amp#27;[35m[WD Proxy]&amp#27;[39m Matched '/session' to command name 'createSession'
[debug] &amp#27;[35m[WD Proxy]&amp#27;[39m Proxying [POST /session] to [POST http://127.0.0.1:10001/wd/hub/session] with body: {"capabilities":{"firstMatch":[{"platform":"LINUX","webStorageEnabled":false,"takesScreenshot":true,"javascriptEnabled":true,"databaseEnabled":false,"networkConnectionEnabled":true,"locationContextEnabled":false,"warnings":{},"desired":{"platformName":"android","chromeDriverPort":11001,"app":"C:\\Users\\lenovo\\eclipse-workspace\\AppiumCucumberTDD\\src\\test\\resources\\apps\\Android.SauceLabs.Mobile.Sample.app.2.2.1.apk","appActivity":"com.swaglabsmobileapp.SplashActivity","appPackage":"com.swaglabsmobileapp","automationName":"UiAutomator2","deviceName":"Redmi Note 9 pro max","systemPort":10001,"udid":"a704ebf7"},"platformName":"android","chromeDriverPort":11001,"app":"C:\\Users\\lenovo\\eclipse-workspace\\AppiumCucumberTDD\\src\\test\\resources\\apps\\Android.SauceLabs.Mobile.Sample.app.2.2.1.apk","appActivity":"com.swaglabsmobileapp.SplashActivity","appPackage":"com.swaglabsmobileapp","automationName":"UiAutomator2","deviceName":"a704ebf7","systemPort":10001,"udid":"a704ebf7","deviceUDID":"a704ebf7"}],"...
[debug] &amp#27;[35m[WD Proxy]&amp#27;[39m Got response with status 200: {"sessionId":"1a2a4a22-fdfd-46eb-80df-8dee599aaad3","value":{"capabilities":{"firstMatch":[{"platform":"LINUX","webStorageEnabled":false,"takesScreenshot":true,"javascriptEnabled":true,"databaseEnabled":false,"networkConnectionEnabled":true,"locationContextEnabled":false,"warnings":{},"desired":{"platformName":"android","chromeDriverPort":11001,"app":"C:\\Users\\lenovo\\eclipse-workspace\\AppiumCucumberTDD\\src\\test\\resources\\apps\\Android.SauceLabs.Mobile.Sample.app.2.2.1.apk","appActivity":"com.swaglabsmobileapp.SplashActivity","appPackage":"com.swaglabsmobileapp","automationName":"UiAutomator2","deviceName":"Redmi Note 9 pro max","systemPort":10001,"udid":"a704ebf7"},"platformName":"android","chromeDriverPort":11001,"app":"C:\\Users\\lenovo\\eclipse-workspace\\AppiumCucumberTDD\\src\\test\\resources\\apps\\Android.SauceLabs.Mobile.Sample.app.2.2.1.apk","appActivity":"com.swaglabsmobileapp.SplashActivity","appPackage":"com.swaglabsmobileapp","automationName":"UiAutomator2","deviceName":"a704ebf7","sys...
&amp#27;[35m[WD Proxy]&amp#27;[39m Determined the downstream protocol as 'W3C'
[debug] &amp#27;[35m[WD Proxy]&amp#27;[39m Matched '/status' to command name 'getStatus'
[debug] &amp#27;[35m[WD Proxy]&amp#27;[39m Proxying [GET /status] to [GET http://127.0.0.1:10000/wd/hub/status] with no body
[debug] &amp#27;[35m[WD Proxy]&amp#27;[39m Proxying [GET /appium/device/info] to [GET http://127.0.0.1:10001/wd/hub/session/1a2a4a22-fdfd-46eb-80df-8dee599aaad&amp#27;3/[a3p5pmi[uWmD/ dPervoixcye]/&amp#27;i[n3f9om]  wsiotchk neot  bhoangd yu
p
[debug] &amp#27;[35m[WD Proxy]&amp#27;[39m Got response with status 200: {"sessionId":"1a2a4a22-fdfd-46eb-80df-8dee599aaad3","value":{"androidId":"ab620731074edf0b","apiVersion":"29","bluetooth":{"state":"OFF"},"brand":"Redmi","carrierName":"IND airtel","displayDensity":440,"locale":"en_IN","manufacturer":"Xiaomi","model":"Redmi Note 9 Pro Max","networks":[{"capabilities":{"SSID":null,"linkDownBandwidthKbps":14,"linkUpstreamBandwidthKbps":14,"networkCapabilities":"NET_CAPABILITY_IMS,NET_CAPABILITY_NOT_METERED,NET_CAPABILITY_TRUSTED,NET_CAPABILITY_NOT_VPN,NET_CAPABILITY_VALIDATED,NET_CAPABILITY_NOT_ROAMING,NET_CAPABILITY_FOREGROUND,NET_CAPABILITY_NOT_CONGESTED,NET_CAPABILITY_NOT_SUSPENDED","signalStrength":-2147483648,"transportTypes":"TRANSPORT_CELLULAR"},"detailedState":"CONNECTED","extraInfo":"ims","isAvailable":true,"isConnected":true,"isFailover":false,"isRoaming":false,"state":"CONNECTED","subtype":18,"subtypeName":"IWLAN","type":0,"typeName":"MOBILE"},{"capabilities":{"SSID":null,"linkDownBandwidthKbps":1048576,"linkUpstreamBandwidthKbps":1048576,"networkCapabilities":"NE...
[debug] &amp#27;[35m[ADB]&amp#27;[39m Running 'C:\Users\lenovo\AppData\Local\Android\sdk\platform-tools\adb.exe -P 5037 -s a704ebf7 shell dumpsys window'
&amp#27;[35m[AndroidDriver]&amp#27;[39m Screen already unlocked, doing nothing
&amp#27;[35m[UiAutomator2]&amp#27;[39m Starting 'com.swaglabsmobileapp/com.swaglabsmobileapp.SplashActivity and waiting for 'com.swaglabsmobileapp/com.swaglabsmobileapp.SplashActivity'
[debug] &amp#27;[35m[ADB]&amp#27;[39m Running 'C:\Users\lenovo\AppData\Local\Android\sdk\platform-tools\adb.exe -P 5037 -s a704ebf7 shell am start -W -n com.swaglabsmobileapp/com.swaglabsmobileapp.SplashActivity -S -a android.intent.action.MAIN -c android.intent.category.LAUNCHER -f 0x10200000'
[debug] &amp#27;[35m[Instrumentation]&amp#27;[39m io.appium.uiautomator2.server.test.AppiumUiAutomator2Server:
[debug] &amp#27;[35m[WD Proxy]&amp#27;[39m Matched '/status' to command name 'getStatus'
[debug] &amp#27;[35m[WD Proxy]&amp#27;[39m Proxying [GET /status] to [GET http://127.0.0.1:10000/wd/hub/status] with no body
&amp#27;[35m[WD Proxy]&amp#27;[39m socket hang up
[debug] &amp#27;[35m[WD Proxy]&amp#27;[39m Proxying [GET /appium/device/pixel_ratio] to [GET http://127.0.0.1:10001/wd/hub/session/1a2a4a22-fdfd-46eb-80df-8dee599aaad3/appium/device/pixel_ratio] with no body
[debug] &amp#27;[35m[WD Proxy]&amp#27;[39m Got response with status 200: {"sessionId":"1a2a4a22-fdfd-46eb-80df-8dee599aaad3","value":2.75}
[debug] &amp#27;[35m[WD Proxy]&amp#27;[39m Matched '/appium/device/system_bars' to command name 'getSystemBars'
[debug] &amp#27;[35m[WD Proxy]&amp#27;[39m Proxying [GET /appium/device/system_bars] to [GET http://127.0.0.1:10001/wd/hub/session/1a2a4a22-fdfd-46eb-80df-8dee599aaad3/appium/device/system_bars] with no body
[debug] &amp#27;[35m[WD Proxy]&amp#27;[39m Got response with status 200: {"sessionId":"1a2a4a22-fdfd-46eb-80df-8dee599aaad3","value":{"statusBar":102}}
[debug] &amp#27;[35m[WD Proxy]&amp#27;[39m Matched '/window/current/size' to command name 'getWindowSize'
[debug] &amp#27;[35m[WD Proxy]&amp#27;[39m Proxying [GET /window/current/size] to [GET http://127.0.0.1:10001/wd/hub/session/1a2a4a22-fdfd-46eb-80df-8dee599aaad3/window/current/size] with no body
[debug] &amp#27;[35m[WD Proxy]&amp#27;[39m Got response with status 200: {"sessionId":"1a2a4a22-fdfd-46eb-80df-8dee599aaad3","value":{"height":2168,"width":1080}}
&amp#27;[35m[Appium]&amp#27;[39m New AndroidUiautomator2Driver session created successfully, session 66bf1050-98d2-4b42-80bd-66e6a164fa2d added to master session list
[debug] &amp#27;[35m[BaseDriver]&amp#27;[39m Event 'newSessionStarted' logged at 1611387507829 (13:08:27 GMT+0530 (India Standard Time))
[debug] &amp#27;[35m[W3C (66bf1050)]&amp#27;[39m Cached the protocol value 'W3C' for the new session 66bf1050-98d2-4b42-80bd-66e6a164fa2d
[debug] &amp#27;[35m[W3C (66bf1050)]&amp#27;[39m Responding to client with driver.createSession() result: {"capabilities":{"platform":"LINUX","webStorageEnabled":false,"takesScreenshot":true,"javascriptEnabled":true,"databaseEnabled":false,"networkConnectionEnabled":true,"locationContextEnabled":false,"warnings":{},"desired":{"platformName":"android","chromeDriverPort":11001,"app":"C:\\Users\\lenovo\\eclipse-workspace\\AppiumCucumberTDD\\src\\test\\resources\\apps\\Android.SauceLabs.Mobile.Sample.app.2.2.1.apk","appActivity":"com.swaglabsmobileapp.SplashActivity","appPackage":"com.swaglabsmobileapp","automationName":"UiAutomator2","deviceName":"Redmi Note 9 pro max","systemPort":10001,"udid":"a704ebf7"},"platformName":"android","chromeDriverPort":11001,"app":"C:\\Users\\lenovo\\eclipse-workspace\\AppiumCucumberTDD\\src\\test\\resources\\apps\\Android.SauceLabs.Mobile.Sample.app.2.2.1.apk","appActivity":"com.swaglabsmobileapp.SplashActivity","appPackage":"com.swaglabsmobileapp","automationName":"UiAutomator2","deviceName":"a704ebf7","systemPort":10001,"udid":"a704ebf7","deviceUDID":"a704ebf7","deviceApiLevel":2...
&amp#27;[35m[HTTP]&amp#27;[39m &amp#27;[37m<-- POST /wd/hub/session &amp#27;[39m&amp#27;[32m200&amp#27;[39m &amp#27;[90m13915 ms - 1333&amp#27;[39m
&amp#27;[35m[HTTP]&amp#27;[39m &amp#27;[90m&amp#27;[39m
[INFO ] 2021-01-23 13:08:27.903 com.qa.utils.DriverManager:40 - Driver is initialized
[debug] &amp#27;[35m[WD Proxy]&amp#27;[39m Matched '/status' to command name 'getStatus'
[debug] &amp#27;[35m[WD Proxy]&amp#27;[39m Proxying [GET /status] to [GET http://127.0.0.1:10000/wd/hub/status] with no body
&amp#27;[35m[WD Proxy]&amp#27;[39m socket hang up

@Test
Scenario Outline: Login with invalid user name                                                        # src/test/resources/Login.feature:11
&amp#27;[35m[HTTP]&amp#27;[39m &amp#27;[37m-->&amp#27;[39m &amp#27;[37mPOST&amp#27;[39m &amp#27;[37m/wd/hub/session/66bf1050-98d2-4b42-80bd-66e6a164fa2d/appium/start_recording_screen&amp#27;[39m
&amp#27;[35m[HTTP]&amp#27;[39m &amp#27;[90m{}&amp#27;[39m
[debug] &amp#27;[35m[W3C (66bf1050)]&amp#27;[39m Calling AppiumDriver.startRecordingScreen() with args: [null,"66bf1050-98d2-4b42-80bd-66e6a164fa2d"]
[debug] &amp#27;[35m[ADB]&amp#27;[39m Getting IDs of all 'screenrecord' processes
[debug] &amp#27;[35m[ADB]&amp#27;[39m Running 'C:\Users\lenovo\AppData\Local\Android\sdk\platform-tools\adb.exe -P 5037 -s a704ebf7 shell pgrep -f \(\[\[:blank:\]\]\|\^\)screenrecord\(\[\[:blank:\]\]\|\$\)'
&amp#27;[35m[AndroidDriver]&amp#27;[39m Screen recording has not been previously started by Appium. There is nothing to stop
[debug] &amp#27;[35m[ADB]&amp#27;[39m Getting IDs of all 'screenrecord' processes
[debug] &amp#27;[35m[ADB]&amp#27;[39m Running 'C:\Users\lenovo\AppData\Local\Android\sdk\platform-tools\adb.exe -P 5037 -s a704ebf7 shell pgrep -f \(\[\[:blank:\]\]\|\^\)screenrecord\(\[\[:blank:\]\]\|\$\)'
[debug] &amp#27;[35m[ADB]&amp#27;[39m Building screenrecord process with the command line: adb -P 5037 -s a704ebf7 shell screenrecord --time-limit 180 /sdcard/39ca6efd.mp4
[debug] &amp#27;[35m[ADB]&amp#27;[39m Running 'C:\Users\lenovo\AppData\Local\Android\sdk\platform-tools\adb.exe -P 5037 -s a704ebf7 shell "[ -e '/sdcard/39ca6efd.mp4' ] && echo __PASS__"'
[debug] &amp#27;[35m[ADB]&amp#27;[39m Running 'C:\Users\lenovo\AppData\Local\Android\sdk\platform-tools\adb.exe -P 5037 -s a704ebf7 shell "[ -e '/sdcard/39ca6efd.mp4' ] && echo __PASS__"'
[debug] &amp#27;[35m[W3C (66bf1050)]&amp#27;[39m Responding to client with driver.startRecordingScreen() result: ""
&amp#27;[35m[HTTP]&amp#27;[39m &amp#27;[37m<-- POST /wd/hub/session/66bf1050-98d2-4b42-80bd-66e6a164fa2d/appium/start_recording_screen &amp#27;[39m&amp#27;[32m200&amp#27;[39m &amp#27;[90m745 ms - 12&amp#27;[39m
&amp#27;[35m[HTTP]&amp#27;[39m &amp#27;[90m&amp#27;[39m
[debug] &amp#27;[35m[WD Proxy]&amp#27;[39m Matched '/status' to command name 'getStatus'
[debug] &amp#27;[35m[WD Proxy]&amp#27;[39m Proxying [GET /status] to [GET http://127.0.0.1:10000/wd/hub/status] with no body
&amp#27;[35m[HTTP]&amp#27;[39m &amp#27;[37m-->&amp#27;[39m &amp#27;[37mGET&amp#27;[39m &amp#27;[37m/wd/hub/session/66bf1050-98d2-4b42-80bd-66e6a164fa2d/context&amp#27;[39m
&amp#27;[35m[HTTP]&amp#27;[39m &amp#27;[90m{}&amp#27;[39m
[debug] &amp#27;[35m[W3C (66bf1050)]&amp#27;[39m Calling AppiumDriver.getCurrentContext() with args: ["66bf1050-98d2-4b42-80bd-66e6a164fa2d"]
[debug] &amp#27;[35m[W3C (66bf1050)]&amp#27;[39m Responding to client with driver.getCurrentContext() result: "NATIVE_APP"
&amp#27;[35m[HTTP]&amp#27;[39m &amp#27;[37m<-- GET /wd/hub/session/66bf1050-98d2-4b42-80bd-66e6a164fa2d/context &amp#27;[39m&amp#27;[32m200&amp#27;[39m &amp#27;[90m11 ms - 22&amp#27;[39m
&amp#27;[35m[HTTP]&amp#27;[39m &amp#27;[90m&amp#27;[39m
&amp#27;[35m[HTTP]&amp#27;[39m &amp#27;[37m-->&amp#27;[39m &amp#27;[37mPOST&amp#27;[39m &amp#27;[37m/wd/hub/session/66bf1050-98d2-4b42-80bd-66e6a164fa2d/element&amp#27;[39m
&amp#27;[35m[HTTP]&amp#27;[39m &amp#27;[90m{"using":"accessibility id","value":"test-Username"}&amp#27;[39m
[debug] &amp#27;[35m[W3C (66bf1050)]&amp#27;[39m Calling AppiumDriver.findElement() with args: ["accessibility id","test-Username","66bf1050-98d2-4b42-80bd-66e6a164fa2d"]
[debug] &amp#27;[35m[BaseDriver]&amp#27;[39m Valid locator strategies for this request: xpath, id, class name, accessibility id, css selector, -android uiautomator
[debug] &amp#27;[35m[BaseDriver]&amp#27;[39m Waiting up to 0 ms for condition
[debug] &amp#27;[35m[WD Proxy]&amp#27;[39m Matched '/element' to command name 'findElement'
[debug] &amp#27;[35m[WD Proxy]&amp#27;[39m Proxying [POST /element] to [POST http://127.0.0.1:10001/wd/hub/session/1a2a4a22-fdfd-46eb-80df-8dee599aaad3/element] with body: {"strategy":"accessibility id","selector":"test-Username","context":"","multiple":false}
[debug] &amp#27;[35m[WD Proxy]&amp#27;[39m Got response with status 200: {"sessionId":"1a2a4a22-fdfd-46eb-80df-8dee599aaad3","value":{"ELEMENT":"db65dc18-861d-4612-b24c-d570831e3096","element-6066-11e4-a52e-4f735466cecf":"db65dc18-861d-4612-b24c-d570831e3096"}}
[debug] &amp#27;[35m[W3C (66bf1050)]&amp#27;[39m Responding to client with driver.findElement() result: {"element-6066-11e4-a52e-4f735466cecf":"db65dc18-861d-4612-b24c-d570831e3096","ELEMENT":"db65dc18-861d-4612-b24c-d570831e3096"}
&amp#27;[35m[HTTP]&amp#27;[39m &amp#27;[37m<-- POST /wd/hub/session/66bf1050-98d2-4b42-80bd-66e6a164fa2d/element &amp#27;[39m&amp#27;[32m200&amp#27;[39m &amp#27;[90m42 ms - 137&amp#27;[39m
&amp#27;[35m[HTTP]&amp#27;[39m &amp#27;[90m&amp#27;[39m
&amp#27;[35m[HTTP]&amp#27;[39m &amp#27;[37m-->&amp#27;[39m &amp#27;[37mGET&amp#27;[39m &amp#27;[37m/wd/hub/session/66bf1050-98d2-4b42-80bd-66e6a164fa2d/element/db65dc18-861d-4612-b24c-d570831e3096/displayed&amp#27;[39m
&amp#27;[35m[HTTP]&amp#27;[39m &amp#27;[90m{}&amp#27;[39m
[debug] &amp#27;[35m[W3C (66bf1050)]&amp#27;[39m Calling AppiumDriver.elementDisplayed() with args: ["db65dc18-861d-4612-b24c-d570831e3096","66bf1050-98d2-4b42-80bd-66e6a164fa2d"]
[debug] &amp#27;[35m[WD Proxy]&amp#27;[39m Matched '/element/db65dc18-861d-4612-b24c-d570831e3096/attribute/displayed' to command name 'getAttribute'
[debug] &amp#27;[35m[WD Proxy]&amp#27;[39m Proxying [GET /element/db65dc18-861d-4612-b24c-d570831e3096/attribute/displayed] to [GET http://127.0.0.1:10001/wd/hub/session/1a2a4a22-fdfd-46eb-80df-8dee599aaad3/element/db65dc18-861d-4612-b24c-d570831e3096/attribute/displayed] with no body
[debug] &amp#27;[35m[WD Proxy]&amp#27;[39m Got response with status 200: {"sessionId":"1a2a4a22-fdfd-46eb-80df-8dee599aaad3","value":"true"}
[debug] &amp#27;[35m[W3C (66bf1050)]&amp#27;[39m Responding to client with driver.elementDisplayed() result: true
&amp#27;[35m[HTTP]&amp#27;[39m &amp#27;[37m<-- GET /wd/hub/session/66bf1050-98d2-4b42-80bd-66e6a164fa2d/element/db65dc18-861d-4612-b24c-d570831e3096/displayed &amp#27;[39m&amp#27;[32m200&amp#27;[39m &amp#27;[90m34 ms - 14&amp#27;[39m
&amp#27;[35m[HTTP]&amp#27;[39m &amp#27;[90m&amp#27;[39m
&amp#27;[35m[HTTP]&amp#27;[39m &amp#27;[37m-->&amp#27;[39m &amp#27;[37mGET&amp#27;[39m &amp#27;[37m/wd/hub/session/66bf1050-98d2-4b42-80bd-66e6a164fa2d/context&amp#27;[39m
&amp#27;[35m[HTTP]&amp#27;[39m &amp#27;[90m{}&amp#27;[39m
[debug] &amp#27;[35m[W3C (66bf1050)]&amp#27;[39m Calling AppiumDriver.getCurrentContext() with args: ["66bf1050-98d2-4b42-80bd-66e6a164fa2d"]
[debug] &amp#27;[35m[W3C (66bf1050)]&amp#27;[39m Responding to client with driver.getCurrentContext() result: "NATIVE_APP"
&amp#27;[35m[HTTP]&amp#27;[39m &amp#27;[37m<-- GET /wd/hub/session/66bf1050-98d2-4b42-80bd-66e6a164fa2d/context &amp#27;[39m&amp#27;[32m200&amp#27;[39m &amp#27;[90m3 ms - 22&amp#27;[39m
&amp#27;[35m[HTTP]&amp#27;[39m &amp#27;[90m&amp#27;[39m
&amp#27;[35m[HTTP]&amp#27;[39m &amp#27;[37m-->&amp#27;[39m &amp#27;[37mPOST&amp#27;[39m &amp#27;[37m/wd/hub/session/66bf1050-98d2-4b42-80bd-66e6a164fa2d/element&amp#27;[39m
&amp#27;[35m[HTTP]&amp#27;[39m &amp#27;[90m{"using":"accessibility id","value":"test-Username"}&amp#27;[39m
[debug] &amp#27;[35m[W3C (66bf1050)]&amp#27;[39m Calling AppiumDriver.findElement() with args: ["accessibility id","test-Username","66bf1050-98d2-4b42-80bd-66e6a164fa2d"]
[debug] &amp#27;[35m[BaseDriver]&amp#27;[39m Valid locator strategies for this request: xpath, id, class name, accessibility id, css selector, -android uiautomator
[debug] &amp#27;[35m[BaseDriver]&amp#27;[39m Waiting up to 0 ms for condition
[debug] &amp#27;[35m[WD Proxy]&amp#27;[39m Matched '/element' to command name 'findElement'
[debug] &amp#27;[35m[WD Proxy]&amp#27;[39m Proxying [POST /element] to [POST http://127.0.0.1:10001/wd/hub/session/1a2a4a22-fdfd-46eb-80df-8dee599aaad3/element] with body: {"strategy":"accessibility id","selector":"test-Username","context":"","multiple":false}
[debug] &amp#27;[35m[WD Proxy]&amp#27;[39m Got response with status 200: {"sessionId":"None","value":{"message":"UiAutomator2 Server is ready to accept commands","ready":true}}
[debug] &amp#27;[35m[UiAutomator2]&amp#27;[39m The initialization of the instrumentation process took 5381ms
[debug] &amp#27;[35m[WD Proxy]&amp#27;[39m Matched '/session' to command name 'createSession'
[debug] &amp#27;[35m[WD Proxy]&amp#27;[39m Proxying [POST /session] to [POST http://127.0.0.1:10000/wd/hub/session] with body: {"capabilities":{"firstMatch":[{"platform":"LINUX","webStorageEnabled":false,"takesScreenshot":true,"javascriptEnabled":true,"databaseEnabled":false,"networkConnectionEnabled":true,"locationContextEnabled":false,"warnings":{},"desired":{"platformName":"android","chromeDriverPort":11000,"app":"C:\\Users\\lenovo\\eclipse-workspace\\AppiumCucumberTDD\\src\\test\\resources\\apps\\Android.SauceLabs.Mobile.Sample.app.2.2.1.apk","appActivity":"com.swaglabsmobileapp.SplashActivity","appPackage":"com.swaglabsmobileapp","automationName":"UiAutomator2","deviceName":"pixel_3a_API_30_x86","systemPort":10000,"udid":"emulator-5554"},"platformName":"android","chromeDriverPort":11000,"app":"C:\\Users\\lenovo\\eclipse-workspace\\AppiumCucumberTDD\\src\\test\\resources\\apps\\Android.SauceLabs.Mobile.Sample.app.2.2.1.apk","appActivity":"com.swaglabsmobileapp.SplashActivity","appPackage":"com.swaglabsmobileapp","automationName":"UiAutomator2","deviceName":"emulator-5554","systemPort":10000,"udid":"emulator-5554","deviceUDID":...
[debug] &amp#27;[35m[WD Proxy]&amp#27;[39m Got response with status 200: {"sessionId":"1a2a4a22-fdfd-46eb-80df-8dee599aaad3","value":{"ELEMENT":"2b83df38-cc43-4172-8541-e366d2114504","element-6066-11e4-a52e-4f735466cecf":"2b83df38-cc43-4172-8541-e366d2114504"}}
[debug] &amp#27;[35m[W3C (66bf1050)]&amp#27;[39m Responding to client with driver.findElement() result: {"element-6066-11e4-a52e-4f735466cecf":"2b83df38-cc43-4172-8541-e366d2114504","ELEMENT":"2b83df38-cc43-4172-8541-e366d2114504"}
&amp#27;[35m[HTTP]&amp#27;[39m &amp#27;[37m<-- POST /wd/hub/session/66bf1050-98d2-4b42-80bd-66e6a164fa2d/element &amp#27;[39m&amp#27;[32m200&amp#27;[39m &amp#27;[90m62 ms - 137&amp#27;[39m
&amp#27;[35m[HTTP]&amp#27;[39m &amp#27;[90m&amp#27;[39m
&amp#27;[35m[HTTP]&amp#27;[39m &amp#27;[37m-->&amp#27;[39m &amp#27;[37mPOST&amp#27;[39m &amp#27;[37m/wd/hub/session/66bf1050-98d2-4b42-80bd-66e6a164fa2d/element/2b83df38-cc43-4172-8541-e366d2114504/clear&amp#27;[39m
&amp#27;[35m[HTTP]&amp#27;[39m &amp#27;[90m{"id":"2b83df38-cc43-4172-8541-e366d2114504"}&amp#27;[39m
[debug] &amp#27;[35m[W3C (66bf1050)]&amp#27;[39m Calling AppiumDriver.clear() with args: ["2b83df38-cc43-4172-8541-e366d2114504","66bf1050-98d2-4b42-80bd-66e6a164fa2d"]
[debug] &amp#27;[35m[WD Proxy]&amp#27;[39m Matched '/element/2b83df38-cc43-4172-8541-e366d2114504/clear' to command name 'clear'
[debug] &amp#27;[35m[WD Proxy]&amp#27;[39m Proxying [POST /element/2b83df38-cc43-4172-8541-e366d2114504/clear] to [POST http://127.0.0.1:10001/wd/hub/session/1a2a4a22-fdfd-46eb-80df-8dee599aaad3/element/2b83df38-cc43-4172-8541-e366d2114504/clear] with body: {"elementId":"2b83df38-cc43-4172-8541-e366d2114504"}
[debug] &amp#27;[35m[WD Proxy]&amp#27;[39m Got response with status 200: {"sessionId":"a96e5523-8a84-4fe3-a3cb-d2c6104defd3","value":{"capabilities":{"firstMatch":[{"platform":"LINUX","webStorageEnabled":false,"takesScreenshot":true,"javascriptEnabled":true,"databaseEnabled":false,"networkConnectionEnabled":true,"locationContextEnabled":false,"warnings":{},"desired":{"platformName":"android","chromeDriverPort":11000,"app":"C:\\Users\\lenovo\\eclipse-workspace\\AppiumCucumberTDD\\src\\test\\resources\\apps\\Android.SauceLabs.Mobile.Sample.app.2.2.1.apk","appActivity":"com.swaglabsmobileapp.SplashActivity","appPackage":"com.swaglabsmobileapp","automationName":"UiAutomator2","deviceName":"pixel_3a_API_30_x86","systemPort":10000,"udid":"emulator-5554"},"platformName":"android","chromeDriverPort":11000,"app":"C:\\Users\\lenovo\\eclipse-workspace\\AppiumCucumberTDD\\src\\test\\resources\\apps\\Android.SauceLabs.Mobile.Sample.app.2.2.1.apk","appActivity":"com.swaglabsmobileapp.SplashActivity","appPackage":"com.swaglabsmobileapp","automationName":"UiAutomator2","deviceName":"emulator-5...
&amp#27;[35m[WD Proxy]&amp#27;[39m Determined the downstream protocol as 'W3C'
[debug] &amp#27;[35m[WD Proxy]&amp#27;[39m Proxying [GET /appium/device/info] to [GET http://127.0.0.1:10000/wd/hub/session/a96e5523-8a84-4fe3-a3cb-d2c6104defd3/appium/device/info] with no body
[debug] &amp#27;[35m[WD Proxy]&amp#27;[39m Got response with status 200: {"sessionId":"a96e5523-8a84-4fe3-a3cb-d2c6104defd3","value":{"androidId":"584d9ca375dc3601","apiVersion":"28","bluetooth":null,"brand":"google","carrierName":"Android","displayDensity":440,"locale":"en_US","manufacturer":"Google","model":"AOSP on IA Emulator","networks":[{"capabilities":{"SSID":null,"linkDownBandwidthKbps":1048576,"linkUpstreamBandwidthKbps":1048576,"networkCapabilities":"NET_CAPABILITY_NOT_METERED,NET_CAPABILITY_INTERNET,NET_CAPABILITY_NOT_RESTRICTED,NET_CAPABILITY_TRUSTED,NET_CAPABILITY_NOT_VPN,NET_CAPABILITY_NOT_ROAMING,NET_CAPABILITY_FOREGROUND,NET_CAPABILITY_NOT_CONGESTED,NET_CAPABILITY_NOT_SUSPENDED","signalStrength":-50,"transportTypes":"TRANSPORT_WIFI"},"detailedState":"CONNECTED","extraInfo":null,"isAvailable":true,"isConnected":true,"isFailover":false,"isRoaming":false,"state":"CONNECTED","subtype":0,"subtypeName":"","type":1,"typeName":"WIFI"},{"capabilities":{"SSID":null,"linkDownBandwidthKbps":102400,"linkUpstreamBandwidthKbps":51200,"networkCapabilities":"NET_CAPABILITY_MMS,N...
[debug] &amp#27;[35m[ADB]&amp#27;[39m Running 'C:\Users\lenovo\AppData\Local\Android\sdk\platform-tools\adb.exe -P 5037 -s emulator-5554 shell dumpsys window'
&amp#27;[35m[AndroidDriver]&amp#27;[39m Screen already unlocked, doing nothing
&amp#27;[35m[UiAutomator2]&amp#27;[39m Starting 'com.swaglabsmobileapp/com.swaglabsmobileapp.SplashActivity and waiting for 'com.swaglabsmobileapp/com.swaglabsmobileapp.SplashActivity'
[debug] &amp#27;[35m[ADB]&amp#27;[39m Running 'C:\Users\lenovo\AppData\Local\Android\sdk\platform-tools\adb.exe -P 5037 -s emulator-5554 shell am start -W -n com.swaglabsmobileapp/com.swaglabsmobileapp.SplashActivity -S -a android.intent.action.MAIN -c android.intent.category.LAUNCHER -f 0x10200000'
[debug] &amp#27;[35m[WD Proxy]&amp#27;[39m Got response with status 200: {"sessionId":"1a2a4a22-fdfd-46eb-80df-8dee599aaad3","value":null}
[debug] &amp#27;[35m[W3C (66bf1050)]&amp#27;[39m Responding to client with driver.clear() result: null
&amp#27;[35m[HTTP]&amp#27;[39m &amp#27;[37m<-- POST /wd/hub/session/66bf1050-98d2-4b42-80bd-66e6a164fa2d/element/2b83df38-cc43-4172-8541-e366d2114504/clear &amp#27;[39m&amp#27;[32m200&amp#27;[39m &amp#27;[90m582 ms - 14&amp#27;[39m
&amp#27;[35m[HTTP]&amp#27;[39m &amp#27;[90m&amp#27;[39m
&amp#27;[35m[HTTP]&amp#27;[39m &amp#27;[37m-->&amp#27;[39m &amp#27;[37mGET&amp#27;[39m &amp#27;[37m/wd/hub/session/66bf1050-98d2-4b42-80bd-66e6a164fa2d/context&amp#27;[39m
&amp#27;[35m[HTTP]&amp#27;[39m &amp#27;[90m{}&amp#27;[39m
[debug] &amp#27;[35m[W3C (66bf1050)]&amp#27;[39m Calling AppiumDriver.getCurrentContext() with args: ["66bf1050-98d2-4b42-80bd-66e6a164fa2d"]
[debug] &amp#27;[35m[W3C (66bf1050)]&amp#27;[39m Responding to client with driver.getCurrentContext() result: "NATIVE_APP"
&amp#27;[35m[HTTP]&amp#27;[39m &amp#27;[37m<-- GET /wd/hub/session/66bf1050-98d2-4b42-80bd-66e6a164fa2d/context &amp#27;[39m&amp#27;[32m200&amp#27;[39m &amp#27;[90m3 ms - 22&amp#27;[39m
&amp#27;[35m[HTTP]&amp#27;[39m &amp#27;[90m&amp#27;[39m
&amp#27;[35m[HTTP]&amp#27;[39m &amp#27;[37m-->&amp#27;[39m &amp#27;[37mPOST&amp#27;[39m &amp#27;[37m/wd/hub/session/66bf1050-98d2-4b42-80bd-66e6a164fa2d/element&amp#27;[39m
&amp#27;[35m[HTTP]&amp#27;[39m &amp#27;[90m{"using":"accessibility id","value":"test-Username"}&amp#27;[39m
[debug] &amp#27;[35m[W3C (66bf1050)]&amp#27;[39m Calling AppiumDriver.findElement() with args: ["accessibility id","test-Username","66bf1050-98d2-4b42-80bd-66e6a164fa2d"]
[debug] &amp#27;[35m[BaseDriver]&amp#27;[39m Valid locator strategies for this request: xpath, id, class name, accessibility id, css selector, -android uiautomator
[debug] &amp#27;[35m[BaseDriver]&amp#27;[39m Waiting up to 0 ms for condition
[debug] &amp#27;[35m[WD Proxy]&amp#27;[39m Matched '/element' to command name 'findElement'
[debug] &amp#27;[35m[WD Proxy]&amp#27;[39m Proxying [POST /element] to [POST http://127.0.0.1:10001/wd/hub/session/1a2a4a22-fdfd-46eb-80df-8dee599aaad3/element] with body: {"strategy":"accessibility id","selector":"test-Username","context":"","multiple":false}
[debug] &amp#27;[35m[WD Proxy]&amp#27;[39m Got response with status 200: {"sessionId":"1a2a4a22-fdfd-46eb-80df-8dee599aaad3","value":{"ELEMENT":"f2583ba9-bbb0-453e-9ee2-2cf99077e85d","element-6066-11e4-a52e-4f735466cecf":"f2583ba9-bbb0-453e-9ee2-2cf99077e85d"}}
[debug] &amp#27;[35m[W3C (66bf1050)]&amp#27;[39m Responding to client with driver.findElement() result: {"element-6066-11e4-a52e-4f735466cecf":"f2583ba9-bbb0-453e-9ee2-2cf99077e85d","ELEMENT":"f2583ba9-bbb0-453e-9ee2-2cf99077e85d"}
&amp#27;[35m[HTTP]&amp#27;[39m &amp#27;[37m<-- POST /wd/hub/session/66bf1050-98d2-4b42-80bd-66e6a164fa2d/element &amp#27;[39m&amp#27;[32m200&amp#27;[39m &amp#27;[90m494 ms - 137&amp#27;[39m
&amp#27;[35m[HTTP]&amp#27;[39m &amp#27;[90m&amp#27;[39m
&amp#27;[35m[HTTP]&amp#27;[39m &amp#27;[37m-->&amp#27;[39m &amp#27;[37mGET&amp#27;[39m &amp#27;[37m/wd/hub/session/66bf1050-98d2-4b42-80bd-66e6a164fa2d/element/f2583ba9-bbb0-453e-9ee2-2cf99077e85d/displayed&amp#27;[39m
&amp#27;[35m[HTTP]&amp#27;[39m &amp#27;[90m{}&amp#27;[39m
[debug] &amp#27;[35m[W3C (66bf1050)]&amp#27;[39m Calling AppiumDriver.elementDisplayed() with args: ["f2583ba9-bbb0-453e-9ee2-2cf99077e85d","66bf1050-98d2-4b42-80bd-66e6a164fa2d"]
[debug] &amp#27;[35m[WD Proxy]&amp#27;[39m Matched '/element/f2583ba9-bbb0-453e-9ee2-2cf99077e85d/attribute/displayed' to command name 'getAttribute'
[debug] &amp#27;[35m[WD Proxy]&amp#27;[39m Proxying [GET /element/f2583ba9-bbb0-453e-9ee2-2cf99077e85d/attribute/displayed] to [GET http://127.0.0.1:10001/wd/hub/session/1a2a4a22-fdfd-46eb-80df-8dee599aaad3/element/f2583ba9-bbb0-453e-9ee2-2cf99077e85d/attribute/displayed] with no body
[debug] &amp#27;[35m[WD Proxy]&amp#27;[39m Got response with status 200: {"sessionId":"1a2a4a22-fdfd-46eb-80df-8dee599aaad3","value":"true"}
[debug] &amp#27;[35m[W3C (66bf1050)]&amp#27;[39m Responding to client with driver.elementDisplayed() result: true
&amp#27;[35m[HTTP]&amp#27;[39m &amp#27;[37m<-- GET /wd/hub/session/66bf1050-98d2-4b42-80bd-66e6a164fa2d/element/f2583ba9-bbb0-453e-9ee2-2cf99077e85d/displayed &amp#27;[39m&amp#27;[32m200&amp#27;[39m &amp#27;[90m23 ms - 14&amp#27;[39m
&amp#27;[35m[HTTP]&amp#27;[39m &amp#27;[90m&amp#27;[39m
[INFO ] 2021-01-23 13:08:31.101 com.qa.pages.BasePage:71 - login with invalidUsername
&amp#27;[35m[HTTP]&amp#27;[39m &amp#27;[37m-->&amp#27;[39m &amp#27;[37mGET&amp#27;[39m &amp#27;[37m/wd/hub/session/66bf1050-98d2-4b42-80bd-66e6a164fa2d/context&amp#27;[39m
&amp#27;[35m[HTTP]&amp#27;[39m &amp#27;[90m{}&amp#27;[39m
[debug] &amp#27;[35m[W3C (66bf1050)]&amp#27;[39m Calling AppiumDriver.getCurrentContext() with args: ["66bf1050-98d2-4b42-80bd-66e6a164fa2d"]
[debug] &amp#27;[35m[W3C (66bf1050)]&amp#27;[39m Responding to client with driver.getCurrentContext() result: "NATIVE_APP"
&amp#27;[35m[HTTP]&amp#27;[39m &amp#27;[37m<-- GET /wd/hub/session/66bf1050-98d2-4b42-80bd-66e6a164fa2d/context &amp#27;[39m&amp#27;[32m200&amp#27;[39m &amp#27;[90m3 ms - 22&amp#27;[39m
&amp#27;[35m[HTTP]&amp#27;[39m &amp#27;[90m&amp#27;[39m
&amp#27;[35m[HTTP]&amp#27;[39m &amp#27;[37m-->&amp#27;[39m &amp#27;[37mPOST&amp#27;[39m &amp#27;[37m/wd/hub/session/66bf1050-98d2-4b42-80bd-66e6a164fa2d/element&amp#27;[39m
&amp#27;[35m[HTTP]&amp#27;[39m &amp#27;[90m{"using":"accessibility id","value":"test-Username"}&amp#27;[39m
[debug] &amp#27;[35m[W3C (66bf1050)]&amp#27;[39m Calling AppiumDriver.findElement() with args: ["accessibility id","test-Username","66bf1050-98d2-4b42-80bd-66e6a164fa2d"]
[debug] &amp#27;[35m[BaseDriver]&amp#27;[39m Valid locator strategies for this request: xpath, id, class name, accessibility id, css selector, -android uiautomator
[debug] &amp#27;[35m[BaseDriver]&amp#27;[39m Waiting up to 0 ms for condition
[debug] &amp#27;[35m[WD Proxy]&amp#27;[39m Matched '/element' to command name 'findElement'
[debug] &amp#27;[35m[WD Proxy]&amp#27;[39m Proxying [POST /element] to [POST http://127.0.0.1:10001/wd/hub/session/1a2a4a22-fdfd-46eb-80df-8dee599aaad3/element] with body: {"strategy":"accessibility id","selector":"test-Username","context":"","multiple":false}
[debug] &amp#27;[35m[WD Proxy]&amp#27;[39m Got response with status 200: {"sessionId":"1a2a4a22-fdfd-46eb-80df-8dee599aaad3","value":{"ELEMENT":"562aa877-c2c5-4d30-b28b-4f76600943f8","element-6066-11e4-a52e-4f735466cecf":"562aa877-c2c5-4d30-b28b-4f76600943f8"}}
[debug] &amp#27;[35m[W3C (66bf1050)]&amp#27;[39m Responding to client with driver.findElement() result: {"element-6066-11e4-a52e-4f735466cecf":"562aa877-c2c5-4d30-b28b-4f76600943f8","ELEMENT":"562aa877-c2c5-4d30-b28b-4f76600943f8"}
&amp#27;[35m[HTTP]&amp#27;[39m &amp#27;[37m<-- POST /wd/hub/session/66bf1050-98d2-4b42-80bd-66e6a164fa2d/element &amp#27;[39m&amp#27;[32m200&amp#27;[39m &amp#27;[90m32 ms - 137&amp#27;[39m
&amp#27;[35m[HTTP]&amp#27;[39m &amp#27;[90m&amp#27;[39m
&amp#27;[35m[HTTP]&amp#27;[39m &amp#27;[37m-->&amp#27;[39m &amp#27;[37mPOST&amp#27;[39m &amp#27;[37m/wd/hub/session/66bf1050-98d2-4b42-80bd-66e6a164fa2d/element/562aa877-c2c5-4d30-b28b-4f76600943f8/value&amp#27;[39m
&amp#27;[35m[HTTP]&amp#27;[39m &amp#27;[90m{"id":"562aa877-c2c5-4d30-b28b-4f76600943f8","text":"invalidUsername","value":["i","n","v","a","l","i","d","U","s","e","r","n","a","m","e"]}&amp#27;[39m
[debug] &amp#27;[35m[W3C (66bf1050)]&amp#27;[39m Calling AppiumDriver.setValue() with args: [["i","n","v","a","l","i","d","U","s","e","r","n","a","m","e"],"562aa877-c2c5-4d30-b28b-4f76600943f8","66bf1050-98d2-4b42-80bd-66e6a164fa2d"]
[debug] &amp#27;[35m[WD Proxy]&amp#27;[39m Matched '/element/562aa877-c2c5-4d30-b28b-4f76600943f8/value' to command name 'setValue'
[debug] &amp#27;[35m[Protocol Converter]&amp#27;[39m Added 'value' property ["i","n","v","a","l","i","d","U","s","e","r","n","a","m","e"] to 'setValue' request body
[debug] &amp#27;[35m[WD Proxy]&amp#27;[39m Proxying [POST /element/562aa877-c2c5-4d30-b28b-4f76600943f8/value] to [POST http://127.0.0.1:10001/wd/hub/session/1a2a4a22-fdfd-46eb-80df-8dee599aaad3/element/562aa877-c2c5-4d30-b28b-4f76600943f8/value] with body: {"elementId":"562aa877-c2c5-4d30-b28b-4f76600943f8","text":"invalidUsername","replace":false,"value":["i","n","v","a","l","i","d","U","s","e","r","n","a","m","e"]}
[debug] &amp#27;[35m[WD Proxy]&amp#27;[39m Got response with status 200: {"sessionId":"1a2a4a22-fdfd-46eb-80df-8dee599aaad3","value":null}
[debug] &amp#27;[35m[W3C (66bf1050)]&amp#27;[39m Responding to client with driver.setValue() result: null
&amp#27;[35m[HTTP]&amp#27;[39m &amp#27;[37m<-- POST /wd/hub/session/66bf1050-98d2-4b42-80bd-66e6a164fa2d/element/562aa877-c2c5-4d30-b28b-4f76600943f8/value &amp#27;[39m&amp#27;[32m200&amp#27;[39m &amp#27;[90m55 ms - 14&amp#27;[39m
&amp#27;[35m[HTTP]&amp#27;[39m &amp#27;[90m&amp#27;[39m
  When I enter username as "invalidUsername"                                                          # com.qa.stepdef.LoginStepDef.iEnterUsernameAs(java.lang.String)
&amp#27;[35m[HTTP]&amp#27;[39m &amp#27;[37m-->&amp#27;[39m &amp#27;[37mGET&amp#27;[39m &amp#27;[37m/wd/hub/session/66bf1050-98d2-4b42-80bd-66e6a164fa2d/context&amp#27;[39m
&amp#27;[35m[HTTP]&amp#27;[39m &amp#27;[90m{}&amp#27;[39m
[debug] &amp#27;[35m[W3C (66bf1050)]&amp#27;[39m Calling AppiumDriver.getCurrentContext() with args: ["66bf1050-98d2-4b42-80bd-66e6a164fa2d"]
[debug] &amp#27;[35m[W3C (66bf1050)]&amp#27;[39m Responding to client with driver.getCurrentContext() result: "NATIVE_APP"
&amp#27;[35m[HTTP]&amp#27;[39m &amp#27;[37m<-- GET /wd/hub/session/66bf1050-98d2-4b42-80bd-66e6a164fa2d/context &amp#27;[39m&amp#27;[32m200&amp#27;[39m &amp#27;[90m3 ms - 22&amp#27;[39m
&amp#27;[35m[HTTP]&amp#27;[39m &amp#27;[90m&amp#27;[39m
&amp#27;[35m[HTTP]&amp#27;[39m &amp#27;[37m-->&amp#27;[39m &amp#27;[37mPOST&amp#27;[39m &amp#27;[37m/wd/hub/session/66bf1050-98d2-4b42-80bd-66e6a164fa2d/element&amp#27;[39m
&amp#27;[35m[HTTP]&amp#27;[39m &amp#27;[90m{"using":"accessibility id","value":"test-Password"}&amp#27;[39m
[debug] &amp#27;[35m[W3C (66bf1050)]&amp#27;[39m Calling AppiumDriver.findElement() with args: ["accessibility id","test-Password","66bf1050-98d2-4b42-80bd-66e6a164fa2d"]
[debug] &amp#27;[35m[BaseDriver]&amp#27;[39m Valid locator strategies for this request: xpath, id, class name, accessibility id, css selector, -android uiautomator
[debug] &amp#27;[35m[BaseDriver]&amp#27;[39m Waiting up to 0 ms for condition
[debug] &amp#27;[35m[WD Proxy]&amp#27;[39m Matched '/element' to command name 'findElement'
[debug] &amp#27;[35m[WD Proxy]&amp#27;[39m Proxying [POST /element] to [POST http://127.0.0.1:10001/wd/hub/session/1a2a4a22-fdfd-46eb-80df-8dee599aaad3/element] with body: {"strategy":"accessibility id","selector":"test-Password","context":"","multiple":false}
[debug] &amp#27;[35m[WD Proxy]&amp#27;[39m Got response with status 200: {"sessionId":"1a2a4a22-fdfd-46eb-80df-8dee599aaad3","value":{"ELEMENT":"357725f4-8a12-4b21-8abb-37b97613cc7f","element-6066-11e4-a52e-4f735466cecf":"357725f4-8a12-4b21-8abb-37b97613cc7f"}}
[debug] &amp#27;[35m[W3C (66bf1050)]&amp#27;[39m Responding to client with driver.findElement() result: {"element-6066-11e4-a52e-4f735466cecf":"357725f4-8a12-4b21-8abb-37b97613cc7f","ELEMENT":"357725f4-8a12-4b21-8abb-37b97613cc7f"}
&amp#27;[35m[HTTP]&amp#27;[39m &amp#27;[37m<-- POST /wd/hub/session/66bf1050-98d2-4b42-80bd-66e6a164fa2d/element &amp#27;[39m&amp#27;[32m200&amp#27;[39m &amp#27;[90m492 ms - 137&amp#27;[39m
&amp#27;[35m[HTTP]&amp#27;[39m &amp#27;[90m&amp#27;[39m
&amp#27;[35m[HTTP]&amp#27;[39m &amp#27;[37m-->&amp#27;[39m &amp#27;[37mGET&amp#27;[39m &amp#27;[37m/wd/hub/session/66bf1050-98d2-4b42-80bd-66e6a164fa2d/element/357725f4-8a12-4b21-8abb-37b97613cc7f/displayed&amp#27;[39m
&amp#27;[35m[HTTP]&amp#27;[39m &amp#27;[90m{}&amp#27;[39m
[debug] &amp#27;[35m[W3C (66bf1050)]&amp#27;[39m Calling AppiumDriver.elementDisplayed() with args: ["357725f4-8a12-4b21-8abb-37b97613cc7f","66bf1050-98d2-4b42-80bd-66e6a164fa2d"]
[debug] &amp#27;[35m[WD Proxy]&amp#27;[39m Matched '/element/357725f4-8a12-4b21-8abb-37b97613cc7f/attribute/displayed' to command name 'getAttribute'
[debug] &amp#27;[35m[WD Proxy]&amp#27;[39m Proxying [GET /element/357725f4-8a12-4b21-8abb-37b97613cc7f/attribute/displayed] to [GET http://127.0.0.1:10001/wd/hub/session/1a2a4a22-fdfd-46eb-80df-8dee599aaad3/element/357725f4-8a12-4b21-8abb-37b97613cc7f/attribute/displayed] with no body
[debug] &amp#27;[35m[WD Proxy]&amp#27;[39m Got response with status 200: {"sessionId":"1a2a4a22-fdfd-46eb-80df-8dee599aaad3","value":"true"}
[debug] &amp#27;[35m[W3C (66bf1050)]&amp#27;[39m Responding to client with driver.elementDisplayed() result: true
&amp#27;[35m[HTTP]&amp#27;[39m &amp#27;[37m<-- GET /wd/hub/session/66bf1050-98d2-4b42-80bd-66e6a164fa2d/element/357725f4-8a12-4b21-8abb-37b97613cc7f/displayed &amp#27;[39m&amp#27;[32m200&amp#27;[39m &amp#27;[90m31 ms - 14&amp#27;[39m
&amp#27;[35m[HTTP]&amp#27;[39m &amp#27;[90m&amp#27;[39m
&amp#27;[35m[HTTP]&amp#27;[39m &amp#27;[37m-->&amp#27;[39m &amp#27;[37mGET&amp#27;[39m &amp#27;[37m/wd/hub/session/66bf1050-98d2-4b42-80bd-66e6a164fa2d/context&amp#27;[39m
&amp#27;[35m[HTTP]&amp#27;[39m &amp#27;[90m{}&amp#27;[39m
[debug] &amp#27;[35m[W3C (66bf1050)]&amp#27;[39m Calling AppiumDriver.getCurrentContext() with args: ["66bf1050-98d2-4b42-80bd-66e6a164fa2d"]
[debug] &amp#27;[35m[W3C (66bf1050)]&amp#27;[39m Responding to client with driver.getCurrentContext() result: "NATIVE_APP"
&amp#27;[35m[HTTP]&amp#27;[39m &amp#27;[37m<-- GET /wd/hub/session/66bf1050-98d2-4b42-80bd-66e6a164fa2d/context &amp#27;[39m&amp#27;[32m200&amp#27;[39m &amp#27;[90m3 ms - 22&amp#27;[39m
&amp#27;[35m[HTTP]&amp#27;[39m &amp#27;[90m&amp#27;[39m
&amp#27;[35m[HTTP]&amp#27;[39m &amp#27;[37m-->&amp#27;[39m &amp#27;[37mPOST&amp#27;[39m &amp#27;[37m/wd/hub/session/66bf1050-98d2-4b42-80bd-66e6a164fa2d/element&amp#27;[39m
&amp#27;[35m[HTTP]&amp#27;[39m &amp#27;[90m{"using":"accessibility id","value":"test-Password"}&amp#27;[39m
[debug] &amp#27;[35m[W3C (66bf1050)]&amp#27;[39m Calling AppiumDriver.findElement() with args: ["accessibility id","test-Password","66bf1050-98d2-4b42-80bd-66e6a164fa2d"]
[debug] &amp#27;[35m[BaseDriver]&amp#27;[39m Valid locator strategies for this request: xpath, id, class name, accessibility id, css selector, -android uiautomator
[debug] &amp#27;[35m[BaseDriver]&amp#27;[39m Waiting up to 0 ms for condition
[debug] &amp#27;[35m[WD Proxy]&amp#27;[39m Matched '/element' to command name 'findElement'
[debug] &amp#27;[35m[WD Proxy]&amp#27;[39m Proxying [POST /element] to [POST http://127.0.0.1:10001/wd/hub/session/1a2a4a22-fdfd-46eb-80df-8dee599aaad3/element] with body: {"strategy":"accessibility id","selector":"test-Password","context":"","multiple":false}
[debug] &amp#27;[35m[WD Proxy]&amp#27;[39m Got response with status 200: {"sessionId":"1a2a4a22-fdfd-46eb-80df-8dee599aaad3","value":{"ELEMENT":"0522adde-16b7-47ba-8b6a-b47a97cc6ac5","element-6066-11e4-a52e-4f735466cecf":"0522adde-16b7-47ba-8b6a-b47a97cc6ac5"}}
[debug] &amp#27;[35m[W3C (66bf1050)]&amp#27;[39m Responding to client with driver.findElement() result: {"element-6066-11e4-a52e-4f735466cecf":"0522adde-16b7-47ba-8b6a-b47a97cc6ac5","ELEMENT":"0522adde-16b7-47ba-8b6a-b47a97cc6ac5"}
&amp#27;[35m[HTTP]&amp#27;[39m &amp#27;[37m<-- POST /wd/hub/session/66bf1050-98d2-4b42-80bd-66e6a164fa2d/element &amp#27;[39m&amp#27;[32m200&amp#27;[39m &amp#27;[90m29 ms - 137&amp#27;[39m
&amp#27;[35m[HTTP]&amp#27;[39m &amp#27;[90m&amp#27;[39m
&amp#27;[35m[HTTP]&amp#27;[39m &amp#27;[37m-->&amp#27;[39m &amp#27;[37mPOST&amp#27;[39m &amp#27;[37m/wd/hub/session/66bf1050-98d2-4b42-80bd-66e6a164fa2d/element/0522adde-16b7-47ba-8b6a-b47a97cc6ac5/clear&amp#27;[39m
&amp#27;[35m[HTTP]&amp#27;[39m &amp#27;[90m{"id":"0522adde-16b7-47ba-8b6a-b47a97cc6ac5"}&amp#27;[39m
[debug] &amp#27;[35m[W3C (66bf1050)]&amp#27;[39m Calling AppiumDriver.clear() with args: ["0522adde-16b7-47ba-8b6a-b47a97cc6ac5","66bf1050-98d2-4b42-80bd-66e6a164fa2d"]
[debug] &amp#27;[35m[WD Proxy]&amp#27;[39m Matched '/element/0522adde-16b7-47ba-8b6a-b47a97cc6ac5/clear' to command name 'clear'
[debug] &amp#27;[35m[WD Proxy]&amp#27;[39m Proxying [POST /element/0522adde-16b7-47ba-8b6a-b47a97cc6ac5/clear] to [POST http://127.0.0.1:10001/wd/hub/session/1a2a4a22-fdfd-46eb-80df-8dee599aaad3/element/0522adde-16b7-47ba-8b6a-b47a97cc6ac5/clear] with body: {"elementId":"0522adde-16b7-47ba-8b6a-b47a97cc6ac5"}
[debug] &amp#27;[35m[WD Proxy]&amp#27;[39m Got response with status 200: {"sessionId":"1a2a4a22-fdfd-46eb-80df-8dee599aaad3","value":null}
[debug] &amp#27;[35m[W3C (66bf1050)]&amp#27;[39m Responding to client with driver.clear() result: null
&amp#27;[35m[HTTP]&amp#27;[39m &amp#27;[37m<-- POST /wd/hub/session/66bf1050-98d2-4b42-80bd-66e6a164fa2d/element/0522adde-16b7-47ba-8b6a-b47a97cc6ac5/clear &amp#27;[39m&amp#27;[32m200&amp#27;[39m &amp#27;[90m24 ms - 14&amp#27;[39m
&amp#27;[35m[HTTP]&amp#27;[39m &amp#27;[90m&amp#27;[39m
&amp#27;[35m[HTTP]&amp#27;[39m &amp#27;[37m-->&amp#27;[39m &amp#27;[37mGET&amp#27;[39m &amp#27;[37m/wd/hub/session/66bf1050-98d2-4b42-80bd-66e6a164fa2d/context&amp#27;[39m
&amp#27;[35m[HTTP]&amp#27;[39m &amp#27;[90m{}&amp#27;[39m
[debug] &amp#27;[35m[W3C (66bf1050)]&amp#27;[39m Calling AppiumDriver.getCurrentContext() with args: ["66bf1050-98d2-4b42-80bd-66e6a164fa2d"]
[debug] &amp#27;[35m[W3C (66bf1050)]&amp#27;[39m Responding to client with driver.getCurrentContext() result: "NATIVE_APP"
&amp#27;[35m[HTTP]&amp#27;[39m &amp#27;[37m<-- GET /wd/hub/session/66bf1050-98d2-4b42-80bd-66e6a164fa2d/context &amp#27;[39m&amp#27;[32m200&amp#27;[39m &amp#27;[90m3 ms - 22&amp#27;[39m
&amp#27;[35m[HTTP]&amp#27;[39m &amp#27;[90m&amp#27;[39m
&amp#27;[35m[HTTP]&amp#27;[39m &amp#27;[37m-->&amp#27;[39m &amp#27;[37mPOST&amp#27;[39m &amp#27;[37m/wd/hub/session/66bf1050-98d2-4b42-80bd-66e6a164fa2d/element&amp#27;[39m
&amp#27;[35m[HTTP]&amp#27;[39m &amp#27;[90m{"using":"accessibility id","value":"test-Password"}&amp#27;[39m
[debug] &amp#27;[35m[W3C (66bf1050)]&amp#27;[39m Calling AppiumDriver.findElement() with args: ["accessibility id","test-Password","66bf1050-98d2-4b42-80bd-66e6a164fa2d"]
[debug] &amp#27;[35m[BaseDriver]&amp#27;[39m Valid locator strategies for this request: xpath, id, class name, accessibility id, css selector, -android uiautomator
[debug] &amp#27;[35m[BaseDriver]&amp#27;[39m Waiting up to 0 ms for condition
[debug] &amp#27;[35m[WD Proxy]&amp#27;[39m Matched '/element' to command name 'findElement'
[debug] &amp#27;[35m[WD Proxy]&amp#27;[39m Proxying [POST /element] to [POST http://127.0.0.1:10001/wd/hub/session/1a2a4a22-fdfd-46eb-80df-8dee599aaad3/element] with body: {"strategy":"accessibility id","selector":"test-Password","context":"","multiple":false}
[debug] &amp#27;[35m[WD Proxy]&amp#27;[39m Got response with status 200: {"sessionId":"1a2a4a22-fdfd-46eb-80df-8dee599aaad3","value":{"ELEMENT":"1c4bc5ad-e232-4965-92cf-bc887ebd3434","element-6066-11e4-a52e-4f735466cecf":"1c4bc5ad-e232-4965-92cf-bc887ebd3434"}}
[debug] &amp#27;[35m[W3C (66bf1050)]&amp#27;[39m Responding to client with driver.findElement() result: {"element-6066-11e4-a52e-4f735466cecf":"1c4bc5ad-e232-4965-92cf-bc887ebd3434","ELEMENT":"1c4bc5ad-e232-4965-92cf-bc887ebd3434"}
&amp#27;[35m[HTTP]&amp#27;[39m &amp#27;[37m<-- POST /wd/hub/session/66bf1050-98d2-4b42-80bd-66e6a164fa2d/element &amp#27;[39m&amp#27;[32m200&amp#27;[39m &amp#27;[90m499 ms - 137&amp#27;[39m
&amp#27;[35m[HTTP]&amp#27;[39m &amp#27;[90m&amp#27;[39m
&amp#27;[35m[HTTP]&amp#27;[39m &amp#27;[37m-->&amp#27;[39m &amp#27;[37mGET&amp#27;[39m &amp#27;[37m/wd/hub/session/66bf1050-98d2-4b42-80bd-66e6a164fa2d/element/1c4bc5ad-e232-4965-92cf-bc887ebd3434/displayed&amp#27;[39m
&amp#27;[35m[HTTP]&amp#27;[39m &amp#27;[90m{}&amp#27;[39m
[debug] &amp#27;[35m[W3C (66bf1050)]&amp#27;[39m Calling AppiumDriver.elementDisplayed() with args: ["1c4bc5ad-e232-4965-92cf-bc887ebd3434","66bf1050-98d2-4b42-80bd-66e6a164fa2d"]
[debug] &amp#27;[35m[WD Proxy]&amp#27;[39m Matched '/element/1c4bc5ad-e232-4965-92cf-bc887ebd3434/attribute/displayed' to command name 'getAttribute'
[debug] &amp#27;[35m[WD Proxy]&amp#27;[39m Proxying [GET /element/1c4bc5ad-e232-4965-92cf-bc887ebd3434/attribute/displayed] to [GET http://127.0.0.1:10001/wd/hub/session/1a2a4a22-fdfd-46eb-80df-8dee599aaad3/element/1c4bc5ad-e232-4965-92cf-bc887ebd3434/attribute/displayed] with no body
[debug] &amp#27;[35m[WD Proxy]&amp#27;[39m Got response with status 200: {"sessionId":"1a2a4a22-fdfd-46eb-80df-8dee599aaad3","value":"true"}
[debug] &amp#27;[35m[W3C (66bf1050)]&amp#27;[39m Responding to client with driver.elementDisplayed() result: true
&amp#27;[35m[HTTP]&amp#27;[39m &amp#27;[37m<-- GET /wd/hub/session/66bf1050-98d2-4b42-80bd-66e6a164fa2d/element/1c4bc5ad-e232-4965-92cf-bc887ebd3434/displayed &amp#27;[39m&amp#27;[32m200&amp#27;[39m &amp#27;[90m20 ms - 14[INFO ] 2021-01-23 13:08:32.370 com.qa.pages.BasePage:71 - password is secret_sauce
&amp#27;[39m
&amp#27;[35m[HTTP]&amp#27;[39m &amp#27;[90m&amp#27;[39m
&amp#27;[35m[HTTP]&amp#27;[39m &amp#27;[37m-->&amp#27;[39m &amp#27;[37mGET&amp#27;[39m &amp#27;[37m/wd/hub/session/66bf1050-98d2-4b42-80bd-66e6a164fa2d/context&amp#27;[39m
&amp#27;[35m[HTTP]&amp#27;[39m &amp#27;[90m{}&amp#27;[39m
[debug] &amp#27;[35m[W3C (66bf1050)]&amp#27;[39m Calling AppiumDriver.getCurrentContext() with args: ["66bf1050-98d2-4b42-80bd-66e6a164fa2d"]
[debug] &amp#27;[35m[W3C (66bf1050)]&amp#27;[39m Responding to client with driver.getCurrentContext() result: "NATIVE_APP"
&amp#27;[35m[HTTP]&amp#27;[39m &amp#27;[37m<-- GET /wd/hub/session/66bf1050-98d2-4b42-80bd-66e6a164fa2d/context &amp#27;[39m&amp#27;[32m200&amp#27;[39m &amp#27;[90m3 ms - 22&amp#27;[39m
&amp#27;[35m[HTTP]&amp#27;[39m &amp#27;[90m&amp#27;[39m
&amp#27;[35m[HTTP]&amp#27;[39m &amp#27;[37m-->&amp#27;[39m &amp#27;[37mPOST&amp#27;[39m &amp#27;[37m/wd/hub/session/66bf1050-98d2-4b42-80bd-66e6a164fa2d/element&amp#27;[39m
&amp#27;[35m[HTTP]&amp#27;[39m &amp#27;[90m{"using":"accessibility id","value":"test-Password"}&amp#27;[39m
[debug] &amp#27;[35m[W3C (66bf1050)]&amp#27;[39m Calling AppiumDriver.findElement() with args: ["accessibility id","test-Password","66bf1050-98d2-4b42-80bd-66e6a164fa2d"]
[debug] &amp#27;[35m[BaseDriver]&amp#27;[39m Valid locator strategies for this request: xpath, id, class name, accessibility id, css selector, -android uiautomator
[debug] &amp#27;[35m[BaseDriver]&amp#27;[39m Waiting up to 0 ms for condition
[debug] &amp#27;[35m[WD Proxy]&amp#27;[39m Matched '/element' to command name 'findElement'
[debug] &amp#27;[35m[WD Proxy]&amp#27;[39m Proxying [POST /element] to [POST http://127.0.0.1:10001/wd/hub/session/1a2a4a22-fdfd-46eb-80df-8dee599aaad3/element] with body: {"strategy":"accessibility id","selector":"test-Password","context":"","multiple":false}
[debug] &amp#27;[35m[WD Proxy]&amp#27;[39m Got response with status 200: {"sessionId":"1a2a4a22-fdfd-46eb-80df-8dee599aaad3","value":{"ELEMENT":"c40b3d88-a84d-4a5e-b505-cb7474a62386","element-6066-11e4-a52e-4f735466cecf":"c40b3d88-a84d-4a5e-b505-cb7474a62386"}}
[debug] &amp#27;[35m[W3C (66bf1050)]&amp#27;[39m Responding to client with driver.findElement() result: {"element-6066-11e4-a52e-4f735466cecf":"c40b3d88-a84d-4a5e-b505-cb7474a62386","ELEMENT":"c40b3d88-a84d-4a5e-b505-cb7474a62386"}
&amp#27;[35m[HTTP]&amp#27;[39m &amp#27;[37m<-- POST /wd/hub/session/66bf1050-98d2-4b42-80bd-66e6a164fa2d/element &amp#27;[39m&amp#27;[32m200&amp#27;[39m &amp#27;[90m37 ms - 137&amp#27;[39m
&amp#27;[35m[HTTP]&amp#27;[39m &amp#27;[90m&amp#27;[39m
&amp#27;[35m[HTTP]&amp#27;[39m &amp#27;[37m-->&amp#27;[39m &amp#27;[37mPOST&amp#27;[39m &amp#27;[37m/wd/hub/session/66bf1050-98d2-4b42-80bd-66e6a164fa2d/element/c40b3d88-a84d-4a5e-b505-cb7474a62386/value&amp#27;[39m
&amp#27;[35m[HTTP]&amp#27;[39m &amp#27;[90m{"id":"c40b3d88-a84d-4a5e-b505-cb7474a62386","text":"secret_sauce","value":["s","e","c","r","e","t","_","s","a","u","c","e"]}&amp#27;[39m
[debug] &amp#27;[35m[W3C (66bf1050)]&amp#27;[39m Calling AppiumDriver.setValue() with args: [["s","e","c","r","e","t","_","s","a","u","c","e"],"c40b3d88-a84d-4a5e-b505-cb7474a62386","66bf1050-98d2-4b42-80bd-66e6a164fa2d"]
[debug] &amp#27;[35m[WD Proxy]&amp#27;[39m Matched '/element/c40b3d88-a84d-4a5e-b505-cb7474a62386/value' to command name 'setValue'
[debug] &amp#27;[35m[Protocol Converter]&amp#27;[39m Added 'value' property ["s","e","c","r","e","t","_","s","a","u","c","e"] to 'setValue' request body
[debug] &amp#27;[35m[WD Proxy]&amp#27;[39m Proxying [POST /element/c40b3d88-a84d-4a5e-b505-cb7474a62386/value] to [POST http://127.0.0.1:10001/wd/hub/session/1a2a4a22-fdfd-46eb-80df-8dee599aaad3/element/c40b3d88-a84d-4a5e-b505-cb7474a62386/value] with body: {"elementId":"c40b3d88-a84d-4a5e-b505-cb7474a62386","text":"secret_sauce","replace":false,"value":["s","e","c","r","e","t","_","s","a","u","c","e"]}
[debug] &amp#27;[35m[WD Proxy]&amp#27;[39m Got response with status 200: {"sessionId":"1a2a4a22-fdfd-46eb-80df-8dee599aaad3","value":null}
[debug] &amp#27;[35m[W3C (66bf1050)]&amp#27;[39m Responding to client with driver.setValue() result: null
&amp#27;[35m[HTTP]&amp#27;[39m &amp#27;[37m<-- POST /wd/hub/session/66bf1050-98d2-4b42-80bd-66e6a164fa2d/element/c40b3d88-a84d-4a5e-b505-cb7474a62386/value &amp#27;[39m&amp#27;  And I enter password as "secret_sauce"                                                              # com.qa.stepdef.LoginStepDef.iEnterPasswordAs(java.lang.String)[32m200&amp#27;[
39m &amp#27;[90m544 ms - 14&amp#27;[39m
&amp#27;[35m[HTTP]&amp#27;[39m &amp#27;[90m&amp#27;[39m
&amp#27;[35m[HTTP]&amp#27;[39m &amp#27;[37m-->&amp#27;[39m &amp#27;[37mGET&amp#27;[39m &amp#27;[37m/wd/hub/session/66bf1050-98d2-4b42-80bd-66e6a164fa2d/context&amp#27;[39m
&amp#27;[35m[HTTP]&amp#27;[39m &amp#27;[90m{}&amp#27;[39m
[debug] &amp#27;[35m[W3C (66bf1050)]&amp#27;[39m Calling AppiumDriver.getCurrentContext() with args: ["66bf1050-98d2-4b42-80bd-66e6a164fa2d"]
[debug] &amp#27;[35m[W3C (66bf1050)]&amp#27;[39m Responding to client with driver.getCurrentContext() result: "NATIVE_APP"
&amp#27;[35m[HTTP]&amp#27;[39m &amp#27;[37m<-- GET /wd/hub/session/66bf1050-98d2-4b42-80bd-66e6a164fa2d/context &amp#27;[39m&amp#27;[32m200&amp#27;[39m &amp#27;[90m3 ms - 22&amp#27;[39m
&amp#27;[35m[HTTP]&amp#27;[39m &amp#27;[90m&amp#27;[39m
&amp#27;[35m[HTTP]&amp#27;[39m &amp#27;[37m-->&amp#27;[39m &amp#27;[37mPOST&amp#27;[39m &amp#27;[37m/wd/hub/session/66bf1050-98d2-4b42-80bd-66e6a164fa2d/element&amp#27;[39m
&amp#27;[35m[HTTP]&amp#27;[39m &amp#27;[90m{"using":"accessibility id","value":"test-LOGIN"}&amp#27;[39m
[debug] &amp#27;[35m[W3C (66bf1050)]&amp#27;[39m Calling AppiumDriver.findElement() with args: ["accessibility id","test-LOGIN","66bf1050-98d2-4b42-80bd-66e6a164fa2d"]
[debug] &amp#27;[35m[BaseDriver]&amp#27;[39m Valid locator strategies for this request: xpath, id, class name, accessibility id, css selector, -android uiautomator
[debug] &amp#27;[35m[BaseDriver]&amp#27;[39m Waiting up to 0 ms for condition
[debug] &amp#27;[35m[WD Proxy]&amp#27;[39m Matched '/element' to command name 'findElement'
[debug] &amp#27;[35m[WD Proxy]&amp#27;[39m Proxying [POST /element] to [POST http://127.0.0.1:10001/wd/hub/session/1a2a4a22-fdfd-46eb-80df-8dee599aaad3/element] with body: {"strategy":"accessibility id","selector":"test-LOGIN","context":"","multiple":false}
[debug] &amp#27;[35m[WD Proxy]&amp#27;[39m Got response with status 200: {"sessionId":"1a2a4a22-fdfd-46eb-80df-8dee599aaad3","value":{"ELEMENT":"547bf0ac-6a37-4b8e-ba1f-05be1105ef88","element-6066-11e4-a52e-4f735466cecf":"547bf0ac-6a37-4b8e-ba1f-05be1105ef88"}}
[debug] &amp#27;[35m[W3C (66bf1050)]&amp#27;[39m Responding to client with driver.findElement() result: {"element-6066-11e4-a52e-4f735466cecf":"547bf0ac-6a37-4b8e-ba1f-05be1105ef88","ELEMENT":"547bf0ac-6a37-4b8e-ba1f-05be1105ef88"}
&amp#27;[35m[HTTP]&amp#27;[39m &amp#27;[37m<-- POST /wd/hub/session/66bf1050-98d2-4b42-80bd-66e6a164fa2d/element &amp#27;[39m&amp#27;[32m200&amp#27;[39m &amp#27;[90m497 ms - 137&amp#27;[39m
&amp#27;[35m[HTTP]&amp#27;[39m &amp#27;[90m&amp#27;[39m
&amp#27;[35m[HTTP]&amp#27;[39m &amp#27;[37m-->&amp#27;[39m &amp#27;[37mGET&amp#27;[39m &amp#27;[37m/wd/hub/session/66bf1050-98d2-4b42-80bd-66e6a164fa2d/element/547bf0ac-6a37-4b8e-ba1f-05be1105ef88/displayed&amp#27;[39m
&amp#27;[35m[HTTP]&amp#27;[39m &amp#27;[90m{}&amp#27;[39m
[debug] &amp#27;[35m[W3C (66bf1050)]&amp#27;[39m Calling AppiumDriver.elementDisplayed() with args: ["547bf0ac-6a37-4b8e-ba1f-05be1105ef88","66bf1050-98d2-4b42-80bd-66e6a164fa2d"]
[debug] &amp#27;[35m[WD Proxy]&amp#27;[39m Matched '/element/547bf0ac-6a37-4b8e-ba1f-05be1105ef88/attribute/displayed' to command name 'getAttribute'
[debug] &amp#27;[35m[WD Proxy]&amp#27;[39m Proxying [GET /element/547bf0ac-6a37-4b8e-ba1f-05be1105ef88/attribute/displayed] to [GET http://127.0.0.1:10001/wd/hub/session/1a2a4a22-fdfd-46eb-80df-8dee599aaad3/element/547bf0ac-6a37-4b8e-ba1f-05be1105ef88/attribute/displayed] with no body
[debug] &amp#27;[35m[WD Proxy]&amp#27;[39m Got response with status 200: {"sessionId":"1a2a4a22-fdfd-46eb-80df-8dee599aaad3","value":"true"}
[debug] &amp#27;[35m[W3C (66bf1050)]&amp#27;[39m Responding to client with driver.elementDisplayed() result: true
&amp#27;[35m[HTTP]&amp#27;[39m &amp#27;[37m<-- GET /wd/hub/session/66bf1050-98d2-4b42-80bd-66e6a164fa2d/element/547bf0ac-6a37-4b8e-ba1f-05be1105ef88/displayed &amp#27;[39m&amp#27;[32m200&amp#27;[39m &amp#27;[90m23 ms - 14&amp#27;[39m
&amp#27;[35m[HTTP]&amp#27;[39m &amp#27;[90m&amp#27;[39m
[INFO ] 2021-01-23 13:08:33.511 com.qa.pages.BasePage:54 - press login button
&amp#27;[35m[HTTP]&amp#27;[39m &amp#27;[37m-->&amp#27;[39m &amp#27;[37mGET&amp#27;[39m &amp#27;[37m/wd/hub/session/66bf1050-98d2-4b42-80bd-66e6a164fa2d/context&amp#27;[39m
&amp#27;[35m[HTTP]&amp#27;[39m &amp#27;[90m{}&amp#27;[39m
[debug] &amp#27;[35m[W3C (66bf1050)]&amp#27;[39m Calling AppiumDriver.getCurrentContext() with args: ["66bf1050-98d2-4b42-80bd-66e6a164fa2d"]
[debug] &amp#27;[35m[W3C (66bf1050)]&amp#27;[39m Responding to client with driver.getCurrentContext() result: "NATIVE_APP"
&amp#27;[35m[HTTP]&amp#27;[39m &amp#27;[37m<-- GET /wd/hub/session/66bf1050-98d2-4b42-80bd-66e6a164fa2d/context &amp#27;[39m&amp#27;[32m200&amp#27;[39m &amp#27;[90m3 ms - 22&amp#27;[39m
&amp#27;[35m[HTTP]&amp#27;[39m &amp#27;[90m&amp#27;[39m
&amp#27;[35m[HTTP]&amp#27;[39m &amp#27;[37m-->&amp#27;[39m &amp#27;[37mPOST&amp#27;[39m &amp#27;[37m/wd/hub/session/66bf1050-98d2-4b42-80bd-66e6a164fa2d/element&amp#27;[39m
&amp#27;[35m[HTTP]&amp#27;[39m &amp#27;[90m{"using":"accessibility id","value":"test-LOGIN"}&amp#27;[39m
[debug] &amp#27;[35m[W3C (66bf1050)]&amp#27;[39m Calling AppiumDriver.findElement() with args: ["accessibility id","test-LOGIN","66bf1050-98d2-4b42-80bd-66e6a164fa2d"]
[debug] &amp#27;[35m[BaseDriver]&amp#27;[39m Valid locator strategies for this request: xpath, id, class name, accessibility id, css selector, -android uiautomator
[debug] &amp#27;[35m[BaseDriver]&amp#27;[39m Waiting up to 0 ms for condition
[debug] &amp#27;[35m[WD Proxy]&amp#27;[39m Matched '/element' to command name 'findElement'
[debug] &amp#27;[35m[WD Proxy]&amp#27;[39m Proxying [POST /element] to [POST http://127.0.0.1:10001/wd/hub/session/1a2a4a22-fdfd-46eb-80df-8dee599aaad3/element] with body: {"strategy":"accessibility id","selector":"test-LOGIN","context":"","multiple":false}
[debug] &amp#27;[35m[WD Proxy]&amp#27;[39m Got response with status 200: {"sessionId":"1a2a4a22-fdfd-46eb-80df-8dee599aaad3","value":{"ELEMENT":"f9163883-dfd1-4d7f-a12c-60e4c67d2734","element-6066-11e4-a52e-4f735466cecf":"f9163883-dfd1-4d7f-a12c-60e4c67d2734"}}
[debug] &amp#27;[35m[W3C (66bf1050)]&amp#27;[39m Responding to client with driver.findElement() result: {"element-6066-11e4-a52e-4f735466cecf":"f9163883-dfd1-4d7f-a12c-60e4c67d2734","ELEMENT":"f9163883-dfd1-4d7f-a12c-60e4c67d2734"}
&amp#27;[35m[HTTP]&amp#27;[39m &amp#27;[37m<-- POST /wd/hub/session/66bf1050-98d2-4b42-80bd-66e6a164fa2d/element &amp#27;[39m&amp#27;[32m200&amp#27;[39m &amp#27;[90m40 ms - 137&amp#27;[39m
&amp#27;[35m[HTTP]&amp#27;[39m &amp#27;[90m&amp#27;[39m
&amp#27;[35m[HTTP]&amp#27;[39m &amp#27;[37m-->&amp#27;[39m &amp#27;[37mPOST&amp#27;[39m &amp#27;[37m/wd/hub/session/66bf1050-98d2-4b42-80bd-66e6a164fa2d/element/f9163883-dfd1-4d7f-a12c-60e4c67d2734/click&amp#27;[39m
&amp#27;[35m[HTTP]&amp#27;[39m &amp#27;[90m{"id":"f9163883-dfd1-4d7f-a12c-60e4c67d2734"}&amp#27;[39m
[debug] &amp#27;[35m[W3C (66bf1050)]&amp#27;[39m Calling AppiumDriver.click() with args: ["f9163883-dfd1-4d7f-a12c-60e4c67d2734","66bf1050-98d2-4b42-80bd-66e6a164fa2d"]
[debug] &amp#27;[35m[WD Proxy]&amp#27;[39m Matched '/element/f9163883-dfd1-4d7f-a12c-60e4c67d2734/click' to command name 'click'
[debug] &amp#27;[35m[WD Proxy]&amp#27;[39m Proxying [POST /element/f9163883-dfd1-4d7f-a12c-60e4c67d2734/click] to [POST http://127.0.0.1:10001/wd/hub/session/1a2a4a22-fdfd-46eb-80df-8dee599aaad3/element/f9163883-dfd1-4d7f-a12c-60e4c67d2734/click] with body: {"element":"f9163883-dfd1-4d7f-a12c-60e4c67d2734"}
[debug] &amp#27;[35m[WD Proxy]&amp#27;[39m Got response with status 200: {"sessionId":"1a2a4a22-fdfd-46eb-80df-8dee599aaad3","value":null}
[debug] &amp#27;[35m[W3C (66bf1050)]&amp#27;[39m Responding to client with driver.click() result: null
&amp#27;[35m[HTTP]&amp#27;[39m &amp#27;[37m<-- POST /wd/hub/session/66bf1050-98d2-4b42-80bd-66e6a164fa2d/element/f9163883-dfd1-4d7f-a12c-60e4c67d2734/click &amp#27;[39m&amp#27;[32m200&amp#27;[39m &amp#27;[90m73 ms - 14&amp#27;[39m
&amp#27;[35m[HTTP]&amp#27;[39m &amp#27;[90m&amp#27;[39m
  And I login                                                                                         # com.qa.stepdef.LoginStepDef.iLogin()
&amp#27;[35m[HTTP]&amp#27;[39m &amp#27;[37m-->&amp#27;[39m &amp#27;[37mGET&amp#27;[39m &amp#27;[37m/wd/hub/session/66bf1050-98d2-4b42-80bd-66e6a164fa2d/context&amp#27;[39m
&amp#27;[35m[HTTP]&amp#27;[39m &amp#27;[90m{}&amp#27;[39m
[debug] &amp#27;[35m[W3C (66bf1050)]&amp#27;[39m Calling AppiumDriver.getCurrentContext() with args: ["66bf1050-98d2-4b42-80bd-66e6a164fa2d"]
[debug] &amp#27;[35m[W3C (66bf1050)]&amp#27;[39m Responding to client with driver.getCurrentContext() result: "NATIVE_APP"
&amp#27;[35m[HTTP]&amp#27;[39m &amp#27;[37m<-- GET /wd/hub/session/66bf1050-98d2-4b42-80bd-66e6a164fa2d/context &amp#27;[39m&amp#27;[32m200&amp#27;[39m &amp#27;[90m3 ms - 22&amp#27;[39m
&amp#27;[35m[HTTP]&amp#27;[39m &amp#27;[90m&amp#27;[39m
&amp#27;[35m[HTTP]&amp#27;[39m &amp#27;[37m-->&amp#27;[39m &amp#27;[37mPOST&amp#27;[39m &amp#27;[37m/wd/hub/session/66bf1050-98d2-4b42-80bd-66e6a164fa2d/element&amp#27;[39m
&amp#27;[35m[HTTP]&amp#27;[39m &amp#27;[90m{"using":"xpath","value":"//android.view.ViewGroup[@content-desc=\"test-Error message\"]/android.widget.TextView"}&amp#27;[39m
[debug] &amp#27;[35m[W3C (66bf1050)]&amp#27;[39m Calling AppiumDriver.findElement() with args: ["xpath","//android.view.ViewGroup[@content-desc=\"test-Error message\"]/android.widget.TextView","66bf1050-98d2-4b42-80bd-66e6a164fa2d"]
[debug] &amp#27;[35m[BaseDriver]&amp#27;[39m Valid locator strategies for this request: xpath, id, class name, accessibility id, css selector, -android uiautomator
[debug] &amp#27;[35m[BaseDriver]&amp#27;[39m Waiting up to 0 ms for condition
[debug] &amp#27;[35m[WD Proxy]&amp#27;[39m Matched '/element' to command name 'findElement'
[debug] &amp#27;[35m[WD Proxy]&amp#27;[39m Proxying [POST /element] to [POST http://127.0.0.1:10001/wd/hub/session/1a2a4a22-fdfd-46eb-80df-8dee599aaad3/element] with body: {"strategy":"xpath","selector":"//android.view.ViewGroup[@content-desc=\"test-Error message\"]/android.widget.TextView","context":"","multiple":false}
[debug] &amp#27;[35m[WD Proxy]&amp#27;[39m Got response with status 200: {"sessionId":"1a2a4a22-fdfd-46eb-80df-8dee599aaad3","value":{"ELEMENT":"ec3aecf7-c539-4824-b7dc-27dcb722d52e","element-6066-11e4-a52e-4f735466cecf":"ec3aecf7-c539-4824-b7dc-27dcb722d52e"}}
[debug] &amp#27;[35m[W3C (66bf1050)]&amp#27;[39m Responding to client with driver.findElement() result: {"element-6066-11e4-a52e-4f735466cecf":"ec3aecf7-c539-4824-b7dc-27dcb722d52e","ELEMENT":"ec3aecf7-c539-4824-b7dc-27dcb722d52e"}
&amp#27;[35m[HTTP]&amp#27;[39m &amp#27;[37m<-- POST /wd/hub/session/66bf1050-98d2-4b42-80bd-66e6a164fa2d/element &amp#27;[39m&amp#27;[32m200&amp#27;[39m &amp#27;[90m959 ms - 137&amp#27;[39m
&amp#27;[35m[HTTP]&amp#27;[39m &amp#27;[90m&amp#27;[39m
&amp#27;[35m[HTTP]&amp#27;[39m &amp#27;[37m-->&amp#27;[39m &amp#27;[37mGET&amp#27;[39m &amp#27;[37m/wd/hub/session/66bf1050-98d2-4b42-80bd-66e6a164fa2d/element/ec3aecf7-c539-4824-b7dc-27dcb722d52e/displayed&amp#27;[39m
&amp#27;[35m[HTTP]&amp#27;[39m &amp#27;[90m{}&amp#27;[39m
[debug] &amp#27;[35m[W3C (66bf1050)]&amp#27;[39m Calling AppiumDriver.elementDisplayed() with args: ["ec3aecf7-c539-4824-b7dc-27dcb722d52e","66bf1050-98d2-4b42-80bd-66e6a164fa2d"]
[debug] &amp#27;[35m[WD Proxy]&amp#27;[39m Matched '/element/ec3aecf7-c539-4824-b7dc-27dcb722d52e/attribute/displayed' to command name 'getAttribute'
[debug] &amp#27;[35m[WD Proxy]&amp#27;[39m Proxying [GET /element/ec3aecf7-c539-4824-b7dc-27dcb722d52e/attribute/displayed] to [GET http://127.0.0.1:10001/wd/hub/session/1a2a4a22-fdfd-46eb-80df-8dee599aaad3/element/ec3aecf7-c539-4824-b7dc-27dcb722d52e/attribute/displayed] with no body
[debug] &amp#27;[35m[WD Proxy]&amp#27;[39m Got response with status 200: {"sessionId":"1a2a4a22-fdfd-46eb-80df-8dee599aaad3","value":"true"}
[debug] &amp#27;[35m[W3C (66bf1050)]&amp#27;[39m Responding to client with driver.elementDisplayed() result: true
&amp#27;[35m[HTTP]&amp#27;[39m &amp#27;[37m<-- GET /wd/hub/session/66bf1050-98d2-4b42-80bd-66e6a164fa2d/element/ec3aecf7-c539-4824-b7dc-27dcb722d52e/displayed &amp#27;[39m&amp#27;[32m200&amp#27;[39m &amp#27;[90m19 ms - 14&amp#27;[39m
&amp#27;[35m[HTTP]&amp#27;[39m &amp#27;[90m&amp#27;[39m
&amp#27;[35m[HTTP]&amp#27;[39m &amp#27;[37m-->&amp#27;[39m &amp#27;[37mGET&amp#27;[39m &amp#27;[37m/wd/hub/session/66bf1050-98d2-4b42-80bd-66e6a164fa2d/context&amp#27;[39m
&amp#27;[35m[HTTP]&amp#27;[39m &amp#27;[90m{}&amp#27;[39m
[debug] &amp#27;[35m[W3C (66bf1050)]&amp#27;[39m Calling AppiumDriver.getCurrentContext() with args: ["66bf1050-98d2-4b42-80bd-66e6a164fa2d"]
[debug] &amp#27;[35m[W3C (66bf1050)]&amp#27;[39m Responding to client with driver.getCurrentContext() result: "NATIVE_APP"
&amp#27;[35m[HTTP]&amp#27;[39m &amp#27;[37m<-- GET /wd/hub/session/66bf1050-98d2-4b42-80bd-66e6a164fa2d/context &amp#27;[39m&amp#27;[32m200&amp#27;[39m &amp#27;[90m3 ms - 22&amp#27;[39m
&amp#27;[35m[HTTP]&amp#27;[39m &amp#27;[90m&amp#27;[39m
&amp#27;[35m[HTTP]&amp#27;[39m &amp#27;[37m-->&amp#27;[39m &amp#27;[37mPOST&amp#27;[39m &amp#27;[37m/wd/hub/session/66bf1050-98d2-4b42-80bd-66e6a164fa2d/element&amp#27;[39m
&amp#27;[35m[HTTP]&amp#27;[39m &amp#27;[90m{"using":"xpath","value":"//android.view.ViewGroup[@content-desc=\"test-Error message\"]/android.widget.TextView"}&amp#27;[39m
[debug] &amp#27;[35m[W3C (66bf1050)]&amp#27;[39m Calling AppiumDriver.findElement() with args: ["xpath","//android.view.ViewGroup[@content-desc=\"test-Error message\"]/android.widget.TextView","66bf1050-98d2-4b42-80bd-66e6a164fa2d"]
[debug] &amp#27;[35m[BaseDriver]&amp#27;[39m Valid locator strategies for this request: xpath, id, class name, accessibility id, css selector, -android uiautomator
[debug] &amp#27;[35m[BaseDriver]&amp#27;[39m Waiting up to 0 ms for condition
[debug] &amp#27;[35m[WD Proxy]&amp#27;[39m Matched '/element' to command name 'findElement'
[debug] &amp#27;[35m[WD Proxy]&amp#27;[39m Proxying [POST /element] to [POST http://127.0.0.1:10001/wd/hub/session/1a2a4a22-fdfd-46eb-80df-8dee599aaad3/element] with body: {"strategy":"xpath","selector":"//android.view.ViewGroup[@content-desc=\"test-Error message\"]/android.widget.TextView","context":"","multiple":false}
[debug] &amp#27;[35m[WD Proxy]&amp#27;[39m Got response with status 200: {"sessionId":"1a2a4a22-fdfd-46eb-80df-8dee599aaad3","value":{"ELEMENT":"93d607d2-ae61-4237-af63-83e368388d7c","element-6066-11e4-a52e-4f735466cecf":"93d607d2-ae61-4237-af63-83e368388d7c"}}
[debug] &amp#27;[35m[W3C (66bf1050)]&amp#27;[39m Responding to client with driver.findElement() result: {"element-6066-11e4-a52e-4f735466cecf":"93d607d2-ae61-4237-af63-83e368388d7c","ELEMENT":"93d607d2-ae61-4237-af63-83e368388d7c"}
&amp#27;[35m[HTTP]&amp#27;[39m &amp#27;[37m<-- POST /wd/hub/session/66bf1050-98d2-4b42-80bd-66e6a164fa2d/element &amp#27;[39m&amp#27;[32m200&amp#27;[39m &amp#27;[90m53 ms - 137&amp#27;[39m
&amp#27;[35m[HTTP]&amp#27;[39m &amp#27;[90m&amp#27;[39m
&amp#27;[35m[HTTP]&amp#27;[39m &amp#27;[37m-->&amp#27;[39m &amp#27;[37mGET&amp#27;[39m &amp#27;[37m/wd/hub/session/66bf1050-98d2-4b42-80bd-66e6a164fa2d/element/93d607d2-ae61-4237-af63-83e368388d7c/attribute/text&amp#27;[39m
&amp#27;[35m[HTTP]&amp#27;[39m &amp#27;[90m{}&amp#27;[39m
[debug] &amp#27;[35m[W3C (66bf1050)]&amp#27;[39m Calling AppiumDriver.getAttribute() with args: ["text","93d607d2-ae61-4237-af63-83e368388d7c","66bf1050-98d2-4b42-80bd-66e6a164fa2d"]
[debug] &amp#27;[35m[WD Proxy]&amp#27;[39m Matched '/element/93d607d2-ae61-4237-af63-83e368388d7c/attribute/text' to command name 'getAttribute'
[debug] &amp#27;[35m[WD Proxy]&amp#27;[39m Proxying [GET /element/93d607d2-ae61-4237-af63-83e368388d7c/attribute/text] to [GET http://127.0.0.1:10001/wd/hub/session/1a2a4a22-fdfd-46eb-80df-8dee599aaad3/element/93d607d2-ae61-4237-af63-83e368388d7c/attribute/text] with no body
[debug] &amp#27;[35m[WD Proxy]&amp#27;[39m Got response with status 200: {"sessionId":"1a2a4a22-fdfd-46eb-80df-8dee599aaad3","value":"Username and password do not match any user in this service."}
[debug] &amp#27;[35m[W3C (66bf1050)]&amp#27;[39m Responding to client with driver.getAttribute() result: "Username and password do not match any user in this service."
&amp#27;[35m[HTTP]&amp#27;[39m &amp#27;[37m<-- GET /wd/hub/session/66bf1050-98d2-4b42-80bd-66e6a164fa2d/element/93d607d2-ae61-4237-af63-83e368388d7c/attribute/text &amp#27;[39m&amp#27;[32m200&amp#27;[39m &amp#27;[90m40 ms - 72&amp#27;[39m
&amp#27;[35m[HTTP]&amp#27;[39m &amp#27;[90m&amp#27;[39m
[INFO ] 2021-01-23 13:08:34.756 com.qa.pages.BasePage:97 - error text is - Username and password do not match any user in this service.
  Then login should fail with an error "Username and password do not match any user in this service." # com.qa.stepdef.LoginStepDef.loginShouldFailWithAnError(java.lang.String)
&amp#27;[35m[HTTP]&amp#27;[39m &amp#27;[37m-->&amp#27;[39m &amp#27;[37mPOST&amp#27;[39m &amp#27;[37m/wd/hub/session/66bf1050-98d2-4b42-80bd-66e6a164fa2d/appium/stop_recording_screen&amp#27;[39m
&amp#27;[35m[HTTP]&amp#27;[39m &amp#27;[90m{}&amp#27;[39m
[debug] &amp#27;[35m[W3C (66bf1050)]&amp#27;[39m Calling AppiumDriver.stopRecordingScreen() with args: [null,"66bf1050-98d2-4b42-80bd-66e6a164fa2d"]
[debug] &amp#27;[35m[ADB]&amp#27;[39m Getting IDs of all 'screenrecord' processes
[debug] &amp#27;[35m[ADB]&amp#27;[39m Running 'C:\Users\lenovo\AppData\Local\Android\sdk\platform-tools\adb.exe -P 5037 -s a704ebf7 shell pgrep -f \(\[\[:blank:\]\]\|\^\)screenrecord\(\[\[:blank:\]\]\|\$\)'
[debug] &amp#27;[35m[WD Proxy]&amp#27;[39m Proxying [GET /appium/device/pixel_ratio] to [GET http://127.0.0.1:10000/wd/hub/session/a96e5523-8a84-4fe3-a3cb-d2c6104defd3/appium/device/pixel_ratio] with no body
[debug] &amp#27;[35m[WD Proxy]&amp#27;[39m Got response with status 200: {"sessionId":"a96e5523-8a84-4fe3-a3cb-d2c6104defd3","value":2.75}
[debug] &amp#27;[35m[WD Proxy]&amp#27;[39m Matched '/appium/device/system_bars' to command name 'getSystemBars'
[debug] &amp#27;[35m[WD Proxy]&amp#27;[39m Proxying [GET /appium/device/system_bars] to [GET http://127.0.0.1:10000/wd/hub/session/a96e5523-8a84-4fe3-a3cb-d2c6104defd3/appium/device/system_bars] with no body
[debug] &amp#27;[35m[ADB]&amp#27;[39m Running 'C:\Users\lenovo\AppData\Local\Android\sdk\platform-tools\adb.exe -P 5037 -s a704ebf7 shell kill -2 19574'
[debug] &amp#27;[35m[WD Proxy]&amp#27;[39m Got response with status 200: {"sessionId":"a96e5523-8a84-4fe3-a3cb-d2c6104defd3","value":{"statusBar":66}}
[debug] &amp#27;[35m[WD Proxy]&amp#27;[39m Matched '/window/current/size' to command name 'getWindowSize'
[debug] &amp#27;[35m[WD Proxy]&amp#27;[39m Proxying [GET /window/current/size] to [GET http://127.0.0.1:10000/wd/hub/session/a96e5523-8a84-4fe3-a3cb-d2c6104defd3/window/current/size] with no body
[debug] &amp#27;[35m[ADB]&amp#27;[39m Getting IDs of all 'screenrecord' processes
[debug] &amp#27;[35m[ADB]&amp#27;[39m Running 'C:\Users\lenovo\AppData\Local\Android\sdk\platform-tools\adb.exe -P 5037 -s a704ebf7 shell pgrep -f \(\[\[:blank:\]\]\|\^\)screenrecord\(\[\[:blank:\]\]\|\$\)'
[debug] &amp#27;[35m[WD Proxy]&amp#27;[39m Got response with status 200: {"sessionId":"a96e5523-8a84-4fe3-a3cb-d2c6104defd3","value":{"height":2088,"width":1080}}
&amp#27;[35m[Appium]&amp#27;[39m New AndroidUiautomator2Driver session created successfully, session ec5325c9-ab8c-4c14-a23c-857f6a6dfbfe added to master session list
[debug] &amp#27;[35m[BaseDriver]&amp#27;[39m Event 'newSessionStarted' logged at 1611387515225 (13:08:35 GMT+0530 (India Standard Time))
[debug] &amp#27;[35m[W3C (ec5325c9)]&amp#27;[39m Cached the protocol value 'W3C' for the new session ec5325c9-ab8c-4c14-a23c-857f6a6dfbfe
[debug] &amp#27;[35m[W3C (ec5325c9)]&amp#27;[39m Responding to client with driver.createSession() result: {"capabilities":{"platform":"LINUX","webStorageEnabled":false,"takesScreenshot":true,"javascriptEnabled":true,"databaseEnabled":false,"networkConnectionEnabled":true,"locationContextEnabled":false,"warnings":{},"desired":{"platformName":"android","chromeDriverPort":11000,"app":"C:\\Users\\lenovo\\eclipse-workspace\\AppiumCucumberTDD\\src\\test\\resources\\apps\\Android.SauceLabs.Mobile.Sample.app.2.2.1.apk","appActivity":"com.swaglabsmobileapp.SplashActivity","appPackage":"com.swaglabsmobileapp","automationName":"UiAutomator2","deviceName":"pixel_3a_API_30_x86","systemPort":10000,"udid":"emulator-5554"},"platformName":"android","chromeDriverPort":11000,"app":"C:\\Users\\lenovo\\eclipse-workspace\\AppiumCucumberTDD\\src\\test\\resources\\apps\\Android.SauceLabs.Mobile.Sample.app.2.2.1.apk","appActivity":"com.swaglabsmobileapp.SplashActivity","appPackage":"com.swaglabsmobileapp","automationName":"UiAutomator2","deviceName":"emulator-5554","systemPort":10000,"udid":"emulator-5554","deviceUDID":"emulator-5554"...
&amp#27;[35m[HTTP]&amp#27;[39m &amp#27;[37m<-- POST /wd/hub/session &amp#27;[39m&amp#27;[32m200&amp#27;[39m &amp#27;[90m21312 ms - 1348&amp#27;[39m
&amp#27;[35m[HTTP]&amp#27;[39m &amp#27;[90m&amp#27;[39m
[INFO ] 2021-01-23 13:08:35.246 com.qa.utils.DriverManager:40 - Driver is initialized

@Test
Scenario Outline: Login with invalid user name                                                        # src/test/resources/Login.feature:11
&amp#27;[35m[HTTP]&amp#27;[39m &amp#27;[37m-->&amp#27;[39m &amp#27;[37mPOST&amp#27;[39m &amp#27;[37m/wd/hub/session/ec5325c9-ab8c-4c14-a23c-857f6a6dfbfe/appium/start_recording_screen&amp#27;[39m
&amp#27;[35m[HTTP]&amp#27;[39m &amp#27;[90m{}&amp#27;[39m
[debug] &amp#27;[35m[W3C (ec5325c9)]&amp#27;[39m Calling AppiumDriver.startRecordingScreen() with args: [null,"ec5325c9-ab8c-4c14-a23c-857f6a6dfbfe"]
[debug] &amp#27;[35m[ADB]&amp#27;[39m Getting IDs of all 'screenrecord' processes
[debug] &amp#27;[35m[ADB]&amp#27;[39m Running 'C:\Users\lenovo\AppData\Local\Android\sdk\platform-tools\adb.exe -P 5037 -s emulator-5554 shell pgrep -f \(\[\[:blank:\]\]\|\^\)screenrecord\(\[\[:blank:\]\]\|\$\)'
[debug] &amp#27;[35m[ADB]&amp#27;[39m Getting IDs of all 'screenrecord' processes
[debug] &amp#27;[35m[ADB]&amp#27;[39m Running 'C:\Users\lenovo\AppData\Local\Android\sdk\platform-tools\adb.exe -P 5037 -s a704ebf7 shell pgrep -f \(\[\[:blank:\]\]\|\^\)screenrecord\(\[\[:blank:\]\]\|\$\)'
[debug] &amp#27;[35m[ADB]&amp#27;[39m Running 'C:\Users\lenovo\AppData\Local\Android\sdk\platform-tools\adb.exe -P 5037 -s a704ebf7 pull /sdcard/39ca6efd.mp4 C:\Users\lenovo\AppData\Local\Temp\2021023-9056-10lp78x.h8s7\39ca6efd.mp4'
[debug] &amp#27;[35m[ADB]&amp#27;[39m Running 'C:\Users\lenovo\AppData\Local\Android\sdk\platform-tools\adb.exe -P 5037 -s a704ebf7 shell rm -rf /sdcard/39ca6efd.mp4'
[debug] &amp#27;[35m[AndroidDriver]&amp#27;[39m The size of the resulting screen recording is 177.46 KB
[debug] &amp#27;[35m[W3C (66bf1050)]&amp#27;[39m Responding to client with driver.stopRecordingScreen() result: "AAAAGGZ0eXBtcDQyAAAAAGlzb21tcDQyAAAFbm1vb3YAAABsbXZoZAAAAADcMYL63DGC+gAAA+gAABZTAAEAAAEAAAAAAAAAAAAAAAABAAAAAAAAAAAAAAAAAAAAAQAAAAAAAAAAAAAAAAAAQAAAAAAAAAAAAAAAAAAAAAAAAAAAAAAAAAAAAAAAAAIAAAB2bWV0YQAAACFoZGxyAAAAAAAAAABtZHRhAAAAAAAAAAAAAAAAAAAAACtrZXlzAAAAAAAAAAEAAAAbbWR0YWNvbS5hbmRyb2lkLnZlcnNpb24AAAAiaWxzdAAAABoAAAABAAAAEmRhdGEAAAABAAAAADEwAAAEhHRyYWsAAABcdGtoZAAAAAfcMYL63DGC+gAAAAEAAAAAAAAWUwAAAAAAAAAAAAAAAAAAAAAAAQAAAAAAAAAAAAAAAAAAAAEAAAAAAAAAAAAAAAAAAEAAAAAEOAAACWAAAAAABCBtZGlhAAAAIG1kaGQAAAAA3DGC+twxgvoAAV+QAAfZEAAAAAAAAAAsaGRscgAAAAAAAAAAdmlkZQAAAAAAAAAAAAAAAFZpZGVvSGFuZGxlAAAAA8xtaW5mAAAAFHZtaGQAAAABAAAAAAAAAAAAAAAkZGluZgAAABxkcmVmAAAAAAAAAAEAAAAMdXJsIAAAAAEAAAOMc3RibAAAALRzdHNkAAAAAAAAAAEAAACkYXZjMQAAAAAAAAABAAAAAAAAAAAAAAAAAAAAAAQ4CWAASAAAAEgAAAAAAAAAAQAgICAgICAgICAgICAgICAgICAgICAgICAgICAgICAgABj//wAAACthdmNDAWQAM//hABNnZAAzrLQCIAlvLykFBgYG0KE1AQAFaO4G4sAAAAAQcGFzcAABAAAAAQAAAAAAE2NvbHJuY2x4AAUAAQAGAAAAAahzdHRzAAAAAAAAADMAAAABAAC+HgAAAAEAAAWxAAAAAQAABlEAAAABAAAJJgAAAAEAAAToAAAAAQAABVUAAAABAAAF...
&amp#27;[35m[HTTP]&amp#27;[39m &amp#27;[37m<-- POST /wd/hub/session/66bf1050-98d2-4b42-80bd-66e6a164fa2d/appium/stop_recording_screen &amp#27;[39m&amp#27;[32m200&amp#27;[39m &amp#27;[90m1234 ms - 242308&amp#27;[39m
&amp#27;[35m[HTTP]&amp#27;[39m &amp#27;[90m&amp#27;[39m
&amp#27;[35m[AndroidDriver]&amp#27;[39m Screen recording has not been previously started by Appium. There is nothing to stop
[debug] &amp#27;[35m[ADB]&amp#27;[39m Getting IDs of all 'screenrecord' processes
[debug] &amp#27;[35m[ADB]&amp#27;[39m Running 'C:\Users\lenovo\AppData\Local\Android\sdk\platform-tools\adb.exe -P 5037 -s emulator-5554 shell pgrep -f \(\[\[:blank:\]\]\|\^\)screenrecord\(\[\[:blank:\]\]\|\$\)'
[INFO ] 2021-01-23 13:08:36.130 com.qa.utils.VideoManager:35 - video path: Android_Redmi Note 9 pro max\Videos\Login with invalid user name.mp4
]]></system-out>
    <system-err><![CDATA[SLF4J: Failed to load class "org.slf4j.impl.StaticLoggerBinder".
SLF4J: Defaulting to no-operation (NOP) logger implementation
SLF4J: See http://www.slf4j.org/codes.html#StaticLoggerBinder for further details.
Jan 23, 2021 1:08:27 PM io.appium.java_client.remote.AppiumCommandExecutor$1 lambda$0
INFO: Detected dialect: W3C
Jan 23, 2021 1:08:35 PM io.appium.java_client.remote.AppiumCommandExecutor$1 lambda$0
INFO: Detected dialect: W3C
]]></system-err>
  </testcase>
  <testcase name="scenario[&quot;Login with invalid password&quot;, &quot;Login Scenarios&quot;](2)" classname="com.qa.runners.MyRedmiTestNGRunnerTest" time="6.989">
    <system-out><![CDATA[
@Test
Scenario Outline: Login with invalid password                                                         # src/test/resources/Login.feature:20
&amp#27;[35m[HTTP]&amp#27;[39m &amp#27;[37m-->&amp#27;[39m &amp#27;[37mPOST&amp#27;[39m &amp#27;[37m/wd/hub/session/66bf1050-98d2-4b42-80bd-66e6a164fa2d/appium/start_recording_screen&amp#27;[39m
&amp#27;[35m[HTTP]&amp#27;[39m &amp#27;[90m{}&amp#27;[39m
[debug] &amp#27;[35m[W3C (66bf1050)]&amp#27;[39m Calling AppiumDriver.startRecordingScreen() with args: [null,"66bf1050-98d2-4b42-80bd-66e6a164fa2d"]
[debug] &amp#27;[35m[ADB]&amp#27;[39m Getting IDs of all 'screenrecord' processes
[debug] &amp#27;[35m[ADB]&amp#27;[39m Running 'C:\Users\lenovo\AppData\Local\Android\sdk\platform-tools\adb.exe -P 5037 -s a704ebf7 shell pgrep -f \(\[\[:blank:\]\]\|\^\)screenrecord\(\[\[:blank:\]\]\|\$\)'
&amp#27;[35m[AndroidDriver]&amp#27;[39m Screen recording has not been previously started by Appium. There is nothing to stop
[debug] &amp#27;[35m[ADB]&amp#27;[39m Getting IDs of all 'screenrecord' processes
[debug] &amp#27;[35m[ADB]&amp#27;[39m Running 'C:\Users\lenovo\AppData\Local\Android\sdk\platform-tools\adb.exe -P 5037 -s a704ebf7 shell pgrep -f \(\[\[:blank:\]\]\|\^\)screenrecord\(\[\[:blank:\]\]\|\$\)'
[debug] &amp#27;[35m[ADB]&amp#27;[39m Building screenrecord process with the command line: adb -P 5037 -s emulator-5554 shell screenrecord --time-limit 180 /sdcard/bee47c98.mp4
[debug] &amp#27;[35m[ADB]&amp#27;[39m Running 'C:\Users\lenovo\AppData\Local\Android\sdk\platform-tools\adb.exe -P 5037 -s emulator-5554 shell "[ -e '/sdcard/bee47c98.mp4' ] && echo __PASS__"'
[debug] &amp#27;[35m[ADB]&amp#27;[39m Building screenrecord process with the command line: adb -P 5037 -s a704ebf7 shell screenrecord --time-limit 180 /sdcard/b7299ca8.mp4
[debug] &amp#27;[35m[ADB]&amp#27;[39m Running 'C:\Users\lenovo\AppData\Local\Android\sdk\platform-tools\adb.exe -P 5037 -s a704ebf7 shell "[ -e '/sdcard/b7299ca8.mp4' ] && echo __PASS__"'
[debug] &amp#27;[35m[ADB]&amp#27;[39m Running 'C:\Users\lenovo\AppData\Local\Android\sdk\platform-tools\adb.exe -P 5037 -s emulator-5554 shell "[ -e '/sdcard/bee47c98.mp4' ] && echo __PASS__"'
[debug] &amp#27;[35m[ADB]&amp#27;[39m Running 'C:\Users\lenovo\AppData\Local\Android\sdk\platform-tools\adb.exe -P 5037 -s a704ebf7 shell "[ -e '/sdcard/b7299ca8.mp4' ] && echo __PASS__"'
[debug] &amp#27;[35m[W3C (66bf1050)]&amp#27;[39m Responding to client with driver.startRecordingScreen() result: ""
&amp#27;[35m[HTTP]&amp#27;[39m &amp#27;[37m<-- POST /wd/hub/session/66bf1050-98d2-4b42-80bd-66e6a164fa2d/appium/start_recording_screen &amp#27;[39m&amp#27;[32m200&amp#27;[39m &amp#27;[90m725 ms - 12&amp#27;[39m
&amp#27;[35m[HTTP]&amp#27;[39m &amp#27;[90m&amp#27;[39m
&amp#27;[35m[HTTP]&amp#27;[39m &amp#27;[37m-->&amp#27;[39m &amp#27;[37mGET&amp#27;[39m &amp#27;[37m/wd/hub/session/66bf1050-98d2-4b42-80bd-66e6a164fa2d/context&amp#27;[39m
&amp#27;[35m[HTTP]&amp#27;[39m &amp#27;[90m{}&amp#27;[39m
[debug] &amp#27;[35m[W3C (66bf1050)]&amp#27;[39m Calling AppiumDriver.getCurrentContext() with args: ["66bf1050-98d2-4b42-80bd-66e6a164fa2d"]
[debug] &amp#27;[35m[W3C (66bf1050)]&amp#27;[39m Responding to client with driver.getCurrentContext() result: "NATIVE_APP"
&amp#27;[35m[HTTP]&amp#27;[39m &amp#27;[37m<-- GET /wd/hub/session/66bf1050-98d2-4b42-80bd-66e6a164fa2d/context &amp#27;[39m&amp#27;[32m200&amp#27;[39m &amp#27;[90m3 ms - 22&amp#27;[39m
&amp#27;[35m[HTTP]&amp#27;[39m &amp#27;[90m&amp#27;[39m
&amp#27;[35m[HTTP]&amp#27;[39m &amp#27;[37m-->&amp#27;[39m &amp#27;[37mPOST&amp#27;[39m &amp#27;[37m/wd/hub/session/66bf1050-98d2-4b42-80bd-66e6a164fa2d/element&amp#27;[39m
&amp#27;[35m[HTTP]&amp#27;[39m &amp#27;[90m{"using":"accessibility id","value":"test-Username"}&amp#27;[39m
[debug] &amp#27;[35m[W3C (66bf1050)]&amp#27;[39m Calling AppiumDriver.findElement() with args: ["accessibility id","test-Username","66bf1050-98d2-4b42-80bd-66e6a164fa2d"]
[debug] &amp#27;[35m[BaseDriver]&amp#27;[39m Valid locator strategies for this request: xpath, id, class name, accessibility id, css selector, -android uiautomator
[debug] &amp#27;[35m[BaseDriver]&amp#27;[39m Waiting up to 0 ms for condition
[debug] &amp#27;[35m[WD Proxy]&amp#27;[39m Matched '/element' to command name 'findElement'
[debug] &amp#27;[35m[WD Proxy]&amp#27;[39m Proxying [POST /element] to [POST http://127.0.0.1:10001/wd/hub/session/1a2a4a22-fdfd-46eb-80df-8dee599aaad3/element] with body: {"strategy":"accessibility id","selector":"test-Username","context":"","multiple":false}
[debug] &amp#27;[35m[W3C (ec5325c9)]&amp#27;[39m Responding to client with driver.startRecordingScreen() result: ""
&amp#27;[35m[HTTP]&amp#27;[39m &amp#27;[37m<-- POST /wd/hub/session/ec5325c9-ab8c-4c14-a23c-857f6a6dfbfe/appium/start_recording_screen &amp#27;[39m&amp#27;[32m200&amp#27;[39m &amp#27;[90m1583 ms - 12&amp#27;[39m
&amp#27;[35m[HTTP]&amp#27;[39m &amp#27;[90m&amp#27;[39m
&amp#27;[35m[HTTP]&amp#27;[39m &amp#27;[37m-->&amp#27;[39m &amp#27;[37mGET&amp#27;[39m &amp#27;[37m/wd/hub/session/ec5325c9-ab8c-4c14-a23c-857f6a6dfbfe/context&amp#27;[39m
&amp#27;[35m[HTTP]&amp#27;[39m &amp#27;[90m{}&amp#27;[39m
[debug] &amp#27;[35m[WD Proxy]&amp#27;[39m Got response with status 200: {"sessionId":"1a2a4a22-fdfd-46eb-80df-8dee599aaad3","value":{"ELEMENT":"399f895d-f1b1-4e79-9055-76ab1597bfc6","element-6066-11e4-a52e-4f735466cecf":"399f895d-f1b1-4e79-9055-76ab1597bfc6"}}
[debug] &amp#27;[35m[W3C (66bf1050)]&amp#27;[39m Responding to client with driver.findElement() result: {"element-6066-11e4-a52e-4f735466cecf":"399f895d-f1b1-4e79-9055-76ab1597bfc6","ELEMENT":"399f895d-f1b1-4e79-9055-76ab1597bfc6"}
&amp#27;[35m[HTTP]&amp#27;[39m &amp#27;[37m<-- POST /wd/hub/session/66bf1050-98d2-4b42-80bd-66e6a164fa2d/element &amp#27;[39m&amp#27;[32m200&amp#27;[39m &amp#27;[90m42 ms - 137&amp#27;[39m
&amp#27;[35m[HTTP]&amp#27;[39m &amp#27;[90m&amp#27;[39m
&amp#27;[35m[HTTP]&amp#27;[39m &amp#27;[37m-->&amp#27;[39m &amp#27;[37mGET&amp#27;[39m &amp#27;[37m/wd/hub/session/66bf1050-98d2-4b42-80bd-66e6a164fa2d/element/399f895d-f1b1-4e79-9055-76ab1597bfc6/displayed&amp#27;[39m
&amp#27;[35m[HTTP]&amp#27;[39m &amp#27;[90m{}&amp#27;[39m
[debug] &amp#27;[35m[W3C (66bf1050)]&amp#27;[39m Calling AppiumDriver.elementDisplayed() with args: ["399f895d-f1b1-4e79-9055-76ab1597bfc6","66bf1050-98d2-4b42-80bd-66e6a164fa2d"]
[debug] &amp#27;[35m[W3C (ec5325c9)]&amp#27;[39m Calling AppiumDriver.getCurrentContext() with args: ["ec5325c9-ab8c-4c14-a23c-857f6a6dfbfe"]
[debug] &amp#27;[35m[W3C (ec5325c9)]&amp#27;[39m Responding to client with driver.getCurrentContext() result: "NATIVE_APP"
[debug] &amp#27;[35m[WD Proxy]&amp#27;[39m Matched '/element/399f895d-f1b1-4e79-9055-76ab1597bfc6/attribute/displayed' to command name 'getAttribute'
&amp#27;[35m[HTTP]&amp#27;[39m &amp#27;[37m<-- GET /wd/hub/session/ec5325c9-ab8c-4c14-a23c-857f6a6dfbfe/context &amp#27;[39m&amp#27;[32m200&amp#27;[39m &amp#27;[90m14 ms - 22&amp#27;[39m
&amp#27;[35m[HTTP]&amp#27;[39m &amp#27;[90m&amp#27;[39m
[debug] &amp#27;[35m[WD Proxy]&amp#27;[39m Proxying [GET /element/399f895d-f1b1-4e79-9055-76ab1597bfc6/attribute/displayed] to [GET http://127.0.0.1:10001/wd/hub/session/1a2a4a22-fdfd-46eb-80df-8dee599aaad3/element/399f895d-f1b1-4e79-9055-76ab1597bfc6/attribute/displayed] with no body
&amp#27;[35m[HTTP]&amp#27;[39m &amp#27;[37m-->&amp#27;[39m &amp#27;[37mPOST&amp#27;[39m &amp#27;[37m/wd/hub/session/ec5325c9-ab8c-4c14-a23c-857f6a6dfbfe/element&amp#27;[39m
&amp#27;[35m[HTTP]&amp#27;[39m &amp#27;[90m{"using":"accessibility id","value":"test-Username"}&amp#27;[39m
[debug] &amp#27;[35m[W3C (ec5325c9)]&amp#27;[39m Calling AppiumDriver.findElement() with args: ["accessibility id","test-Username","ec5325c9-ab8c-4c14-a23c-857f6a6dfbfe"]
[debug] &amp#27;[35m[BaseDriver]&amp#27;[39m Valid locator strategies for this request: xpath, id, class name, accessibility id, css selector, -android uiautomator
[debug] &amp#27;[35m[Bas[edDerbiuvge]r ]&amp#27;&amp#27;[[3359mm [WWaDi tPirnogx yu]p&amp#27; [t3o9 m0  Gmost  froers pcoonnsdei twiiotnh 
status 200: {"sessionId":"1a2a4a22-fdfd-46eb-80df-8dee599aaad3","value":"true"}
[debug] &amp#27;[35m[W3C (66bf1050)]&amp#27;[39m Responding to client with driver.elementDisplayed() result: true
&amp#27;[35m[HTTP]&amp#27;[39m &amp#27;[37m<-- GET /wd/hub/session/66bf1050-98d2-4b42-80bd-66e6a164fa2d/element/399f895d-f1b1-4e79-9055-76ab1597bfc6/displayed &amp#27;[39m&amp#27;[32m200&amp#27;[39m &amp#27;[90m21 ms - 14&amp#27;[39m
&amp#27;[35m[HTTP]&amp#27;[39m &amp#27;[90m&amp#27;[39m
&amp#27;[35m[HTTP]&amp#27;[39m &amp#27;[37m-->&amp#27;[39m &amp#27;[37mGET&amp#27;[39m &amp#27;[37m/wd/hub/session/66bf1050-98d2-4b42-80bd-66e6a164fa2d/context&amp#27;[39m
&amp#27;[35m[HTTP]&amp#27;[39m &amp#27;[90m{}&amp#27;[39m
[debug] &amp#27;[35m[W3C (66bf1050)]&amp#27;[39m Calling AppiumDriver.getCurrentContext() with args: ["66bf1050-98d2-4b42-80bd-66e6a164fa2d"]
[debug] &amp#27;[35m[W3C (66bf1050)]&amp#27;[39m Responding to client with driver.getCurrentContext() result: "NATIVE_APP"
[debug] &amp#27;[35m[WD Proxy]&amp#27;[39m Matched '/element' to command name 'findElement'
&amp#27;[35m[HTTP]&amp#27;[39m &amp#27;[37m<-- GET /wd/hub/session/66bf1050-98d2-4b42-80bd-66e6a164fa2d/context &amp#27;[39m&amp#27;[32m200&amp#27;[39m &amp#27;[90m4 ms - 22&amp#27;[39m
&amp#27;[35m[HTTP]&amp#27;[39m &amp#27;[90m&amp#27;[39m
[debug] &amp#27;[35m[WD Proxy]&amp#27;[39m Proxying [POST /element] to [POST http://127.0.0.1:10000/wd/hub/session/a96e5523-8a84-4fe3-a3cb-d2c6104defd3/element] with body: {"strategy":"accessibility id","selector":"test-Username","context":"","multiple":false}
&amp#27;[35m[HTTP]&amp#27;[39m &amp#27;[37m-->&amp#27;[39m &amp#27;[37mPOST&amp#27;[39m &amp#27;[37m/wd/hub/session/66bf1050-98d2-4b42-80bd-66e6a164fa2d/element&amp#27;[39m
&amp#27;[35m[HTTP]&amp#27;[39m &amp#27;[90m{"using":"accessibility id","value":"test-Username"}&amp#27;[39m
[debug] &amp#27;[35m[W3C (66bf1050)]&amp#27;[39m Calling AppiumDriver.findElement() with args: ["accessibility id","test-Username","66bf1050-98d2-4b42-80bd-66e6a164fa2d"]
[debug] &amp#27;[35m[BaseDriver]&amp#27;[39m Valid locator strategies for this request: xpath, id, class name, accessibility id, css selector, -android uiautomator
[debug] &amp#27;[35m[BaseDriver]&amp#27;[39m Waiting up to 0 ms for condition
[debug] &amp#27;[35m[WD Proxy]&amp#27;[39m Matched '/element' to command name 'findElement'
[debug] &amp#27;[35m[WD Proxy]&amp#27;[39m Proxying [POST /element] to [POST http://127.0.0.1:10001/wd/hub/session/1a2a4a22-fdfd-46eb-80df-8dee599aaad3/element] with body: {"strategy":"accessibility id","selector":"test-Username","context":"","multiple":false}
[debug] &amp#27;[35m[WD Proxy]&amp#27;[39m Got response with status 200: {"sessionId":"1a2a4a22-fdfd-46eb-80df-8dee599aaad3","value":{"ELEMENT":"f27914df-8cd6-4eab-bf50-fb66139695d6","element-6066-11e4-a52e-4f735466cecf":"f27914df-8cd6-4eab-bf50-fb66139695d6"}}
[debug] &amp#27;[35m[W3C (66bf1050)]&amp#27;[39m Responding to client with driver.findElement() result: {"element-6066-11e4-a52e-4f735466cecf":"f27914df-8cd6-4eab-bf50-fb66139695d6","ELEMENT":"f27914df-8cd6-4eab-bf50-fb66139695d6"}
&amp#27;[35m[HTTP]&amp#27;[39m &amp#27;[37m<-- POST /wd/hub/session/66bf1050-98d2-4b42-80bd-66e6a164fa2d/element &amp#27;[39m&amp#27;[32m200&amp#27;[39m &amp#27;[90m54 ms - 137&amp#27;[39m
&amp#27;[35m[HTTP]&amp#27;[39m &amp#27;[90m&amp#27;[39m
&amp#27;[35m[HTTP]&amp#27;[39m &amp#27;[37m-->&amp#27;[39m &amp#27;[37mPOST&amp#27;[39m &amp#27;[37m/wd/hub/session/66bf1050-98d2-4b42-80bd-66e6a164fa2d/element/f27914df-8cd6-4eab-bf50-fb66139695d6/clear&amp#27;[39m
&amp#27;[35m[HTTP]&amp#27;[39m &amp#27;[90m{"id":"f27914df-8cd6-4eab-bf50-fb66139695d6"}&amp#27;[39m
[debug] &amp#27;[35m[W3C (66bf1050)]&amp#27;[39m Calling AppiumDriver.clear() with args: ["f27914df-8cd6-4eab-bf50-fb66139695d6","66bf1050-98d2-4b42-80bd-66e6a164fa2d"]
[debug] &amp#27;[35m[WD Proxy]&amp#27;[39m Matched '/element/f27914df-8cd6-4eab-bf50-fb66139695d6/clear' to command name 'clear'
[debug] &amp#27;[35m[WD Proxy]&amp#27;[39m Proxying [POST /element/f27914df-8cd6-4eab-bf50-fb66139695d6/clear] to [POST http://127.0.0.1:10001/wd/hub/session/1a2a4a22-fdfd-46eb-80df-8dee599aaad3/element/f27914df-8cd6-4eab-bf50-fb66139695d6/clear] with body: {"elementId":"f27914df-8cd6-4eab-bf50-fb66139695d6"}
[debug] &amp#27;[35m[WD Proxy]&amp#27;[39m Got response with status 200: {"sessionId":"1a2a4a22-fdfd-46eb-80df-8dee599aaad3","value":null}
[debug] &amp#27;[35m[W3C (66bf1050)]&amp#27;[39m Responding to client with driver.clear() result: null
&amp#27;[35m[HTTP]&amp#27;[39m &amp#27;[37m<-- POST /wd/hub/session/66bf1050-98d2-4b42-80bd-66e6a164fa2d/element/f27914df-8cd6-4eab-bf50-fb66139695d6/clear &amp#27;[39m&amp#27;[32m200&amp#27;[39m &amp#27;[90m24 ms - 14&amp#27;[39m
&amp#27;[35m[HTTP]&amp#27;[39m &amp#27;[90m&amp#27;[39m
&amp#27;[35m[HTTP]&amp#27;[39m &amp#27;[37m-->&amp#27;[39m &amp#27;[37mGET&amp#27;[39m &amp#27;[37m/wd/hub/session/66bf1050-98d2-4b42-80bd-66e6a164fa2d/context&amp#27;[39m
&amp#27;[35m[HTTP]&amp#27;[39m &amp#27;[90m{}&amp#27;[39m
[debug] &amp#27;[35m[W3C (66bf1050)]&amp#27;[39m Calling AppiumDriver.getCurrentContext() with args: ["66bf1050-98d2-4b42-80bd-66e6a164fa2d"]
[debug] &amp#27;[35m[W3C (66bf1050)]&amp#27;[39m Responding to client with driver.getCurrentContext() result: "NATIVE_APP"
&amp#27;[35m[HTTP]&amp#27;[39m &amp#27;[37m<-- GET /wd/hub/session/66bf1050-98d2-4b42-80bd-66e6a164fa2d/context &amp#27;[39m&amp#27;[32m200&amp#27;[39m &amp#27;[90m3 ms - 22&amp#27;[39m
&amp#27;[35m[HTTP]&amp#27;[39m &amp#27;[90m&amp#27;[39m
&amp#27;[35m[HTTP]&amp#27;[39m &amp#27;[37m-->&amp#27;[39m &amp#27;[37mPOST&amp#27;[39m &amp#27;[37m/wd/hub/session/66bf1050-98d2-4b42-80bd-66e6a164fa2d/element&amp#27;[39m
&amp#27;[35m[HTTP]&amp#27;[39m &amp#27;[90m{"using":"accessibility id","value":"test-Username"}&amp#27;[39m
[debug] &amp#27;[35m[W3C (66bf1050)]&amp#27;[39m Calling AppiumDriver.findElement() with args: ["accessibility id","test-Username","66bf1050-98d2-4b42-80bd-66e6a164fa2d"]
[debug] &amp#27;[35m[BaseDriver]&amp#27;[39m Valid locator strategies for this request: xpath, id, class name, accessibility id, css selector, -android uiautomator
[debug] &amp#27;[35m[BaseDriver]&amp#27;[39m Waiting up to 0 ms for condition
[debug] &amp#27;[35m[WD Proxy]&amp#27;[39m Matched '/element' to command name 'findElement'
[debug] &amp#27;[35m[WD Proxy]&amp#27;[39m Proxying [POST /element] to [POST http://127.0.0.1:10001/wd/hub/session/1a2a4a22-fdfd-46eb-80df-8dee599aaad3/element] with body: {"strategy":"accessibility id","selector":"test-Username","context":"","multiple":false}
&amp#27;[35m[WD Proxy]&amp#27;[39m Got response with status 404: {"sessionId":"a96e5523-8a84-4fe3-a3cb-d2c6104defd3","value":{"error":"no such element","message":"An element could not be located on the page using the given search parameters","stacktrace":"io.appium.uiautomator2.common.exceptions.ElementNotFoundException: An element could not be located on the page using the given search parameters\n\tat io.appium.uiautomator2.handler.FindElement.safeHandle(FindElement.java:73)\n\tat io.appium.uiautomator2.handler.request.SafeRequestHandler.handle(SafeRequestHandler.java:41)\n\tat io.appium.uiautomator2.server.AppiumServlet.handleRequest(AppiumServlet.java:261)\n\tat io.appium.uiautomator2.server.AppiumServlet.handleHttpRequest(AppiumServlet.java:255)\n\tat io.appium.uiautomator2.http.ServerHandler.channelRead(ServerHandler.java:68)\n\tat io.netty.channel.AbstractChannelHandlerContext.invokeChannelRead(AbstractChannelHandlerContext.java:366)\n\tat io.netty.channel.AbstractChannelHandlerContext.invokeChannelRead(AbstractChannelHandlerContext.java:352)\n\tat io.netty.chann...
[debug] &amp#27;[35m[W3C]&amp#27;[39m Matched W3C error code 'no such element' to NoSuchElementError
[debug] &amp#27;[35m[W3C (ec5325c9)]&amp#27;[39m Encountered internal error running command: NoSuchElementError: An element could not be located on the page using the given search parameters.
[debug] &amp#27;[35m[W3C (ec5325c9)]&amp#27;[39m     at AndroidUiautomator2Driver.findElOrEls (C:\Users\lenovo\AppData\Roaming\npm\node_modules\appium\node_modules\appium-android-driver\lib\commands\find.js:75:11)
[debug] &amp#27;[35m[W3C (ec5325c9)]&amp#27;[39m     at processTicksAndRejections (internal/process/task_queues.js:93:5)
[debug] &amp#27;[35m[W3C (ec5325c9)]&amp#27;[39m     at AndroidUiautomator2Driver.findElOrElsWithProcessing (C:\Users\lenovo\AppData\Roaming\npm\node_modules\appium\node_modules\appium-base-driver\lib\basedriver\commands\find.js:33:12)
[debug] &amp#27;[35m[W3C (ec5325c9)]&amp#27;[39m     at AndroidUiautomator2Driver.findElement (C:\Users\lenovo\AppData\Roaming\npm\node_modules\appium\node_modules\appium-base-driver\lib\basedriver\commands\find.js:53:10)
&amp#27;[35m[HTTP]&amp#27;[39m &amp#27;[37m<-- POST /wd/hub/session/ec5325c9-ab8c-4c14-a23c-857f6a6dfbfe/element &amp#27;[39m&amp#27;[33m404&amp#27;[39m &amp#27;[90m217 ms - 881&amp#27;[39m
&amp#27;[35m[HTTP]&amp#27;[39m &amp#27;[90m&amp#27;[39m
[debug] &amp#27;[35m[WD Proxy]&amp#27;[39m Got response with status 200: {"sessionId":"1a2a4a22-fdfd-46eb-80df-8dee599aaad3","value":{"ELEMENT":"90fe5477-41c1-459f-88ef-d43f7c5c9973","element-6066-11e4-a52e-4f735466cecf":"90fe5477-41c1-459f-88ef-d43f7c5c9973"}}
[debug] &amp#27;[35m[W3C (66bf1050)]&amp#27;[39m Responding to client with driver.findElement() result: {"element-6066-11e4-a52e-4f735466cecf":"90fe5477-41c1-459f-88ef-d43f7c5c9973","ELEMENT":"90fe5477-41c1-459f-88ef-d43f7c5c9973"}
&amp#27;[35m[HTTP]&amp#27;[39m &amp#27;[37m<-- POST /wd/hub/session/66bf1050-98d2-4b42-80bd-66e6a164fa2d/element &amp#27;[39m&amp#27;[32m200&amp#27;[39m &amp#27;[90m602 ms - 137&amp#27;[39m
&amp#27;[35m[HTTP]&amp#27;[39m &amp#27;[90m&amp#27;[39m
&amp#27;[35m[HTTP]&amp#27;[39m &amp#27;[37m-->&amp#27;[39m &amp#27;[37mGET&amp#27;[39m &amp#27;[37m/wd/hub/session/66bf1050-98d2-4b42-80bd-66e6a164fa2d/element/90fe5477-41c1-459f-88ef-d43f7c5c9973/displayed&amp#27;[39m
&amp#27;[35m[HTTP]&amp#27;[39m &amp#27;[90m{}&amp#27;[39m
[debug] &amp#27;[35m[W3C (66bf1050)]&amp#27;[39m Calling AppiumDriver.elementDisplayed() with args: ["90fe5477-41c1-459f-88ef-d43f7c5c9973","66bf1050-98d2-4b42-80bd-66e6a164fa2d"]
&amp#27;[35m[HTTP]&amp#27;[39m &amp#27;[37m-->&amp#27;[39m &amp#27;[37mPOST&amp#27;[39m &amp#27;[37m/wd/hub/session/ec5325c9-ab8c-4c14-a23c-857f6a6dfbfe/element&amp#27;[39m
&amp#27;[35m[HTTP]&amp#27;[39m &amp#27;[90m{"using":"accessibility id","value":"test-Username"}&amp#27;[39m
[debug] &amp#27;[35m[W3C (ec5325c9)]&amp#27;[39m Calling AppiumDriver.findElement() with args: ["accessibility id","test-Username","ec5325c9-ab8c-4c14-a23c-857f6a6dfbfe"]
[debug] &amp#27;[35m[BaseDriver]&amp#27;[39m Valid locator strategies for this request: xpath, id, class name, accessibility id, css selector, -android uiautomator
[debug] &amp#27;[35m[BaseDriver]&amp#27;[39m Waiting up to 0 ms for condition
[debug] &amp#27;[35m[WD Proxy]&amp#27;[39m Matched '/element/90fe5477-41c1-459f-88ef-d43f7c5c9973/attribute/displayed' to command name 'getAttribute'
[debug] &amp#27;[35m[WD Proxy]&amp#27;[39m Proxying [GET /element/90fe5477-41c1-459f-88ef-d43f7c5c9973/attribute/displayed] to [GET http://127.0.0.1:10001/wd/hub/session/1a2a4a22-fdfd-46eb-80df-8dee599aaad3/element/90fe5477-41c1-459f-88ef-d43f7c5c9973/attribute/displayed] with no body
[debug] &amp#27;[35m[WD Proxy]&amp#27;[39m Matched '/element' to command name 'findElement'
[debug] &amp#27;[35m[WD Proxy]&amp#27;[39m Proxying [POST /element] to [POST http://127.0.0.1:10000/wd/hub/session/a96e5523-8a84-4fe3-a3cb-d2c6104defd3/element] with body: {"strategy":"accessibility id","selector":"test-Username","context":"","multiple":false}
[debug] &amp#27;[35m[WD Proxy]&amp#27;[39m Got response with status 200: {"sessionId":"1a2a4a22-fdfd-46eb-80df-8dee599aaad3","value":"true"}
[debug] &amp#27;[35m[W3C (66bf1050)]&amp#27;[39m Responding to client with driver.elementDisplayed() result: true
&amp#27;[35m[HTTP]&amp#27;[39m &amp#27;[37m<-- GET /wd/hub/session/66bf1050-98d2-4b42-80bd-66e6a164fa2d/element/90fe5477-41c1-459f-88ef-d43f7c5c9973/displayed &amp#27;[39m&amp#27;[32m200&amp#27;[39m &amp#27;[90m37 ms - 14&amp#27;[39m
&amp#27;[35m[HTTP]&amp#27;[39m &amp#27;[90m&amp#27;[39m
[INFO ] 2021-01-23 13:08:37.721 com.qa.pages.BasePage:71 - login with standard_user
&amp#27;[35m[HTTP]&amp#27;[39m &amp#27;[37m-->&amp#27;[39m &amp#27;[37mGET&amp#27;[39m &amp#27;[37m/wd/hub/session/66bf1050-98d2-4b42-80bd-66e6a164fa2d/context&amp#27;[39m
&amp#27;[35m[HTTP]&amp#27;[39m &amp#27;[90m{}&amp#27;[39m
[debug] &amp#27;[35m[W3C (66bf1050)]&amp#27;[39m Calling AppiumDriver.getCurrentContext() with args: ["66bf1050-98d2-4b42-80bd-66e6a164fa2d"]
[debug] &amp#27;[35m[W3C (66bf1050)]&amp#27;[39m Responding to client with driver.getCurrentContext() result: "NATIVE_APP"
&amp#27;[35m[HTTP]&amp#27;[39m &amp#27;[37m<-- GET /wd/hub/session/66bf1050-98d2-4b42-80bd-66e6a164fa2d/context &amp#27;[39m&amp#27;[32m200&amp#27;[39m &amp#27;[90m4 ms - 22&amp#27;[39m
&amp#27;[35m[HTTP]&amp#27;[39m &amp#27;[90m&amp#27;[39m
&amp#27;[35m[HTTP]&amp#27;[39m &amp#27;[37m-->&amp#27;[39m &amp#27;[37mPOST&amp#27;[39m &amp#27;[37m/wd/hub/session/66bf1050-98d2-4b42-80bd-66e6a164fa2d/element&amp#27;[39m
&amp#27;[35m[HTTP]&amp#27;[39m &amp#27;[90m{"using":"accessibility id","value":"test-Username"}&amp#27;[39m
[debug] &amp#27;[35m[W3C (66bf1050)]&amp#27;[39m Calling AppiumDriver.findElement() with args: ["accessibility id","test-Username","66bf1050-98d2-4b42-80bd-66e6a164fa2d"]
[debug] &amp#27;[35m[BaseDriver]&amp#27;[39m Valid locator strategies for this request: xpath, id, class name, accessibility id, css selector, -android uiautomator
[debug] &amp#27;[35m[BaseDriver]&amp#27;[39m Waiting up to 0 ms for condition
[debug] &amp#27;[35m[WD Proxy]&amp#27;[39m Matched '/element' to command name 'findElement'
[debug] &amp#27;[35m[WD Proxy]&amp#27;[39m Proxying [POST /element] to [POST http://127.0.0.1:10001/wd/hub/session/1a2a4a22-fdfd-46eb-80df-8dee599aaad3/element] with body: {"strategy":"accessibility id","selector":"test-Username","context":"","multiple":false}
[debug] &amp#27;[35m[WD Proxy]&amp#27;[39m Got response with status 200: {"sessionId":"1a2a4a22-fdfd-46eb-80df-8dee599aaad3","value":{"ELEMENT":"82d3f073-8146-4599-8e70-fc3cbbd1a446","element-6066-11e4-a52e-4f735466cecf":"82d3f073-8146-4599-8e70-fc3cbbd1a446"}}
[debug] &amp#27;[35m[W3C (66bf1050)]&amp#27;[39m Responding to client with driver.findElement() result: {"element-6066-11e4-a52e-4f735466cecf":"82d3f073-8146-4599-8e70-fc3cbbd1a446","ELEMENT":"82d3f073-8146-4599-8e70-fc3cbbd1a446"}
&amp#27;[35m[HTTP]&amp#27;[39m &amp#27;[37m<-- POST /wd/hub/session/66bf1050-98d2-4b42-80bd-66e6a164fa2d/element &amp#27;[39m&amp#27;[32m200&amp#27;[39m &amp#27;[90m44 ms - 137&amp#27;[39m
&amp#27;[35m[HTTP]&amp#27;[39m &amp#27;[90m&amp#27;[39m
&amp#27;[35m[HTTP]&amp#27;[39m &amp#27;[37m-->&amp#27;[39m &amp#27;[37mPOST&amp#27;[39m &amp#27;[37m/wd/hub/session/66bf1050-98d2-4b42-80bd-66e6a164fa2d/element/82d3f073-8146-4599-8e70-fc3cbbd1a446/value&amp#27;[39m
&amp#27;[35m[HTTP]&amp#27;[39m &amp#27;[90m{"id":"82d3f073-8146-4599-8e70-fc3cbbd1a446","text":"standard_user","value":["s","t","a","n","d","a","r","d","_","u","s","e","r"]}&amp#27;[39m
[debug] &amp#27;[35m[W3C (66bf1050)]&amp#27;[39m Calling AppiumDriver.setValue() with args: [["s","t","a","n","d","a","r","d","_","u","s","e","r"],"82d3f073-8146-4599-8e70-fc3cbbd1a446","66bf1050-98d2-4b42-80bd-66e6a164fa2d"]
[debug]   When I enter username as "standard_user"                                                            # com.qa.stepdef.LoginStepDef.iEnterUsernameAs(java.lang.String)&amp#27;[35m[WD Proxy]&amp#27;[39m Matched '/element/82d3f073-
8146-4599-8e70-fc3cbbd1a446/value' to command name 'setValue'
[debug] &amp#27;[35m[Protocol Converter]&amp#27;[39m Added 'value' property ["s","t","a","n","d","a","r","d","_","u","s","e","r"] to 'setValue' request body
[debug] &amp#27;[35m[WD Proxy]&amp#27;[39m Proxying [POST /element/82d3f073-8146-4599-8e70-fc3cbbd1a446/value] to [POST http://127.0.0.1:10001/wd/hub/session/1a2a4a22-fdfd-46eb-80df-8dee599aaad3/element/82d3f073-8146-4599-8e70-fc3cbbd1a446/value] with body: {"elementId":"82d3f073-8146-4599-8e70-fc3cbbd1a446","text":"standard_user","replace":false,"value":["s","t","a","n","d","a","r","d","_","u","s","e","r"]}
[debug] &amp#27;[35m[WD Proxy]&amp#27;[39m Got response with status 200: {"sessionId":"1a2a4a22-fdfd-46eb-80df-8dee599aaad3","value":null}
[debug] &amp#27;[35m[W3C (66bf1050)]&amp#27;[39m Responding to client with driver.setValue() result: null
&amp#27;[35m[HTTP]&amp#27;[39m &amp#27;[37m<-- POST /wd/hub/session/66bf1050-98d2-4b42-80bd-66e6a164fa2d/element/82d3f073-8146-4599-8e70-fc3cbbd1a446/value &amp#27;[39m&amp#27;[32m200&amp#27;[39m &amp#27;[90m46 ms - 14&amp#27;[39m
&amp#27;[35m[HTTP]&amp#27;[39m &amp#27;[90m&amp#27;[39m
&amp#27;[35m[HTTP]&amp#27;[39m &amp#27;[&amp#27;37[m3-5-m>[&amp#27;W[D3 9Pmr o&amp#27;x[y3]7&amp#27;m[G3E9Tm&amp#27; [G3o9tm  re&amp#27;s[p3o7nms/ew dw/ihtuhb /ssteastsuiso n4/0646:b {f"1s0e5s0s-i9o8ndI2d-"4:b"4a29-68e05b5d2-66e36-a81a6844f-a42fde/3c-oan3tcebx-td&amp#27;2[c3691m04
defd3","value":{"erro&amp#27;r[3"5:m"[nHoT TsPu]c&amp#27;h[ 3e9lme m&amp#27;e[n9t0"m,{"}m&amp#27;e[s3s9amge
"[:d"eAbnu ge]l e&amp#27;m[e3n5tm [cWo3uCl d( 6n6obtf 1b0e5 0l)o]c&amp#27;a[t3e9dm  oCna ltlhien gp aAgpep iuusmiDnrgi vtehre. ggeitvCeunr rseenatrCcohn tpeaxrt(a)m ewtietrhs "a,r"gsst:a c[k"t6r6abcfe1"0:5"0i-o9.8adp2p-i4ubm4.2u-i8a0ubtdo-m6a6teo6ra21.6c4ofmam2odn".]ex
c[edpebtuigo]n s&amp#27;.[E3l5emm[eWn3tCN o(t6F6obufn1d0E5x0cep)ti]o&amp#27;n[:3 9Amn R eeslpeomnednitn gc otuol dc lnioetn tb ew iltohc adtreivde orn. getthCe page using tuhrer egnitvContext() reesult: "NAnTIVE_APP "
&amp#27;[35sm[HTTP]e&amp#27;[39m &amp#27;[37ma<-- GETr /wd/hubc/sessihon/66b f105p0-98ad2-4rb42-8a0bdm-66e6ea164fta2d/ceontextr &amp#27;[39sm&amp#27;[3\2m200&amp#27;[n39m &amp#27;[9\0m3 ms -t 22&amp#27;[39am
t&amp#27;[ 35m[HTiTP]&amp#27;[39om &amp#27;[90m.&amp#27;[a39mp
p&amp#27;i[3u5mm.[uHiTaTuP]t&amp#27;o[m3a9mt o&amp#27;[r23.7hm-a-n>&amp#27;d[le3r9m. Fi&amp#27;[n3d7EmlPeOSmeT&amp#27;n[t3.9sma f&amp#27;e[H3a7nmdle/(wdF/ihnudb/Esleesmsieonnt/.66jbfa1v0a50:-7938)d2\n\tat io.appium.uiautomator2.handler.request.SafeRequestHandler.handle(SafeRequestHandler.java:41)\n\tat io.appium.uiautomator2.server.AppiumServlet.handleRequest(-Ap4pbiu4m2S-e8r0vblde-t.6j6aev6a:a216614)\fna\2tda/tel eiom.eanppti&amp#27;u[m3.9uimaut
o&amp#27;m[at3o5rm2.[seHrTvTP]&amp#27;[3e9r.Appmiu &amp#27;m[S9er0vml{e"tu.shianngd"l:eHtt"paRcecqeusessit(ApbpiuimlSietryv liedt".,ja"vva:25a5)l\une\t"a:t" itoe.saptp-iPasswumo.rudi"a}u&amp#27;t[o3m9amto
r[2d.ehbtutgp]. S&amp#27;e[r3v5emr[HWa3nCdl (er6.6cbfha1n0n50el)R]e&amp#27;a[d3(9m SCearlvleirnHga nAdplpeiru.mjDarviav:e6r8.)f\inn\dtEalt eimoe.nnte(t)t yw.icthha nanregls.:A b[s"taracccetCshsaibnniellitHayn dilder"C,"otnteestx-t.PiasnsvowkoredCh"a,n"n6e6lbRfe1a0d5(0A-b9s8tdr2a-c4tbC4h2a-n8n0ebldH-a6n6del6ear1C6o4nftae2xdt".]ja
v[ad:e3b6u6g)]\ n&amp#27;\[t3a5tm [iBoa.sneeDtrtivye.rc]h&amp#27;a[n3n9elm. VAabsltidr acltocCahatnonre lsHtarnadtleegriCeosn tfeoxrt .tihnivso kereCqhuanesnte:lR xepaad(tAhb,s tirda,c tcClhaasns name, accensesliHbainldilteyr Ciodn,t ecxsts. jsaevlae:c3t52)\n\toart,  i-oa.nndertotiyd. cuhiaanunto..m.at
o[rde
b[udge]b u&amp#27;g[]3 5&amp#27;m[[3W53mC[]B&amp#27;a[s3e9Dmr Miatchved W3C ereror codre 'no] su&amp#27;ch e[l3e9mme nWta'i tintgo  uNpo Stuoc h0El emmse nftoErr rcoornd
i[tdieobnug
] [&amp#27;d[e3b5umg[W]3 C&amp#27; [(3e5cm5[32W5Dc 9P)r]&amp#27;o[3x9m Encountye]&amp#27;[3r9m eMatdche d '/eilemennt't toe comrmannd naame l'find Eleementr'
r[deboug]r &amp#27;[3 5m[rWD Pruoxy]&amp#27;n[39mn Prioxyinng [gPOST  /eclemenot] mto m[POSaT htntp:/d/1:27.0 .0.1N:100o01/Swd/uhub/sessicon/h1a2Ea4al22-fedfdm-46eeb-n80dft-8deEe59r9aaard3/eolemrent]: wi th bAody:n  {e"strlateegy"m:"acecessnibitlit y idc","souelledcto rno":"ttest- Pasbsword",e"co ntlocateedx t"o:n "t",h"e mpulatgei pluesi"n:fga tlhsee} gi
ven search parameters.
[debug] &amp#27;[35m[W3C (ec5325c9)]&amp#27;[39m     at AndroidUiautomator2Driver.findElOrEls (C:\Users\lenovo\AppData\Roaming\npm\node_modules\appium\node_modules\appium-android-driver\lib\commands\find.js:75:11)
[debug] &amp#27;[35m[W3C (ec5325c9)]&amp#27;[39m     at processTicksAndRejections (internal/process/task_queues.js:93:5)
[debug] &amp#27;[35m[W3C (ec5325c9)]&amp#27;[39m     at AndroidUiautomator2Driver.findElOrElsWithProcessing (C:\Users\lenovo\AppData\Roaming\npm\node_modules\appium\node_modules\appium-base-driver\lib\basedriver\commands\find.js:33:12)
[debug] &amp#27;[35m[W3C (ec5325c9)]&amp#27;[39m     at AndroidUiautomator2Driver.findElement (C:\Users\lenovo\AppData\Roaming\npm\node_modules\appium\node_modules\appium-base-driver\lib\basedriver\commands\find.js:53:10)
&amp#27;[35m[HTTP]&amp#27;[39m &amp#27;[37m<-- POST /wd/hub/session/ec5325c9-ab8c-4c14-a23c-857f6a6dfbfe/element &amp#27;[39m&amp#27;[33m404&amp#27;[39m &amp#27;[90m205 ms - 881&amp#27;[39m
&amp#27;[35m[HTTP]&amp#27;[39m &amp#27;[90m&amp#27;[39m
&amp#27;[35m[HTTP]&amp#27;[39m &amp#27;[37m-->&amp#27;[39m &amp#27;[37mPOST&amp#27;[39m &amp#27;[37m/wd/hub/session/ec5325c9-ab8c-4c14-a23c-857f6a6dfbfe/element&amp#27;[39m
&amp#27;[35m[HTTP]&amp#27;[39m &amp#27;[90m{"using":"accessibility id","value":"test-Username"}&amp#27;[39m
[debug] &amp#27;[35m[W3C (ec5325c9)]&amp#27;[39m Calling AppiumDriver.findElement() with args: ["accessibility id","test-Username","ec5325c9-ab8c-4c14-a23c-857f6a6dfbfe"]
[debug] &amp#27;[35m[BaseDriver]&amp#27;[39m Valid locator strategies for this request: xpath, id, class name, accessibility id, css selector, -android uiautomator
[debug] &amp#27;[35m[BaseDriver]&amp#27;[39m Waiting up to 0 ms for condition
[debug] &amp#27;[35m[WD Proxy]&amp#27;[39m Matched '/element' to command name 'findElement'
[debug] &amp#27;[35m[WD Proxy][&amp#27;d[e39bmu gPr]o x&amp#27;yi[n3g5 [mP[OSWTD  /ePlreomexnyt]] t&amp#27;o[ 3[P9OmS T Ghotttp :r//e1s2p7o.0n.s0.e1 :w10i0t0h0/ wsdt/hautbu/sse s2s0io0n:/a 9{6"es55e2s3-s8iao8n4I-4df"e:3-"1a3acb2-ad42ca621204-dfedffdd3/-e4l6emeenbt-]8 0widtfh- 8boddye:e 5{"9s9taraataegdy3"":","valuea"cc:es{s"EibLiEliMtEyN iTd"":,""6sebl2e3ct1odr0":2"-taes0t4-U3s-e4rneabm8e"-,9"c0o0n9t-exdt6"9:"3"8,c"mcualtaibp4led"":,f"alesle}em
&amp#27;e[n3t5-m6[W0D6 6P-r1o1xey]4&amp#27;-[3a95m2 Geo-t4 rfe7s3p5o4ns66ec weictfh" s:ta"t6ubs 243014d: 0{2"-ase0s4s3i-o4neIbd8":-9"a09069e-5d56239-388ac84c-a4afeb3-4ad3"c}b-}d2
c6104defd[3d"e,"buvagl]u e&amp#27;":[{3"5emrr[oWr"3:C" no( 6s6ucbhf e1l0em5e0nt)"],"&amp#27;m[e3s9samg eR":e"sApn oenledmiengnt  tcoou ldc lnioet nbte  lwoictathe d dorn ivthee prag.ef uisnindgE tlheem eginvte(n) s eraercsh uplatr:am e{te"resl",em"steanctk-tr6a0c6e6":-"1io1.ea4p-paiu5m.2uei-a4utfo7ma3t5or426.6ccomemcofn."e:x"ce6pbtio2n3s1.dEl0e2me-nat0No4t3F-ou4nedbE8xc-e9p0t09-d6938ccaab4d","ELEMENT":"6b231d02-a043-4eb8-9009-d6938ccaab4d"}
&amp#27;i[o3n5: mA[nH TeTlPe]m&amp#27;[e3n9tm  &amp#27;[c3o7um<l-d-  PnOoStT  b/ewd /lhuobc/saetsseido n/o6n6 btf1h0e50 -p9ag8ed2-4b42-80bd-66e6a164fa2d/element &amp#27;[39m&amp#27;[32m200&amp#27;[39m &amp#27;[90m599 ms  u-si ng1 3t7h&amp#27;e [g3iv9emn s
ea&amp#27;r[ch3 5pamr[amHeTteTrsP\]n\&amp#27;t[at3 9iom. ap&amp#27;p[iu9m0.umi&amp#27;au[to3ma9tmor2.
h&amp#27;an[dl3e5r.mFi[nHdETleTmePn]t.&amp#27;s[af3e9Hamn dl&amp#27;e[(3F7inmd-El-e>m&amp#27;en[t3.9jamv &amp#27;[a3:77m3)G\EnT\t&amp#27;a[t 3i9om.a p&amp#27;pi[u3m.7umia/utwodma/thub/session/66bf1050-98d2-4b42-80bd-66e6oar12.6ha4nfdlae2r.dre/qeuelste.mSaefenRteq/ue6sbtH2an3d1ledr.0h2a-ndal0e(4S3af-e4Reeqbue8s-t9Ha0n0dl9e-r.dj6av9a3:481c)\cna\atabt4 dio/.dapipsiupm.luaiayuteodma&amp#27;to[r32.9smerv
er&amp#27;.A[p3pi5ummS[eHrvTlTePt.]h&amp#27;an[39m &amp#27;d[le9Re0qume{st}(&amp#27;Ap[pi3u9mSmerv
le[t.djaevba:26u1)g\n]\t a&amp#27;t [i3o.5apmp[iuWm3.uCi au(to6ma6tborf21.s0e5rv0er).]&amp#27;[A3pp9iumm SeCrvalet.lhlainndgl eAHptptipuRmeDqruievsetr(.AeplepmieunmtSDeirsvpllaeyted.(j)a wvia:t2h 5a5rg)s\: n[\"6tba2t31 di02o-.a0a4p3p-4ieub8m-.90u0i9-adu6t9o38mcactaaobr42d".,h"t66btf1p0.5S0-e98rdv2-e4rb4H2a-8n0dblde-r6.6ceh6aan1n6e4lfaR2ed"a]d
([Sdeeburgv] e&amp#27;r[3H5am[nWdD lPerorx.y]j&amp#27;[a3v9ma :Ma6t8ch)e\d n'\/etleamten ti/6ob2.3n1de0t2-tay04.3c-4heba8n-n90e0l9-.dA69b3s8ctcaraab4cd/taCtthraibnuntee/ldiHsanpdllearyCeodn't teox cto.mmiannvdo kneaCmhea n'ngeeltARtetardi(bAubtset'ra
c[tdCehbuagn]n e&amp#27;lH[a3n5dml[eWrDC oPnrtoexxyt].&amp#27;j[a3v9ma :P3roxy6i6n)g\ n[\GtEaTt  /eleimoe.nnte/t6tby2.3ch1adn0n2e-la.A0b4s3t-r4aecbt8C-h9a0n0n9el-Hda6n9d3l8ercCcoanatbe4dxt/.aitntvroikbeutCeh/adninsepllRayeeadd]( tAo b[sGtErTa chttCthpa:n/n/e12l7H.a0n.d0l.1e:r1C0o0n0t1e/xwt.jadv/ah:u3b5/2s)e\sns\itoant/ 1iao2.an4ea2t2t-yf.cdhfadn-n4.6.e.b-
8[0ddfe-b8udege]5 9&amp#27;9[a3a5amd[3/We3lC]eme&amp#27;n[t3/96mb 2M3a1tdc0h2e-da 0W433C- 4eerbr8o-r9 0c0o9d-ed 6'9n3o8 cscuacabh4 de/laetmternitb'u tteo/ dNiosSpulcahyEelde]m ewnittEhr rnoor b
o[ddeyb
u[gd]eb ug&amp#27;][ &amp#27;3[535mm[[WW3DC P r(oxeyc]5&amp#27;3[2359cm9 )G]o&amp#27;t[ r3e9smp oEnnsceo uwnittehr esdt aitnutse r2n0a0l:  e{r"rsoers sriuonnIndi"n:g" 1cao2mam4aan2d2:- fNdofSdu-c4h6Eebl-e80mednft-E8rdreoer5:9 9Aana aedl3em"e,n"tv aclouuel"d: "ntortu eb"e} l
o[cdaetbeudg ]o n&amp#27; [t3h5em [pWa3gCe  (u6s6ibnfg t1h0e5 g0i)v]e&amp#27;n[ 3s9em aRrcehs ppoanrdaimnegt etros .cl
i[ednetb wuigt]h  d&amp#27;r[i3v5emr[.We3lCe m(eenctD5i3s2p5lca9y)e]d&amp#27;([)3 9rme s u  l ta:t  tArnudero
i&amp#27;dU[i3a5umt[oHmTaTtoPr]2&amp#27;D[riv3er9m &amp#27;[37.fmi<nd-E-l OGrEElTs  (/Cw:d\/Uhsuerbs/\sleensosvoi\oAnpp/D6at6ab\Rfo1a0m5in0g-\9n8pmd\2n-od4eb_m4o2d-ul8e0sb\adp-pi6u6me\n6oade1_6mo4dfulaes2\da/ppeilume-manednroti/d6-dbr2i3ve1dr\0l2i-ba\c0o4m3ma-n4dse\bfi8n-d9.j0s0:795-:1d16)93
[8dcecbuaga]b &amp#27;4[d3/5md[iWs3Cp l(aecy5e3d2 5&amp#27;c[9)3]9&amp#27;[m3&amp#27;9[m3  2 m 2 a0t0 &amp#27;pr[o3ce9smsT i&amp#27;ck[s9An0dmRe3je1c timosns  -(i n1t4er&amp#27;n[a3l9/pmro
c&amp#27;es[s3/t5ams[kH_TquTePue]s&amp#27;.j[s3:993m: 5)&amp#27;[
[9d0ebmu&amp#27;g][ 3&amp#27;[93m5m[
W&amp#27;3[C 3(5ecm[53H2T5cT9P)]]&amp#27;&amp#27;[[339m9 m    &amp#27; [at3 7Anmd-ro-i>dU&amp#27;i[a3ut9omm at&amp#27;or[23Dr7imveGrE.fTin&amp#27;d[El3O9mr El&amp#27;s[W3it7hmP/rwodc/eshsuibn/gs e(sCs:\iUosne/r6s\6lbefno1v0o5\A0pp-D9ata\8Roda2m-i4ngb\4np2m-\n8od0eb_dmo-d6ul6ees\6aapp1iu6m4\nfodae_2mdod/ulceos\natppeixumt-&amp#27;ba[se3-9drmiver
\&amp#27;li[b3\5bamse[dHriTveTr\Pc]o&amp#27;mm[a3nd9s\mf i&amp#27;nd[.9j0sm:3{3}:1&amp#27;2[)3
9[dmeb
ug[]d &amp#27;e[b3u5mg[W]3 C &amp#27;(e[c35352m5c[9W)]3&amp#27;C[3 9m( 6  6 b aft1 A0n5d0ro)i]dU&amp#27;i[a3ut9omma tCora2Dlrliviern.fgi ndAEplepmienut m(CD:\rUisevres\rle.ngovetCurrentContext() witoh\A papDragtas\:Ro a[mi"n6g\6nbpmf1\n0o5d0e-_9m8oddu2l-e4sb\4a2p-p8i0ubmd\n-o6d6ee_6moa1du6l4efsa\a2pdp"]iu
m[-dbebasueg-]d r&amp#27;i[v3e5rm[W3C\ l(i6b6\bbfa1s0ed5r0i)v]e&amp#27;r[\3c9omm mRaensdps\ofnidnidn.gj st:5o3 :c1l0i)en
t&amp#27; [w3i5tmh[ HdTrTPi]v&amp#27;e[r3.9gme t&amp#27;C[u3r7mr<e-n-t CPoOnStTe x/wtd(/)h urbe/ssuelsts:io n"/NeAcT5I3V2E5_cA9P-Pa"b8
c&amp#27;-4[c3154m-[aH2T3TcP-]8&amp#27;5[7f369am6 d&amp#27;f[b3f7em/e<l-e-m eGnEtT  &amp#27;/[3w9dm/&amp#27;h[u3b3/ms4e0s4s&amp#27;i[o3n9/m6 &amp#27;6[b9f01m8050-908 dm2s- 4-b 4288-18&amp#27;0[b3d9m
&amp#27;-[6365em6[aH1T6T4Pf]a&amp#27;2[d3/9cmo n&amp#27;t[e9x0tm &amp#27;&amp#27;[[3399mm&amp#27;
[32m200&amp#27;[39m &amp#27;[90m3 ms - 22&amp#27;[39m
&amp#27;[35m[HTTP]&amp#27;[39m &amp#27;[90m&amp#27;[39m
&amp#27;[35m[HTTP]&amp#27;[39m &amp#27;[37m-->&amp#27;[39m &amp#27;[37mPOST&amp#27;[39m &amp#27;[37m/wd/hub/session/66bf1050-98d2-4b42-80bd-66e6a164fa2d/element&amp#27;[39m
&amp#27;[35m[HTTP]&amp#27;[39m &amp#27;[90m{"using":"accessibility id","value":"test-Password"}&amp#27;[39m
[debug] &amp#27;[35m[W3C (66bf1050)]&amp#27;[39m Calling AppiumDriver.findElement() with args: ["accessibility id","test-Password","66bf1050-98d2-4b42-80bd-66e6a164fa2d"]
[debug] &amp#27;[35m[BaseDriver]&amp#27;[39m Valid locator strategies for this request: xpath, id, class name, accessibility id, css selector, -android uiautomator
[debug] &amp#27;[35m[BaseDriver]&amp#27;[39m Waiting up to 0 ms for condition
[debug] &amp#27;[35m[WD Proxy]&amp#27;[39m Matched '/element' to command name 'findElement'
[debug] &amp#27;[35m[WD Proxy]&amp#27;[39m Proxying [POST /element] to [POST http://127.0.0.1:10001/wd/hub/session/1a2a4a22-fdfd-46eb-80df-8dee599aaad3/element] with body: {"strategy":"accessibility id","selector":"test-Password","context":"","multiple":false}
[debug] &amp#27;[35m[WD Proxy]&amp#27;[39m Got response with status 200: {"sessionId":"1a2a4a22-fdfd-46eb-80df-8dee599aaad3","value":{"ELEMENT":"c7866479-1086-4b65-94cf-51f89f60da76","element-6066-11e4-a52e-4f735466cecf":"c7866479-1086-4b65-94cf-51f89f60da76"}}
[debug] &amp#27;[35m[W3C (66bf1050)]&amp#27;[39m Responding to client with driver.findElement() result: {"element-6066-11e4-a52e-4f735466cecf":"c7866479-1086-4b65-94cf-51f89f60da76","ELEMENT":"c7866479-1086-4b65-94cf-51f89f60da76"}
&amp#27;[35m[HTTP]&amp#27;[39m &amp#27;[37m<-- POST /wd/hub/session/66bf1050-98d2-4b42-80bd-66e6a164fa2d/element &amp#27;[39m&amp#27;[32m200&amp#27;[39m &amp#27;[90m29 ms - 137&amp#27;[39m
&amp#27;[35m[HTTP]&amp#27;[39m &amp#27;[90m&amp#27;[39m
&amp#27;[35m[HTTP]&amp#27;[39m &amp#27;[37m-->&amp#27;[39m &amp#27;[37mPOST&amp#27;[39m &amp#27;[37m/wd/hub/session/66bf1050-98d2-4b42-80bd-66e6a164fa2d/element/c7866479-1086-4b65-94cf-51f89f60da76/clear&amp#27;[39m&amp#27;
&amp#27;[[3355m[mH[TTHP]T&amp#27;T[39m &amp#27;P[3]7&amp#27;m-[-3>&amp#27;9[m3 9m&amp#27; [&amp#27;[9307mmP{OS"Ti&amp#27;[d3"9m: "&amp#27;[c377m8/6wd6/4hu7b/9s-es1s0io8n6/e-c453b265c59--a9b48cc-f4c-154-1af238c-98f576f06ad6adf7b6fe"/e}l&amp#27;em[e3nt9&amp#27;m[
39[mde
bug] &amp#27;[35m[W3C (66bf1050)&amp#27;][&amp#27;3[53m9[m HCTaTlPl]i&amp#27;n[g3 9Amp pi&amp#27;u[m9D0rmi{v"eru.scilnega"r:(")a cwcietshs iabriglsi:t y[ "ci78d6"64,7"9-v1a0l86u-e4b"6:5-"9t4cefs-5t1-fU8s9efr6n0daam76e"","}66&amp#27;b[f31095m0-9
8[d2d-e4bbu4g2-]80 b&amp#27;d[-6365e6ma[1W643fCa 2d("e]c5
[3d2eb5ucg9] )&amp#27;][3&amp#27;5[m[3W9Dm  PCraoxlyl]&amp#27;i[n3g9 m AMpatpciheumDriver.findElement() wid 't/hel eamerngts/c:7 86[6"4a7c9-c1e08s6s-4ibb65i-9l4ictf-y5 1if8d9"f,60"dtae7s6t/-cUlseaerr' ntaom ceo"mm,a"nde cna5m3e 2'c5cl9e-aarb'8c
-[4dce1b4u-ga]2 &amp#27;3[c3-58m5[7WfD6 Pa6rdofbxfye"]]&amp#27;[
[de3bu9gm]  &amp#27;P[r3o5mx[yBiansegD r[ivPeOrS]&amp#27;T[ 3/9eml Veamleidn tlo/cca7to8r6 6st4r7a9te-g1ie0s8 6fo-r4 bt6hi5s- 9re4qcufe-st51:f 8xp9aft6h,0 diad,7 6cl/acsls enaarm]e,  taocc e[sPsiObSiTl ithyt tipd,: /cs/s1 2se7l.e0c.to0r., 1-:a1nd0r0oi0d1 u/iwaudt/ohmautbo/rs
e[sdesbiuog]n /&amp#27;1[a352ma[4Baas2e2Dr-ifvedrf]&amp#27;d[-394m6 eWbai-t8i0ngd fu-p 8tdo e0e m5s9 9foar acaodnditi3on/
e[ldeembeung]t /&amp#27;c[73856m[6479W-D1 0Pr8o6x-y4]b&amp#27;6[53-99m4 cMfat-c5h1efd8 9'f/6e0ldemae7n6t/'c lteoa rc]om mawnidt hn abmeo d'yf:i n{d"Eellemeentm'en
t[Idde"b:u"gc]7 8&amp#27;6[634759m-1[08W6D-4 b6P5-r9o4cxfy-5]1f&amp#27;8[9f3690dma 76P"r}o
[xdyebiungg]  &amp#27;[[P35Om[SWTD  P/roexly]e&amp#27;m[3e9nt] to [POST http://127.0.0.1:10000/wd/hub/session/a96e5523-8a84-4fe3-a3cb-d2c6104defd3/element] withm  bGootd yre:s po{n"ses twirtha tsteatguys "2:00": a{c"scesessiosniIdb":i"l1ai2at4ya2 2i-dfd"f,d"-4s6eleecb-t8o0rdf"-:8d"etees5t99-aUaasde3r",n"avamleu"e",:"nucllo}n
t[ext":"","multiple":false}
&amp#27;[35m[WD Proxy]&amp#27;[39m Gdoetb ug]r e&amp#27;s[p3o5nms[eW 3wCi t(h6 6sbtaft1u0s5 04)0]4&amp#27;:[ 3{"9sme sRseisopnoIndd"i:n"ga t9o 6cel5i5e2nt3 -wi8tah8 4d-ri4vfere.3cl-eaa3r(c)b -reds2ucl6t:1 0nu4ldle
f&amp#27;d[33"5m,["HvTaTPl]u&amp#27;e["3:9m{ "&amp#27;e[r3r7mo<r--" :P"OnSoT  /swudc/hhub /esleessmieonnt"/,6"m6ebsfsa1g0e"5:0"-An9 8elde2m-en4tb 4c2o-8u0lbdd -n6ot6 eb6e al1o6ca4tfeda 2odn /tehlee pmaegnet u/scin7g8 t6h6e4 7g9i-v1e0n8 6s-e4abr6c5h- 9p4acrfa-m5e1tfe8r9sf"6,0"stacktracdea"7:6"/icloe.aar p&amp#27;p[i3u9mm&amp#27;.[u3i2ma2u00t&amp#27;o[m39amt o&amp#27;r[290.[INFO ] 2021-01-23 13:08:39.152 com.qa.pages.BasePage:71 - password is invalidPassword
commomn.4e4x cmesp t-i o1n4s&amp#27;.[E3l9emme
n&amp#27;t[N3o5tmF[oHuTnTdPE]x&amp#27;c[e3p9tmi o&amp#27;n[:9 0Amn&amp#27; [e3l9emme
n&amp#27;t[ 35m[HTcToPu]l&amp#27;d[ 3n9omt  &amp#27;b[e3 7lmo-c-a>t&amp#27;e[d3 9omn  t&amp#27;h[e3 7mpGaEgTe&amp#27; [u3s9imn g&amp#27;[ 3t7hme/ wgdi/vheunb /sseeasrsicohn /p6a6rbfa1m0e5t0e-r9s8\dn2\-t4abt4 2i-8o0.badp-p6i6uem6.a1u6i4afuat2odm/actoonrt2e.xhta&amp#27;[n3d9lmer
.&amp#27;F[i3n5md[EHlTeTmPe]n&amp#27;t[.3s9amf e&amp#27;H[a90nmd{l}e&amp#27;([F3i9nmdE
l[edmeebnutg.]j a&amp#27;v[a35:m7[3W)3\Cn \(t6a6tbf 1i0o5.0a)]p&amp#27;p[3i9umm .Cuailaluitnogm aAtpopiru2m.Dhrainvdelre.rg.erteCquurersetn.tSCaofnetRexetq(u)e stHanwdiltehr .ahragnsd:l e[("6S6abffe1R0e5q0u-e9s8tdH2a-n4dbl4e2r-.8j0abvd-a6:64e16)a\1n6\4tfaat2 di"o].a
p[pdieubmu.gu]i a&amp#27;u[t3o5mma[tWo3rC2 .(s6e6rbvfe1r0.5A0p)p]i&amp#27;u[m3S9emr vRleestpo.nhdainndgl etRoe qculeisetn(tA pwpiithu driverm.SgeertvCluertr.ejnatvCao:nt26e1xt)(\)n \rteastu lito:. a"pNpAiTuImV.Eu_AiPaPu"to
m&amp#27;a[t3o5rm2.s[eHrTvTPe]r&amp#27;.[A3p9pmi u&amp#27;m[S3e7rmv<l-e-t .GhEaTn d/lwedH/thtupbR/esequsessito(nA/p6p6ibufm1S0e5r0v-l9e8td.2j-a4bv4a2:-25850)b\dn-6\6tea6ta 1i6o4.faap2pdi/ucmo.nutieaxutt o&amp#27;m[a3t9om&amp#27;r[23.2hmt2t0p0.&amp#27;S[e3r9vme r&amp#27;H[a9n0dml4e rms. c-h a22n&amp#27;n[e3l9Rmea
d&amp#27;([S3e5rmv[eHrTHTaPn]d&amp#27;l[e3r9.mj a&amp#27;v[a9:06m8&amp#27;)[\3n9\mta
t&amp#27; [i3o5.mn[eHtTtTyP.]c&amp#27;h[a3n9nme l&amp#27;.[A3b7smt-r-a>c&amp#27;t[C3h9amn n&amp#27;e[l3H7amnPdOlSeTr&amp#27;C[o3n9tme x&amp#27;t[.3i7nmv/owkde/Chhuabn/nseelsRseiaodn(/A6b6sbtfr1a0c5t0C-h9a8ndn2e-l4Hba4n2d-l8e0rbCdo-6n6tee6xat1.6j4afvaa2:d3/6e6le)m\enn\tt&amp#27;a[t3 9imo.
n&amp#27;e[t35m[HTTtPy].&amp#27;c[h3a9nmn e&amp#27;l[.9A0bms{t"ursaicntgC"h:a"nancecelsHsainbdilleirtCyo nitde"x,t".vianlvueo"k:e"Ctheasntn-ePlaRsesawdo(rAdb"s}t&amp#27;r[a3c9tmC
h[adnebug] ne&amp#27;lH[a35nmd[lWer3CC o(n6t6ebxft1.0j5a0v)a]:&amp#27;3[5329)m\ nC\atlalti nigo .Anpeptituym.Dcrhiavnenr...f.in
d[Edleebmuegn]t (&amp#27;)[ 3w5imt[hW 3aCr]g&amp#27;s[:3 9[m" aMcactecshseidb iWl3itCy  eirdr"o,r" tceosdte- P'ansos wsourdc"h, "e6l6ebmfe1n0t5'0 -t9o8 Ndo2S-u4cbh4E2l-e8m0ebndt-E6r6reo6ra1
6[4dfea2bdu"g]] 
&amp#27;[[d3e5bmu[gW]3 C&amp#27; [(3e5cm5[3B2a5sce9D)r]i&amp#27;v[e3r9]m&amp#27; [E39nmc oVuanltiedr eldo cianttoerr nsatlr ateergrioers  rfuonrn itnhgi sc ormemqauensdt::  NxopSautchh,E liedm,e nctlEarsrso rn:a mAen,  aeclceesmseinbti lciotuyl di dn,o tc sbse  sleolceactteodr ,o n- atnhder opiadg eu iuasuitnogm atthoer g
i[vdeenb usge]a r&amp#27;c[h3 5pmar[ameters.
[debug] &amp#27;[35m[W3C (ec5325c9)]&amp#27;[39m     at AndroidUiautomator2Driver.findElOrEls (C:\Users\lenovo\AppData\Roaming\npm\node_modules\appium\node_modules\appium-anBdroaisd-edrDivreir\vleibr\]c&amp#27;om[m3a9nmd sW\faiindt.ijnsg:7 5u:p11 )to
 [d0e bmugs]  f&amp#27;[o3r5m [cWo3nC d(ietc5i325co9)n]&amp#27;[
3[9md  e   at processTicksAndRejections (internal/process/task_queues.js:93:5)
[debug] &amp#27;[35m[W3C (ec5325c9)]&amp#27;[39m     at AndroidUiautomator2Dbriuvge]r.f i&amp#27;n[d3El5OmrE[lWsWDi thPPrroocxesy]s&amp#27;i[3ng9 m(C :M\Uastercsh\leedn o'vo/\eAlpepmDenatta'\ Rotaom icnogm\mnapndm \nnaomdee _'mfoidnudlEelse\maepnpti'um
\[ndoedbeu_gm]o d&amp#27;u[l3e5sm\a[pWpiDu m-Pbraosxey-]d&amp#27;r[i3v9emr\ lPibr\obxasyeidnrigv [erP\OScTo m/mealnedms\find.js:33:12)
[debug] &amp#27;[35m[W3C (ec5325c9)]&amp#27;[39em n t ]   att oA nd[rPoiOdSUTia uhttomtapt:o/r2/D1r2iv7e.r.0f.in0d.El1e:m1e0nt0 0(C1:/\Uwsde/rhsu\lbe/nsoevos\sAipopnDa/ta1\aRo2aami4nag2\n2pm-\fndodfed_m-o4du6leebs-\a8p0pidufm\-no8dde_emeo5d9u9laeasa\da3p/peiluemm-ebnats]e -wdirtivhe r\bloibdy: {"strategy":"\abcacseedsrsiivebri\lictoymm aindds"\,fi"nsd.ejls:e5c3:t1o0r)"
:&amp#27;"[3t5est-Password","conmtex[tH"T:T"P"],&amp#27;"[m3u9lmti p&amp#27;le["3:7fma<l-s-e }PO
S[Td e/bwugd]/ h&amp#27;u[b3/5sme[sWsDi oPrno/xeyc]&amp#27;5[33295mc 9G-oab8tc -r4ecs1p4on-sae2 3wci-t8h5 7sfta6tau6sd f20b0f:e /{e"lseemsesnito n&amp#27;I[d3":9"m1&amp#27;a[23a34ma42024-&amp#27;f[d3f9dm- 46&amp#27;e[9b0-m8804d fm-s8 d-e e858919&amp#27;a[a3a9dm3","va
lu&amp#27;e[3":5{m"[EHLTEMTEPN]T&amp#27;"[:3"9cm2 d&amp#27;9[e9400m9&amp#27;-1[f3c97m-4
515-b741-75cb5009c142","element-6066-11e4-a52e-4f735466cecf":"c2d9e409-1fc7-4515-b741-75cb5009c142"}}
[debug] &amp#27;[35m[W3C (66bf1050)]&amp#27;[39m Responding to client with driver.findElement() result: {"element-6066-11e4-a52e-4f735466cecf":"c2d9e409-1fc7-4515-b741-75cb5009c142","ELEMENT":"c2d9e409-1fc7-4515-b741-75cb5009c142"}
&amp#27;[35m[HTTP]&amp#27;[39m &amp#27;[37m<-- POST /wd/hub/session/66bf1050-98d2-4b42-80bd-66e6a164fa2d/element &amp#27;[39m&amp#27;[32m200&amp#27;[39m &amp#27;[90m498 ms - 137&amp#27;[39m
&amp#27;[35m[HTTP]&amp#27;[39m &amp#27;[90m&amp#27;[39m
&amp#27;[35m[HTTP]&amp#27;[39m &amp#27;[37m-->&amp#27;[39m &amp#27;[37mGET&amp#27;[39m &amp#27;[37m/wd/hub/session/66bf1050-98d2-4b42-80bd-66e6a164fa2d/element/c2d9e409-1fc7-4515-b741-75cb5009c142/displayed&amp#27;[39m
&amp#27;[35m[HTTP]&amp#27;[39m &amp#27;[90m{}&amp#27;[39m
[debug] &amp#27;[35m[W3C (66bf1050)]&amp#27;[39m Calling AppiumDriver.eleme&amp#27;n[t3D5im[sHpTlTaPy]e&amp#27;d[(3) 9wimt h&amp#27; [a3r7gm-s-:> &amp#27;[["3c92md 9&amp#27;e[40397-m1GfEcT&amp#27;7[-3495m1 5&amp#27;-[b3774m1/-7w5dc/bh5u0b0/9sce1s4s2i"o,n"/6e6cb5f312055c09--9a8bd82c--44bc4124--8a02bd3-c6-865e76fa164fa2d"]
[debug] &amp#27;[35m[WD Prox6ya]6&amp#27;d[f3b9fme /Mcoanttcehxetd &amp#27;'[/3e9lmem
ent/c2d9e409-1fc&amp#27;7[-3455m1[H5T-TbP7]41-&amp#27;75[c3b95m0 0&amp#27;9[c9104m2{/}a&amp#27;t[t3r9imbut
e[/ddeibsupgl]a y&amp#27;e[d3'5 mt[oW 3coCm m(aencd5 3n2a5cm9e) ]'&amp#27;g[3e9tmA tCtarlilbiuntge 'App
i[udmeDbruigv]e r&amp#27;.[g3e5tmC[uWrDr ePntrCooxnyt]e&amp#27;x[t3(9)m  wPirtohxy airngsg:  [[G"EeTc 5/3e2l5ecm9e-nat/b8cc2-d49ce1440-9a-213fcc-78-5475f165a-6db7f4b1f-e7"5]cb
5[0d0e9bcu1g4]2 /&amp#27;[at3t5rmi[bWu3tCe /(deics5p3l2a5yce9d)]] &amp#27;t[o3 9[mG ERTe shptotnpd:i/n/g1 2t7o. 0c.l0i.e1n:t1 0w0i0t1h/ wddri/vheurb./gseetsCsuirorne/n1taC2oan4tae2x2t-(f)d frde-s4u6letb:- 8"0NdAfTI-V8Ed_eAeP5P9"9a
a&amp#27;a[d335/me[lHeTmTPe]n&amp#27;t/c2d9e409-1fc7-4515-b741-75cb5009c14[2/3a9tmt r&amp#27;i[b3u7tme</-d-i sGpElTa y/ewdd]/ hwuibt/hs ensos iboond/yec
5[3d2e5bc9u-ga]b 8&amp#27;[c35-m4[c1W4D- aP2r3ocx-y8]5&amp#27;7[f369am6 dGfobtfe /rceosnptoenxste  &amp#27;w[i3t9hm&amp#27; s[t32amt2u0s0 &amp#27;2[0309:m  {&amp#27;"[s9e0sms5i omns I- d2"2:&amp#27;"[13a9m
2&amp#27;a[43a52m2[-HfTdTfPd]-&amp#27;4[63e9bm- 8&amp#27;0[d9f0-m8&amp#27;d[e3e95m99
a&amp#27;a[a3d53m"[,H"TvTaPl]u&amp#27;e["3:9"mt r&amp#27;u[e3"7}m-
-[>d&amp#27;e[b3u9gm]  &amp#27;&amp#27;[[3375mmP[OWS3TC&amp#27; [(3696mb f&amp#27;1[03570m)/]w&amp#27;d[/3h9mu bR/essepsosnidoinn/ge ct5o3 2c5lci9e-natb 8wci-t4hc 1d4r-iav2e3rc.-e8l5e7mfe6nat6Ddifsbpflea/yeelde(m)e nrte&amp#27;s[u3l9tm: 
t&amp#27;r[u3e5m
[&amp#27;H[T3T5Pm][&amp#27;H[T3T9Pm] &amp#27;&amp#27;[[3990mm {&amp#27;"[u3s7imn<g-"-: "GaEcTc e/swsdi/bhiulbi/tsye sisdi"o,n"/v6a6lbufe1"0:5"0t-e9s8td-2U-s4ebr4n2a-m8e0"b}d&amp#27;-[6369em6a
1[6d4efbau2gd]/ e&amp#27;l[e3m5emn[tW/c2d9e4309C- (1efcc573-2455c195)-]b&amp#27;7[4319-m7 5Ccba5l0l0i9ncg1 4A2p/pdiiusmpDlraiyveedr .&amp#27;f[i3n9dmE&amp#27;l[e3m2emn2t0(0)&amp#27; [w3i9tmh  &amp#27;a[r9g0sm:2 2[ "masc c-e s1s4i&amp#27;b[i3l9imty
 &amp#27;i[d3",5"mt[eHsTtT-PU]s&amp#27;e[r3n9amm e&amp#27;"[,9"0emc&amp#27;5[33295mc9-ab8c
-4c&amp#27;1[43-5am2[3HcT-857f6aT6Pd]&amp#27;fb[f3e9"m] &amp#27;
[[3d7emb-u-g>]&amp#27; [&amp#27;3[93m5 m&amp#27;[[B37amsGeEDTr&amp#27;i[ve3r9]m&amp#27; [&amp#27;3[93m7 mV/awldi/dh ulbo/csaetosrs isotnr/a6t6ebgfie1s0 5f0o-r9 8tdh2i-s4 rbe4q2u-e8s0tb:d -x6p6aet6ha,1 6i4d,f ac2lda/scso nntaemxet,&amp#27; a[c3c9emss
i&amp#27;b[il3i5tmy[ HiTdT,P ]c&amp#27;s[s3 9smel e&amp#27;c[t9o0rm,{ }-&amp#27;a[n3d9rmoi
d[ duieabuutgo]m a&amp#27;t[o3r5m
[[Wd3eCb u(g6]6bf1050)]&amp#27;[39m Calling AppiumDriver.getCurrentContext() with args: ["66bf1050-98d2-4b42-80bd-66e6a164fa2d"]
[debug] &amp#27;[35m[W3C (66bf1050)]&amp#27;[39m Responding to client with driver.getCurrentContext() result: "NATIVE_APP"
&amp#27;[35m[HTTP]&amp#27;[39m &amp#27;[37m<-- GET /wd/hub/session/66bf1050-98d2-4b42-80bd-66e6a164fa2d/context &amp#27;[39m&amp#27;[32m200&amp#27;[39m &amp#27;[90m3 ms - 22&amp#27;[39m
&amp#27;[35m[HTTP]&amp#27;[39m &amp#27;[90m&amp#27;[39m
&amp#27;[35m[HTTP]&amp#27;[39m &amp#27;[37m-->&amp#27;[39m &amp#27;[37mPOST&amp#27;[39m &amp#27;[37m/wd/hub/session/66bf1050-98d2-4b42- 80b&amp#27;d-[636e56ma[16B4afsa2edD/erliemveent&amp#27;[3r9m]&amp#27;
&amp#27;[[3359mm[H TWTPa]i&amp#27;[t3i9nm g&amp#27; [9u0pm {"tuosi n0g" :m"asc cefsosirb ilciotyn didi"t,i"voanlue
"[:"detbesutg-P]a ss&amp#27;w[o3rd5"m}&amp#27;[[W39Dm 
P[dreobuxg] &amp#27;[35m[W3C (66bf1050)]&amp#27;[39m Callyi]n&amp#27;g[ 3A9pmp iMautmcDhreid v'e/re.lfeimnednEtl'e mteon tc(om)m awnidt hn aamreg s':f i[n"daEclceemsesnibti'li
t[yd iedb"u,"gt]es t&amp#27;-[Pa3s5swmo[rdW"D," 6P6brfo10x5y0-]9&amp#27;8d[23-94bm42 -P8r0obdx-y6i6en6ga164 f[a2PdO"S]T
 [/deebluge]m e&amp#27;[n3t5]m [Btaose D[riPveOrS]T&amp#27;[ 3h9mt tVapli:d/ /lo1c2at7o.r 0s.tr0a.te1g:ie1s0 0f0o0r /twhids /rhequubes/ts: exspastiho, id, class name, accessibility id, css selector, -android uiautomator
[debug] &amp#27;[35m[BaseDriver]&amp#27;[39m Waiting up to 0 ms for condition
[debug] &amp#27;[35m[WD Proxy]&amp#27;[39m Matched '/element' to command name 'findElement'
[debug] &amp#27;[35m[WD Proxy]&amp#27;[39m Proxying [POST /element] to [POST http://127  And I enter password as "invalidPassword"                                                           # com.qa.stepdef.LoginStepDef.iEnterPasswordAs(java.lang.String).0.0.1:10001/wd/hub/session/1a2a4
a22-fdfd-46eb-80df-8dee599aaad3/element] with body: {"strategy":"accessibility id","selector":"test-Password","context":"","multiple":false}
[debug] &amp#27;[35m[WD Proxy]&amp#27;[39m Got response with status 200: {"sessionId":"1a2a4a22-fdfd-46eb-80df-8dee599aaad3","value":{"ELEMENT":"a1fd736a-d442-429f-b6d5-17c9a21bcc18","element-6066-11e4-a52e-4f735466cecf":"a1fd736a-d442-429f-b6d5-17c9a21bcc18"}}
[debug] &amp#27;[35m[W3C (66bf1050)]&amp#27;[39m Responding to client with driver.findElement() result: {"element-6066-11e4-a52e-4f735466cecf":"a1fd736a-d442-429f-b6d5-17c9a21bcc18","ELEMENT":"a1fd736a-d442-429f-b6d5-17c9a21bcc18"}
&amp#27;[35m[HTTP]&amp#27;[39m &amp#27;[37m<-- POST /wd/hub/session/66bf1050-98d2-4b42-80bd-66e6a164fa2d/element &amp#27;[39m&amp#27;[32m200&amp#27;[39m &amp#27;[90m29 ms - 137&amp#27;[39m
&amp#27;[35m[HTTP]&amp#27;[39m &amp#27;[90m&amp#27;[39m
&amp#27;[35m[HTTP]&amp#27;[39m &amp#27;[37m-->&amp#27;[39m &amp#27;[37mPOST&amp#27;[39m &amp#27;[37m/wd/hub/session/66bf1050-98d2-4b42-80bd-66e6a164fa2d/element/a1fd736a-d442-429f-b6d5-17c9a21bcc18/value&amp#27;[39m
&amp#27;[35m[HTTP]&amp#27;[39m &amp#27;[90m{"id":"a1fd736a-d442-429f-b6d5-17c9a21bcc18","text":"invalidPassword","value":["i","n","v","a","l","i","d","P","a","s","s","w","o","r","d"]}&amp#27;[39m
[debug] &amp#27;[35m[W3C (66bf1050)]&amp#27;[39m Calling AppiumDriver.setValue() with args: [["i","n","v","a",n"l"/,a"9i6",e"5d5"2,3"-8Pa"8,4"-a4"f,e"s3"-,"as3",c"bw-d2"c,6"1o0"4,"dre",f"dd3"]/,e"la1efmd7e3n6at-]d4 4w2-i4t2h9 f-bb6odd5-y1:7 c9{a"21sbtcrc1a8t",e"g6y6b"f:10"5a0-c98cd2e-s4bs4i2-b8i0lbidt-6y6 ei6ad1"6,4"fsae2lde"c]t
o[rd"e:b"utge] s&amp#27;t-[U3s5emr[nWaDm eP"r,o"xcyo]&amp#27;n[t3e9xmt "M:a"t"c,h"emdu l't/ieplleem"e:nfta/las1ef}d7
36a-d442-429f-b6d5-17c9a21bcc18/value' to command name 'setValue'
[debug] &amp#27;[35m[Protocol Converter]&amp#27;[39m Added 'value' property ["i","n","v","a","l","i","d","P","a","s","s","w","o","r","d"] to 'setValue' request body
[debug] &amp#27;[35m[WD Proxy]&amp#27;[39m Proxying [POST /element/a1fd736a-d442-429f-b6d5-17c9a21bcc18/value] to [POST http://127.0.0.1:10001/wd/hub/session/1a2a4a22-fdfd-46eb-80df-8dee599aaad3/element/a1fd736a-d442-429f-b6d5-17c9a21bcc18/value] with body: {"elementId":"a1fd736a-d442-429f-b6d5-17c9a21bcc18","text":"invalidPassword","replace":false,"value":["i","n","v","a","l","i","d","P","a","s","s","w","o","r","d"]}
[debug] &amp#27;[35m[WD Proxy]&amp#27;[39m Got response with status 200: {"sessionId":"1a2a4a22-fdfd-46eb-80df-8dee599aaad3","value":null}
[debug] &amp#27;[35m[W3C (66bf1050)]&amp#27;[39m Responding to client with driver.setValue() result: null
&amp#27;[35m[HTTP]&amp#27;[39m &amp#27;[37m<-- POST /wd/hub/session/66bf1050-98d2-4b42-80bd-66e6a164fa2d/element/a1fd736a-d442-429f-b6d5-17c9a21bcc18/value &amp#27;[39m&amp#27;[32m200&amp#27;[39m &amp#27;[90m727 ms - 14&amp#27;[39m
&amp#27;[35m[HTTP]&amp#27;[39m &amp#27;[90m&amp#27;[39m
&amp#27;[35m[HTTP]&amp#27;[39m &amp#27;[37m-->&amp#27;[39m &amp#27;[37mGET&amp#27;[39m &amp#27;[37m/wd/hub/session/66bf1050-98d2-4b42-80bd-66e6a164fa2d/context&amp#27;[39m
&amp#27;[35m[HTTP]&amp#27;[39m &amp#27;[90m{}&amp#27;[39m
[debug] &amp#27;[35m[W3C (66bf1050)]&amp#27;[39m Calling AppiumDriver.getCurrentContext() with args: ["66bf1050-98d2-4b42-80bd-66e6a164fa2d"]
[debug] &amp#27;[35m[W3C (66bf1050)]&amp#27;[39m Responding to client with driver.getCurrentContext() result: "NATIVE_APP"
&amp#27;[35m[HTTP]&amp#27;[39m &amp#27;[37m<-- GET /wd/hub/session/66bf1050-98d2-4b42-80bd-66e6a164fa2d/context &amp#27;[39m&amp#27;[32m200&amp#27;[39m &amp#27;[90m3 ms - 22&amp#27;[39m
&amp#27;[35m[HTTP]&amp#27;[39m &amp#27;[90m&amp#27;[39m
&amp#27;[35m[HTTP]&amp#27;[39m &amp#27;[37m-->&amp#27;[39m &amp#27;[37mPOST&amp#27;[39m &amp#27;[37m/wd/hub/session/66bf1050-98d2-4b42-80bd-66e6a164fa2d/element&amp#27;[39m
&amp#27;[35m[HTTP]&amp#27;[39m &amp#27;[90m{"using":"accessibility id","value":"test-LOGIN"}&amp#27;[39m
[debug] &amp#27;[35m[W3C (66bf1050)]&amp#27;[39m Calling AppiumDriver.findElement() with args: ["accessibility id","test-LOGIN","66bf1050-98d2-4b42-80bd-66e6a164fa2d"]
[debug] &amp#27;[35m[BaseDriver]&amp#27;[39m Valid locator strategies for this request: xpath, id, class name, accessibility id, css selector, -android uiautomator
[debug] &amp#27;[35m[BaseDriver]&amp#27;[39m Waiting up to 0 ms for condition
[debug] &amp#27;[35m[WD Proxy]&amp#27;[39m Matched '/element' to command name 'findElement'
[debug] &amp#27;[35m[WD Proxy]&amp#27;[39m Proxying [POST /element] to [POST http://127.0.0.1:10001/wd/hub/session/1a2a4a22-fdfd-46eb-80df-8dee599aaad3/element] with body: {"strategy":"accessibility id","selector":"test-LOGIN","context":"","multiple":false}
[debug] &amp#27;[35m[WD Proxy]&amp#27;[39m Got response with status 200: {"sessionId":"1a2[INFO ] 2021-01-23 13:08:40.538 com.qa.pages.BasePage:54 - press login button
a4a22-fdfd-46eb-80df-8dee599aaad3","value":{"ELEMENT":"b813c56c-ff7c-4a97-8314-ec4bc59382ce","element-6066-11e4-a52e-4f735466cecf":"b813c56c-ff7c-4a97-8314-ec4bc59382ce"}}
[debug] &amp#27;[35m[W3C (66bf1050)]&amp#27;[39m Responding to client with driver.findElement() result: {"element-6066-11e4-a52e-4f735466cecf":"b813c56c-ff7c-4a97-8314-ec4bc59382ce","ELEMENT":"b813c56c-ff7c-4a97-8314-ec4bc59382ce"}
&amp#27;[35m[HTTP]&amp#27;[39m &amp#27;[37m<-- POST /wd/hub/session/66bf1050-98d2-4b42-80bd-66e6a164fa2d/element &amp#27;[39m&amp#27;[32m200&amp#27;[39m &amp#27;[90m421 ms - 137&amp#27;[39m
&amp#27;[35m[HTTP]&amp#27;[39m &amp#27;[90m&amp#27;[39m
&amp#27;[35m[HTTP]&amp#27;[39m &amp#27;[37m-->&amp#27;[39m &amp#27;[37mGET&amp#27;[39m &amp#27;[37m/wd/hub/session/66bf1050-98d2-4b42-80bd-66e6a164fa2d/element/b813c56c-ff7c-4a97-8314-ec4bc59382ce/displayed&amp#27;[39m
&amp#27;[35m[HTTP]&amp#27;[39m &amp#27;[90m{}&amp#27;[39m
[debug] &amp#27;[35m[W3C (66bf1050)]&amp#27;[39m Calling AppiumDriver.elementDisplayed() with args: ["b813c56c-ff7c-4a97-8314-ec4bc59382ce","66bf1050-98d2-4b42-80bd-66e6a164fa2d"]
[debug] &amp#27;[35m[WD Proxy]&amp#27;[39m Matched '/element/b813c56c-ff7c-4a97-8314-ec4bc59382ce/attribute/displayed' to command name 'getAttribute'
[debug] &amp#27;[35m[WD Proxy]&amp#27;  And I login                                                                                         # com.qa.stepdef.LoginStepDef.iLogin()[39m Proxying [GET /element/b813c56c-ff
7c-4a97-8314-ec4bc59382ce/attribute/displayed] to [GET http://127.0.0.1:10001/wd/hub/session/1a2a4a22-fdfd-46eb-80df-8dee599aaad3/element/b813c56c-ff7c-4a97-8314-ec4bc59382ce/attribute/displayed] with no body
[debug] &amp#27;[35m[WD Proxy]&amp#27;[39m Got response with status 200: {"sessionId":"1a2a4a22-fdfd-46eb-80df-8dee599aaad3","value":"true"}
[debug] &amp#27;[35m[W3C (66bf1050)]&amp#27;[39m Responding to client with driver.elementDisplayed() result: true
&amp#27;[35m[HTTP]&amp#27;[39m &amp#27;[37m<-- GET /wd/hub/session/66bf1050-98d2-4b42-80bd-66e6a164fa2d/element/b813c56c-ff7c-4a97-8314-ec4bc59382ce/displayed &amp#27;[39m&amp#27;[32m200&amp#27;[39m &amp#27;[90m29 ms - 14&amp#27;[39m
&amp#27;[35m[HTTP]&amp#27;[39m &amp#27;[90m&amp#27;[39m
&amp#27;[35m[HTTP]&amp#27;[39m &amp#27;[37m-->&amp#27;[39m &amp#27;[37mGET&amp#27;[39m &amp#27;[37m/wd/hub/session/66bf1050-98d2-4b42-80bd-66e6a164fa2d/context&amp#27;[39m
&amp#27;[35m[HTTP]&amp#27;[39m &amp#27;[90m{}&amp#27;[39m
[debug] &amp#27;[35m[W3C (66bf1050)]&amp#27;[39m Calling AppiumDriver.getCurrentContext() with args: ["66bf1050-98d2-4b42-80bd-66e6a164fa2d"]
[debug] &amp#27;[35m[W3C (66bf1050)]&amp#27;[39m Responding to client with driver.getCurrentContext() result: "NATIVE_APP"
&amp#27;[35m[HTTP]&amp#27;[39m &amp#27;[37m<-- GET /wd/hub/session/66bf1050-98d2-4b42-80bd-66e6a164fa2d/context &amp#27;[39m&amp#27;[32m200&amp#27;[39m &amp#27;[90m3 ms - 22&amp#27;[39m
&amp#27;[35m[HTTP]&amp#27;[39m &amp#27;[90m&amp#27;[39m
&amp#27;[35m[HTTP]&amp#27;[39m &amp#27;[37m-->&amp#27;[39m &amp#27;[37mPOST&amp#27;[39m &amp#27;[37m/wd/hub/session/66bf1050-98d2-4b42-80bd-66e6a164fa2d/element&amp#27;[39m
&amp#27;[35m[HTTP]&amp#27;[39m &amp#27;[90m{"using":"accessibility id","value":"test-LOGIN"}&amp#27;[39m
[debug] &amp#27;[35m[W3C (66bf1050)]&amp#27;[39m Calling AppiumDriver.findElement() with args: ["accessibility id","test-LOGIN","66bf1050-98d2-4b42-80bd-66e6a164fa2d"]
[debug] &amp#27;[35m[BaseDriver]&amp#27;[39m Valid locator strategies for this request: xpath, id, class name, accessibility id, css selector, -android uiautomator
[debug] &amp#27;[35m[BaseDriver]&amp#27;[39m Waiting up to 0 ms for condition
[debug] &amp#27;[35m[WD Proxy]&amp#27;[39m Matched '/element' to command name 'findElement'
[debug] &amp#27;[35m[WD Proxy]&amp#27;[39m Proxying [POST /element] to [POST http://127.0.0.1:10001/wd/hub/session/1a2a4a22-fdfd-46eb-80df-8dee599aaad3/element] with body: {"strategy":"accessibility id","selector":"test-LOGIN","context":"","multiple":false}
[debug] &amp#27;[35m[WD Proxy]&amp#27;[39m Got response with status 200: {"sessionId":"1a2a4a22-fdfd-46eb-80df-8dee599aaad3","value":{"ELEMENT":"201b3754-0596-4b6c-b439-6dce1a081ab3","element-6066-11e4-a52e-4f735466cecf":"201b3754-0596-4b6c-b439-6dce1a081ab3"}}
[debug] &amp#27;[35m[W3C (66bf1050)]&amp#27;[39m Responding to client with driver.findElement() result: {"element-6066-11e4-a52e-4f735466cecf":"201b3754-0596-4b6c-b439-6dce1a081ab3","ELEMENT":"201b3754-0596-4b6c-b439-6dce1a081ab3"}
&amp#27;[35m[HTTP]&amp#27;[39m &amp#27;[37m<-- POST /wd/hub/session/66bf1050-98d2-4b42-80bd-66e6a164fa2d/element &amp#27;[39m&amp#27;[32m200&amp#27;[39m &amp#27;[90m32 ms - 137&amp#27;[39m
&amp#27;[35m[HTTP]&amp#27;[39m &amp#27;[90m&amp#27;[39m
&amp#27;[35m[HTTP]&amp#27;[39m &amp#27;[37m-->&amp#27;[39m &amp#27;[37mPOST&amp#27;[39m &amp#27;[37m/wd/hub/session/66bf1050-98d2-4b42-80bd-66e6a164fa2d/element/201b3754-0596-4b6c-b439-6dce1a081ab3/click&amp#27;[39m
&amp#27;[35m[HTTP]&amp#27;[39m &amp#27;[90m{"id":"201b3754-0596-4b6c-b439-6dce1a081ab3"}&amp#27;[39m
[debug] &amp#27;[35m[W3C (66bf1050)]&amp#27;[39m Calling AppiumDriver.click() with args: ["201b3754-0596-4b6c-b439-6dce1a081ab3","66bf1050-98d2-4b42-80bd-66e6a164fa2d"]
[debug] &amp#27;[35m[WD Proxy]&amp#27;[39m Matched '/element/201b3754-0596-4b6c-b439-6dce1a081ab3/click' to command name 'click'
[debug] &amp#27;[[d3e5bmu[gW]D  &amp#27;P[r3o5xym][&amp#27;W[D3 9Pmr oPxryo]x&amp#27;y[i3n9gm  [GPoOtS Tr e/seploenmseen tw/i2t0h1 bs3t7a5t4u-s0 529060-:4 b{6"cs-ebs4s3i9o-n6Iddc"e:1"aa09861ea5b532/3c-l8iac8k4]- 4tfoe 3[-PaO3ScTb -hdt2tcp6:1/0/41d27.0.0.1:1e00f0d13/"w,d"v/ahluueb"/:s{e"sEsLiEoMnE/N1Ta"2:a"48a6262e-8fbdef3d--4486be0b-4-f806ddf--9857dae-e85d9097a9a9a2d531/aedl7e"m,"eelnetm/e2n0t1-b63076564--1015e946-a-542be6-c4-fb7433594-666cdeccef1"a:0"8816a6be38b/ec3l-i4c8kb]0 -w4ift6hd -b9o5d7ya-:8 d{0"7e9l9e2m5e1natd"7:""}2}01
b3754-0596-4b6c-b439-6[ddceeb1uag0]8 1&amp#27;a[b335m"[}W
[3dCe b(uegc]5 3&amp#27;2[5c395)m][&amp#27;W[D3 9Prmo xRye]s&amp#27;p[o3n9dmi nGgo tt or ecslpioennste  wwiitthh  dsrtiavteurs. 2fi0n0:d E{l"esmeesnsti(o)n Ireds"u:l"t1:a 2{a"4eal2e2m-efndtf-d6-04666e-b1-18e04d-fa-582dee-e45f9793a5a4a6d63c"e,c"fv"a:l"u8e6"6:en8ublel3}-4
8[bd0e-b4ufg6]d -&amp#27;9[5375am-[8Wd30C7 9(96265b1fa1d075"0,)"]E&amp#27;L[E3M9mE NRTe"s:p"o8n6d6ien8gb et3o- 4c8lbi0e-n4tf 6wdi-t9h5 7dar-i8vde0r7.9c9l2i5c1ka(d)7 "r}es
u&amp#27;l[t3:5 mn[uHlTlTP
]&amp#27;&amp#27;[[3359mm[ H&amp#27;T[T3P7]m&amp#27;<[-3-9 mP O&amp#27;S[T3 7/mw<d-/-h uPbO/SsTe s/swido/n/ehcu5b3/2s5ecs9s-iaobn8/c6-64bcf1140-5a[INFO ] 2021-01-23 13:08:41.148 com.qa.pages.BasePage:97 - error text is - Username and password do not match any user in this service.
23c-857f6a6dfbfe/element &amp#27;[39m&amp#27;[32m200&amp#27;[39m &amp#27;[90m1572 ms - 137&amp#27;[39m
&amp#27;[35m[HTTP]&amp#27;[39m &amp#27;[90m&amp#27;[39m
&amp#27;[35m[HTTP]&amp#27;[39m &amp#27;[37m-->&amp#27;[39m &amp#27;[37mGET&amp#27;[39m &amp#27;[37m/wd/hub/session/ec5325c9-ab8c-4c14-a23c-857f6a6dfbfe/element/866e8be3-48b0-4f6d-957a-8d0799251ad7/displayed&amp#27;[39m
&amp#27;[35m[HTTP]&amp#27;[39m &amp#27;[90m{}&amp#27;[39m
[debug] &amp#27;[35m[W3C (ec5325c9)]&amp#27;[39m Calling AppiumDriver.elementDisplayed  Then login should fail with an error "Username and password do not match any user in this service." # com.qa.stepdef.LoginStepDef.loginShouldFailWithAnError(java.lang.String)() wi
th args: ["866e8be3-48b0-4f6d-957a-8d0799251ad7","ec5325c9-ab8c-4c14-a23c-857f6a6dfbfe"]
[debug] &amp#27;[35m[WD Proxy]&amp#27;[39m Matched '/element/866e8be3-48b0-4f6d-957a-8d0799251ad7/attribute/displayed' to command name 'getAttribute'
[debug] &amp#27;[35m[WD Proxy]&amp#27;[39m Proxying [GET /element/866e8be3-48b0-4f6d-957a-8d0799251ad7/attribute/displayed] to [GET http://127.0.0.1:10000/wd/hub/session/a96e5523-8a84-4fe3-a3cb-d2c6104defd3/element/866e8be3-48b0-4f6d-957a-8d0799251ad7/attribute/displayed] with no body
0-98d2-4b42-80bd-66e6a164fa2d/element/201b3754-0596-4b6c-b439-6dce1a081ab3/click &amp#27;[39m&amp#27;[32m200&amp#27;[39m &amp#27;[90m56 ms - 14&amp#27;[39m
&amp#27;[35m[HTTP]&amp#27;[39m &amp#27;[90m&amp#27;[39m
&amp#27;[35m[HTTP]&amp#27;[39m &amp#27;[37m-->&amp#27;[39m &amp#27;[37mGET&amp#27;[39m &amp#27;[37m/wd/hub/session/66bf1050-98d2-4b42-80bd-66e6a164fa2d/context&amp#27;[39m
&amp#27;[35m[HTTP]&amp#27;[39m &amp#27;[90m{}&amp#27;[39m
[debug] &amp#27;[35m[W3C (66bf1050)]&amp#27;[39m Calling AppiumDriver.getCurrentContext() with args: ["66bf1050-98d2-4b42-80bd-66e6a164fa2d"]
[debug] &amp#27;[35m[W3C (66bf1050)]&amp#27;[39m Responding to client with driver.getCurrentContext() result: "NATIVE_APP"
&amp#27;[35m[HTTP]&amp#27;[39m &amp#27;[37m<-- GET /wd/hub/session/66bf1050-98d2-4b42-80bd-66e6a164fa2d/context &amp#27;[39m&amp#27;[32m200&amp#27;[39m &amp#27;[90m3 ms - 22&amp#27;[39m
&amp#27;[35m[HTTP]&amp#27;[39m &amp#27;[90m&amp#27;[39m
&amp#27;[35m[HTTP]&amp#27;[39m &amp#27;[37m-->&amp#27;[39m &amp#27;[37mPOST&amp#27;[39m &amp#27;[37m/wd/hub/session/66bf1050-98d2-4b42-80bd-66e6a164fa2d/element&amp#27;[39m
&amp#27;[35m[HTTP]&amp#27;[39m &amp#27;[90m{"using":"xpath","value":"//android.view.ViewGroup[@content-desc=\"test-Error message\"]/android.widget.TextView"}&amp#27;[39m
[debug] &amp#27;[35m[W3C (66bf1050)]&amp#27;[39m Calling AppiumDriver.findElement() with args: ["xpath","//android.view.ViewGroup[@content-desc=\"test-Error message\"]/android.widget.TextView","66bf1050-98d2-4b42-80bd-66e6a164fa2d"]
[debug] &amp#27;[35m[BaseDriver]&amp#27;[39m Valid locator strategies for this request: xpath, id, class name, accessibility id, css selector, -android uiautomator
[debug] &amp#27;[35m[BaseDriver]&amp#27;[39m Waiting up to 0 ms for condition
[debug] &amp#27;[35m[WD Proxy]&amp#27;[39m Matched '/element' to command name 'findElement'
[debug] &amp#27;[35m[WD Proxy]&amp#27;[39m Proxying [POST /element] to [POST http://127.0.0.1:10001/wd/hub/session/1a2a4a22-fdfd-46eb-80df-8dee599aaad3/element] with body: {"strategy":"xpath","selector":"//android.view.ViewGroup[@content-desc=\"test-Error message\"]/android.widget.TextView","context":"","multiple":false}
[debug] &amp#27;[35m[WD Proxy]&amp#27;[39m Got response with status 200: {"sessionId":"1a2a4a22-fdfd-46eb-80df-8dee599aaad3","value":{"ELEMENT":"7a9f7413-565b-4e0b-9180-eff4098c3e19","element-6066-11e4-a52e-4f735466cecf":"7a9f7413-565b-4e0b-9180-eff4098c3e19"}}
[debug] &amp#27;[35m[W3C (66bf1050)]&amp#27;[39m Responding to client with driver.findElement() result: {"element-6066-11e4-a52e-4f735466cecf":"7a9f7413-565b-4e0b-9180-eff4098c3e19","ELEMENT":"7a9f7413-565b-4e0b-9180-eff4098c3e19"}
&amp#27;[35m[HTTP]&amp#27;[39m &amp#27;[37m<-- POST /wd/hub/session/66bf1050-98d2-4b42-80bd-66e6a164fa2d/element &amp#27;[39m&amp#27;[32m200&amp#27;[39m &amp#27;[90m71 ms - 137&amp#27;[39m
&amp#27;[35m[HTTP]&amp#27;[39m &amp#27;[90m&amp#27;[39m
&amp#27;[35m[HTTP]&amp#27;[39m &amp#27;[37m-->&amp#27;[39m &amp#27;[37mGET&amp#27;[39m &amp#27;[37m/wd/hub/session/66bf1050-98d2-4b42-80bd-66e6a164fa2d/element/7a9f7413-565b-4e0b-9180-eff4098c3e19/displayed&amp#27;[39m
&amp#27;[35m[HTTP]&amp#27;[39m &amp#27;[90m{}&amp#27;[39m
[debug] &amp#27;[35m[W3C (66bf1050)]&amp#27;[39m Calling AppiumDriver.elementDisplayed() with args: ["7a9f7413-565b-4e0b-9180-eff4098c3e19","66bf1050-98d2-4b42-80bd-66e6a164fa2d"]
[debug] &amp#27;[35m[WD Proxy]&amp#27;[39m Matched '/element/7a9f7413-565b-4e0b-9180-eff4098c3e19/attribute/displayed' to command name 'getAttribute'
[debug] &amp#27;[35m[WD Proxy]&amp#27;[39m Proxying [GET /element/7a9f7413-565b-4e0b-9180-eff4098c3e19/attribute/displayed] to [GET http://127.0.0.1:10001/wd/hub/session/1a2a4a22-fdfd-46eb-80df-8dee599aaad3/element/7a9f7413-565b-4e0b-9180-eff4098c3e19/attribute/displayed] with no body
[debug] &amp#27;[35m[WD Proxy]&amp#27;[39m Got response with status 200: {"sessionId":"1a2a4a22-fdfd-46eb-80df-8dee599aaad3","value":"true"}
[debug] &amp#27;[35m[W3C (66bf1050)]&amp#27;[39m Responding to client with driver.elementDisplayed() result: true
&amp#27;[35m[HTTP]&amp#27;[39m &amp#27;[37m<-- GET /wd/hub/session/66bf1050-98d2-4b42-80bd-66[INFO ] 2021-01-23 13:08:42.127 com.qa.utils.VideoManager:35 - video path: Android_Redmi Note 9 pro max\Videos\Login with invalid password.mp4
e6a164fa2d/element/7a9f7413-565b-4e0b-9180-eff4098c3e19/displayed &amp#27;[39m&amp#27;[32m200&amp#27;[39m &amp#27;[90m16 ms - 14&amp#27;[39m
&amp#27;[35m[HTTP]&amp#27;[39m &amp#27;[90m&amp#27;[39m
&amp#27;[35m[HTTP]&amp#27;[39m &amp#27;[37m-->&amp#27;[39m &amp#27;[37mGET&amp#27;[39m &amp#27;[37m/wd/hub/session/66bf1050-98d2-4b42-80bd-66e6a164fa2d/context&amp#27;[39m
&amp#27;[35m[HTTP]&amp#27;[39m &amp#27;[90m{}&amp#27;[39m
[debug] &amp#27;[35m[W3C (66bf1050)]&amp#27;[39m Calling AppiumDriver.getCurrentContext() with args: ["66bf1050-98d2-4b42-80bd-66e6a164fa2d"]
[debug] &amp#27;[35m[W3C (66bf1050)]&amp#27;[39m Responding to client with driver.getCurrentContext() result: "NATIVE_APP"
&amp#27;[35m[HTTP]&amp#27;[39m &amp#27;[37m<-- GET /wd/hub/session/66bf1050-98d2-4b42-80bd-66e6a164fa2d/context &amp#27;[39m&amp#27;]]></system-out>
  </testcase>
  <testcase name="scenario[&quot;Login with valid user name and password&quot;, &quot;Login Scenarios&quot;](3)" classname="com.qa.runners.MyRedmiTestNGRunnerTest" time="3.029">
    <system-out><![CDATA[6z3AAAAA7AcAAbAfAEaAdAA1AcbebWcR/0YaWtNvtbrSi5hbbmuRtybe2/lkdLinZslpcnlNapby2e4AdA]AA htaoW xz[dGAAEATA BkhAtAtAApB:AA/A/A1EW2R7h.d0GE.A0AA.A1B:AA1A0AA0D0k1AA/wAMdO/dhHJuhba/wsAeAAsFsx0iao2hnk/AA1AaA2Ba49awx2g2w-ncfMdYfMJdA-A4A6AeAbQA-A8A0AAdAfAC-482AdAeAAAAAeA5A9AA9AaAaAaAAdA3AAAAAABAAAAAAAAAAAAAAAAAAAAAQAAAAAAAAAAAAAAAAAAQAAAAAQ4AAAIrAAAAAACqm1kaWEAAAAgbWRo/ZAeAlAeAmAeDnctM/Y5M1J934D1G2D0CcQ-A5BeX051A-A4fE5De7-ab7A6A8A-A6A3A7AcbAfAadC1xcoeZc/GaxtytArAAiAbAuAtAeA/dAiAsBp2laaWyReldA]A AwAiAtAhA AnAoA AbAoAdAyAA
V[mdlekbZuWg9]I Y&amp#27;W[53k5bmG[UWADA APArCoVxmy1]p&amp#27;b[m3Y9AmA AGAoUtd mr1eosZpAoAnAsAeA EwAiAtAhA AsAtAaAtAuAsA A2A0A0C: R{k"asWe5smsAioAnAIAdH"G:R"y1ZaW2YaA4AaA2A2A-AfAdAfAdA-Q4A6AeAbA-x81c0mdwfg-A8AdAeAeA5Q9A9AaAahaZdz3d"G,J"svAAaAlAusen"N:0"ct2rQuAeA"A}AA
A[AdAAAeQbAuAgA]K J&amp#27;h[d3m5Mmx[AWA3ACA AA(A6A6AbAf1E0A5A0A)A]A&amp#27;A[A3A9AmA ARAeAsApAoAnAdAiAnAgA tBoD gcIlrAiBeInAtA AwAiStAhA AdrAiveArA.AeAlAeAmBeAnCtADgiIsCpAlgaIyCeAdg(I)C ArgeIsCuAlgtI:C AtgrICuAegI
C&amp#27;A[g3I5CmAg[IHCTATgPI]C&amp#27;A[A3G9Pm &amp#27;[37/m/<AAAA-K-W FG2EYT0 M/BwQds/Ahyu/b+/EsAeEsGsdiCownD/K6N6abAfR1A0E5X05-b9g8Hdh2E-I41bA4B2A-A8Z0obzdg-G6o6Nec6gaA1A6A4AfQac2GdF/zeclAeAmBeAnAtA/A5A1Q9A4A1A2A0AcA-E52eN0v1b-H4Jfu5Ye2-xb47A6A8E-A6A3Q7AcbfadB1AcAeAcA/Adisplayed &amp#27;[39m&amp#27;[32m200&amp#27;[39m &amp#27;[90m18L BmzsdH R-z A1A4A&amp#27;A[A3A9AmAA
B&amp#27;Q[A3A5AmA[BHATATMPJ]g&amp#27;Q[A3A9AmA E&amp#27;A[A9F0Cm4&amp#27;A[A3A9AmAQ
A&amp#27;A[b3Y5omA[AHATATBPA]A&amp#27;C[I3n9QmA A&amp#27;A[A3E7AmA-K-r>n&amp#27;A[A3A9AmA Q&amp#27;A[A3w75m0GAEATA&amp#27;A[B3A9AmC T&amp#27;O[Q3A7Am./.w.d/
h&amp#27;u[b3/5sme[sHsTiToPn]/&amp#27;6[63b9fm1 0&amp#27;5[03-79m8<d-2-- 4PbO4S2T- 8/0wbdd/-h6u6be/6sae1s6s4ifoan2/de/cc5o3n2te5xct9&amp#27;-[a3b9m8c-
&amp#27;4[c1345m-[aH2T3TcP-]8&amp#27;5[73f96ma 6&amp#27;d[fb90fme{/}a&amp#27;p[p39miu
m[/dsteobpu_gr]e &amp#27;c[o3r5dmi[nWg3_Cs c(r6e6ebnf1 0&amp#27;[5309)m]&amp#27;&amp#27;[[3392mm 2C0a0l&amp#27;l[i3n9gm  A&amp#27;p[p9iu0mmD1r5i4v0e rm.sg e-t C4ur3r6e5n7t2C&amp#27;o[n3t9emx
&amp#27;[35m[HTtT(P)] &amp#27;w[3i9tmh  &amp#27;a[r9g0sm:&amp#27; [[3"96m6b
f1050-98d2-4b42-80bd-66e6a164fa2d"]
[debug] &amp#27;[35m[W3C (66bf1050)]&amp#27;[39m Responding to client with driver.getCurrentContext() result: "NATIVE_APP"
&amp#27;[35m[HTT
P]&amp#27;[39m &amp#27;[37m<-- GET /wd/hub/session/66bf1050-98d2-4b42-80bd-66e6a164fa2d/context &amp#27;[39m&amp#27;[32m200&amp#27;[39m &amp#27;[90m2 ms - 22&amp#27;@Test[39m
&amp#27;[35m[HTTP]
&amp#27;[39m &amp#27;[90m&amp#27;[39m
&amp#27;[35m[HTTP]&amp#27;[39m &amp#27;[37m-->&amp#27;[39m &amp#27;[37mPOST&amp#27;[39m &amp#27;[37m/wd/hub/session/66bf1050-98d2-4b42-80bd-66e6a164fa2d/element&amp#27;[39m
&amp#27;[35m[HTTP]&amp#27;[39m &amp#27;[90m{"using":"xpath","value":"//android.widget.ScrollView[@content-desc=\"tScenario Outline: Login with invalid password                                                         # src/test/resources/Login.feature:20est-PRODUCTS\"]
/preceding-sibling::android.view.ViewGroup/android.widget.TextView"}&amp#27;[39m
[debug] &amp#27;[35m[W3C (66bf1050)]&amp#27;[39m Calling AppiumDriver.findElement() with args: ["xpath","//android.widget.ScrollView[@content-desc=\"test-PRODUCTS\"]/preceding-sibling::android.view.ViewGroup/android.widget.TextView","66bf1050-98d2-4b42-80bd-66e6a164fa2d"]
[debug] &amp#27;[35m[BaseDriver]&amp#27;[39m Valid locator strategies for this request: xpath, id, class name, accessibility id, css selector, -android uiautomator
[debug] &amp#27;[35m[BaseDriver]&amp#27;[39m Waiting up to 0 ms for condition
[debug] &amp#27;[35m[WD Proxy]&amp#27;[39m Matched '/element' to command name 'findElement'
[debug] &amp#27;[35m[WD Proxy]&amp#27;[39m Proxying [POST /element] to [POST http://127.0.0.1:10001/w&amp#27;d/[h3u5bm/s[eHsTsTiPo]n&amp#27;/[13a92ma 4&amp#27;a[2327-mf-d-f>d&amp#27;-[4369em &amp#27;[3b7-m8P0OdSfT-&amp#27;8[d3e9em5 9&amp#27;9[a3a7amd/3/wedl/ehmuebn/ts]e swsiitohn /ec53b2o5dcy9:- a{b"8sct-r4act1e4g-ya"2:3"cx-pa8t5h7"f,6"as6edlfebcfteo/ra"p:p"i/u/ma/nsdtraoritd_.rweicdogredti.nSgc_rsoclrleVeine&amp#27;w[[3@9cmon
tent-desc=\"test-PRODUCTS\"&amp#27;][/3p5rme[cHeTdTiPn]g&amp#27;-[s3i9bml i&amp#27;n[g9:0:ma{n}d&amp#27;r[o3i9dm.v
i[edwe.bVuige]w G&amp#27;r[o3u5pm/[aWn3dCr o(iedc.5w3i2d5gce9t).]T&amp#27;e[x3t9Vmi eCwa"l,l"icnogn tAepxpti"u:m"D"r,i"vmeurl.tsitpalret"R:efcaolrsdei}ng
S[cdreebeung(])  &amp#27;w[i3t5hm [aWrDg sP:r o[xnyu]l&amp#27;l[,3"9emc 5G3o2t5 cr9e-sapbo8nse with status 200: {"sessionId":"1a2a4a22-fdfd-46eb-80df-8dee599aaad3","value":{"ELEMENT":"f0fe3fe2-80e8-494d-b1e5-5bf9b930c191","elecmen-t-640c66-1114-ea42-3ac5-28e5-74ff67a365d4f6b6fcee"c]f"
:["dfe0bfueg3] &amp#27;f[e325-m8[0AeD8B-]4&amp#27;94[d3-9bm1 eG5e-t5tbifn9gb 9I3D0sc 1o9f1 "a}l}l 's
c[rdeeebnurge]c o&amp#27;r[d3'5 mp[rWo3cCe s(s6e6sbf
1[0d5e0b)u]g&amp#27;][ 3&amp#27;9[m3 5Rme[sApDoB]nd&amp#27;i[n3g9 m tRou ncnliinegn t 'wCi:t\hU sderrisv\elre.nfoivnod\EAlppeDmaetnat\(Lo)c arle\sAndurloti:d \{s"dekl\eplmaetnfotr-m6-0t6o6ol-11e4-a52e-4f735466cecf":"f0fe3fe2-80e8-494ds-b1e\5a-d5bb.fe9xbe9 3-0Pc191" ,5"0E3L7E M-EsN Te"m:u"lfa0tfoer3-f5e525-48 0seh8e-l49l4 dp-gbr1eep5 --5fb f\9(b\9[3\0[c:1b9l1a"n}k
:&amp#27;\[]3\5]m\[|H\T^T\P)]s&amp#27;c[r3e9emn r&amp#27;e[c3o7rmd<\(-\-[ \P[O:SbTl a/nwkd:/\h]u\b]/\s|e\s$s\i)o'n/
66bf1050-98d2-4b42-80bd-66e6a164&amp#27;f[a325d/me[lAenmdernoti d&amp#27;D[r3i9vme&amp#27;r[]3&amp#27;2[m3290m0 &amp#27;S[c3r9eme n&amp#27; [r9e0cmo1r8d7i nmgs  h-a s1 3n7o&amp#27;t[ 3b9een pmre
v&amp#27;i[ou3s5lmy[ HsTtTaPr]t&amp#27;e[d3 9bmy  &amp#27;A[p9p0imu&amp#27;m[.3 9Tmhe
r&amp#27;e[ 3i5sm[HTTP]&amp#27;[39m &amp#27;[37m-->&amp#27;[39m &amp#27;[37mGET&amp#27;[39m &amp#27;[37m/wd/hub/session/66b f10n5o0-t9h8d2-4b42-8i0bdn-6g6 e6tao16 4fsat2od/pele
m[entd/efb0fueg3f]e 2-&amp#27;8[0e385-4m9[4dA-Db1Be]5-&amp#27;5[bf39b99m3 0cG1e91t/taittnrigb uIteD/tse ofx ta&amp#27;[l39lm 
'&amp#27;s[3c5rm[eHeTTnPr]&amp#27;e[c39omr &amp#27;d['90 m{p}r&amp#27;o[3c9ems
s[deesbug
] [&amp#27;d[e35bmu[Wg]3 C (66bf1&amp#27;0[5350)m][A&amp#27;D[B3]9&amp#27;m[ 3C9am lRluinnngi nAgp p'iCu:\mUDsreirvse\rl.egneovtoAt\AtprpiDbautat\eLo(ca)l\ Awndriotidh\s dka\rplgastfo:r m-[t"ootlse\axdtb."ex,e "-fP0fe 350f37e 2-s- 8em0ulea8tor--545954d4- bs1hee5l-l5b fp9gbr9e3p0 c-1f9 1\"(,"\6[6\b[f:1b05l0a-n9k8:d\2-]4\b]4\2|-\8^0\bd)-s6c6reeenrecord\(\[\6[:blaa1n6k4:f\a]2\d"]]\|
\[$d\e)b'ug
] &amp#27;[35m[WD Proxy]&amp#27;[39m Matched '/element/f0fe3fe2-80e8-494d-b1e5-5bf9b930c191/attribute/text' to command name 'getAttribute'
[debug] &amp#27;[35m[WD Proxy]&amp#27;[39m Proxying [GET /element/f0fe3fe2-80e8-494d-b1e5-5bf9b930c191/attribute/text] to [GET http://127.0.0.1:10001/wd/hub/session/1a2a4a22-fdfd-46eb-80df-8dee599aaad3/element/f0fe3fe2-80e8-494d-b1e5-5bf9b930c191/attribute/text] with no body
[debug] &amp#27;[35m[WD Proxy]&amp#27;[39m Got response with status 200: {"sessionId":"1a2a4a22-fdfd-46eb-80df-8dee599aaad3","value":"PRODUCTS"}
[debug] &amp#27;[35m[W3C (66bf1050)]&amp#27;[39m Responding to client with driver.getAttribute() result: "PRODUCTS"
&amp#27;[35m[HTTP]&amp#27;[39m &amp#27;[37m<-- GET /wd/hub/session/66bf1050-98d2-4b42-80bd-66e6a164fa2d/element/f0fe3fe2-80e8-494d-b1e5-5bf9b930c191/attribute/text &amp#27;[39m&amp#27;[32m200&amp#27;[39m &amp#27;[90m48 ms - 20&amp#27;[39m
&amp#27;[35m[HTTP]&amp#27;[39m &amp#27;[90m&amp#27;[39m
&amp#27;[35m[HTTP]&amp#27;[39m &amp#27;[37m-->&amp#27;[39m &amp#27;[37mPOST&amp#27;[39m &amp#27;[37m/wd/hub/session/66bf1050-98d2-4b42-80bd-66e6a164fa2d/appium/stop_recording_screen&amp#27;[39m
&amp#27;[35m[HTTP]&amp#27;[39m &amp#27;[90m{}&amp#27;[39m
[debug] &amp#27;[35m[W3C (66bf1050)]&amp#27;[39m Calling AppiumDriver.stopRecor[dindgeSbcurge]e n(&amp#27;)[ 3w5imt[hA DaBr]g&amp#27;s[:3 9[mn uBluli,"l6d6ibnfg1 0screen5r0e-c9o8rdd2 -p4rbo4c2e-s8s0 bwdi-t6h6 et6hae1 6c4ofmam2adn"d] l
i[ndee:b uagd]b  &amp#27;-[P3 55m0[3A7DB ]-&amp#27;s[ 3e9mmu lGaettotri-n5g5 5I4D ss hoefl la lslc r'eesncrreeceonrrde c-or-tdi'm ep-rloicmeists e1s80
 [/dsedbcuagr]d /c&amp#27;[35m[ADB]5&amp#27;[39mf fR3ucn7n8.imnpg4 '
C:\Users\lenovo\AppData\Local\[Adnebdruogi]d \&amp#27;s[d3k5\mp[lAaDtBf]o&amp#27;r[m3-9tmo oRlusn\naidnbg. e'xCe: \-UPs e5r03s\7l e-nso vao7\0A4epbpfD7 asthae\lLlo cpaglre\pA n-dfr \oid\(\s[d\k[\platform-tools\adb.exe -P 5037 -s emulator-55:54b slhaenllk :"[\ ]-e\ ]'/\s|dc\a^rd\/)cs5cfrfe3ce7n8.rmepc4'o r]d \&(&\ [e\c[h:ob l_a_PnAkS:S\_]_\"]'\|
\$\)'
[debug] &amp#27;[35m[ADB]&amp#27;[39m Running 'C:\Users\lenovo\AppData\Local\Android\sdk\platform-tools\adb.exe -P 5037 -s a704ebf7 shell kill -2 19800'
[debug] &amp#27;[35m[ADB]&amp#27;[39m Getting IDs of all 'screenrecord' processes
[debug] &amp#27;[35m[ADB]&amp#27;[39m Running 'C:\Users\lenovo\AppData\Local\Android\sdk\platform-tools\adb.exe -P 5037 -s a704ebf7 shell pgrep -f \(\[\[:blank:\]\]\|\^\)screenrecord\(\[\[:blank:\]\]\|\$\)'
[debug] &amp#27;[35m[ADB]&amp#27;[39m Getting IDs of all 'screenrecord' processes
[debug] &amp#27;[35m[ADB]&amp#27;[39m Running 'C:\Users\lenovo\AppData\Local\Android\sdk\platform-tools\adb.exe -P 5037 -s a704ebf7 shell pgrep -f \(\[\[:blank:\]\]\|\^\)screenrecord\(\[\[:blank:\]\]\|\$\)'
[debug] &amp#27;[35m[ADB]&amp#27;[39m Running 'C:\Users\lenovo\AppData\Local\Android\sdk\platform-tools\adb.exe -P 5037 -s a704ebf7 pull /sdcard/6467276f.mp4 C:\Users\lenovo\AppData\Local\Temp\2021023-9056-1d7cqa2.cq7q\6467276f.mp4'
[debug] &amp#27;[35m[ADB]&amp#27;[39m Running 'C:\Users\lenovo\AppData\Local\Android\sdk\platform-tools\adb.exe -P 5037 -s a704ebf7 shell rm -rf /sdcard/6467276f.mp4'
[debug] &amp#27;[35m[AndroidDriver]&amp#27;[39m The size of the resulting screen recording is 1.40 MB
[debug] &amp#27;[35m[W3C (66bf1050)]&amp#27;[39m Responding to client with driver.stopRecordingScreen() result: "AAAAGGZ0eXBtcDQyAAAAAGlzb21tcDQyAAAGJm1vb3YAAABsbXZoZAAAAADcMYML3DGDCwAAA+gAACCVAAEAAAEAAAAAAAAAAAAAAAABAAAAAAAAAAAAAAAAAAAAAQAAAAAAAAAAAAAAAAAAQAAAAAAAAAAAAAAAAAAAAAAAAAAAAAAAAAAAAAAAAAIAAAB2bWV0YQAAACFoZGxyAAAAAAAAAABtZHRhAAAAAAAAAAAAAAAAAAAAACtrZXlzAAAAAAAAAAEAAAAbbWR0YWNvbS5hbmRyb2lkLnZlcnNpb24AAAAiaWxzdAAAABoAAAABAAAAEmRhdGEAAAABAAAAADEwAAAFPHRyYWsAAABcdGtoZAAAAAfcMYML3DGDCwAAAAEAAAAAAAAglQAAAAAAAAAAAAAAAAAAAAAAAQAAAAAAAAAAAAAAAAAAAAEAAAAAAAAAAAAAAAAAAEAAAAAEOAAACWAAAAAABNhtZGlhAAAAIG1kaGQAAAAA3DGDC9wxgwsAAV+QAAt0UwAAAAAAAAAsaGRscgAAAAAAAAAAdmlkZQAAAAAAAAAAAAAAAFZpZGVvSGFuZGxlAAAABIRtaW5mAAAAFHZtaGQAAAABAAAAAAAAAAAAAAAkZGluZgAAABxkcmVmAAAAAAAAAAEAAAAMdXJsIAAAAAEAAAREc3RibAAAALRzdHNkAAAAAAAAAAEAAACkYXZjMQAAAAAAAAABAAAAAAAAAAAAAAAAAAAAAAQ4CWAASAAAAEgAAAAAAAAAAQAgICAgICAgICAgICAgICAgICAgICAgICAgICAgICAgABj//wAAACthdmNDAWQAM//hABNnZAAzrLQCIAlvLykFBgYG0KE1AQAFaO4G4sAAAAAQcGFzcAABAAAAAQAAAAAAE2NvbHJuY2x4AAUAAQAGAAAAAiBzdHRzAAAAAAAAAEIAAAABAAFI5wAAAAEAAAt0AAAAAQAAHeQAAAABAADIfgAAAAEAACNBAAAAAQABCJ4AAAABAAAd...
&amp#27;[35m[HTTP]&amp#27;[39m &amp#27;[37m<-- POST /wd/hub/session/66bf1050-98d2-4b42-80bd-66e6a164fa2d/appium/stop_recording_screen &amp#27;[39m&amp#27;[32m200&amp#27;[39m &amp#27;[90m1275 ms - 1964164&amp#27;[39m
&amp#27;[35m[HTTP]&amp#27;[39m &amp#27;[90m&amp#27;[39m
[debug] &amp#27;[35m[ADB]&amp#27;[39m Running 'C:\Users\lenovo\AppData\Local\Android\sdk\platform-tools\adb.exe -P 5037 -s emulator-5554 shell "[ -e '/sdcard/c5ff3c78.mp4' ] && echo __PASS__"'
[debug] &amp#27;[35m[W3C (ec5325c9)]&amp#27;[39m Responding to client with driver.startRecordingScreen() result: ""
&amp#27;[35m[HTTP]&amp#27;[39m &amp#27;[37m<-- POST /wd/hub/session/ec5325c9-ab8c-4c14-a23c-857f6a6dfbfe/appium/start_recording_screen &amp#27;[39m&amp#27;[32m200&amp#27;[39m &amp#27;[90m717 ms - 12&amp#27;[39m
&amp#27;[35m[HTTP]&amp#27;[39m &amp#27;[90m&amp#27;[39m
&amp#27;[35m[HTTP]&amp#27;[39m &amp#27;[37m-->&amp#27;[39m &amp#27;[37mGET&amp#27;[39m &amp#27;[37m/wd/hub/session/ec5325c9-ab8c-4c14-a23c-857f6a6dfbfe/context&amp#27;[39m
&amp#27;[35m[HTTP]&amp#27;[39m &amp#27;[90m{}&amp#27;[39m
[debug] &amp#27;[35m[W3C (ec5325c9)]&amp#27;[39m Calling AppiumDriver.getCurrentContext() with args: ["ec5325c9-ab8c-4c14-a23c-857f6a6dfbfe"]
[debug] &amp#27;[35m[W3C (ec5325c9)]&amp#27;[39m Responding to client with driver.getCurrentContext() result: "NATIVE_APP"
&amp#27;[35m[HTTP]&amp#27;[39m &amp#27;[37m<-- GET /wd/hub/session/ec5325c9-ab8c-4c14-a23c-857f6a6dfbfe/context &amp#27;[39m&amp#27;[32m200&amp#27;[39m &amp#27;[90m3 ms - 22&amp#27;[39m
&amp#27;[35m[HTTP]&amp#27;[39m &amp#27;[90m&amp#27;[39m
&amp#27;[35m[HTTP]&amp#27;[39m &amp#27;[37m-->&amp#27;[39m &amp#27;[37mPOST&amp#27;[39m &amp#27;[37m/wd/hub/session/ec5325c9-ab8c-4c14-a23c-857f6a6dfbfe/element&amp#27;[39m
&amp#27;[35m[HTTP]&amp#27;[39m &amp#27;[90m{"using":"accessibility id","value":"test-Username"}&amp#27;[39m
[INFO ] 2021-01-23 13:08:52.681 com.qa.utils.VideoManager:35 - video path: Android_Redmi Note 9 pro max\Videos\Login with valid user name and password.mp4
[debug] &amp#27;[35m[W3C (ec5325c9)]&amp#27;[39m Calling AppiumDriver.findElement() with args: ["accessibility id","test-Username","ec5325c9-ab8c-4c14-a23c-857f6a6dfbfe"]
[debug] &amp#27;[35m[BaseDriver]&amp#27;[39m Valid locator strategies for this request: xpath, id, class name, accessibility id, css selector, -android uiautomator
[debug] &amp#27;[35m[BaseDriver]&amp#27;[39m Waiting up to 0 ms for condition
[debug] &amp#27;[35m[WD Proxy]&amp#27;[39m Matched '/element' to command name 'findElement'
[debug] &amp#27;[35m[WD Proxy]&amp#27;[39m Proxying [POST /element] to [POST http://127.0.0.1:10000/wd/hub/session/a96e5523-8a84-4fe3-a3cb-d2c6104defd3/element] with body: {"stra]]></system-out>
  </testcase>
  <testcase name="scenario[&quot;Login with invalid user name&quot;, &quot;Login Scenarios&quot;](1)" classname="com.qa.runners.MyPixel3TestNGRunnerTest" time="8.985">
    <system-out><![CDATA[[32m200&amp#27;[39m &amp#27;[90m2 ms - 22&amp#27;[39m
&amp#27;[35m[HTTP]&amp#27;[39m &amp#27;[90m&amp#27;[39m
&amp#27;[35m[HTTP]&amp#27;[39m &amp#27;[37m-->&amp#27;[39m &amp#27;[37mPOST&amp#27;[39m &amp#27;[37m/wd/hub/session/66bf1050-98d2-4b42-80bd-66e6a164fa2d/element&amp#27;[39m
&amp#27;[35m[HTTP]&amp#27;[39m &amp#27;[90m{"using":"xpath","value":"//android.view.ViewGroup[@content-desc=\"test-Error [mdeesbsaugge\]" ]/&amp#27;a[nd3r5oimd.[wWidDg etP.rToexxtyVi]e&amp#27;w"[}3&amp#27;[93m9m G
[odteb urg]e s&amp#27;p[o3n5ms[We3 C w(i66tbhf1 0s50t)a]&amp#27;t[u39sm  2C0al0l:in g {A"ppsieumsDsiroinveIrd."fi:n"dEal9em6eent5(5) 2w3it-h8 aar8g4s:- 4[f"exp3a-tah"3,"c/b/a-nddr2oicd6.v1i0ew4.dVeifewdG3ro"u,p"[@vcaonltuenet"-:de"stc=r\u"et"es}t-E
rror message\"]/android.wid[gedte.TbeuxtgV]ie w"&amp#27;,["6365bfm1[0W530-C9 8d(2e-4cb5423-280bd-56c6e96)a1]6&amp#27;4[f3a29dm"] R
[edsepbuog]n d&amp#27;[i3n5mg[B atsoeD rcivleir]e&amp#27;n[3t9m  wVailtihd  ldocraitvoerr s.teralteegmieesn tfoDri tshpisl aryeeqdu(es)t :r xepsatuhl, t:i dt, rclass name,u aecc
es&amp#27;s[i3bi5lmi[tyH TiTd,P ]c&amp#27;ss[ 3s9emle c&amp#27;t[or3,7 m-<an-d-r oiGd EuTi au/twomda/tohru
b[/desbug] &amp#27;[35m[BaseDriver]&amp#27;[39m Waiting up to 0 ms for condition
[debug] &amp#27;[35m[WD Proxy]&amp#27;[39m Matched '/element' to command name 'findElement'
[debug] &amp#27;[35m[WD Proxy]&amp#27;[39m Proxying [POST /element] to [POST http://127.0.0.1:10001/wd/hub/session/1a2a4a22-fdfd-46eb-80df-8dee599aaad3/element] with body: {"strategy":"xpath","selector":"//android.view.ViewGroup[@content-desc=\"test-Error message\"]/android.widget.TextVi
ew","context":"","multiple":false}
[debug] &amp#27;[35m[WD Proxy]&amp#27;[39m Got response with status 200: {"sessionId":"1a2a4a22-fdfd-46eb-80df-8dee599a@Testaad3",
"value":{"ELEMENT":"7af503e1-d530-41db-9275-b6068cb88622","element-6066-11e4-a52e-4f735466cecf":"7af503e1-d530-41db-9275-b6068cb88622"}}
[deebugs]s &amp#27;i[o35nm/[We3cC5 (36265bcf91-05a0b)]8&amp#27;c[-394mc R1e4sp-onad2in3gc t-o8 5c7lfie6nat wi6tdh fdbrifveer/.efilnedmEelenmten/t8()6 6rees8ulbt:e 3{"-e4le8mbe0n-t4-6f0666d--191e547-aa5-2e8-d40fScenario Outline: Login with valid user name and password # src/test/resources/Login.feature:2977395942656c1e
acdf"7:/"d7aifs50p3le1a-yd5e3d0- 4&amp#27;1[d3b9-9m2&amp#27;75[-3b620m682c0b808&amp#27;62[23",9"mE L&amp#27;EM[E9NT0"m:"17a1f55073 e1m-sd5 3-0- 4114d&amp#27;b-[932795m-b6
06&amp#27;8[cb38586m2[2"H}T
T&amp#27;P[]3&amp#27;5m[[3HT9TmP] &amp#27;&amp#27;[3[99m 0&amp#27;m[3&amp#27;7[m<3-9- mPO
S&amp#27;T [/3wd5/mhu[bH/TseTssPi]o&amp#27;n/[663b9f1m0 5&amp#27;0[-98d327-4mb-42-->80&amp#27;b[d3-96m6e 6&amp#27;a[13674mfGaE2dT/&amp#27;e[le3m9enmt  &amp#27;&amp#27;[3[93m7&amp#27;[m3/2mwd2/0h0&amp#27;u[b39/ms &amp#27;e[s90sm3i1o3n m/se -c 5133275&amp#27;c[939-ma
b&amp#27;8[c35-m4[HcT1TP4]-&amp#27;a[3293mc -&amp#27;8[5907mf&amp#27;[63a96md
f&amp#27;[b3f5me[/HTcToPn]&amp#27;t[e3x9tm&amp#27; &amp#27;[[3379mm-->
&amp#27;&amp#27;[3[93m5 &amp#27;m[[37HmTGETTP&amp#27;][&amp#27;3[93m 9&amp#27;m[ 37&amp#27;m[/9wd0/mhu{b}/&amp#27;s[es3s9imon
/[6d6befb1u0g50]-98d2-4b42-80bd-66e6a164fa2d/element/7af503e1-d530-41db-9275-b60 68c&amp#27;b[385m8[6W32C2 (/eac5t3t2rib5uct9e)/]&amp#27;t[e39xmt C&amp#27;a[l3li9ngm Ap
p&amp#27;iu[m3D5rmi[veHrT.gTePt]Cu&amp#27;r[re3n9tCmo n&amp#27;te[x9t0(m){ w}i&amp#27;th[ 3ar9gms: 
["[edc5e3b2u5cg9]- a&amp#27;b8[c3-45cm14[-Wa233Cc- 8(576f66ba6fd1fb0f5e0")]]
&amp#27;[d[e3bu9gm]  &amp#27;C[3a5lm[lWi3Cn g( eAcp53p2i5uc9m)D]&amp#27;r[i39vme Rre.sgpoentdiAng tttor cilbieuntt ew(i)th  dwriivtehr. gaertgCusrr:e nt[C"otnteexxtt()" ,re"s7ulatf: 5"0N3AeTI1V-E_dA5PP3"0
&amp#27;-[4315dmb[-HT9T2P]7&amp#27;5[3-9bm 6&amp#27;0[367m8<c--b 8GE8T6 2/2wd"/h,u"b6/s6ebssfi1on0/5ec05-39258cd92--ab48bc-442c-148-a02b3cd--85676f6ea66daf1b6f4e/fcoan2tedx"t ]&amp#27;[
3[9md&amp#27;[e3b2mu2g00] &amp#27;&amp#27;[[3395mm [&amp#27;W[9D0 mP3r omxsy ]-&amp#27; [2329m&amp#27; [M3a9tmch
e&amp#27;d[ 3'5/me[lHeTmTePn]t&amp#27;/[73a9fm5 0&amp#27;3[e910-md&amp#27;5[3309-m41d
b&amp#27;-[93257m5[-HbT6T0P6]8&amp#27;c[b38986m2 2&amp#27;/[a3t7tmr-i-b>u&amp#27;t[e3/9tme x&amp#27;t'[ 3t7om PcOoSmTm&amp#27;a[n3d9 mn a&amp#27;m[e3 7'gme/twAdt/thrubi/bsuetes'si
o[nde/beucg5]3 2&amp#27;5[c395-ma[bWD8 cP-r4ocxy1]&amp#27;4[-3a92m3 cP-r8o5x7yfin6ga 6[GdEfTb f/ee/leelmeemnet/n7ta&amp#27;f[53039em1-
d&amp#27;5[3305-m4[1HdTbT-P9]27&amp#27;5[-3b960m6 8&amp#27;c[b980m8{6"2u2s/iantgt"r:i"bauctcessibility id"e,"/vtaelxtu]e "t:o "[tGeEst-Username"}&amp#27;[39m
[debug] &amp#27;[35m[WT3C (e ch5t3t2p5:c/9/)1]2&amp#27;7[.309.m0 .C1a:l10l0i0n1g/ wAdp/piumDrhiuvbe/rs.efsisnidoEnle/m1ean2ta(4) aw2i2t-hf dafrdg-s4:6 e[b"-a8c0cdefs-s8idbielei5t9y9 aiada"d,3"/teeslte-mUesnetr/n7aamfe5",0"3eec15-3d2553c09--a4b18dcb--49c21745--ab236c0-6885c7bf868a66d2f2b/faet"t]ri
b[duetbeu/gt]e &amp#27;x[t3]5 mw[iBatshe Dnroi vbeord]y&amp#27;[
39[md eVbaugl]i d&amp#27; [l3o5cma[tWoDr  Psrtorxayt]e&amp#27;g[i3e9sm  fGoort  trheissp ornesqeu ewsitt:h  xsptaatthu,s  i2d0,0 :c l{a"ssse snsaimoen,I da"c:c"e1sas2iab4ial2i2t-yf difdd,- 4c6essb -s8e0ldefc-t8odre,e 5-9a9anadardoi3d" ,u"ivaaluuteo"ma:t"oUrse
r[ndaembeu ga]n d&amp#27; [p3a5sms[wBoarsde Ddroi vneort] &amp#27;m[a3t9cmh  Waaniyt uisnge r uipn  ttoh i0s  msse rfvoirc ec.o"n}di
t[idoenbu
g[]d e&amp#27;b[u3g5] &amp#27;[35m[WD Proxy]&amp#27;[39m Matched '/element'm t[oW 3cCo m(mand6 6nbafm1e0 5'0f)i]n&amp#27;d[E3l9emm eRnets'po
n[ddienbgu gt]o  &amp#27;c[l3i5emn[tW Dw iPtrho xdyr]i&amp#27;v[e3r9.mg ePtrAotxtyriinbgu t[eP(O)S Tr es/eulletm:e n"tU]s etron a[mPeOS Tan hdt tppa:s/s/w1o2r7d. 0.d0o. 1n:o1t0 0m0a0t/cwdh/ haunby/ sueser in thisssion/a96e5523-8a84-4fe3-a3cb-d 2c61service."0
&amp#27;4[d3e5fdm3[/HeTlTePm]e&amp#27;n[t3]9 mw i&amp#27;t[h3 7bmo<d-y:-  {G"EsTt r/awtde/ghy"u:b"/ascecsessisoinb/i6l6itbyf 1i0d5"0,-"9s8elde2c-t4ob42-8r0"b:d"-t6e6set6-aU1s6e4rfnaa2mde/"e,l"ecmoenntte/x7ta"f:5"0"3,e"1m-udl5t3i0p-l4e1"d:bf-a9l2s7e5}-b
6068cb88622/attribute/text &amp#27;[39m&amp#27;[[3d2emb2u0g0]&amp#27; [&amp#27;3[93m5 m&amp#27;[[W9D0 mP2r2o xmys] &amp#27;-[ 3792m&amp#27; [G3o9tm r
e&amp#27;s[p3o5nms[eH TwTiPt]h&amp#27; [s3t9amt u&amp#27;s[ 9200m0&amp#27;:[ 3{9"mse
s&amp#27;s[i3o5nmId"[:H"TaT9P6]e&amp#27;5[53293m- 8&amp#27;a[8347-m4-f-e>3&amp#27;-[a339cmb -&amp#27;d[23c76m1PO0S4Td&amp#27;e[f3d93m" ,&amp#27;"[v3a7lmu/ew"d:/{h"uEbL/EsMeEsNsTi"o:n"/265f6db3f1130c5-08-b9e80d-24-c4eb94-28-9840cb-de-06e6ee36ea11a6647f0a92"d,/"aeplpeimuemn/ts-t6o0p6_6r-e1c1oer4d-ian5g2_es-c4rfe7e3n5&amp#27;4[6369cmec
f&amp#27;"[:3"52m5[fHdT3T1P3c]-&amp#27;8[b3e90m- 4&amp#27;c[e990-m8{9}4&amp#27;c[-3e90mee
3[ed1eab6u7g0]9 "&amp#27;}[}35
m[[dWe3bCu g(6]6 b&amp#27;f[13055m0[)W]3&amp#27;C[ 3(9ecm5 3C2a5lcl9i)n]g&amp#27; [A3p9mp iRuemsDproinvdienrg. sttoo pcRleiecnotr dwiitnhg Sdcrrieveenr.(f)i nwdiEtlhe maerngts():  r[enull,"66bf1050-98d2-4b42-80bd-66e6a164fa2d"]
[debug] &amp#27;[35m[ADB]&amp#27;[39m Getting IDs of all 'screenrecord' processes
[debug] &amp#27;[35m[ADB]&amp#27;[39m Running 'C:\Users\lsenuolvt:o \{"AeplpemDeantt-a60\66L-1o1ec4-aa5l2\eA-n4fd73r5o46i6cde\cfs":d"k25\fdp31l3ac-t8bfeo0r-4mc-e9t-8o94ocl-es0e\e3adbe.1ea6x70e9 ",-"PEL E5ME0NT3"7:" 25-fds31 3ac-780be40e-4bcfe79- 8s94hce-el0ele 3ep1ag6r70e9p"} 
-&amp#27;[f3 5\m([H\TT[P]\&amp#27;[[3:9bm l&amp#27;[a3n7mk<-:- \P]OS\T ]/\w|d/\hu^b\/s)esssicorn/eece5n32r5ce9c-aob8rcd-\4c(1\4-[a\23[c:-b85l7af6nak6:df\b]f\e]/\e|le\m$\)'
[debug] &amp#27;[35m[ADB]&amp#27;[39em nRtu n&amp#27;ning[ 3'9Cm:&amp#27;\[U3s2emr2s0\0l&amp#27;e[nov3o9\mA p&amp#27;p[D9a0mt3a0\6L omcsa l-\ A1n3d7r&amp#27;o[i3d9\msd
k&amp#27;\[p3l5amt[fHoTrTmP-]t&amp#27;o[o3l9sm\ a&amp#27;d[b9.0emx&amp#27;e[ 3-9Pm 5
0&amp#27;3[73 5-ms[ HaT7T0P]4&amp#27;e[b3f97m  s&amp#27;h[e3l7lm -k-i>l&amp#27;l[ 3-92m  1&amp#27;9[73372m'
P[dOeSbT&amp#27;[u3g9]m  &amp#27;&amp#27;[[3357mm[/AwDdB/]h&amp#27;u[b39/ms eGsestitoinn/ge cI5Ds3 2o5fc 9a-lalb 8'cs-c4rece1n4r-eac2o3rcd-'8 p5r7ofc6eas6sdefsbf
e[/deelbeumg]e n&amp#27;t[/3255mf[dAD3B1]3&amp#27;c[3-98mb eR0u-n4nicneg9 -'8C9:\4Ucs-eer0se\el3eeno1vao\6A7p0p9D/actlae\aLro&amp#27;c[al3\9Amnd
r&amp#27;o[i3d5\smd[kH\TpTlPa]t&amp#27;f[o3rm9-mt o&amp#27;o[l9s0\ma{d"bi.edx"e: "-2P5 f5d03371 3-cs- 8ab7e040e-b4fc7e 9s-h8e9l4lc -peg0reeep3 e-1fa 6\7(0\[9\"[}:&amp#27;b[l3a9nmk:
\][\d]\e|b\u^g\]) s&amp#27;c[r3ee5nmr[eWc3oCr d(\e(c\5[3\2[:blank:\]\]\|\$\)'
[de5bugc]9 )&amp#27;][&amp#27;3[53m9[mA DCBa]ll&amp#27;i[n3g9 mA pRpuinunmiDnrigv e'rC.:c\lUesaerr(s)\ lweintohv oa\rAgps:p D[a"t2a5\fLdo3c1a3lc\-A8nbder0o-i4dce\9s-d8k9\4pcl-aet0feoer3me-1tao6o7l0s9\"a,"decb5.3e25c9x-ea b-8Pc -540c1347- a-2s3 ca-780547ef6baf67d fpbuflel" /]sdc
a[rd/bd7e2b9u9gc]a 8&amp#27;.[m3p54m [CW:D\ UPsreorxsy\]l&amp#27;e[n3o9vmo \MAaptpcDhaetda \'L/oeclaelme\nTte/m2p5\f2d0321130c2-38-b9e005-64-c1ee9i-p8s994dc.-we30oere\3be712a9697c0a98/.cmlpe4a'r'
 [tdoe bcuogm]m a&amp#27;n[d3 5nma[mAeD B']c&amp#27;l[e3a9rm' R
u[ndnienbgu g']C :&amp#27;\[U3s5emr[sW\Dl ePnroovxoy\]A&amp#27;p[p3D9amt aP\rLooxcyali\nAgn d[rPoOiSdT\ s/dekl\empelnatt/f2o5rfmd-3t1o3ocl-s8\baed0b-.4ecxee9 --8P9 45c0-3e70 e-es3 ea17a0647e09b/fc7l esahre]l lt or m[ P-OrSfT  /hstdtcpa:r/d//1b2772.909.c0a.81.:m1p040'00
/[wdde/bhuugb]/ s&amp#27;e[s3s5imo[nA/nad9r6oei5d5D2r3-i8vae84-4rf]e&amp#27;3[-3a93mc bT-hde2 cs6i1z0e4 doeff dt3h/ee lreemseunltti/n2g5 fsdc3r1e3ecn- 8rbeec0o-r4dcien9-g8 9i4s c1-5e60.e1e63 KeB1
a[6d7e0b9u/gc]l e&amp#27;a[r35]m w[iWt3hC  b(o6d6yb: f{1"0e5l0e)me]n&amp#27;tI[d3"9:"m2 5fRde31s3pco-8nbde0i-n4gc teo9 c-l8i9e4nct- ew0itehe 3der1iav6e7r[INFO ] 2021-01-23 13:08:43.376 com.qa.pages.BasePage:71 - login with invalidUsername
.stopReco0rdin9gS"c}re
e[nd(e)b uregs]u l&amp#27;t[:3 5"mA[AAWAGDG Z0PerXoBxtcyD]Qy&amp#27;A[A3AA9AmG lGzob2t1 trceDsQypAoAnAsEeim 1vb3YAwAiAtBhs bsXZtoaZtAuAsA AA2D0c0M:Y MB{3"DsGeDsAQsAiAoAn+gIAdAB"F:q"AaAE9A6AeA5E5A2AA3A-A8AaA8A4AA-4AAfAeA3AA-BaA3AcAbAA-AdA2AcA6AA1AA0AA4AdAeAfd3","value":null}
[debug] &amp#27;[35m[W3C (ec5325c9)]A&amp#27;A[AQ3A9AmAA ARAAeAsAApAoAAnAdAiAAnAgQ AAtAoA AAcAlAAiAeAnAAtA AwAiAtAhA AAdArAiAAvAeArA.AcAAAlAeAaArA(A)A ArAeAsIuAlAtA:B 2nbuWlVl0Y
Q&amp#27;A[3A5AmC[FHoTZTGPx]y&amp#27;A[A3A9AmA A&amp#27;A[3AA7AmB<t-Z-H RPhOASATA A/AwAdA/AhAuAbA/AsAeAsAsionA/AeAcA5A3A2C5tcr9Z-Xalbz8AcA-A4AcA1A4A-AaA2A3EcA-A8A5A7bfb6WaR60dYfbWfNev/beSl5ehmbemnRty/b252fldk3L1n3cZ-l8cbneN0p-4bc2e49A-A8A9A4ica-Wex0zedeA3AeA1AaB6o7A0A9A/AcBlAeAAAaErm R&amp#27;h[d3G9EAmA&amp#27;[A3A2BmA2A0A0A&amp#27;A[D3E9wmA A&amp#27;A[D9o0HmR9y5 YmWss A-A A1B4c&amp#27;d[G3t9omZA
A&amp#27;A[A3A5fmc[MHTYTMPB]3&amp#27;D[G3D9AmQ A&amp#27;A[A9A0EmA&amp#27;A[A3A9AmAA
A&amp#27;R[a3g5AmAA[AHATATAPA]A&amp#27;A[A3A9AmA A&amp#27;A[A3A7AmA-A-A>A&amp#27;Q[A3A9AmA A&amp#27;A[A3A7AmAGAEATA&amp#27;A[A3A9AmA A&amp#27;A[E3A7AmA/AwAdA/AAhAuAbA/AAAAAAAEAsession/ec5325c9-ab8c-4c14-a23c-857f6Aa6AdAfAbEfOeA/AcAoCnWtAeAxAtA&amp#27;A[A3A9zmxt
Z&amp#27;G[l3h5AmA[AHATITGP1]k&amp#27;a[G3QAAA9AAm3 D&amp#27;G[D9A0dmw{x}g&amp#27;w[E3A9AmV+
Q[AdAeYbfuagQ]A A&amp#27;A[A3A5AmA[AWA3sCa G(Rescc5g3A2A5AcA9A)A]A&amp#27;A[A3A9dmm lCkaZlQlAiAnAgAAAAA AAApApAiAuAmADFrZipvZeGrV.vgSeGtFCuuZrGrxelnAtACAoAnAtextuh()t aWw5imtAhA AaArFgHsZt:aG Q[A"AeAcA5B3A2A5AAcA9A-AaAbA8AcA-A4AcA1A4k-ZaG2l3ucZ-g8A5A7AfB6xakc6mdVfmbAfAeA"A]AA
A[AAdAeEbAuAgA]A M&amp#27;d[X3J5smI[AAWA3ACA E(AeAcA5Ko3c235Rci9b)A]A&amp#27;A[A3L9Rmz dRHeNskpAoAnAdAiAnAgA AtAoA EcAlAiAeCnktY XwZjiMtQhA AdArAiAvAeArA.AgBeAtACAuArArAeAnAtACAoAnAtAeAxAtA(A)AA ArAeAsQu4lCtW:A A"SNAAATAIAVEEg_AAAAPAPA"AAA
A&amp#27;A[Q3A5gmIC[AHgTITCPA]gI&amp#27;C[A3g9ImC A&amp#27;g[I3C7Amg<I-C-A gIGCEATg I/CwAdg/IhCuAbg/IsCeAgsAsBijo/n//weAcAA5C3t2h5dcm9N-DaAbW8QAcM-/4/ch1A4B-Nan2Z3AAcz-r8L5Q7CfI6Aal6vdLfybkfFe/coBngtYeGx0tK E&amp#27;1[A3QA9Fma&amp#27;O[43G24smA2A0A0A&amp#27;A[Q3c9GmF z&amp#27;c[A9A0BmA3AA AmAsQ A-A A2A2A&amp#27;AE[23N9vmbH
J&amp#27;u[Y325xm4[AHATUTAPA]Q&amp#27;A[G3AA9AmA A&amp#27;R[B9z0dHRmz&amp#27;A[A3A9AmAA
A&amp#27;A[A3C5Am[HAATATAPB]A&amp#27;A[C3U9Pmw AA&amp#27;A[A3E7AmA-A-t>s&amp#27;AA[A3A9AmQ A&amp#27;A[H3V7sAmAPAOASBTA&amp#27;A[D3g9jmA A&amp#27;A[A3A7EmA/AwAdh/ohAuAbAA/AsQeAsAsBiOo0nAA/AeAcBAAAF...
&amp#27;[35m[HTTP]&amp#27;[39m &amp#27;[37m<-- POST /wd/hub/session/66bf1050-98d2-4b42-80bd-66e6a164fa2d/5ap3pi2u5mc/9s-taobp8_cr-e4cocr1d4i-nag2_3scc-r8ee5n7 f&amp#27;6[a369dmf&amp#27;b[f3e2/me2l00e&amp#27;m[e3n9tm&amp#27; [&amp#27;3[99m0m
7&amp#27;5[33 5mms [-H T2T1P3]2&amp#27;2[83&amp#27;9[3m9 m&amp#27;[
9&amp#27;0[m3{5"m[uHsTiTP]&amp#27;[3n9gm" :&amp#27;"[a9c0cme&amp#27;s[s3i9bmi
l&amp#27;i[t3y5 mi[dH"T,T"Pv]a&amp#27;l[u3e9"m: "&amp#27;t[e3s7tm--U-s>e&amp#27;r[n3a9mme "&amp#27;}[&amp#27;3[73mP9OmST
&amp#27;[[d3e9bmu g&amp#27;[]3 7&amp#27;m[/3w5dm/h[uWb3/Cs e(sesci5o3n/2656cb9f)1]0&amp#27;5[03-99m8 dC2a-l4lbi4n2g- 8A0ppbidu-m6D6rei6vae1r6.4ffian2ddE/laepmpeinutm(/)s twairtth_ raercgosr:d i[n"ga_csccerseseinb&amp#27;i[l3i9tmy 
i&amp#27;d[3"5,m"[tHeTsTtP-]U&amp#27;s[e3r9nma m&amp#27;e["9,0"me{c}5&amp#27;3[2359cm9-
a[bd8ecb-u4g] &amp#27;[35m[W3cC1 (46-6ab2f31c0-5805)]7&amp#27;f[63a96md fCbaflel"i]ng
 [Adpepbiuugm]D r&amp#27;i[v35emr[.BsatsaerDtrRievceorr]d&amp#27;i[n3g9Smc rVeaelni(d)  lwoictaht oarr gsst:r a[tneuglile,s" 6f6obrf 1t0h5i0s- 9r8edq2u-e4sbt4:2 -x8p0abtdh-,6 6ied6,a 1c6l4afsas 2dn"a]m
e[,d eabcucegs]s i&amp#27;b[3il5imt[yA DiBd],&amp#27; [c3s9sm  sGeeltetcitnogr ,I -Dasn dorfo iadl lu i'asuctroemeantroerco
r[dd'e bpurgo]c e&amp#27;[s3s5esm[
Ba[sdeeDbruigv]e r&amp#27;][&amp#27;3[53m9m[ AWDaBi]t&amp#27;i[n3g9 mu pR utnon i0n gm s' Cf:o\rU sceornsd\ilteinoonvo
\[AdpepbDuagt]a \&amp#27;L[o3c5aml[\WADn Prdorxoyi]d&amp#27;\[s3d9km\ plMaatform-ttcohoelds \'a/debl.eemxeen t-'P  t5o0 3c7o m-msa nad7 0n4aembef 7' fsihnedlEll epmgernetp' -
f[ d\e(b\u[g\][ :b&amp#27;l[a3n5km:[\W]\]\|\^\)screenrecord\(\[\[:blank:\]\]\|\$\)'
&amp#27;[D3 5Pmr[oAxnyd]r&amp#27;o[i3d9Dmr iPvreorx]y&amp#27;i[n3g9 m[ PSOcSrTe e/ne lreemceonrtd]i ntgo  h[aPsO SnTo th tbtepe:n/ /p1r2e7v.i0o.u0s.l1y: 1s0t0a0r0t/ewdd /bhyu bA/pspeisusmi.o nT/hae9r6ee is 5no5t2h3i-8a84-4fe3-a3cb-d2c6104defd3/element] with nbgo dtyo:  s{t"osptr
a[tdeegbyu"g:]" a&amp#27;[c3c5ems[sAiDbBi]l&amp#27;i[t3y9 mi dG"e,t"tsienlge cItDosr "o:f" taelslt -'Usscerreneanmree"c,o"rcdo'n tperxotc"e:s"s"e,s"m
u[ldteibpulge]" :&amp#27;f[a3l5sme[}A
D[Bd]&amp#27;e[b3u9gm]  R&amp#27;u[nn3i5nmg[ W'DC :P\rUosxeyr]s&amp#27;\[l3e9m nGootv or\eAspppoDnastea w\iLtohc aslt\aAtnudsr o2i0d0\:s d{k"\sepslsaitofnoIrdm"-:t"oao9l6se\5a5d2b3-.8eax8e4- 4-fPe 35-0a337c b--sd 2ca6710044edbeffd73 "s,h"evlall upeg"r:e{"p E-LEfM E\N(T\"[:\"[0:9b5lfea0n7k1:-\d]a\f]c\-|4\7^9\3)-sac8r0cee-nbr60e1cfo5r7df\(e\3[2\7[":,b"lealnekm:e\n]t\-]6\0|6\6$-\1)1'e4
-[ad5e2beu-g4] f&amp#27;7[33554m6[6AcDeBc]f&amp#27;"[:3"90m9 5Bfuei0l7d1i-ndga fscc-r4e7e9n3r-eac8o0rcd- bp6r0o1cfe5s7sf ew3i2t7h th"e} c}om
m[adnde bluign]e :&amp#27; [a3d5b -mP[ W530C3 7( e-cs a5730245ec9b)f]&amp#27;7[3 9smh eRlels posncdinrge etnor eccloirentd  w-i-tthi med-rliimvietr 180. /sfdicnadrEdl/e6m4e6n727t6(f). mreps4ult
:[ d{e"beulegm]e n&amp#27;t-6[03656m-[1A1DeB4-a]5&amp#27;2e[3-94mf R7u3nn5i4n6g6 c'eCc:\fU"ser:s"\0l9e5nfe0o7vo\1A-pdpafDca-t47a9\3L-oac8a0lc\-Abn601dfr5o7ifde3\2s7d"k,"\ELpElMaEtNfoTr"m:-t"o0o9l5sf\ea0d7b1.-exed a-fPc -54073973 -s- aa7800c4-ebb6f017f 5s7hfeel3l2 7""}[ 
-&amp#27;e ['3/5sm[dHTcTaPr]d&amp#27;/6[436972m7 6&amp#27;f[.3m7pm4<'- ] -& &P OeScTh o/ w__PdA/ShSu_b/_s"e'ssi
o[nd/eebcu5g3]25 c9&amp#27;-[a3b58m[c-A4Dc1B4-]a&amp#27;[2339cm- 8Ru5n7nfi6nag6 'dCf:\Ubsfeer/se\lleemneovon\Atp p&amp#27;[D3a9mt&amp#27;a[3\2Lmo2c0a0l&amp#27;\[A39mn d&amp#27;r[o9i0dm\5s3d3 mks\ p-l a1t3fo7r&amp#27;m[-3to9omls
\&amp#27;a[db.3e5xme[ -HPT T5P037] &amp#27;-[s3 9am7 0&amp#27;[4e9b0fm7&amp#27; [s3h9eml
&amp#27;l[ 3"5[m [-HeT TP]'&amp#27;/[s3d9cmar d&amp#27;/[643677m2-7-6>f.&amp#27;m[p4'3 9]m  &&amp#27;&[ 3e7cmhGo _E_TP&amp#27;A[S39Sm_ _&amp#27;"[3'7m
/[wdde/bhuub/gs]e s&amp#27;s[i3o5nm/[ec5W3235C c(96-6bafb1085c0-)]4c&amp#27;[1349-m Rae2s3pco-n8di5n7g tfo6 a6dfclbifeen/tel emweintth/ 0d9r5ifvee0r7.1s-tdaarftcR-e4c7o9r3d-ian8g0Scc-rbe6e0n1(f)5 7rfesuel3t2:7 /"d"isplayed&amp#27;[39m
&amp#27;[35m[HTTP]&amp#27;[39m &amp#27;[90m{}&amp#27;[39m
[debug] &amp#27;[35m[W3C (ec5325c9)]&amp#27;[39m Calling AppiumDriver.elementDisplayed() with args: ["095fe071-dafc-4793-a80c-b601f57fe327","ec5325c9-ab8c-4c14-a23c-857f6a6dfbfe"
]&amp#27;[
3[5dme[bHuTgT]P ]&amp#27;[39m &amp#27;[37m<-- POST /wd/hub&amp#27;[35m[WD Proxy]&amp#27;[39m Matched '/element/095fe071-dafc-4793-a80c-b601f57fe327/attribute/displayed' to command name 'getAttribute'
[debug] &amp#27;[35m[WD Proxy]&amp#27;[39m Proxying/ [GEsT e/eslsemieonnt//06965fbe0f711-0d5af0c--497893d-2a8-40bc-4b260-18f507bfed3-276/6atet6riab1u6te4/fdias2pdla/yaedp] ptoi u[GmET/ shtttap:r/t/1_27r.e0.c0.o1r:1d00i0n0/gwd_/shcurb/eseesnsi o&amp#27;n/[a3969em5&amp#27;5[233-82a8m42-04f0e3&amp#27;-a3cb-d2c6104d[efd339/eml e&amp#27;m[9en0t/095fme704711 -mdsa f-c -1427&amp#27;9[33-9am80
c&amp#27;-[b3650m1[fH5T7TfP]&amp#27;[39m &amp#27;[90m&amp#27;[39m
&amp#27;[35m[HTTP]&amp#27;[3e327/attribut9em/ d&amp#27;i[s3p7lma-y-e>&amp#27;[39dm ] w&amp#27;i[t3h7 mnGoE Tb&amp#27;o[d3y9m
 [&amp#27;d[e3b7umg/]w d&amp#27;/[h3u5bm/[sWeDs sPiroonx/y6]6&amp#27;b[f3190m5 0G-9o8td 2r-e4sbp4o2n-s8e0 bwdi-6t6he 6sat1a6t4ufsa 22d0/0c:o n{t"esxets&amp#27;s[i3o9nmId":
"&amp#27;a[9365em5[5H2T3T-8Pa]8&amp#27;4-4fe3-a3cb[3-9dm2c 6&amp#27;1[0940dme{f}d&amp#27;3["3,9"mva
l[udee"b:u"gt]r u&amp#27;e["}
[debug] &amp#27;[35m[W3C (ec5325c9)]&amp#27;[39m Responding to client with driver.elementDisplayed() result: true
&amp#27;[35m[HTTP]&amp#27;[39m &amp#27;[37m<-- GET /wd/hub/session/ec5325c9-ab8c-34c145-ma[W233Cc (-6865bf71f0560a)6dfbfe/element/095fe071-dafc-4793-]a8&amp#27;0[c3-9bm6 0C1afl5l7ifneg3 2A7p/pdiiusmpDlraiyveedr .&amp#27;g[e3t9Cmu&amp#27;r[r3e2nmt2C0o0n&amp#27;t[e3x9tm( )&amp#27; [w9i0tmh7 8a rmgss -:  1[4"&amp#27;6[6b39fm10
5&amp#27;0[-398d2-54mb[4H2T-T8P0]b&amp#27;d[-3696me 6&amp#27;a[19604mf&amp#27;a[23d9"m]

&amp#27;[[d3e5bmug][ H&amp#27;T[T3P5]m&amp#27;[[W339Cm  (&amp#27;6[63b7fm1-0-5>0&amp#27;)[]3&amp#27;9[m3 9&amp#27;m[ 3R7emsGpETo&amp#27;n[d3i9nmg  &amp#27;t[o3 7cml/iwedn/th uwbi/tshe sdsriiovne/re.cg5e3tC25ucr9r-eanbt8Cocn-t4ecx1t4(-)a 2r3ecs-u8l5t7:f 6"aN6AdTfIbVfEe_/AcPoPn"te
x&amp#27;t[&amp#27;3[53m9[mHT
T&amp#27;P[]3&amp#27;5[m3[9HmT T&amp#27;[P3]7&amp#27;m[<39--m  &amp#27;G[E9T0 m/{w}d&amp#27;/[h3u9bm/s
e[sdseiboung/]6 6&amp#27;b[f13055m0[-W938Cd 2(-e4cb54322-58c09b)d]-&amp#27;6[63e96ma 1C6a4lflai2ndg A/ppciounmtDerxitv e&amp#27;r[.3g9emt&amp#27;C[u3r2rme2n0t0C&amp#27;o[n3t9emx t&amp#27;([)9 0wmi4t hm sa r-g s2:2 &amp#27;[["3e9cm53
2&amp#27;5[c395-ma[bH8TcT-P4]c&amp#27;1[43-9am2 3&amp#27;c[-9805m7&amp#27;f[63a96mdf
b&amp#27;f[e3"5]m[
H[TdTePb]u&amp#27;g[]3 9&amp#27;m[ 3&amp#27;5[m3[7Wm3-C- >(&amp#27;e[c3593m2 5&amp#27;c[93)7]m&amp#27;P[O3S9Tm&amp#27;[3 9Rems p&amp#27;o[n3d7imn/g wtdo/ hculbi/esnet swsiitohn /d6r6ivbefr1.0g5e0t-C9u8rdr2e-n4tbC4o2n-t8e0xbtd(-)6 6ree6sau1l6t4:f a"2NdA/TeIlVeEm_eAnPtP&amp#27;"[3
9&amp#27;m[
&amp#27;[35m[HTTP]&amp#27;[39m 3&amp#27;5[m9[0HmT{T"P]&amp#27;[39m &amp#27;[37mu<--s GiEnTg "/w:d/"huabc/scesesssioinb/eic5l3i25tcy9- abi8cd-4"c,14"-va2a3cl-u85e7"f6:a"6tesdtf-bfUes/ceorntneaxtm e&amp#27;"[3}9&amp#27;m&amp#27;[[3329mm200
&amp#27;[[39dme &amp#27;b[u9g0]m4  &amp#27;m[s3 5-m [2W2&amp#27;3[C39 m(
6&amp#27;6[3b5fm[1HT0T5P0]&amp#27;)[3]9&amp#27;m [&amp#27;3[990mm&amp#27; [C39aml
l&amp#27;i[3n5gm[ HATTpP]p&amp#27;i[3u9mm D&amp#27;r[3i7vm-e-r>&amp#27;.[f39imn &amp#27;d[E37lmePOmSeT&amp#27;n[t39(m) &amp#27; [w37imt/whd /haurb/segsssi:o n/[ec"5a3c2c5ce9s-asbi8cb-i4cl1i4-tay23 ci-8d5"7f,6"a6tdefbsfte/-eUlesmeerntn&amp#27;a[3m9em"
,&amp#27;["356m6[HbTfTP1]0&amp#27;[5309m- &amp#27;9[890dm{2"-u4sibn4g"2:-"a8c0cbesdsi-b6il6iety6 aid1"6,"4vfalau2e"d:""t]est
-U[sedrenabmue"g}] &amp#27;&amp#27;[[3359mm[B
a[sdeeDbruigv]e &amp#27;r[]3&amp#27;5[m3[9Wm3 CV a(leic5325c9)]&amp#27;[39m Calling AppiumDriver.findElement() with args: ["accessibility id","test-Username","dec5325c9-ab8c-4c14-a2 3lcoc-at8o5r7 fst6raa6tedgfibesf ef"o]r t
h[idse breuquge]s t&amp#27;[35m[: Bxpaasteh,D id, rcliavsse rna]me&amp#27;,[ 3ac9cmes sVibailliityd i dl, occsas tsoelr strategies fore tchtios rr,eq u-eastn: dxpraothi,d i dui,aut colmaastso nram
[dee,b uagcc]e s&amp#27;s[i3b5iml[iBtays eiDdr,i vcers]s&amp#27;[ 3s9eml Weacittionrg,  u-pa ntdor oi0d  umisau tfoomrat ocro
n[ddeibutgi]o n&amp#27;[
[debug] 3&amp#27;5m[[3Ba5sme[DrWiD Prvoexr]&amp#27;y[]3&amp#27;9[m3 9Wma iMtaitched '/elementn'g  tuop  toc o0m mamns fodr  cnoanmdiet i'onf
i[nddebEugl]e m&amp#27;[e3n5tm'[W
D[ dPerbouxgy]]&amp#27; [&amp#27;3[93m 5Mma[tWcDh ePrdo xy']/&amp#27;e[l3e9m mPeronxt'y itnog  c[PoOmSTm a/enlde mneanmte]  'tfo i[nPdOSETl ehmtetnpt:'//
1[2d7e.b0.u0g.]1 :&amp#27;1[3050m0[1W/Dw dP/rhouxby/]s&amp#27;e[s3s9imo nP/1a2ra4oax2y2i-nfgd f[dP-O4S6Te b/e-l8e0mdefn-t8]d eeto5 9[9PaOaSaTd3 /hetltep:m/e/n1t2]7 .w0i.t0h. 1b:o1d0y0:0 0/{"wsdtr/ahteugby/":s"easccseissoinbi/lait9y6 ied5",5"2s3el-e8ctaor8":4"t-e4stf-eUs3er-naam3ec",b"-codnt2ecx6t1":0"4",d"emfuldt3ip/lee"l:efmalesne}t]
[ dweibutgh]  &amp#27;b[o3d5ym:[ W{D "Psrtoxrya]&amp#27;t[e3g9my "Go:t" arcescpeosnssei bwiitlhi tstya tiuds" ,2"0s0e:l e{c"tsoers"s:i"otneIsdt"-:U"s1ear2naa4mae2"2,-"fcdontfedx-t4"6:e"b"-,8"0mdufl-t8idpelee5"9:9faaalasde3}",
"[vdaelubeu"g:]{ "&amp#27;E[L3E5MmE[NWTD" :P"r5o3xdy0]d&amp#27;2[e309-m6 2G2oft- 4r0e4sbp-oan7s8e3 -wift8h1 fs7t5a9t8uas2 42c00":, {"sessio  When I enter username as "invalidUsername"                                                          # com.qa.stepdef.LoginStepDef.iEnterUsernameAs(java.lang.String)nId":"a96e5523-8a84-4fe3-a3cb-d
2c6104defd3","value":{"ELEMENT":"bf048736-cff9-40dd-843"3-2eclfe7m2efnbt2-e68056c"6,-"1e1lee4m-ean5t2-e6-046f67-31514e646-caec52fe"-:4"f5733d504d626ec0e-c6f2"2:f"-b4f0044b8-7a3768-3c-ff8f19f-74509d8da-2844c3"3-}2}cf
7[2defbubg2] e&amp#27;[3855m[cW"3}C }(66
b[fd10e5b0u)g]]&amp#27; [&amp#27;39[m3 5Rems[poWn3dCin g (teoc 53cl2i5enct9 w)i]th&amp#27; [d3ri9vmer .RfiensdEploenmdenitn(g)  rtesou lct:l i{e"netl ewmietnht -d6r0i6v6e-r1.1fein4d-Eal5e2mee-n4tf(7)3 5re4s6u6lcte:c f{"":e"le5m3edn0td-26e0606--61212ef4--a5420e4-b4-fa77385436-6fc8ec1ff"7:5"9b8fa02448c7"3,6"-EcLfEfM9E-N4T"0:d"d5-834d303d-22ec0f-762fb222ef8-54c0"4,b"-EaL7E8M3-EfN8T1"f:7"5b9f80a42847c3"6}-c
f&amp#27;f[395-m4[0HdTdT-P8]4&amp#27;33[3-92mc f&amp#27;7[23f7bm2<e-8-5 cP"OS}T 
/&amp#27;[w3d5/mh[uHbT/TsPe]s&amp#27;s[i3o9nm/ 6&amp#27;6[b3f71m0<5-0-- 9P8OdS2T- 4/bw4d2/-h8u0bb/ds-e6s6sei6oan1/6e4cf5a322d5/ce9-abl8ecm-e4nct1 4&amp#27;-[a3293mc&amp#27;-[8325m72f060a&amp#27;6[d39fm b&amp#27;f[e9/0eml2e8m emnst  - &amp#27;1[3379&amp#27;m[&amp#27;3[9m32
m&amp#27;2[0305m&amp#27;[[HTTP]&amp#27;[39m &amp#27;[90m&amp#27;[39m
&amp#27;[35m[HTTP]&amp#27;[39m &amp#27;[37m-->&amp#27;[3399mm  &amp#27;&amp#27;[[3970mmG1E8T5&amp#27; [3m9sm  -&amp#27; [13377m&amp#27;/[w3d9/mhub
/&amp#27;s[e3s5smio[nH/T6T6Pb]f&amp#27;1[03590m- 9&amp#27;8[d920-m4&amp#27;b[4329-m80
b&amp#27;d[-3656me[6HaT1T6P4]f&amp#27;a[23d9/me l&amp#27;e[m3e7nmt-/-5>3&amp#27;d[03d92me 0&amp#27;-[63272mf-4P0O4SbT-&amp#27;a[73893m- f&amp#27;8[13f77m5/9w8da/2h4ucb//dsiesspsliaoyne/de&amp#27;[39cm53
2&amp#27;5[c395-ma[bH8TcT-P4]c&amp#27;1[43-9am2 3&amp#27;c[-9805m7{f}6&amp#27;a[63d9fmbf
e[/deelbeumge]n t&amp#27;/[b3f50m4[8W733C6 -(c6f6fb9f-14005d0d)-]8&amp#27;4[3339-m2 cCf7a2flbl2ien8g5 cA/pvpailuumeD&amp#27;r[i3v9emr.
e&amp#27;l[e3m5emn[tHDTiTsPp]l&amp#27;a[y3e9dm( )&amp#27; [w9i0tmh{ "airdg"s::" b[f0"45837d306d-2cef0f-692-24f0-d4d0-48b4-3a738-32-cff8712ffb7529e88a52c4"c,"",t"e6x6tb"f:1"0i5n0v-a9l8di2d-U4sbe4r2n-a8m0eb"d,-"6v6ael6uae16"4:f[a"2i"d",]"n"
,["dveb"u,g"]a "&amp#27;,["3l5"m,["WiD" ,P"rdo"x,y"]U&amp#27;"[,3"9sm" ,M"aet"c,h"erd" ,'"/ne"l,e"mae"n,t"/m5"3,d"0de2"]e}0&amp#27;-[63292mf-
4[0d4ebb-uag7]8 3&amp#27;-[f3851mf[7W539C8 a(2e4cc5/3a2t5tcr9i)b]u&amp#27;t[e3/9md iCsaplllaiynegd 'A tpop icuommDmrainvde rn.asmeet V'agleuteA(t)t rwiibtuht ea'rg
s[:d e[b[u"gi]" ,&amp#27;"[n3"5,m"[vW"D,"a "P,r"olx"y,]"&amp#27;i["3,9"md "P,r"oUx"y,i"nsg" ,["GeE"T, "/re"l,e"mne"n,t"/a5"3,d"0md"2,"ee0"-]6,2"2bff-0440847b3-6a-7c8f3f-9f-8410fd7d5-9884a3234-c2/caft7t2rfib2beu8t5ec/"d,i"sepcl5a3y25ecd9]- atbo8 c[-G4EcT http:1//142-7a.203.c0-.815:71f060a061d/fwbdf/eh"u]b/
s[esdseiboung/]1 a&amp#27;2[a345am[2W2D-f dPfdr-ox46yeb]-&amp#27;80[d3f9-m8 dMeaet5c9h9eada a'd/3/eelleemmeenntt//5b3fd004d827e306-6-2c2fff-94-044b0-dad7-8834-3f38-12fc7f57928af2b4c2/aet8tr5icb/uvtael/udei's ptloay ecdo] mwmiatnhd  nnoa mbeo d'yse
t[dVeabluuge]' &amp#27;
[3[5dme[bWuDg ]P ro&amp#27;x[y]&amp#27;[3359mm[ PGroot troecsoplo nCseo nwvietrht esrt]a&amp#27;t[us3 92m0 0:A d{d"esde s'sviaolnuIed"': "p1rao2pae4rat2y2 -[f"dif"d-,4"6ne"b,-"8v0"d,f"-a","l","i","d","U","s","e"8dee599aaad3","value":",tr"ure"",}"n
"[,d"eab"u,g"]m ",&amp#27;"[e3"5]m [tWo3 C' s(e6t6Vbalfu1e0'5 0r)e]q&amp#27;u[e3st9 mb oRedsypo
n[ddienbgu g] &amp#27;[35m[WD Proxy]&amp#27;[39m Proxying [POST /elemteo nctli/ebntf 0wi4th8 7dr3i6ve-rc.eflefm9en-tD4i0spdlday-ed8(4) 33-r2escuflt7:2 tfrbu2ee
&amp#27;8[535cm/[HvTTaP]l&amp#27;u[3e9]m  &amp#27;[t3o7m <-[-P GOEST T/ wdh/htutb/pse:s/si/on1/662bf71.0050.-098.d21-4:b4120-8000bd0-6/6we6da1/6h4fuab2d//seleesmesnti/o53nd/0da2e0-622f-404b-a783-f81f7598a24c/dis9pl6aeye5d5 &amp#27;2[339-m8&amp#27;[a382m42-040&amp#27;f[e393m- &amp#27;a[390cm2b1- mds2 -c 1641&amp#27;[0394md
e&amp#27;f[3d53m[/HeTleTPm]e&amp#27;[n39tm/ &amp#27;b[f900m&amp#27;4[8397m3
6&amp#27;[-3c5m[INFO ] 2021-01-23 13:08:44.627 com.qa.pages.BasePage:71 - login with standard_user
[HTTP]&amp#27;[39m &amp#27;[37m-->&amp#27;[39m &amp#27;[37mGET&amp#27;[39m &amp#27;[37m/wd/hub/session/66bf1050-98d2-4b42-80bd-66e6a164fa2d/context&amp#27;[39m
&amp#27;[35m[HTTP]&amp#27;[39m &amp#27;[90m{}&amp#27;[39m
[debug] &amp#27;[35m[W3C (66bf1050)]&amp#27;[39m Calling AppiumDriver.getCurrentContext() with args: ["66bf1050-98d2-4b42-80bd-66e6a164fa2d"]
[debug] &amp#27;[35m[W3C (66bf1050)]&amp#27;[39m Responding to client with driver.getCurrentContext() result: "NATIVE_APP"
&amp#27;[35m[HTTP]&amp#27;[39m &amp#27;[37m<-- GET /wd/hub/session/66bf1050-98d2-4b42-80bd-66e6a164fa2d/context &amp#27;[39m&amp#27;[32m200&amp#27;[39m &amp#27;[90m512 ms - 22&amp#27;[39m
&amp#27;[35m[HTTP]&amp#27;[39m &amp#27;[90m&amp#27;[39m
&amp#27;[35m[HTTP]&amp#27;[39m &amp#27;[37m-->&amp#27;[39m &amp#27;[37mPOST&amp#27;[39m &amp#27;[37m/wd/hub/session/66bf1050-98d2-4b42-80bd-66e6a164fa2d/element&amp#27;[39m
&amp#27;[35m[HTTP]&amp#27;[39m &amp#27;[90m{"using":"accessibility id","value":"test-Username"}&amp#27;[39m
[debug] &amp#27;[35m[W3C (66bf1050)]&amp#27;[39m Calling AppiumDriver.findElement() with args: ["accessibility id","test-Username","66bf1050-98d2-4b42-80bd-66e6a164fa2d"]
[debug] &amp#27;[35m[BaseDriver]&amp#27;[39m Valid locator strategies for this request: xpath, id, class name, accessibility id, css selector, -android uiautomator
[debug] &amp#27;[35m[BaseDriver]&amp#27;[39m Waiting up to 0 ms for condition
[debug] &amp#27;[35m[WD Proxy]&amp#27;[39m Matff9-40dd-8433-2cf72fb2e85c/vcahleude ]' /wiethl ebmoednyt:' {" eletmoen tcIodm"m:a"nbfd0 4n8a7m3e6 -'fcifnfd9-E4l0eddm-e8nt'43
3[-2dcfe7b2ufbg2e]8 &amp#27;5[c"3,5"tme[xtW"D:" iPnvraloixdyU]&amp#27;se[r3n9ma mPer"o,x"yrienpgl a[cPeO"S:Tf a/lesleem,e"nvta]l uet"o: [["PiOS"T, h"tntp":,//"12v7".0,."0.a1":1,0"00l1"/w,d/"hiu"b/,s"esds"io,n"/U1"a2,a4"as2"2-,fd"fed-"4,6e"br-8"0,df"-8nd"ee,5"9a9"a,a"amd"3,/"elee"m]e}nt
][ dweitbhu gb]o d&amp#27;y[:3 5{"ms[tWrDa tPergoyx"y:]"a&amp#27;c[c3e9sms iGboitl itry eisdp"o,"nsseel ewcittohr "s:t"atteusst -2U0s0er:n a{m"es"e,s"scioonntIedx"t:"":"a"9,6"em5u5l2t3ip-l8ea"8:4f-a4lfsee3}-
a[3dceb-bdug2]c 6&amp#27;1[0345dme[fWdD3 "P,r"ovxayl]u&amp#27;e["3:9nm uGlolt} r
e[sdpeobnug] &amp#27;[35m[W3C (ec5325c9)]&amp#27;[39m Respondinsg et ow ictlh isetnatt uwsi t2h0 0d:r i{"vseers.ssieotnIdV"a:l"u1ea(2)a 4ar2e2s-ufldtf:d -n4u6lelb-
8&amp#27;0d[f-385deme[5H9T9TaPaa]d&amp#27;3["3,9"mv a&amp#27;l[u3e7"m:{<"-E-L EMPOSETN T/"w:d"/1h70u2bb/2s6e5s-s3i0odn1/-e4c65f3e2-59bcb9d--a2b08cc1-f4ecf1946-5a9203"c,"-e8l5e7mfe6nat6-d6f0b6f6-e1/1eel4e-am5e2net-/4bff70345847636c6e-ccfff9-40dd-8433-2cf72fb2e85c/value &amp#27;[39m&amp#27;[32m200&amp#27;[39m &amp#27;[90m707" m:s" 1-7 0124b&amp#27;2[6359-m30
d&amp#27;1[-3456mf[eH-T9TbPb]d&amp#27;-[2309cm1 f&amp#27;e[f9906m5&amp#27;9[03"9}m}

&amp#27;[[d3e5bmu[gH]T T&amp#27;P[]3&amp#27;5[m3[9Wm3 C&amp#27; [(3676mb-f-1>0&amp#27;5[03)9]m&amp#27; [&amp#27;3[93m7 mRGeEsTp&amp#27;o[n3d9imn g&amp#27; [t3o7 mc/lwiden/th uwbi/tshe sdsriiovne/re.cf5i3n2d5Ecl9e-maebn8tc(-)4 cr1e4s-ual23c-85t7f:6 a{6"deflbemfeen/tc-o6n0t6e6x-t1&amp#27;1[e349-ma5
2&amp#27;e[-345fm7[3H5T4T6P6]c&amp#27;e[c3f9"m: "&amp#27;1[79002mb{2}6&amp#27;5[-3390md1
-[4d6efbe-u9gb]b d&amp#27;-[2305cm1[fWef39C6 5(9e0c"5,3"25c9)]&amp#27;[39m Calling AppiumDEriLvEeMrE.NgTe"t:C"u1r7r0e2nb2t6C5o-n3t0edx1t-(46) wifteh- 9abbrgds-2:0 c[1"feecf593625590c9"}-a
b&amp#27;8[c3-54mc[1H4T-TaP2]3&amp#27;c[-389m5 7&amp#27;f[63a76md<f-b-f eP"O]ST
 [/dwed/bhuugb]/ s&amp#27;e[s3s5imo[nW/366Cb f(1e0c5503-2958cd92)-]4&amp#27;b[4329-m8 0Rbde-s6p6oen6dai1n6g4 fat2od /celient with driver.getCurrentContext() result: "NATIVE_APP"
l&amp#27;[3e5mm[eHnTTtP ]&amp#27;&amp#27;[[393m9 &amp#27;m[&amp#27;37[m3<-2- mG2ET0 0/w&amp#27;d[/h3u9bm/s es&amp#27;[s9i0onm/4ec15 32m5sc9 --ab 81c3-47c&amp#27;1[4-3a923mc-
85&amp#27;7[f63a56dmf[bfHeT/cToPnt]e&amp#27;xt[ 3&amp#27;[93m9m &amp#27;&amp#27;[[3920mm2&amp#27;0[03&amp#27;9[m39
m&amp#27; [&amp#27;3[59m0m[4H TmTsP ]-&amp#27; [2329&amp#27;m[ 3&amp#27;9[m37
m&amp#27;-[-3>5&amp#27;m[[3H9TmT P&amp#27;][&amp#27;3[379mmP O&amp#27;S[T&amp#27;9[03m9m&amp#27; [&amp#27;3[93m7m
/&amp#27;w[d3/5hmu[bH/TsTePs]si&amp#27;o[n3/96m6 b&amp#27;f[13075m0---9>8&amp#27;d2-4b4[23-98m0 b&amp#27;d[-3676meP6OaS1T64&amp#27;f[a329dm/eleme n&amp#27;t[/3177m0/2wb2d6/5h-u3b0/ds1e-s4s6ifoen-/9ecb5bd32-52c09c1fef9659-ab8c-04c1/4-cal2e3acr-&amp#27;85[73f69a6mdf
bf&amp#27;e[/3e5lemm[eHnTt&amp#27;T[P39]m&amp#27;[
&amp#27;3[93m5m [&amp#27;HT[T9P0]&amp#27;m[{39"mi &amp#27;d["90:m"{"1u7s0in2gb":2"6a5c-c3es0sdi1bi-l4it6y fied"-,9"vbabldu-e"2:0"tce1stf-ePafs9sw6o5rd9"0}"&amp#27;}[&amp#27;3[93m9m
[
d[edbeubgu]g ]&amp#27; [&amp#27;[353m5[mW[3WC3 C( (6e6cb5f132055c09))]]&amp#27;&amp#27;[[3399mm  CCaalllliinngg  ApAppipuimuDmrDirivveerr..ficnldeEalerme(n)t ()w iwitthh  aarrggss::  ["[a"c1702b265-30d1-46fe-9bbd-20cc1efsseifbi9l6it5y9 i0d"",,""te6s6t-bPfas1sw0o5r0d-"9,"8ecd5322-5c49-ba4b82c--48c104b-ad23-c-6865e76f6aa61d6fb4fef"a]2
d[d"eb]ug]
 &amp#27;[[3d5emb[uBag] se&amp#27;D[ri3ve5r]m&amp#27;[[3W9mD  VaPlirdo xloyc]a&amp#27;to[r 3s9trmat eMgiaest fcohr ethdi s 'r/eequleestm:e xnpatt/h,1 i7d0,2 cbl2as6s 5n-a3me0,d a1ccess-i4b6ilfiety- 9ibd,b dc-ss2 0scel1efcetofr96,5 9-0a/ncdlreaori'd t ou cioammuatndo mnaamte 'clear'
[debuog]r &amp#27;[
3[5md[eWDb uPgro]x y&amp#27;]&amp#27;[[3395mm P[rBoxaysiengD r[PiOvSTe r/e]l&amp#27;em[e3n9t/1m70 2Wb2a65-30id1t-i4n6gf eu-p9 btbod -02 0mcs1 ffeofr9 6c5o9n0d/ictlieoanr]
 [tdoe b[uPgO]S T&amp#27; [h3t5tmp[:W/D/ 1P2r7o.x0y.]0&amp#27;.[13:91m0 0M0a1t/cwhde/dh u'b//esleesmseinotn'/ 1tao2 ac4oam2m2a-nfdd fnda-m4e6 e'bf-i8n0ddEfl-e8mdeenet5'99
a[adaedb3u/ge]l e&amp#27;m[e3n5tm/[1W7D0 2Pbr2o6x5y-]30d1-46fe-9bbd-20c1fef96&amp#27;[53990m/ cPlreoaxry]i nwgi t[hP ObSoTd y/:e l{e"melemenetnItd]" :t"o1 7[0P2ObST2 h6t5t-p3:0/d/11-2476.f0e.-09.b1b:d1-02000c01/fwedf/9h6u5b9/0s"e}ss
i[odne/bau9g6]e 5&amp#27;5[2335-m8[aW8D4 -P4rfoex3y-]a&amp#27;3[c3b9-md 2Gco6t1 0r4edsepfodn3s/ee lweimtehn ts]t awtiutsh  2b0o0d:y :{ "{s"essionId":"1a2a4a22-fdfd-46eb-80df-8dee599aaad3","value":null}
[debug] &amp#27;[35m[W3C (66bf1050)]&amp#27;[39m Responding to client with driver.clear() result: null
&amp#27;[35m[HTTP]&amp#27;[39m &amp#27;[37m<-- POST /wd/hub/session/66bf1050-98d2-4b42-80bd-66e6a164fa2d/element/1702b265-30d1-46fe-9bbd-20c1fef96590/clear &amp#27;[39m&amp#27;[32m200&amp#27;[39m &amp#27;[90m45 ms - 14&amp#27;[39m
&amp#27;[35m[HTTP]&amp#27;[39m &amp#27;[90m&amp#27;[39m
&amp#27;[35m[HTTP]&amp#27;[39m &amp#27;[37m-->&amp#27;[39m &amp#27;[37mGET&amp#27;[39m &amp#27;[37m/wd/hub/session/66bf1050-98d2-4b42-80bd-66e6a164fa2d/context&amp#27;[39m
&amp#27;[35m[HTTP]&amp#27;[39m &amp#27;[90m{}&amp#27;[39m
[debug] &amp#27;[35m[W3C (66bf1050)]&amp#27;[39m Calling AppiumDriver.getCurrentContext() with args: ["66bf1050-98d2-4b42-80bd-66e6a164fa2d"]
[debug] &amp#27;[3s5mt[rWa3tCe g(y6"6:b"fa1c0c5e0)s]s&amp#27;i[b3i9lmi tRye sipodn"d,i"nsegl teoc ctlioernt" :wi"tht edrsitve-r.PgaetsCusrwreontrCondte"xt,(") croesnutlte: x"tNA"TI:V"E_"AP,P""m
&amp#27;u[l35tm[iHpTTlPe]&amp#27;"[3:9fm a&amp#27;l[3s7em<}-- 
GE[Td /ewbd/uhugb]/s e&amp#27;ss[io3n5m/[66WbfD1 05P0r-o9x8yd]2&amp#27;-[43b94m2 -G8o0tb dr-6e6sep6oan1s6e4 fwai2tdh/ csotnatteuxst  2&amp#27;0[03:9 m&amp#27;{["3s2ems2s0i0o&amp#27;n[I3d9"m: "&amp#27;a[9960e5m532 3m-s8 a-8 42-24&amp#27;f[e339-ma3
c&amp#27;b[-3d52mc[6H1T0T4defd3","value":{"ELEMENT":"6ea08b67-0d83-4Pe]b&amp#27;8[-39967m6 -&amp#27;e[f9508m5&amp#27;2[23e9fm19
7&amp#27;"[,3"5eml[eHmTeTnPt]-6&amp#27;0[6369-m1 1&amp#27;e[43-7am5-2-e>-&amp#27;4[f3793m5 4&amp#27;6[63c7emcPfO"S:T"&amp#27;6[e3a90m8 b&amp#27;6[73-70md/8w3d-/4heubb8/-s9e6s7s6i-oenf/56865b2f21e0f5109-79"8}d}2-
4[db4e2b-u8g0]b d&amp#27;-6[63e56ma[16W43fCa 2(de/ce5l3e25mce9n)t]&amp#27;&amp#27;[[3399mm 
R&amp#27;e[sp3o5nmd[iHnTTgP ]t&amp#27;[o3 9cml i&amp#27;e[n9t0 mw{i"ustihn gd"r:i"avcecers.sifbiilnidtyE lide",m"evanltue(":)"t erste-Usseurlnatm:e" }&amp#27;{["39eml
e[mdeebnugt]- &amp#27;6[3056m[6W-3C1 (166eb4f1-0a505)2]e&amp#27;[-349mf 7Ca3l5li4n6g6 AcpepiumDriver.findElecmefn"t:(")6 ewai0t8hb67 -a0rdg8s3:- 4[e"ba8c-c9e6s7s6i-beifl5i8t5y2 2iedf"1,9"7t"e,s"tE-LUEsMeErNnTa"m:e""6,e"a6068bbf6170-500d-8938-d42e-b48b-4926-7860-bedf-56865e62a21e6f41f9a72"d}"]
&amp#27;
[[3d5emb[uHgT]T P&amp#27;][&amp#27;3[53m9[mB a&amp#27;s[e3D7rmi<v-e-r ]P&amp#27;O[S3T9 m/ wVd/ahluibd/ sleoscsaitoonr/ esct5r3a2t5ecg9i-easb 8fco-r4 ct1h4i-sa 2r3ecq-u8e5s7tf:6 ax6pdaftbhf,e /iedl,e mcelnats s&amp#27; [n3a9mm&amp#27;e[,3 2amc2c0e0s&amp#27;s[i3b9iml i&amp#27;t[y9 0imd5,0 1c smss  s-e l1e3c7t&amp#27;o[r3,9m -andro
&amp#27;i[d3 5umi[aHuTtToP]m&amp#27;a[39m &amp#27;[90m&amp#27;[39m
&amp#27;[35m[Htor
[debug] &amp#27;[35m[BaseDriver]&amp#27;[39m Waiting up to 0 ms for condition
[debug] &amp#27;[35m[WD Proxy]&amp#27;[39m Matched '/element' to command name 'findElement'
[debug] &amp#27;[35m[WD Proxy]&amp#27;[39m Proxying [POST /element] to [POST http://127.0.0.1:10001/wd/hub/session/1a2a4a22-fdfd-46eb-80df-8dee599aaad3/element] with body: {"strategy":"accessibility id","selector":"test-Username","context":"","multiple":false}
[debug] &amp#27;[35m[WD Proxy]&amp#27;[39m Got response with status 200: {"sessionId":"1a2a4a22-fdfd-46eb-80df-8dee599aaad3","value":{"ELEMENT":"d2779a19-9606-4ed5-a53e-5168ffb9b7c4","element-6066-11e4-a52e-4fT73T5P4]6&amp#27;6[c3e9cmf" :&amp#27;"[d3277m7-9-a>1&amp#27;9[-3996m0 6&amp#27;-[43e7dm5G-EaT53&amp#27;e[-3591m6 8&amp#27;f[f3b79mb/7wc4d"/}h}ub
/[sdeesbsuigo]n /&amp#27;e[c3553m2[5Wc39C- a(b668bcf-140c5104)-]a&amp#27;2[33c9m- 8R5e7sfp6oan6ddifnbgf et/oe clleimeenntt /w6ietah0 8dbr6i7v-e0rd.f8i3n-d4Eelbe8m-e9n6t7(6)- result: ef58522{e"fel1e9m7en/td-6i0s66p-l11e4a-ya5e2de-&amp#27;4[f73395m46
6&amp#27;ce[c3f5"m:["HdTT2P7]7&amp#27;9[3a91m9 -&amp#27;9[69006m-{4}&amp#27;e[d359-ma
5[3deeb-u5g1]6 8&amp#27;ffb[93b57mc[4W",3"CEL E(MEeNcT"5:3"d22577c99a)19]-9&amp#27;6[063-94emd 5-Caa53lel-5i16n8gff bA9bp7pci4"u}m
D&amp#27;[r3i5mv[eHTrTP.]e&amp#27;l[e39mme n&amp#27;[t37Dmi<-s-p lPaOySeTd (/)w dw/ihtuhb /asregsss:i o[n"/66e6ab0f81b06570--09d88d32--44ebb842--9860bd-66e76a61-6e4ffa52d8/5e2le2meenft1 &amp#27;[9379m"&amp#27;,[3"2em2c005&amp#27;3[2395mc &amp#27;9[-90amb7582c m-s4 -c 11347-&amp#27;[a329m3
c&amp#27;-[3855m[7HfTT6Pa]&amp#27;6[d39fm b&amp#27;f[9e0"m&amp#27;][39
m[
d&amp#27;[e35bmu[HgT]TP ]&amp#27;&amp#27;[[339m5 m[&amp#27;W[3D7 mP--r>o&amp#27;[x3y9m] &amp#27;&amp#27;[[373m9GEmT &amp#27;[M3a9mt c&amp#27;[h37emd/w d'/h/ueb/lseesmseionnt/6/66bfe1a05008-9b8d627-4-b402d-8803bd--466eeb6a816-4f9a26d7/e6le-meenft/5d8275729a219e-9f6016-947ed/5a-at53ter-5i16b8fuftb9eb7/c4d/diisspplalyead&amp#27;y[e39dm'
&amp#27; [t35om command name 'getAttribute'
[debug] &amp#27;[35m[WD Proxy]&amp#27;[39m Proxying [GET /element/6ea08b67-0d83-4eb8-9676-ef58522ef197/attribute/displayed] to [GET http://127.0.0.1:10000/wd/hub/session/a96e5523-8a84-4fe3-a3cb-d2c6104defd3/elemen[t/6HeTaT0P8]b&amp#27;6[7-309dm8 3&amp#27;-[49e0bm8{-}9&amp#27;6[763-9emf5
8[5d2e2beufg19]7 /&amp#27;a[t3t5rmi[bWu3tCe /(di6s6pblfa1y0e5d0]) ]w&amp#27;i[t3h9 mn o Cbaoldlyin
g[ dAepbupgi]u m&amp#27;D[r3i5vme[rW.De lPreomxeyn]t&amp#27;D[i3s9mp lGaoyte dr(e)s pwonse with status 20i0t:h  a{rg"ss:e [s"sd2i7o79na1I9d-9"6:06"-a4e9d65-ea5535e2-531-688fafb894b-7c44f",e"366-baf1305c0b-9-8dd22-c641b0442-d8e0bfdd-636"e6,a"1v64afla2ude""]:
"[dterbuuge] "&amp#27;[}35m
[[WdeDb uPgr] o&amp#27;x[3y5]m&amp#27;[[W33C9 m(e cM5a3t2c5hced9 )']/&amp#27;e[l3e9mme nRtes/pdo27n7d9ian1g9 -t9o6 0c6l-i4eendt5 -wai5t3he -d5ri1v68efrfb.9ebl7ecm4e/antttDriisbpluatyee/dd(i)s plraeyesdu' ltto :c omtmranude na
m&amp#27;e ['3ge5tmAt[tHriTbTutPe]&amp#27;[39'm
 [&amp#27;de[bu3g7]m <&amp#27;[-3-5 mG[EWTD  /Pwrdo/xhyu]b&amp#27;/[s3e9sms Piroonx/yeicn5g3 [2G5EcT9 /-ealbe8mce-n4tc/1d42-7a729a319c--9865076f-64ae6dd5f-ba5f3ee/-e5l1e6m8efnftb/96be7ac04/8abt6t7r-i0bdu8te3/-d4iesbp8l-a9y6e7d6]- etfo5 [GET htt8p:/5/2122e7f.109.70/.d1i:s1p0l0a0y1e/wd/dh u&amp#27;b[/3s9ems&amp#27;s[i3o2nm/2010a&amp#27;2[a349am2 2&amp#27;-[f9d0fmd5-44 6mesb --8 01d4f&amp#27;-[83d9eme5
9&amp#27;9[a3a5adm3[/HeTlTePm]e&amp#27;n[t3/9dm2 77&amp#27;9[a9109m-&amp#27;9[63096m-4
e&amp#27;d[53-5am5[3HeT-T5P1]6&amp#27;8[f3f9bm9 b7&amp#27;c[43/7amt-t-r>i&amp#27;b[u3t9em/ d&amp#27;i[s3p7lmaGyEeTd&amp#27;][ 3w9imt h&amp#27; [n3o7 mb/owddy/h
u[bd/esbuegs]s i&amp#27;o[n3/5emc[5W3D2 5Pcr9o-xayb]8&amp#27;c[-349cm1 4G-oat2 r3ecs-p8o5nse7 wfi6ta6hd fbsfte/actonutse x2t0&amp#27;0[:3 9{m"
s&amp#27;e[ssio3n5Imd["H:T"T1Pa]2&amp#27;a[43a92m2 &amp#27;-[f9d0fmd{-}4&amp#27;6[e3b9-m8
0[ddfe-b8udge]e 5&amp#27;9[93a5ama[Wd33C" ,("evca5l3u2e5"c:9")t]r&amp#27;u[3e9"m} C
a[ldleibnugg A]p p&amp#27;i[u3m5Dmr[iWv3erC. ge(t6C6ubrfr1e0n5t0C)o]n&amp#27;t[e3x9tm()  Rweistpho nadrignsg:  t[o" eccl5i3e2n5tc 9w-iatbh8 cd-r4icv1e4r-.eale2m3ecn-8t5D7ifs6pal6adyfebdf(e)" ]re
s[udletb:u gt]r u&amp#27;e[3
5&amp#27;m[[3W53mC[ H(TeTcP5]3&amp#27;2[53c99m) ]&amp#27;&amp#27;[[3379mm< -R-e sGEpTo n/dwidn/gh utbo/ scelsiseinotn /w6i6tbhf 1d0r5i0v-e9r8.dg2e-t4Cbu4r2r-e8n0tbCdo-n6t6eex6ta(1)6 4rfeas2udl/te:l e"mNeAnTtI/VdE2_7A7P9Pa"19
-&amp#27;9[63056m-[4HedT5T-Pa]5&amp#27;3[e3-95m1 6&amp#27;8[f3f7bm9<b-7-c 4G/EdTi s/pwlday/ehdu b&amp#27;/[s3e9sms&amp#27;i[o3n2/me2c0503&amp#27;2[53c99m- a&amp#27;b[89c0-m42c5 ms - 14&amp#27;[39m
&amp#27;[35m[HTTP]&amp#27;[39m &amp#27;[90m&amp#27;[39m
&amp#27;[35m[HTTP]&amp#27;[39m &amp#27;[37m-->&amp#27;[3  When I enter username as "standard_user"                # com.qa.stepdef.LoginStepDef.iEnterUsernameAs(java.lang.String)9m &amp#27;[37mGET&amp#27;[39m &amp#27;[37m/wd/hub/session/66bf1050-98d2-4b
42-80bd[INFO ] 2021-01-23 13:08:45.852 com.qa.pages.BasePage:71 - password is secret_sauce
-66e6a164fa2d/context&amp#27;[39m
&amp#27;[35m[HTTP]&amp#27;[39m &amp#27;[90m{}&amp#27;[39m
[debug] &amp#27;[35m[W3C (66bf1050)]&amp#27;[39m Calling AppiumDriver.getCurrentContext() with args: ["66bf1050-98d2-4b42-80bd-66e6a164fa2d"]
[debug] &amp#27;[35m[W3C (66bf1050)]&amp#27;[39m Responding to client with driver.getCurrentContext() result: "NATIVE_APP"
&amp#27;[35m[HTTP]&amp#27;[39m &amp#27;[37m<-- GET /wd/hub/session/66bf1050-98d2-4b42-80bd-66e6a164fa2d/context &amp#27;[39m&amp#27;[32m200&amp#27;[39m &amp#27;[90m2 ms - 22&amp#27;[39m
&amp#27;[35m[HTTP]&amp#27;[39m &amp#27;[90m&amp#27;[39m
&amp#27;[35m[HTTP]&amp#27;[39m &amp#27;[37m-->&amp#27;[39m &amp#27;[37mPOST&amp#27;[39m &amp#27;[37m/wd/hub/session/66bf1050-98d2-4b42-80bd-66e6a164fa2d/element&amp#27;[39m
&amp#27;[35m[HTTP]&amp#27;[39m &amp#27;[90m{"using":"accessibility id","value":"test-Username"}&amp#27;[39m
[debug] &amp#27;[35m[W3C (66bf1050)]&amp#27;[39m Calling AppiumDriver.findElement() with args: ["accessibility id","test-Username","66bf1050-98d2-4b42-80bd-66e6a164fa2d"]
[debug] &amp#27;[35m[BaseDriver]&amp#27;[39m Valid locator strategies for this request: xpath, id, class name, accessibility id, css selector, -android uiautomator
[debug] &amp#27;[35m[BaseDriver]&amp#27;[39m Waiting up to 0 ms for condition
[debug] &amp#27;[35m[WD Proxy]&amp#27;[39m Matched '/element' to command name 'findElement'
[debug] &amp#27;[35m[WD Proxy]&amp#27;[39m Proxying [POST /element] to [POST http://127.0.0.1:10001/wd/hub/session/1a2a4a22-fdfd-46eb-80df-8dee599aaad3/element] with body: {"strategy":"accessibility id","selector":"test-Username","context":"","multiple":false}
[debug] &amp#27;[35m[WD Proxy]&amp#27;[39m Got response with status 200: {"sessionId":"1a2a4a22-fdfd-46eb-80df-8dee599aaad3","value":{"ELEMENT":"00200ff3-9780-4cb1-8eee-e4f992f657bc","element-6066-11e4-a52e-4f735466cecf":"00200ff3-9780-4cb1-8eee-e4f992f657bc"}}
[debug] &amp#27;[35m[W3C (66bf1050)]&amp#27;[39m Responding to client with driver.findElement() result: {"element-6066-11e4-a52e-4f735466cecf":"00200ff3-9780-4cb1-8eee-e4f992f657bc","ELEMENT":"00200ff3-9780-4cb1-8eee-e4f992f657bc"}
&amp#27;[35m[HTTP]&amp#27;[39m &amp#27;[37m<-- POST /wd/hub/session/66bf1050-98d2-4b42-80bd-66e6a164fa2d/element &amp#27;[39m&amp#27;[32m200&amp#27;[39m &amp#27;[90m28 ms - 137&amp#27;[39m
&amp#27;[35m[HTTP]&amp#27;[39m &amp#27;[90m&amp#27;[39m
&amp#27;[35m[HTTP]&amp#27;[39m &amp#27;[37m-->&amp#27;[39m &amp#27;[37mPOST&amp#27;[39m &amp#27;[37m/wd/hub/session/66bf1050-98d2-4b42-80bd-66e6a164fa2d/element/00200ff3-9780-4cb1-8eee-e4f992f657bc/value&amp#27;[39m
&amp#27;[35m[HTTP]&amp#27;[39m &amp#27;[90m{"id":"00200ff3-9780-4cb1-8eee-e4f992f657bc","text":"standard_user","value":["s","t","a","n","d","a","r","d","_","u","s","e","r"]}&amp#27;[39m
[debug] &amp#27;[35m[W3C (66bf1050)]&amp#27;[39m Calling AppiumDriver.setValue() with args: [["s","t","a","n","d","a","r","d","_","u","s","e","r"],"00200ff3-9780-4cb1-8eee-e4f992f657bc","66bf1050-98d2-4b42-80bd-66e6a164fa2d"]
[debug] &amp#27;[35m[WD Proxy]&amp#27;[39m Matched '/element/00200ff3-9780-4cb1-8eee-e4f992f657bc/value' to command name 'setValue'
[debug] &amp#27;[35m[Protocol Converter]&amp#27;[39m Added 'value' property ["s","t","a","n","d","a","r","d","_","u","s","e","r"] to 'setValue' request body
[debug] &amp#27;[35m[WD Proxy]&amp#27;[39m Proxying [POST /element/00200ff3-9780-4cb1-8eee-e4f992f657bc/value] to [POST http://127.0.0.1:10001/wd/hub/session/1a2a4a22-fdfd-46eb-80df-8dee599aaad3/element/00200ff3-9780-4cb1-8eee-e4f992f657bc/value] with body: {"elementId":"00200ff3-9780-4cb1-8eee-e4f992f657bc","text":"standard_user","replace":false,"value":["s","t","a","n","d","a","r","d","_","u","s","e","r"]}
[debug] &amp#27;[35m[WD Proxy]&amp#27;[39m Got response with status 200: {"sessionId":"1a2a4a22-fdfd-46eb-80df-8dee599aaad3","value":null}
[debug] &amp#27;[35m[W3C (66bf1050)]&amp#27;[39m Responding to client with driver.setValue() result: null
&amp#27;[35m[HTTP]&amp#27;[39m &amp#27;[37m<-- POST /wd/hub/session/66bf1050-98d2-4b42-80bd-66e6a164fa2d/element/00200ff3-9780-4cb1-8e1ee-e44f9-9a2f2635c7b-c8/v5a7lfue6 &amp#27;a[63d9mf&amp#27;b[3f2em2/0c0&amp#27;o[3n9tm e&amp#27;x[9t0 m1&amp#27;1[053 9mms &amp#27;-[ 1342&amp#27;[m329m00
&amp#27;&amp#27;[3[5m3[9HTmT P&amp#27;]&amp#27;[[9390mm &amp#27;8[90m&amp#27;[39m
&amp#27;[35m[HTTP]&amp#27;[39m &amp#27;[37m-->&amp#27;[39m &amp#27;[37mGET&amp#27;[39m &amp#27;[37m/wd/hub/sess ionm/s66 b-f 120520-&amp#27;98[d23-94bm42-
8&amp#27;0b[d3-56m6[eH6aT1T6P4f]a2&amp#27;d[/c3on9temx t&amp#27;&amp#27;[3[99m0
m&amp#27;&amp#27;[[353m9[mHTT
P&amp#27;]&amp#27;[[3359mm [&amp#27;H[9T0Tm{P}&amp#27;][3&amp#27;9[m3
9[dmeb u&amp#27;g][ &amp#27;3[735mm[-W-3C> (&amp#27;6[6b3f910m5 0)&amp#27;]&amp#27;[[3397m mCaPlling AOpSpiTu&amp#27;m[Dr3iv9erm. ge&amp#27;tC[u3rr7enm/twCodn/thexut(b) /wisthe sasrgiso: n["/66ebfc105530-2985dc2-94-ba42b-880bcd--646ec61a416-4faa22d3"]c
-[8de5b7ugf] 6&amp#27;a[365dfbfe/elm[W3C (66bf1050)]&amp#27;[39m Responding to client weitmhe dnrtiv&amp#27;e[r.3g9etCurrentContemxt(
)&amp#27; [re3s5uml[tH:T "TNPA]T&amp#27;I[VE_3A9PmP "&amp#27;[9
0&amp#27;m[{3"5ums[iHnTgT"P:]"&amp#27;a[c3c9ems s&amp#27;i[3b7iml<i-t-y  GiEdT" ,/"wvda/lhuueb"/:s"etsessito-nP/a6s6sbwfo1r0d5"0}-&amp#27;9[83d92m-4
b[4d2-80bde-b6u6ge]6 a&amp#27;1[6345fma[2Wd3/Cc o(netce5x3t2 5&amp#27;c[93)9]m&amp#27;&amp#27;[[3392mm 2C0a0l&amp#27;l[i3n9gm  A&amp#27;p[p9i0umm5D rmisv e-r .2f2i&amp#27;n[d3E9lmem
e&amp#27;n[t3(5)m[ HwTiTthP ]a&amp#27;r[g3s:9 m[ "&amp#27;a[c9c0ems&amp#27;s[i3b9imli
t&amp#27;y[ 3i5dm"[,H"TtTePs]t&amp#27;-[P3a9sms w&amp#27;o[r3d7"m,-"-e>c&amp#27;5[33295cm9 -&amp#27;a[b387cm-P4OcS1T4&amp#27;-[a3293cm -&amp#27;8[5377fm6/aw6ddf/bhfueb"/]se
s[sdieobnu/g6]6 b&amp#27;f[10355m0-[9B8ads2e-D4rbi4v2e-r8]0&amp#27;b[d3-96m 6eV6aal1id6 4lfoac2adt/oerl esmternatt&amp#27;e[g3i9ems 
f&amp#27;o[r3 5tmh[iHsT TrPe]q&amp#27;u[e3s9tm:  &amp#27;x[p9a0tmh,{ "iuds,i ncgl"a:s"sa cncaemses,i baiclciessibility id, css selector, -tayn dirdo"i,d" vuailauuet"o:m"atteosrt-
P[adsesbwuogr]d "&amp#27;}[&amp#27;3[53m9[mBa
s[edDerbiug]v e&amp#27;r[]3&amp#27;5[m3[9Wm3 CW a(i6t6ibnfg1 0u5p0 )t]o&amp#27; [03 9mms  Cfalolri ncgo nAdpiptiiuomnDr
i[vdeerb.ufgi]n d&amp#27;E[l3e5mme[nWtD( )Pr owxiyt]h &amp#27;a[r3g9sm:  M[a"tacchceeds s'i/beilleimteyn ti'd "t,o" tceosmmatn-dP ansasmweo r'df"i,n"d6E6lbefm1e0n5t0'-9
8[dd2e-b4ubg4]2 -&amp#27;8[03b5dm-[6W6De 6Par1o6x4yf]a&amp#27;2[d3"9]m 
P[rdoexbyuign]g  &amp#27;[[P3O5mS[TB as/eeDlreimveenrt]]&amp#27; [3t9om  [VPaOlSiTd  hltotcpa:t/o/r1 2s7t.r0a.te0g.i1e:s1 0f0o0r0 /twhdi/sh urbe/qsueesssti:o nx/paa9t6he,5 5i2d3, -c8laa8s4s- 4nfaem3e,- aa3cccbe-sds2icb6i1li0t4yd eifdd,3 /ceslse mseenlte]ct owri,t h- abnoddryo:i d{ "usitaruattoemgayt"o:r"a
c[cdeesbsuigb]i l&amp#27;i[t3y5 mi[dB"a,s"esDerlievcetro]r&amp#27;"[:3"9tme sWtaiti-nPga ssuwpo rtdo" 0, "mcso ntfeoxrt "c:o"n"di,t"imonul
t[idpelbeu"g:] f&amp#27;a[3l5sm[eW}D P
r[odxye]b&amp#27;[u39gm]  Ma&amp#27;tc[he3d5 'm/[eWlDem ePnrto'x yt]o&amp#27;[3 9cmom mGaontd  rneasmpeon s'fei nwdiEtlhe msetnatt'u
s[ d2e0b0u:g ]{ "&amp#27;s[e3s5smi[oWnDI dP"r:o"xay9]6&amp#27;e[53592m3 -P8rao8x4y-i4nfge 3[-PaO3ScTb -/de2lce6me1n0t4]d etfod 3["P,O"SvTa lhutet"p::{/"/12E7L.E0M.E0N.T1"::1"03020613/3w4dc/6h-u3bf/1s5e-s4s6iao6n-/b1ad92ba4-a12a29-4fcd1fdda-24968e2b"-,8"0edlfe-m8ednete-59690a6a6a-d131/ee4l-eam5en2te]- 4wfi7t3h5 4b6od6yc:e c{f""s:t"r3a2te6g3y3"4:c"6a-c3cefs1s5i-b4i6lai6t-yb did9"b,-"1sae9l4ecc1tdoar2"9:8"2t"e}s}t-
P[adsesbwuog]r d&amp#27;",["3co5nmte[xWt"3:C"" ,("meuclt5ip3l2e"5:cf9al)s]e&amp#27;}[
39m Responding to client with driver.findElement() result: {"element-6066-11e4-a52e[-4fd7eb3u5g4]6 &amp#27;6[c35emc[fW"D :P"ro3x2y]6&amp#27;3[3394mc 6Go-t3 rfe1sp5o-ns4e6 a6-wbidth9 bs-ta1tau9s 42c001:d {a"29se82s"s,i"oEnLIEdM"E:N"T1"a:2"a342a62323-4fcd6f-d3f-1456-e4b6-a860-dbfd-8d9eb-e15a9994aca1adda32"9,8"2v"a}lu
e&amp#27;"[:3{5"m[EHLTETMPE]N&amp#27;T[3"9:"m2 7&amp#27;c[13b7mb<3-a-- 5P4OcS5T- 4/5wcd0/-haucbb/bse-s4s3i6o7nc/3ecc85a312a5cc"9,-"ealbe8mecn-t-46c01664--1a1e243-ac5-28e-547ff7365a4666dcfebcff"e:"/2e7lc1ebmbe3an-t54 &amp#27;c[53-495mc0&amp#27;-[a3c2bbm-240306&amp#27;7c[33c98am1 a&amp#27;c"[}9}0m
101 ms - 137&amp#27;[39m
&amp#27;[35[md[eHbuTgT]P &amp#27;[]35&amp#27;m[[3W93mC  (&amp#27;66[b9f010m5&amp#27;0)[]3&amp#27;9[m39
m &amp#27;R[es3p5omnd[iHngT TPto] &amp#27;c[li3e9nmt  w&amp#27;i[t3h7 md-r-i>v&amp#27;[er3.9fimn d&amp#27;El[e3m7enmtP(O) SrTes&amp#27;u[l3t9: m{ "&amp#27;e[l3e7memn/t-w6d06/6h-u1b1e/4s-ae5ss2ieo-n4/fe73c5543662c5eccf9"-:a"2b78c1cb-b43ca-1544-c5a-245c0-acbb-4367c3c8a1ac","ELEMENT":"27c1bb3a-54c5-45c0-acbb-4336c7-c83c587af1a6c"}
&amp#27;[35m[HTTP]&amp#27;[39m &amp#27;[37m<-- POST /wd/hub/ase6sdsifobnf/e66/befl10e5m0e-n9t8d/23-24b64323-840cb6d--636fe61a51-644f6aa26d/-ebledm9ebn-t 1&amp#27;a[3994mc&amp#27;1[d3a2m2200&amp#27;9[3892m/ &amp#27;c[l9e0am7r0&amp#27;8 [m3s 9-m 13
7&amp#27;&amp#27;[[339m5m
&amp#27;[[H35TmT[HPT]T&amp#27;P][&amp#27;3[939mm  &amp#27;&amp#27;[[909m0&amp#27;[m3{9"m
&amp#27;[35m[HTTP]&amp#27;[39m &amp#27;[37m-->&amp#27;[39m &amp#27;[37mGET&amp#27;[39m &amp#27;[37m/wd/hub/session/66bf1050-98d2-4b42-80bd-66e6a164fa2d/element/27c1bb3a-54c5-45c0-acbb-4367c3c8a1ac/displayed&amp#27;[39m
&amp#27;[35m[HTTP]&amp#27;[39m &amp#27;[90m{}&amp#27;[39m
[debug] &amp#27;[35m[W3C (66bf1050)]&amp#27;[39m Calling AppiumDriver.elementDisplayed() with args: ["27c1bb3a-54c5-45c0-acbb-4367c3c8a1ac","66bf1050-98d2-4b42i-80bdd-6"6:e6"a316246fa323d"4]c
6[-de3bfu15-g4] 6&amp#27;a[365-m[bWdD 9Pbro-x1ya]&amp#27;9[439cm1 Mdatac2he9d 8'2/"el}e&amp#27;me[n3t/92m7c1
b[b3dae-5b4uc5g-]45 c&amp#27;0-[a3cb5bm-[43W637cC3 c8(ae1acc5/3a25c9)]&amp#27;[3t9tmr iCbaultlei/ndgi sApplpaiyuemd' to command name 'getAttribute'
[debug] &amp#27;[35m[WD Proxy]&amp#27;[39m Proxying [GET /element/27c1bb3a-54c5-45c0-acbb-4367c3c8a1ac/attribute/diDsplrayievd]e tro. [cGlETe ahtrt(p:)/ /1w2i7t.0h. 0.a1r:1g00s0:1/w [d"/h3u2b/6s3es3s4iocn/61-a32af41a252--f4d6fad-64-6ebbd-980bd-f-18ade9e459c91daaaa2d93/8el2e"m,en"te/c275c312bb53ca-95-4ca5b-485cc0--4accb1b-44-36a72c33cc8-a18a5c/7aftt6raib6udtef/bdifsepl"a]yed
][ wdiethb ungo] b o&amp#27;dy[3
[5dmeb[uWg]D  &amp#27;P[3r5omx[WyD] P&amp#27;ro[x3y]9&amp#27;m[3 9Mm aGtotc hreesdpo n's/e ewilteh msteanttus/ 322006:3 {3"4cs6-e3ssf1i5on-4I6da"6:-"b1da92b-a1a49a42c21-daf29d8fd-2/4c6leeabr'- 8t0dof -co8mdmeaen5d9 9naaamade3 "'c,l"evaarl'ue
"[:d"etrbuuge]" }&amp#27;[
3[5dme[bWuDg P] r&amp#27;o[x3y5]m&amp#27;[[W339Cm  (Pr6o6xbyfi1n0g5 0[)P]O&amp#27;S[T3 9m/e lRemeesntp/o32n6d33i4nc6g- 3ft1o5- 46cal6-ibedn9bt-1 aw94ict1dha 29d8r2/icvleearr.] etlo e[mPeOnStTD ihstptlpa:y/e/d1(2)7. 0r.0e.s1:u1l00t0:0/ wtrude/h
u&amp#27;b[/3s5essmio[nH/aT9T6Pe5]5&amp#27;2[3-389a8m4 -&amp#27;4[f3e73m-<a-3-c bG-EdT2 c/6w1d0/4hduebf/ds3/eeslesmieonnt//6362b6f313045c06--938f1d52--446ba462--b8d09bbd--16a69e46ca11d6a249f8a22/dc/leelaerm]e nwti/t2h7 cb1obdby3:a -{5"4elc5e-m4e5nct0I-da"c:"b3b2-64333647cc63-c3f81a51-4a6ca/6d-ibsdp9lba-y1ead9 4&amp#27;c[13d9am2&amp#27;9[8322"m}20
0[&amp#27;d[e3b9umg ]&amp#27; [&amp#27;9[03m52m2[W Dm sP r-o x1y4]&amp#27;&amp#27;[[3399mm 
G&amp#27;o[t3 5rme[sHpToTnPs]e&amp#27; [w3i9tmh  &amp#27;s[t9a0tmu&amp#27;s[ 3290m0:
 &amp#27;{["3s5ems[sHiTonTIPd"]:"&amp#27;a[963e5952m3 -8&amp#27;a8[43-47fme3---a3>cb&amp#27;-[d23c691m04 de&amp#27;f[d33"7,"mvaGlEueT":&amp#27;n[ul3l}9m
[ de&amp#27;bu[g3] 7&amp#27;[m3/5wm[dW3/Ch (uecb5/32s5ec9s)]s&amp#27;i[3o9nm/ 6R6ebsfpo1n0d5i0n-g9 8tdo2 -c4libe4nt2 -wi8t0h bddr-i6v6eer6a.1cl6e4afra(2)d /rceosnutletx:t &amp#27;n[u3l9lm
&amp#27;[
&amp#27;[35m[HTTP]&amp#27;[39m &amp#27;[90  And I enter password as "secret_sauce"                                                              # com.qa.stepdef.LoginStepDef.iEnterPasswordAs(java.lang.String)m{}&amp#27;[39m
[debug] &amp#27;[35m[W3C (6
6bf1050)]&amp#27;[39m Calling AppiumDriver.getCurrentContext() with args: ["66bf1050-98d2-4b42-80bd-66e6a164fa2d"]
[debug] &amp#27;[35m[W3C (66bf1050)]&amp#27;[39m Responding to client with driver.getCurrentContext() result: "NATIVE_APP"
&amp#27;[35m[HTTP]&amp#27;[39m &amp#27;[37m<-- GET /wd/hub/session/66bf1050-98d2-4b42-80bd-66e6a164fa2d/context &amp#27;[39m&amp#27;[32m200&amp#27;[39m &amp#27;[90m3 ms - 22&amp#27;[39m
&amp#27;[35m[HTTP]&amp#27;[39m &amp#27;[90m&amp#27;[39m
&amp#27;[35m[HTTP]&amp#27;[39m &amp#27;[37m-->&amp#27;[39m &amp#27;[37mPOST&amp#27;[39m &amp#27;[37m/wd/hub/session/66bf1050-98d2-4b42-80bd-66e6a164fa2d/element&amp#27;[39m
&amp#27;[35m[HTTP]&amp#27;[39m &amp#27;[90m{"using":"accessibility id","value":"test-Password"}&amp#27;[39m
[debug] &amp#27;[35m[W3C (66bf1050)]&amp#27;[39m Calling AppiumDriver.findElement() with args: ["accessibility id","test-Password","66bf1050-98d2-4b42-80bd-66e6a164fa2d"]
[debug] &amp#27;[35m[BaseDriver]&amp#27;[39m Valid locator strategies for this request: xpath, id, class name, accessibility id, css selector, -android uiautomator
[debug] &amp#27;[35m[BaseDriver]&amp#27;[39m Waiting up to 0 ms for condition
[debug] &amp#27;[35m[WD Proxy]&amp#27;[39m Matched '/element' to command name 'findElement'
[debug] &amp#27;[35m[WD Proxy]&amp#27;[39m Proxying [POST /element] to [POST http://127.0.0.1:10001/wd/hub/session/1a2a4a22-fdfd-46eb-80df-8dee599aaad3/element] with body: {"strategy":"accessibility id","selector":"test-Password","context":"","multiple":false}
[debug] &amp#27;[35m[WD Pr3oxy5]m&amp#27;[[3H9TmT PG]o&amp#27;t[ 39m &amp#27;r[e3s7pmo<n-s-e  PwOiStTh  /swtda/thuusb /2s0e0s:s i{o"ns/eescs5i3o2n5Icd9"-:a"b18ac2-a44ca1242--af2d3fcd--84567efb6-a860ddffb-f8ed/eeel5e9m9eanatad/33"2,6"3v3a4lcu6e-"3:{f1"5E-L4E6MENTa"6:-"b6dc93b9-11fa89a4-c51cd2a92-948626/3c-lae2a0r9 -&amp#27;[13898me&amp#27;2[e3c22md230e0c&amp#27;"[,3"9em l&amp#27;e[m9e0nmt1-9650 6m6s- 1-1 e144-&amp#27;a[5329em-4
f&amp#27;7[33554m6[6HTcTePc]f&amp#27;"[:3"96mc 3&amp#27;9[19f08ma&amp#27;-[53c92m9-
4&amp#27;6[6335-ma[2H0T9T-P1]8&amp#27;8[3e92me c&amp#27;2[d337emc-"-}>}&amp#27;[
3[9dme b&amp#27;u[g3]7 m&amp#27;G[E3T5&amp#27;m[[39mW 3&amp#27;C[3 7(m6/6wbdf/1h0u5b0/)s]e&amp#27;s[s3i9omn /Reescp5o3n2d5ci9n-ga bt8oc -c4lci1e4n-ta 2w3ict-h8 5d7rfi6vae6rd.ffbifned/Ecloenmteenxtt(&amp#27;)[ 3r9m
&amp#27;esult: {"element-6066-11e4-a52e-4f735466cecf":"6c391f8a-5c29-4663-a209-188e2ec2d3ec","EL[EM3E5NmT["H:T"T6Pc]3&amp#27;9[13f98ma -&amp#27;5[c9209m-{4}6&amp#27;6[339-ma2
[debug] &amp#27;[3509-188e2ecm2d[3We3cC" }(e
c&amp#27;5[33255mc[9H)T]T&amp#27;P[]3&amp#27;9[m Calling AppiumDriver.g[INFO ] 2021-01-23 13:08:47.217 com.qa.pages.BasePage:71 - password is secret_sauce
etCurrentContext() with args: ["ec5325c9-ab8c-4c14-a23c-857f6a6dfbfe"]
[debug] &amp#27;[35m[W3C (ec5325c9)]&amp#27;[39m Responding to client with driver.getCurrentContext() result: "NATIVE_APP"
&amp#27;[35m[HTTP]&amp#27;[39m &amp#27;[37m<-- GET /wd/hub/session/ec5325c9-ab8c-4c14-a23c-857f6a6dfbfe/context &amp#27;[39m&amp#27;[32m200&amp#27;[39m &amp#27;[90m2 ms - 22&amp#27;[39m
&amp#27;[35m[HTTP]&amp#27;[39m &amp#27;[90m&amp#27;[39m
&amp#27;[35m[HTTP]&amp#27;[39m &amp#27;[37m-->&amp#27;[39m &amp#27;[37mPOST&amp#27;[39m &amp#27;[37m/wd/hub/session/ec5325c9-ab8c-4c14-a23c-857f6a6dfbfe/element&amp#27;[39m
&amp#27;[35m[HTTP]&amp#27;[39m &amp#27;[90m{"using":"accessibility id","value":"test-Password"}&amp#27;[39m
[debug] &amp#27;[35m[W3C (ec5325c9)]&amp#27;[39m Calling AppiumDriver.findElement() with args: ["accessibility id","test-Password","ec5325c9-ab8c-4c14-a23c-857f6a6dfbfe"]
[debug] &amp#27;[35m[BaseDriver]&amp#27;[39m Valid locator strategies for this request: xp3ath9, mid , &amp#27;c[la3s7s mn<a-me-,  PacOceSsTsi b/ilwidty/ hidu,b c/sss esselseictoonr,/ 6-a6nbdrfo1id0 5ui0a-ut9o8mda2t-o4rb
4[d2e-bu8g0] b&amp#27;d[3-56m[6Bea6seaD1r6iv4erf]a&amp#27;2[3d9/me Wlaeitmienng tu p &amp#27;t[o 309 mms&amp#27; f[o3r 2cmo2nd0i0t&amp#27;i[on39
[md eb&amp#27;u[g9] &amp#27;[035mm2[W9D  Pmrso x-y] &amp#27;1[3397m&amp#27; M[a3tc9hmed
 &amp#27;'[/3e5lme[mHeTnTtP'] &amp#27;t[o3 9cmo m&amp#27;m[a9n0dm &amp#27;n[a3m9em '
f&amp#27;i[n3d5Eml[eHmTeTnPt]'&amp#27;[
3[9dme b&amp#27;u[g3]7 m&amp#27;-[-3>5&amp#27;m[[3W9m &amp#27;[37mPOST&amp#27;[39m &amp#27;[37m/wd/hub/sessionD/66 bPfr1o0x5y0]-&amp#27;9[83d29-m4 bP4r2o-x8y0ibndg- 6[6PeO6aS1T6 4/feal2ed/meelnetm]e ntto/ 6[cP39O1SfT8 ah-t5tc2p9:-/4/612673.0-.a02.019:-10108080/ew2de/hcu2b/ds3eessci/onc/lae96aer5&amp#27;5[233-98am84
-4&amp#27;f[e33-5am3[cbH-Td2Tc6P1]0&amp#27;4d[e3f9dm3 /&amp#27;e[l9e0mme{nt"]i wdi"t:h" 6bco3d9y1:f 8{a"-s5tcr2a9t-e4g6y6"3:-"aa2c0c9es-s188ieb2ielci2tdy3 eicd""},&amp#27;"[s3el9emcto
r["d:e"btuegs]t -&amp#27;P[a3s5smw[oW3rCd "(,6"6cbfon1t0e5x0t)"]:&amp#27;"["3,9"mm uClatlilpilneg" :Afpaplisuem}Dri
v[edre.bculge]a &amp#27;r([)3 5wmi[tWhD  aPrrgosx:y ][&amp#27;"[639cm3 9G1oft8 ar-e5scpo2n9s-e4 6w6i3t-ha s2t0a9t-u1s8 82e002:e c{2"ds3eescs"i,o"n6I6d"b:f"a109560-e95852d32--48ba4842--48fe03b-ad3-cb6-6de2c6104defd36",a"1va6l4ufe"a:2{"dE"LE]ME
NT["d:e"9b4ucg8c]7 fb&amp#27;-[3305a7m-[4W1eDc -8P8r1od-x9yf8]2&amp#27;7[bd3298m34 Matched '/element/6c391f8a-5c29-4663-a209-188e2ec2d3ec/clear' to command name 'clear'
[debug] &amp#27;[35m[WD Pr6ox"y,]"&amp#27;el[e3m9emnt -P60r6o6x-1y1ien4g-a 5[2eP-O4fS7T3 54/6e6lceecmf"e:n"t/964cc389c17ff8ba--350ca279--4416e6c3--8a8210d9--91f8882e72bedc228d334e6c"/}c}le
a[rd]e bto [PuOgS]T  &amp#27;h[t3t5pm:[/W/31C2 7(.e0c.503.215:c190)0]0&amp#27;1[/3w9dm/ hRuebs/psoensdsiinogn /t1oa 2cal4iae2n2t- fwdiftdh- 4d6reibv-e8r0.dff-i8nddEelee5me9n9ta(a)a dr3e/seulletm:e n{t"/e6lce3m9e1nft8-a6-056c62-91-14e646-3a-5a22e0-94-f178385e426e6cc2edc3fe"c:/"c9l4eca8rc]7 fwbi-t3h0 ab7o-d4y1:e c{-"8e8l1edm-e9nft8I2d7"b:d"268c334961f"8,a"-E5cL2E9M-E4N6T6"3:-"a9240c98-c178f8be-23e0ac72-d431eecc"-}88
1[dd-e9bfu8g27]b d&amp#27;2[83354m6["W}D 
P&amp#27;r[o3x5ym][&amp#27;H[T3T9Pm] &amp#27;G[o3t9 mr e&amp#27;spons[e3 7wmi<t-h-  sPtOaStTu s/ w2d0/0h:u b{/"sseessssiioonn/Iedc"5:3"215ac29a-4aab282c--f4dcf1d4--4a263ecb--88507dff6-a86ddefeb5f99ea/ealaedm3e"n,t" v&amp#27;a[l39ume&amp#27;"[:3n2uml2l0}0&amp#27;
[[3d9ebugm ]&amp#27; [&amp#27;9[03m55m1[4W 3mCs  -( 6163b7f&amp#27;1[03590m)]
&amp#27;&amp#27;[[3395mm [RHeTsTpPo]n&amp#27;d[i3n9gm  t&amp#27;o[ 9c0lmi&amp#27;e[n3t9 mw
&amp#27;i[t3h5 md[rHiTvTePr]&amp#27;.[c3l9ema r&amp#27;([)3 7rme-s-u>l&amp#27;[t3:9 mn u&amp#27;[37mGET&amp#27;l[l39
m&amp#27; [&amp#27;3[357mm[/HwTdT/Ph]u&amp#27;b[/3s9ems s&amp#27;i[o3n/7emc<5-3-25 cP9O-SaTb 8/cw-d4/ch1u4b-a/2s3ecs-s8i5o7nf/66a66bdff1b0f5e0/-e9l8edm2-e4nbt4/2-948c0b8dc7-f6b6-e360aa176-44f1ae2cd-/8e8l1edm-e9nft8/267cb3d9218f384a6-/5dci2s9p-l4a6y6e3d-&amp#27;a[23099m-1
8&amp#27;8[e325emc[2HdT3TePc]/&amp#27;c[l3e9amr  &amp#27;&amp#27;[[9309mm{&amp#27;}[&amp#27;3[23m92m00
&amp#27;[[d3e9bmu g&amp#27;][ 9&amp#27;0[m3256m [mWs3 C-  (1e4c&amp#27;5[33295mc9
)&amp#27;][&amp#27;3[53m9[mH TCTalPl]i&amp#27;n[g3 9Amp p&amp#27;i[u9m0Dmr&amp#27;i[v3e9rm.e
l&amp#27;e[m3e5nmt[DHiTsTpPl]a&amp#27;y[e3d9(m) &amp#27;[37 mw-i-t>h&amp#27; [a3rg9sm:  &amp#27;[["3974mcG8EcT7&amp#27;f[b3-93m0 a&amp#27;7[-3471me/cw-d88/1hdu-b9/fse8s2s7ibod2n8/36466b"f,"1e0c5503-2958cd92--a4bb84c2--48c01b4d--a6263ec6-8a5176f46faa62ddf/bcfoen"t]ex
t[&amp#27;d[e39m
&amp#27;[35m[HTTP]&amp#27;[39m &amp#27;[90m{}&amp#27;[39m
[debug] &amp#27;[b35umg[]W 3&amp#27;C[ 3(56m6[bWfD1 0P5r0o)x]y&amp#27;][&amp#27;3[93m9 mC aMlalticnhge dA p'p/ieulmeDmreinvte/r9.4gce8tcC7ufrbr-e3n0taC7-o4n1teecx-t8(8)1 d-9f8w2i7tbhd 2a8r3g4s6:/ a[t"t6r6ibbfu1t0e5/0d-i9s8pdl2a-y4ebd4'2 -t8o0 bcdo-m6m6aen6da 1n6a4mfea 2'dg"e]tA
t[tdreibbuugt]e '&amp#27;[
3[5dme[bWu3gC] ( 6&amp#27;6[b3f51m0[5W0D) ]P&amp#27;r[o3x9ym] &amp#27;R[e3s9pmo nPdrionxgy itnog  c[lGiEeTn t /weiltehm ednrti/v9e4rc.8gce7tfCbu-r3r0ean7t-C4o1netce-x8t8(1)d -r9efs8ul2t7:b d"2N8A3T4I6/atVtEr_iAPbPu"te
/&amp#27;d[i3s5pml[aHyTeTdP]] &amp#27;t[o3 9[mG E&amp#27;T[ 3h7tmtp://127.0.0.1:10000/wd/hub/session/a96e5523-8a<84---4 fGeE3T -/wd/hub/session/66baf1035c0b--9d82dc26-140b44d2e-f8d03bd/-e6l6eem6ean1t6/49f4ac28dc/7cfobn-t3e0xat 7&amp#27;-[4319emc&amp#27;-[83821md2-090f&amp#27;8[2379bmd 2&amp#27;8[9304m63/ amtst r-i b2u2t&amp#27;e[/3d9imsp
l&amp#27;a[y3e5m[HdT]T Pw]i&amp#27;t[h3 9nmo  &amp#27;[b9o0dmy&amp#27;[
3[9dmeb
&amp#27;u[g3]5 m&amp#27;[[H3T5TmP[]W&amp#27;D[ 3P9rmo x&amp#27;y[]3&amp#27;7[m3-9-m> &amp#27;G[o3t9 mr e&amp#27;s[p3o7nmsPeO SwTi&amp#27;t[h3 9smt a&amp#27;t[u3s7 m2/0w0d:/ h{u"bs/essessisoinoInd/"6:6"baf9160e5505-2938-d82a-844b-442f-e830-bad3-c6b6-ed62ac166140f4a2dde/element&amp#27;[39m
&amp#27;[35m[HTTP]&amp#27;[39m &amp#27;[90m{"ufsdi3n"g,"":v"aalcucee"s:s"itbriulei"t}y 
i[dd"e,b"uvga]l u&amp#27;e["3:5"mt[eWs3tC-P a(sescw5o3r2d5"c}9&amp#27;)[]3&amp#27;9[m39m
 [Rdeesbpuogn]d i&amp#27;n[g3 5tmo[ Wc3lCi e(n6t6 bwfi1t0h5 0dr)i]v&amp#27;e[r3.9eml eCmaelnltiDnigs pAlpapyieudm(D)r irveesru.lfti:n dtErlueeme
n&amp#27;t[(3)5 mw[iHtThT Pa]r&amp#27;g[s3:9 m[ "&amp#27;a[c3c7ems<s-i-b iGlEiTt y/ widd/"h,u"bt/essets-sPiaosns/weocr5d3"2,5"c696-bafb180c5-04-c9184d-2a-243bc4-28-5870fb6da-66d6ef6baf1e6/4efla2edm"e]nt
/[9d4ecb8cu7fgb]- 30&amp#27;[a375-m[4B1aseecDr-i8v8er1]d&amp#27;[-399mf V8a2li7db ldo2ca8t3or4 6st/radtiesgipels afyore dth i&amp#27;s [re3q9uems&amp#27;t[: 3x2pamt2h,0 0id&amp#27;,[ c3la9sms  &amp#27;n[am9e,0 mac3c9es smibsi li-t 14&amp#27;[39m
&amp#27;[35m[HTTP]&amp#27;[y39 mi d&amp#27;,[ 9c0sm&amp#27;[39m
&amp#27;[35m[HTTP]&amp#27;[39m &amp#27;[37ms- -s>e&amp#27;l[e3c9tmo r&amp#27;, -an[d3r7omiGdE Tu&amp#27;i[a3u9tmo m&amp#27;a[t3o7rm/
w[dd/ehbuubg/]s e&amp#27;s[s3i5omn[/Beacs5e3D2r5icv9e-ra]b&amp#27;8[c3-49cm1 4W-aai2t3icn-g8 5u7pf6 at6od f0b fmes/ cfoonrt ecxotn&amp#27;d[i3t9imon
&amp#27;
[[3d5emb[uHgT]T P&amp#27;][&amp#27;3[539mm[ W&amp#27;D[ 9P0rmo{x}y&amp#27;][&amp#27;3[93m9m
 [Mdaetbcuhge]d &amp#27; ['3/5eml[eWm3eCn t('e ct5o3 2c5co9m)m]a&amp#27;n[d3 9nma mCea l'lfiinndgE lAepmpeinut'mD
ri[vdeerbu.gg]e t&amp#27;C[u3r5rme[nWDt CPornotxeyx]t&amp#27;([)3 9wmi tPhr oaxrygisn:g  [["PeOcS5T3 2/5elce9m-ab8c-4c14-a23c-857f6a6dfbfe"]
[debug] &amp#27;[35m[W3C (ec5325c9)]&amp#27;[39m Responding to client with driver.getCurrentContext() result: "NATIVE_APP"
&amp#27;[35m[HTTP]&amp#27;[39m &amp#27;[37m<-- GET /wd/hub/session/ec5325c9-ab8c-4c14-a23c-857f6a6dfbfe/context &amp#27;[39m&amp#27;[32m200&amp#27;[39m &amp#27;[90m3 ms - 22&amp#27;[39m
&amp#27;[35m[HTTP]&amp#27;[39m &amp#27;[90m&amp#27;[39m
&amp#27;[35m[HTTP]&amp#27;[39m &amp#27;[37m-->&amp#27;[39m &amp#27;[37mPOST&amp#27;[39m &amp#27;[37m/wd/hub/session/ec5325c9-ab8c-4c14-a23c-857f6a6dfbfe/element&amp#27;[39m
&amp#27;[35m[HTTP]&amp#27;[39m &amp#27;[90m{"using":"accessibility id","value":"test-Password"}&amp#27;[39m
[debug] &amp#27;[35m[W3C (ec5325c9)]&amp#27;[39m Calling AppiumDriver.findElement() with args: ["accessibility id","test-Password","ec5325[INFO ] 2021-01-23 13:08:47.866 com.qa.pages.BasePage:54 - press login button
c9-ab8c-4c14-a23c-857f6a6dfbfe"]
[debug] &amp#27;[35m[BaseDriver]&amp#27;[39m   And I enter password as "secret_sauce"                  # com.qa.stepdef.LoginStepDef.iEnterPasswordAs(java.lang.String)Valid locator strategies for this reque
st: xpath, id, class name, accessibility id, css selector, -android uiautomator
[debug] &amp#27;[35m[BaseDriver]&amp#27;[39m Waiting up to 0 ms for condition
[debug] &amp#27;[35m[WD Proxy]&amp#27;[39m Matched '/element' to command name 'findElement'
[debug] &amp#27;[35m[WD Proxy]&amp#27;[39m Proxying [POST /element] to [POST http://127.0.0.1:10000/wd/hub/session/a96e5523-8a84-4fe3-a3cb-d2c6104defd3/element] with body: {"strategy":"accessibility id","selector":"test-Password","context":"","multiple":false}
[debug] &amp#27;[35m[WD Proxy]&amp#27;[39m Got response with status 200: {"sessionId":"a96e5523-8a84-4fe3-a3cb-d2c6104defd3","value":{"ELEMENT":"a6018c1e-bc93-4386-97b3-356478753fd7","element-6066-11e4-a52e-4f735466cecf":"a6018c1e-bc93-4386-97b3-356478753fd7"}}
[debug] &amp#27;[35m[W3C (ec5325c9)]&amp#27;[39m Responding to client with driver.findElement() result: {"element-6066-11e4-a52e-4f735466cecf":"a6018c1e-bc93-4386-97b3-356478753fd7","ELEMENT":"a6018c1e-bc93-4386-97b3-3564e787n5t3]f tdo7 ["P}OST
 http&amp#27;:/[/31527m.[0.H0T.T1:P1]0&amp#27;00[13/9wmd /&amp#27;h[u3b7/ms<e-s-s iPOST /wd/hub/session/ec5325c9-ab8c-4c14-a23c-857f6a6dfbfe/element &amp#27;[39m&amp#27;[32m200&amp#27;[39m &amp#27;[90m89 ms - 137&amp#27;[39m
&amp#27;[35m[HTTP]&amp#27;[39m o&amp#27;[n9/01ma&amp#27;[329ma4
a&amp#27;[2325-m[fHdTfTPd]-&amp#27;[4369emb -&amp#27;8[03d7mf---8>d&amp#27;e[e3599m9 a&amp#27;a[a3d73mP/OeSlTe&amp#27;[m3e9mn t&amp#27;[]3 7mw/iwtdh/ hbuob/session/ec5325c9-ab8c-4c14-a23c-857f6a6dfbfe/element/a6018c1e-bc93-4386-97b3-356478753fd7/value&amp#27;[39m
&amp#27;[35m[HdTTPy]:&amp#27;[ 3{9"ms &amp#27;t[r9a0tm{e"giyd""::""a6a0c1c8ecs1sei-bbic93-4386-97b3-356478753fd7","text":"secret_sauce","value":["s","e","c","r","e","t","_","s","a","u","c","e"]}&amp#27;[39m
[debug] &amp#27;[35m[W3C (ec5325c9)]&amp#27;[39m Calling AppiumDriver.setValue() with args: [["s","e","c","r","e","t","_","s","a","u","c","e"],"a6018c1e-bc93-4386-97b3-356478753fd7","ec5325c9-ab8c-4c14-a23c-857f6a6dfbfe"]
[debug] &amp#27;[35m[WD Proxy]&amp#27;[39m Matched '/element/a6018c1e-bc93-4386-97b3-356478753fd7/value' to command name 'setValulei'ty 
id[","dseeblueg]c t&amp#27;or[":3"5tems[tP-Praosstwoorcd","conteoxlt" :C""o,n"mvuletriptlee"r:f]al&amp#27;s[e}39
[md ebAudg]d &amp#27;e[d35 m['WDv aPrloxuye]&amp#27;'[ 3p9romp eGrtoyt [ "rsesp"o,"nes"e," cw"i,"trh", "se"t,a"tt",u"s_" ,"2s0",0":a" ,{"u""s,"ecs",s"ie"o]n tIod '"s:et"V1alau2ea' 4raeq2u2es-tf bdodfyd
-[4de6buegb] -80df-8&amp#27;d[e3e55m9[9WaDa aPd3","valureo"xy:]&amp#27;{["3E9LmEM EPNroTxy"i:ng" d[fP1Oe6SeT 1/0el-efme2nf7t/-a46021f8ce-1ae6-bfca-953-d433fb865-c97cb3-39546d48",7"8e7l5e3fmedn7t/v-a6l06u6e-1] 1teo 4[-POaS52Te -ht4tfp:7/3/152476.06.c0e.c1:f1"0:00"0d/fw1d/eh6ueb/1s0es-sfio2nf/7a9-64e25f5e23--a8a68f4a-4-f5e3d-3af3bcb5-cdc924c6d1804"d}e}fd
3[/deelbemueg]n t&amp#27;/[a63051m8c[1We3-Cbc 9(36-64b38f61-0975b03)-3]5&amp#27;6[437987m5 3Rfde7s/pvaolnued]i wnigt h tbood yc:l {ie"nelte mweinttIhd d"ri:v"ae6r01.8fc1iend-Elbecm93e-n4t38(6-) 9r7esbu3l-3t5:64 7{8"e7l5e3fmde7"n,t"-te60x6t6"-:"11seec4r-eat_5s2ae-u4fc7e"3,5"r4e6p6cecf":"dfl1aec6ee":1f0a-lsfe2,"fv7al-u4e"2:f["es-",a"6e"f,a"-c"5,d"r3"f,"be5"c,"ct9",4"d_"8,""s,"","EaL",E"uM"E,"NcT","":e""]d}f
1[dee6bueg1] 0&amp#27;-[3f52m[fW7D- 4P2rofxey-]&amp#27;a[639fma G-o5t dr3esfpbon5scec w9i4thd 8st"a}tus
 &amp#27;2[003: {"5smes[sHioTnITdP":]"&amp#27;a9[63e595m23 -&amp#27;8a[834-74mfe<3--a-3c bP-dO2ScT61 0/4dwedf/d3h"u,b"v/alsuees":sniuoll}n
/[6de6bbugf]1 &amp#27;0[5350m-[9W38Cd 2(-ec45b32452c9-)8]&amp#27;0[b3d9-m 6R6eesp6oan1di6n4gf at2od /celliemeent n&amp#27;t[ 3w9imt&amp#27;h[ 3d2rmi2v0e0r&amp#27;.[s3e9tmV a&amp#27;l[u9e0(m)4 9r9e sumlst : -n ul1l3
7&amp#27;&amp#27;[3[53m[9HmTTP
]&amp#27;&amp#27;[[3395m m&amp#27;[[3H7Tm<T--P ]PO&amp#27;S[T 3/9wmd /h&amp#27;u[b9/s0ems&amp#27;s[i3o9nm/e
c&amp#27;5[33255mc[9H-TaTbP8]c&amp#27;-4[c3194m- a2&amp#27;3[c3-875m7-f6-a>6&amp#27;d[f3b9fme /&amp#27;e[l3e7mmeGnEtT/&amp#27;a[63091m8c 1&amp#27;e[3-7bmc/93w-d4/3h8u6b-/9s7ebs3-s3i5o6n4/7686b7f5130f5d07-/v9a8ldu2e- 4&amp#27;b[4329-m8&amp#27;0[b3d2-m6260e06&amp#27;a[3196m4 f&amp#27;a[29d0/mel8e7 mmesn t/-d f11e46&amp#27;e[1309-mf2
f&amp#27;7[-3452mf[He-TaT6Pf]a&amp#27;-[53d93mf b&amp#27;5[c9c09m4&amp#27;d[839m
/&amp#27;[d3i5sm[pHlTTaPy]e&amp#27;[d3&amp#27;9m[ 3&amp#27;[93m7m-
-&amp#27;>[&amp#27;3[53m[HTTP]&amp#27;[39m &amp#27;[90m{}&amp#27;[39m9
m[ d&amp#27;e[b3u7gm]G E&amp#27;T[&amp#27;3[53m9[mW 3&amp#27;C[ 3(76m6/bwdf/1h0u5b0/)s]e&amp#27;s[s3i9omn /Ceacl5l3i2n5gc 9A-papbi8ucmD-r4icv1e4r-.aelementDisplayed() with args: ["df1e6e10-f223fc7-8-547f26fa6edf-bfae/6cfonate-x5t&amp#27;d[339fmb
5&amp#27;[c3c5m9[4HTdT8P]"&amp#27;,[3"96m 6&amp#27;b[f901m0{}5&amp#27;0[3-9m98
[dd2eb-u4g]b 4&amp#27;[23-58m[0Wb3Cd -(e6c653e265ca91)]6&amp#27;4[3f9ma 2Cadll"i]ng 
Ap[piduemDbruivger]. g&amp#27;et[C3ur5rme[ntWCDo ntPerxto(x) yw]it&amp#27;h[ 3ar9gms : M[a"tecc53he2d5 c9'-/abe8cl-e4cm1e4-na2t3/cd-8f571fe6a66edf1bf0e-"]f2
[fd7eb-ug4]2 &amp#27;f[e35-ma[W63Cf a(e-c553d235cf9)b]5&amp#27;[c3c9m9 R4edsp8o/ndaitngt rtoi bculiteent wi/tdh idsripvlera.ygeetdCu'r retnotC ocntoemxtm(a) nrdes ulnta: m"eNA T'IVgE_eAtPPA"t
t&amp#27;[r3i5mb[uHTtTeP]'&amp#27;[3
9[mde b&amp#27;[u3g7m]< --&amp#27; [GE3T5 /mw[d/WhDu b/Psresosxioyn]/e&amp#27;c[533295cm9 -aPbr8co-x4cy1i4-nag23 c[-8G5E7fT6 a6/defblfee/mceonnttex/td f&amp#27;[13e9m6&amp#27;e[1320m-20f0&amp#27;2[f379-m 4&amp#27;2[9f0em3- ams6 -f a22-&amp#27;5[3d93mf
b&amp#27;[53c5mc[9HT4TdP8]&amp#27;/[a3t9mt &amp#27;r[i90bmu&amp#27;[t39em/
d&amp#27;i[3s5pm[lHaTTyPe]&amp#27;d[]39 mt &amp#27;o [[37Gm-E-T>&amp#27; [h3t9mt p&amp#27;[:3/7/m1P2O7S.T0&amp#27;[.309m. 1&amp#27;[:3170m/0w0d1//huwbd//shesusbio/ns/eecs53s2i5co9n-a/b18ca-24ca144a-a2223c--f85d7ff6da-6d4f6bfeeb/e-l8em0endtf&amp#27;[-398md
e&amp#27;e[3559m[9HaTTaPa]d&amp#27;[33/9em l&amp#27;e[9m0me{n"uts/indgf":1"eac6cees1s0ib-ifli2tfy 7i-d"4,2"vfaelu-ea":6"tfeas-t5-LdO3GIfN"b}5&amp#27;[c3c9m94
[dd8eb/uag]t t&amp#27;r[3i5bm[uWt3Ce (/edc5i32s5pc9l)a]&amp#27;y[e39dm] C awlliitnhg  Appniuom Drbiovedry.fi
n[dEdleembenutg(])  w&amp#27;it[h3 a5rmg[s:W D[ "aPcrceosxsiyb]il&amp#27;i[ty3 9idm" ,"Gtoetst -rLOeGsINp"o,"nesc5e3 2w5ci9t-ahb8 cs-t4ca14t-ua2s3 c-280507f:6a 6{d"fsbfees"]si
[odnebIudg]" :&amp#27;["315ma[2BaseDriver]&amp#27;[39m Valid locator  And I login                                                                                         # com.qa.stepdef.LoginStepDef.iLogin() satrat4egai2e2-sf dffodr- 4t6heibs- 8r0edqfu-e8sdtee:5 9x9paaatahd,3 "i,d",v
 alcuel"a:s"str une"a}m
e[d,eb uga]c &amp#27;c[e35sms[Wi3bC i(l66ibft10y5 0)i]d&amp#27;[,3 9mc sRess psonedilneg ctot colrie,n t -wiatnh ddrrioveird.e luemienatDuistploamyeadt()o rresu
lt[: dtruee
b&amp#27;[u3g5m][H T&amp#27;TP[]&amp#27;3[539mm[ &amp#27;B[3a7ms<e--D rGEiT v/ewdr/h]u&amp#27;b/[s3es9simo n/W66abif1t05i0-n9g8d 2u-4pb 42t-o80 b0d- m6s6 ef6ao1r64 fca2odn/delietmient/dofn1
[debueg]6 &amp#27;[35me[1W0D- fP2rfo7x-y4]2&amp#27;f[e3-9am6 fMaa-t5cdh3efdb 5'c/ce9l4emd8e/ndti's ptlo acyoemdm a&amp#27;n[d3 n9amm&amp#27;e[ 3'2fmi2n0d0E&amp#27;l[e3m9emn t&amp#27;'[9
[0dme1b8u gm]s  &amp#27;-[ 315m4[&amp#27;W[D3 9Pmro
&amp#27;x[y3]5&amp#27;m[[3H9TmT PP]r&amp#27;o[x3y9imn g&amp#27; [[9P0OmS&amp#27;T[ 3/9emle
m&amp#27;e[n3t5]m [tHoT [PTOPS]T&amp#27; [h3t9tmp :&amp#27;[/3/71m2-7-.>0&amp#27;.[03.91m: 1&amp#27;0[03070m/GwEdT/&amp#27;h[u3b9/ms e&amp#27;s[s3i7omn//wda/9h6ueb5/5s2e3s-s8iao8n4/6-64bffe130-5a03-c9b8-dd22-c46b14024-d8e0fbdd3-/6e6lee6mae1n6t4]f aw2idt/hc obnotdeyx:t &amp#27;[{3"s9tmra
t&amp#27;e[g35ym"[:H"TaTcPc]e&amp#27;s[s3i9bmi l&amp#27;i[9t0ym {i}d&amp#27;"[,3"9smel
e[cdetbourg"]: "&amp#27;t[e3s5tm-[LWO3GCI N("6,6"bconft1e0x5t0"):]"&amp#27;"[,3"9mmu lCtaillpileng" :Afpaplisuem}Dr
i[vdeebru.gg]e t&amp#27;C[u3r5rme[nWtDC oPnrtoexxyt](&amp#27;)[ 3w9imt hG oatr grse:s p[o"n6s6eb fw1i0t5h0 -s9t8adt2u-s4 b24020-:8 0{b"ds-e6s6sei6oan1I6d4"f:a2"da"9]6e
5[5d2e3b-u8ga]8 4&amp#27;-[43f5em3[-Wa3C3 c(b6-6db2f105c06)1]0&amp#27;4[d3e9mf dR3e"s,p"ovnadliuneg" :t{o" EcLlEiMeEnNtT "w:i"t5hf addr1icvbear-.1g8eet1C-u4r7r8e4n-t9Ceo7n0t-ebx9td(e)0 erfees3uel1t5:" ,""NeAlTeImVeEn_tA-P6P0"66
-&amp#27;1[13e54m-[aH5T2TeP-]4&amp#27;f[73395m4 6&amp#27;6[c3e7cmf<"-:-" 5GfEaTd 1/cwbda/-h1u8be/1s-e4s7s8i4o-n9/e6760b-fb190d5e00-e9f8ed32e-145b"4}2}-8
0[bdde-b66ueg6]a 1&amp#27;6[43f5a2md[/Wc3oCn (teecx5t3 25c&amp#27;9)[]3&amp#27;9[m3&amp#27;9[m3 2Rme2s0p0o&amp#27;n[di3n9gm  t&amp#27;o[ 9c0lmi2e nmt sw i-t h2 2d&amp#27;r[i3ve9rm.f
i&amp#27;n[d3E5lme[mHeTnTtP(])&amp#27; [r3es9uml t&amp#27;:[ 9{0"mel&amp#27;e[m3e9nmt-
60&amp#27;6[63-51m1[eH4T-TaP5]2e&amp#27;-[43f97m3 5&amp#27;4[6367cme-c-f>"&amp#27;:["359fmad 1&amp#27;c[b3a7-m1P8OeS1T-&amp#27;4[73894m- 9e&amp#27;7[03-7bm9/dwed0/ehfueb3e/1s5es"s,"iEoLnE/M6E6bfN1T0"5:0"-59f8add21-c4bba4-21-88e01b-d4-76864e-69ae17604-fba92dde/0eelfeem3een1t5&amp#27;"[}39
m&amp#27;[
3&amp#27;5[m3[5HmT[THPT]T&amp#27;P[]3&amp#27;9[m3 9&amp#27;m[ 3&amp#27;7[m9<0-m-{ "PuOsSiTn g/"w:d"/ahcucbe/ssessisbiiolni/teyc 5i3d2"5,c"9v-aalbu8ec"-:4"ct1e4s-ta-2P3acs-s8w5o7rfd6"a}6&amp#27;d[f3b9fe/elmeme
n[td e&amp#27;b[u3g9]m &amp#27;&amp#27;[[3325mm2[0W03&amp#27;C[ 3(96m6 b&amp#27;f[19005m01)]&amp#27;[3290m  mCsa l-l i13n7g&amp#27; [Ap3p9imum
&amp#27;D[ri3v5em[r.HfTiTnPd]E&amp#27;l[e3m9emn t&amp#27;([)9 0wmi&amp#27;t[h3 9amrg
&amp#27;s[:3 5[m"a[cHcTeTsPs]i&amp#27;b[i3l9mi t&amp#27;y[ 3i7dm"-,-">t&amp#27;e[s3t9-mP a&amp#27;s[s3w7omrGdET"&amp#27;,["3696mb f&amp#27;1[03570m/wd/hub/sessio-98dn2/-e4cb54322-58c09b-da-b686ce-64ac11644-faa223dc"-]85
7[fd6eab6udgf]b f&amp#27;e[/3e5lme[mBeanste/D5rfiavder1]c&amp#27;b[a3-91m8 eV1a-l4i7d8 4l-o9cea7t0o-rb 9sdter0aetfeeg3iee1s5 /fdoirs ptlhaiyse dr&amp#27;e[q3u9emst
:&amp#27; [x3p5amt[hH,T TiPd],&amp#27; [c3l9ams s&amp#27; [n9a0mme{,} &amp#27;a[c3c9emss
i[bdielbiutgy]  i&amp#27;d[,3 5cms[sW 3sCe l(eecct5o3r2,5c9) ]-&amp#27;a[n3d9rmo iCda luliianugt oAmpaptiourmD
r[idveebru.ge]l e&amp#27;m[e3n5tmD[iBsapsleaDyreidv(e)r ]w&amp#27;i[t3h9 ma rWagsi:t i[n"g5 fadu1cpb at-o1 80e 1m-s4 7f8o4r- 9ceo7n0d-ibt9idoe0nef
e[3dee1b5u"g,]" e&amp#27;c[53352m5[cW9D- aPbr8ocx-y4]c&amp#27;1[43-9am2 3Mca-t8c5h7efd6 a6'd/feblfeem"e]nt
'[ dteob ucgo]m m&amp#27;[a3n5dm [nWaDm eP r'ofxiyn]d&amp#27;E[l3e9mme nMta'tc
h[edd eb'u/egl]e m&amp#27;e[n3t5/m5[fWaDd1 cPbrao-x1y8]e&amp#27;1[-3497m8 4P-r9oex7y0i-nbg9 de[0PeOSfTe 3/ee1l5e/maetnttr]i btuot e[/PdOiSsTp lhatytepd:'/ /t1o2 7c.o0m.0m.a1n:d1 0n0a0m1e/ w'dg/ehtuAbt/tsreisbsuitoen'/1
a[2dae4bau2g2]- f&amp#27;d[f3d5-m4[6WeDb -P8r0odxfy-]8&amp#27;d[e3e95m9 9Paraoaxdy3i/negl e[mGeEnTt ]/ ewlietmhe nbto/d5yf:a d{1"csbtar-a1t8eeg1y-"4:7"8a4c-c9ees7s0i-bbi9ldiet0ye fied3"e,1"5s/ealtetcrtiobru"t:e"/tdeispslta-yPeads]s wtoor d["G,E"Tc ohntttepx:t/"/:1"2"7,."0m.u0l.t1i:p1l0e0"0:0f/awlds/eh}ub
/[sdeebssuigo] n&amp#27;/a[9365em5[5W2D3 -P8rao8x4y-]4&amp#27;f[e339-ma 3Gcobt- dr2ecs6p1o0n4sed ewfidt3/h elsetamteunst/ 520f0a:d 1{c"bsae-s1s8ieo1n-I4d7"8:4"-19ae27a04-ab292d-ef0deffde-34e6e15b/-8a0tdtfr-ib8udteee/5d9i9sapalaady3e"d,]" vwailtuhe ":n{o" EbLoEdMyEN
T["d:e"b9u9gf]e 6&amp#27;2[13e5-m5[cW6Db -P4r3o5x4y-]a&amp#27;0c[039-m7 6G5oet5 0r54e1s7po7n7s"e," ewlietmhe nstt-a6t0u6s6 -21010e:4 -{a"5s2ees-s4ifo7n3I5d4"6:6"cae9c6fe"5:5"2939-f8ea62814e--45fce63b--a433c5b4--da20cc601-0746d5eef5d035"4,1"7v7a7l"u}e}":
"[tdreubeu"g}] 
&amp#27;[[d3e5bmu[g] W&amp#27;3[C3 5(6m6[bWf31C0 5(0e)c]5&amp#27;3[2359mc 9R)e]s&amp#27;p[o3n9dmi nRg etsop ocnldiienngt  twoi tchl idernitv ewri.tfhi nddrEilveemern.te(l)e mreenstuDlits:p l{a"yeelde(m)e nrte-s6u0l66t-:1 1teru4e-a
5&amp#27;2[e3-54mf[7H3T5T4P6]6&amp#27;c[e3c9fm" :&amp#27;"99fe621e-5c6b-4354-a0c0-765e50541777","ELE[MEN3T"7:"m9<9-f-e 6G21EeT-5 c/6bw-d4/35h4u-ab0/c0s-e76s5se5i0o5n4/17e7c7"5}3
2&amp#27;5[3c59m[-HaTTbP8]&amp#27;c[-394mc &amp#27;1[43-7ma<2--3 cPO-S8T 5/7wdf/6haub6/dsefsbsifoen/66bf1050-98/de2l-e4b42m-80bed-n6t6/5e6faa1d614cfbaa2-d/1e8lee1m-e4n7t8 4&amp#27;-[93e97m0&amp#27;-[b392md2e00e0&amp#27;f[e339me 1&amp#27;5[9/0dm2i4s pmsl a-y 1e3d7 &amp#27;&amp#27;[3[93m9
m&amp#27;&amp#27;[[353m2[Hm200&amp#27;[39m &amp#27;[90m35 ms - 14&amp#27;[39m
&amp#27;[35m[HTTTTPP]]&amp#27;&amp#27;[[3399mm  &amp#27;[&amp#27;9[09m0&amp#27;m[&amp#27;3[93m9m
&amp#27;
[&amp#27;3[53m5[mH[THTTPT]P&amp#27;][&amp#27;3[93m9 m&amp#27; [&amp#27;3[73m7-m-->-&amp#27;>[&amp#27;3[93m9 m&amp#27; [&amp#27;3[73m7GmEPTO&amp#27;ST&amp#27;[[3399mm  &amp#27;&amp#27;[[3377mm//wwdd//hhuubb//sseessssiioonn//e6c65b3f2150c590--a9b88dc2--44cb1442--a8203bcd--86567ef66aa166d4ffbaf2ed//ceolnetmeexntt&amp#27;/[9399fme6
2&amp#27;1[e3-55mc[6HbT-T4P3]5&amp#27;4[-3a90mc 0&amp#27;-[79605me{5}0&amp#27;5[43197m77
/[vdaebluuge]&amp#27; [&amp#27;3[93m5m
[&amp#27;W[33C5 m([eHcT5T3P2]5&amp#27;c[93)9]&amp#27;m [&amp#27;3[9m9 0Cm{a"lilidn"g:" 9A9pfpeiu6m2D1reiver.getCu-r5rce6nbt-C4o3n5t4e-xat0(c)0 -w7i6t5he 5a0r5g4s1:7 77","text":"secret_sauce","value":["s"[,""ee"c,5"3c","r","2e"5,c"9t-"a,b"8_c"-,4"cs1"4,-"aa2"3,c"-u8"5,7"fc6"a,6"def"b]f}e&amp#27;["3]9m
[
d[edbeubgu]g ]&amp#27; [&amp#27;3[53m5[mW[3WC3 C( e(c6563b2f51c095)0])&amp#27;[INFO ] 2021-01-23 13:08:48.837 com.qa.pages.BasePage:54 - press login button
[39m Responding to client with driver.getCurrentContext() result: "NATIVE_APP"
&amp#27;[35m[HTTP]&amp#27;[39m &amp#27;[37m<-- GET /wd/hub/session/ec5325c9-ab8c-4c14-a23c-857f6a6dfbfe/context &amp#27;[39m&amp#27;[32m200&amp#27;[39m &amp#27;[90m3 ms - 22&amp#27;[39m
&amp#27;[35m[HTTP]&amp#27;[39m &amp#27;[90m&amp#27;[39m
&amp#27;[35m[HTTP]&amp#27;[39m &amp#27;[37m-->&amp#27;[39m &amp#27;[37mPOST&amp#27;[39m &amp#27;[37m/wd/hub/session/ec5325c9-ab8c-4c14-a23c-857f6a6dfbfe/element&amp#27;[39m
&amp#27;[35m[HTTP]&amp#27;[39m &amp#27;[90m{"using":"accessibility id","value":"test-LOGIN"}&amp#27;[39m
[debug] &amp#27;[35m[W3C (ec5325c9)]&amp#27;[39m Calling AppiumDriver.findElement() with args: ["accessibility id","test-LOGIN","ec5325c9-ab8c-4c14-a23c-857f6a6dfbfe"]
[d]ebu&amp#27;[39m Calling AppiumDriver.setValueg(])  &amp#27;w[i3t5hm [aBragsse:D r[i[ve"rs]"&amp#27;,["3e9"m, "Vca"l,i"dr ",l"ocea"t,o"rt "s,t"r_a"t,e"gsi"e,s"a f"o,r" ut"his ,r"ecq"u,e"set":] ,"x99pfae6t2h1e,-5 ci6db,- 43c54l-aa0scs0- 7n65ae5m0e54,1 77a7c",c"e6s6sbfi1b05i0l-9i8dt2y-4 bi42d-,80bd -6c6ses6 a1s6e4flae2dc"t]o
[rd,eb u-g]a n&amp#27;[dr3o5mi[dWD  uPrioaxyu]t&amp#27;[o3m9ma tMaotrc
h[edde 'b/uegle]m en&amp#27;t[/9395fem6[2B1ea-s5ecD6rb-i4v35e4r-a]0c&amp#27;0[-73695em5 0W54a1i7t7i7ng/ vualpu e't ot o 0c ommmsan df noarm ec o'sn  And I login                                             # com.qa.stepdef.LoginStepDef.iLogin()dition
[debug] &amp#27;[35m[WD Proxy]&amp#27;[39m Matched '/e
lement' to command name 'findElement'
[debug] &amp#27;[35m[WD Proxy]&amp#27;[39m Proxying [POST /element] to [POST http://127.0.0.1:10000/wd/hub/session/a96e5523-8a84-4fe3-a3cb-d2c6104defd3/element] with body: {"strategy":"accessibility id","selector":"test-LOGIN","context"e:"",t"Vmaulltuiep'le"
:[fdaelbsueg}] 
&amp#27;[[d3eb5umg[]P r&amp#27;o[t3o5cmo[lW DC oPnrvoexyr]t&amp#27;e[r3]9&amp#27;m[ 3G9omt  Ardedspeodn s'ev awliuthe 's tpartoupse r2t0y0 : [{"s""s,e"ses"i,o"ncI"d,"":r""a,9"6ee"55,2"3t-"8,a"8_4"-,"4sf"e,"3a-"a,3"uc"b,-"cd"2,c"e6"1]0 t4od 'esetfVda3l"u,e"'v arleuqeu"e:s{t" EbLoEdMyEN
T["d:e"bu2g3]4 5&amp#27;e[23356-mb[6WbD3 -P4rfo8xby-]8&amp#27;a[53a9-mc 6Pdreo4ax8y3ifn8g7 0["P,O"SeTl e/meelnetm-e6n0t6/6-9191fee46-2a15e2-e5-c46fb7-345345646-ca0ecc0f-"7:6"52e345e5203564-1b767b73/-va4lfu8eb]- 8tao5 a[-PcO6SdTe 4hat8t3pf:8/7/01"2}7}.0
.[0d.e1b:u1g0]0 0&amp#27;1[/3w5dm[/Wh3uCb /(seecs5s3i2o5nc/91)a]2&amp#27;a[43a92m2 -Rfedsfpdo-n4d6ienbg- to client with driv8er0.dffi-n8ddEelee5m9e9nata(a)d 3r/eseulletm:e n{t"/el9e9mfeen6t2-16e0-656c-61b1-e443-5a45-2ae0-c40f-7736554e6560cecf":5"421374757e/va2lu3e6]- bw6ibt3h- 4bfo8dby:-8a5a-c6de4a83f870"," {"elementId":"99fe621e-5c6b-4354-a0c0-765e50541777","text":"secret_sEauLcEeM"E,N"Tr"e:p"l2a3c4e5"e:2f3a6l-sbe6,b"3v-a4lfu8eb"-:8[a"5sa"-,c"6ed"e,4"ac8"3,f"8r7"0,""}e"
,&amp#27;"[t3"5,m"[_H"T,T"Ps]"&amp#27;,["a3"9,m" u&amp#27;"[,3"7c","em<-"-] }PO
S[Td e/bwudg/]h u&amp#27;b[/3s5ems[sWiDo nP/reocx5y3]2&amp#27;5[c399-ma bG8oct- 4rce1s4p-oans2e3 cw-i8t5h7 fs6taa6tudsf b2f0e0/:e l{e"mseensts i&amp#27;o[nI3d9"m:&amp#27;"[13a2m22a40a02&amp#27;2[-3f9dm f&amp#27;d-[4960emb5-0890 dmfs- 8-de e153979&amp#27;a[a3a9dm3"
,&amp#27;"[v3a5lmu[eH"T:TnuP]l&amp#27;l}[3
9[md e&amp#27;b[u9g0]m &amp#27;&amp#27;[[3395mm[
W&amp#27;3C[3 5(m6[6bHfTT1P0]5&amp#27;0[)3]9&amp#27;m[ 3&amp#27;9[m3 7Rme-s-p>o&amp#27;n[d3i9nmg  &amp#27;t[o3 7cmliPeOnStT &amp#27;w[i3t9hm  d&amp#27;r[i3v7emr/.wsde/thVuabl/usee(s)s iroens/uelct5:3 2n5ucl9l-
a&amp#27;b[385cm-[4HTcT1P4]-&amp#27;a[2339c-m8 5&amp#27;[7f367am<6-d-fb PfOeS/Te l/ewmde/nhtub//2s3e4s5sei2o3n6/-6b66bbf31-045f08-b9-88da25-a4-bc462d-e840ab8d3-f6867e06/ac1l6i4cfka&amp#27;2[d3/9me
l&amp#27;e[m3e5nmt[/H9T9TfPe]6&amp#27;2[13e9-m5 c&amp#27;6[b9-04m3{5"4i-da0"c:0"-2736455ee50253461-7b767b/3v-a4lfu8e b&amp#27;-[83a95ma&amp#27;-[c362dme2040a&amp#27;8[33f98m7 &amp#27;0["9}0&amp#27;m[43879 ms - 1m4&amp#27;
[[3d9em
b&amp#27;u[g3]5 m&amp#27;[[H3T5TmP[]&amp#27;W[33C9 m( e&amp#27;c[5325c9)]&amp#27;[39m9 C0amll&amp#27;i[n3g9 mAp
p&amp#27;i[u3m5Dmr[iHvTeTrP.]c&amp#27;l[i3c9km( )&amp#27; [w3i7tmh- -a>r&amp#27;g[s3:9 m[ "&amp#27;2[33475meG2E3T6&amp#27;-[b369bm3 -&amp#27;4[f387bm-/8wad5/ah-ucb6/dsee4sas8io3nf/86760b"f,1"0e5c05-39285dc29--4abb482c--840cb1d4--6a62e36ca-186547ffa62ad6/dcfobnftee"x]t&amp#27;
[[3d9embu
g&amp#27;][3 5&amp#27;m[HTTP[]3&amp#27;5[m3[9WmD  &amp#27;P[r90omx{y}]&amp#27;&amp#27;[[3399mm
 [Mdaetbcuhge]d  &amp#27;'[/35eml[eWm3eCn t(/6263b4f510e5203)6]-&amp#27;b[63b93m- 4Cafl8b-l8ian5ga- cA6pdpei4uam8D3rfi8v7e0r/.clgiectkC'u rtroe nctoCmomnatenxdt (n)a mwei t'hc laircgks': [
"[6d6ebbufg1]0 5&amp#27;[35m[WD Proxy]&amp#27;[390m P-ro98xydi2n-g 4b[4P2O-S8T 0/bedle-m6e6nte/62a31465e42f36a-2b6db"3-]4f8
b[-8dae5ab-ucg6d]e 4a&amp#27;83[f38750m/c[lWic3kC]  to( 6[P6ObSTf 1ht0t5p:0/)/1]27&amp#27;.0[.309.1m:1 0R00e0s/pwdo/nhudbi/snegs stioo nc/lai9e6net5 5wi2t3h- 8dar8i4v-e4rf.eg3e-taC3ucrbr-edn2tcC6o1n0t4edxetf(d)3 /reelseumletn:t /"2N3A4T5IeV2E3_6A-PbP6"b
3&amp#27;-[43f58mb[-H8TaT5Pa]-&amp#27;c[6d3e9m4 a&amp#27;8[33f78m7<0-/-c lGiEcTk ]/ wwdi/thhu bbody:/ s{e"seslieomne/n6t6"b:f"12035405-e9283d62--b46bb432--840fb8db--686ae56aa-1c664dfea42ad8/3cfo8nt7e0x"t} &amp#27;
[[3d9emb&amp#27;u[3g2]m 2&amp#27;0[03&amp#27;5[m3[WD9 mP r&amp#27;o[x9y0]m&amp#27;3[ 3m9sm  Got response with status 200: {"sessionId":"a96e5523-8a84-4fe3-a3cb-d2c610-4de fd232"&amp#27;,["3v9amlu
e&amp#27;":[n35uml[HlT}TP
][&amp#27;d[e3b9umg ]&amp#27; &amp#27;[[9305mm&amp#27;[[3W93mC 
(&amp#27;e[c3553m2[5HcT9T)P]]&amp#27;&amp#27;[[3399mm  R&amp#27;e[s3p7omn-d-in>g&amp#27; [t3o9 mc l&amp#27;[i3e7nmtP OwSiTt&amp#27;h[ d3r9imv e&amp#27;r[.3c7lmi/cwkd(/)h urbe/ssuelsts:i onnu/6l6lbf
1&amp#27;0[5305-m9[8HTdT2P-]4&amp#27;b[4329-m8 0&amp#27;b[d3-76m<6-e-6 aP1O6S4fTa 2/d/wedl/ehmuebn/ts&amp#27;e[s3s9imon
/&amp#27;e[c3553m2[5HcT9T-Pa]b&amp#27;8[c3-94mc 1&amp#27;4[-9a0m2{3"cu-8s5i7nfg6"a:6"dafcbcfees/seilbielmietnyt /i2d3"4,5e"2v3a6l-ube6"b:"3-t4efs8tb--L8OaG5Ia-Nc"6}d&amp#27;e[439am83
f[87d0e/bculgi]c k&amp#27; [&amp#27;3[539mm[&amp#27;W[33C 2(m6260bf01&amp#27;05[0)3]9&amp#27;[m3 9&amp#27;m[ 9C0aml5l6i nmgs  A-p p1i4u&amp#27;m[3D9rmiv
e&amp#27;r[.3f5imn[HTTdPE]l&amp#27;e[m3e9nt(m)  &amp#27;w[i9t0hm&amp#27; a[r3g9sm: 
[&amp#27;"[a3c5cme[sHsTiTbPi]l&amp#27;i[t3y9 mi d&amp#27;"[3,7"tme-s-t->L&amp#27;O[G39ImN "&amp#27;,["3676mbGfE1T05&amp#27;0[-3998md 2&amp#27;-[437bm4/2w-8d0/bhdu-6b/6see6sas1i6o4nf/ae2cd5"3]25
c[d9e-baubg8]c -&amp#27;4[c3154m-[aB23acse-D8r5i7vfe6ra]6&amp#27;d[f3b9fme /Vcaolnidt elxot&amp#27;c[a3t9omr 
&amp#27;s[t3r5amt[eHgiTeTsP ]f&amp#27;o[r3 9tmh i&amp#27;s[ 9r0emq{u}e&amp#27;s[t3:9 mxp
at[hd,e biudg,]  c&amp#27;la[s3s5 mn[aWm3eC,  (aeccc5e3s2s5icb9i)l]&amp#27;i[t3y9 mi dC,a lclsisn g AsppieulmDercitvoerr,. g-eatnCdurrroeindt Cuoinatuetxotm(a) twoirth
 [adregbsu:g ][ "e&amp#27;c[53352m5[cB9a-saebD8rci-v4ec1r4]-&amp#27;a[2339cm- 8W5a7ift6ian6gd fubpf et"o] 
0[ dmesb ufgo]r  &amp#27;c[o3n5dmi[tWi3C (eco53n25c
9)[]d&amp#27;[e39bumg ]Re s&amp#27;po[n3di5nmg [toW Dcl iPenrto wxityh ]d&amp#27;ri[v3er9.mge tMCuartrecnhteCodnt e'xt/(e) lreesmueltn:t "'N ATtIoVE _cAPoPm"m
a&amp#27;n[d3 5nma[mHeT T'P]f&amp#27;i[n3d9Eml e&amp#27;m[e3n7tm'<--
 [GdEeTb u/gw]d /&amp#27;h[u3b5/ms[eWsDs iPorno/xeyc]5&amp#27;3[235c99m- aPbr8ocx-y4icn1g4- a2[3PcO-S8T5 7/fe6lae6mdefnbtf]e/ ctoo n[tPeOxStT  &amp#27;h[t3t9pm:&amp#27;/[/3122m72.000&amp#27;.[03.91m: 1&amp#27;0[09001m/3w dm/sh -u b2/2s&amp#27;e[s3s9imon
/&amp#27;1[a325ma[4HaT2T2P-]f&amp#27;d[f3d9-m4 6&amp#27;e[b9-0m8&amp#27;0[d3f9-m8d
e&amp#27;e[53959ma[aHaTdT3P/]e&amp#27;l[e3m9emn t&amp#27;][ 3w7imt-h- >b&amp#27;o[d3y9:m  {&amp#27;"[s3t7rmPatOeSgTy&amp#27;"[:3"9amc c&amp#27;e[s3s7imb/iwldi/thyu bi/ds"e,s"ssieolne/cteocr5"3:2"5tce9s-ta-bL8OcG-I4Nc"1,4"-caont2e3xct-"8:5"7"f6,a"6mduflbtfiep/leel"e:mfeanlts&amp#27;e[}39
m[d
e&amp#27;b[u3g5]m [&amp#27;H[TTP]&amp#27;3[53m9[mWD Proxy]&amp#27;[39m Got response with status 200: {"ses s&amp#27;io[n9Id0":m"{1a"2uas4ian2g2"-:f"dxfpda-t4h6"e,b-"80vdafl-u8ede"e:5"9/9/aaanaddr3o"i,d".vvaileuwe."V:i{e"EwLGErMoENT":"4d916a9a-8466-4798-851c-b92903a8c207","element-6066-11e4-a52e-4f735466cecf":"4d916a9a-8466-4798-851c-b92903a8c207"}}
[debug] &amp#27;[35m[W3C (66bf1050)]&amp#27;[39m Responding to client with driver.findElement() result: {"element-6066-11e4-a52e-4f735466cecf":"4d916a9a-8466-4798-851c-b92903a8c207","ELEMENT":"4d916a9a-8466-4798-851c-b92903a8c207"}
&amp#27;[35m[HTTP]&amp#27;[39m &amp#27;[37m<-- POST /wd/hub/session/66bf1050-98d2-4b42-80bd-66e6a164fa2d/eleumenpt[ &amp#27;@c[o3n9tme&amp#27;n[t3-2dme2s0c0=&amp#27;\["3t9ems t&amp#27;-[E9r0rmo4r5 4m emsss a-g e1\3"7]/an&amp#27;d[r3o9imd.
w&amp#27;i[d3g5emt[.HTTeTxPt]&amp#27;V[3i9emw "&amp#27;}[&amp#27;9[03m9&amp#27;m[3
9[mde
b&amp#27;u[g3]5 m&amp#27;[[H3T5TmP[]W&amp#27;3[C3 9(me c&amp#27;5[33275m-c-9>)&amp#27;][&amp#27;3[93m9 m&amp#27; [C3a7lmlGiEnTg&amp#27; [A3p9pmi u&amp#27;m[D3r7imv/ewrd./fhiunbd/Esleesmseinto(n)/ 6w6bifth1 0a5r0g-s9:8 d[2-"4xbp4a2t-h"8,0"b/d/-a6n6der6oai1d6.4vfiae2wd./VeileewmeGnrto/u4pd[9@1c6oan9tae-n8t4-6d6e-s4c7=9\8"-8t5e1sct--Ebr9r2o9r0 3mae8scs2a0g7e/di\s"p]l/aayneddr&amp#27;o[i3d9.mwi
d&amp#27;g[e3t5.mT[eHxTtTPV]i&amp#27;e[w3"9,m" e&amp#27;c[59302m5{c}9&amp#27;-[a3b98mc-
4[cd1e4b-uga2]3 c&amp#27;-[83557mf[6Wa36Cd f(b6f6eb"f]10
5[0d)e]&amp#27;b[u3g9]m  &amp#27;C[a3lling5 mA[pBpaisuemDDrriivveerr].&amp#27;e[l3e9mme nVtaDlid liocsaptloary esdt(r)a tweigietsh  faorrg st:h i[s" 4rde9q1u6eas9ta:- 8x4p6a6t-h4,7 9i8d-,8 5c1lca-sbs9 2n903a8c207","66bf1050-98d2-4b42-80bd-66e6a164fa2d"]
[debug] &amp#27;[35m[WD Proxy]&amp#27;[39m Matched '/element/4adme9, 1ac6cesasi9biali-ty 8id4, 6css6 s-el4ect7or9, -8and-ro8id5 ui1aucto-matbor9
[2de9bug0] 3&amp#27;[a35m8[Bcase2Dri0ve7r]/&amp#27;[3a9mt Wtaitrinig ubp utot 0 ems /fodr iconsdiptilona
[ydebeugd] '&amp#27;[ 35tm[WoD  Procxyo]&amp#27;[m39mm Maatnchedd  '/enleamemnt'e t o 'comgmaendt naAmet t'friindbuEtleeme'nt'

[[ddeebbugu] g&amp#27;][3 5&amp#27;m[[WD3 5Pmro[xWy]D&amp#27;[ 3P9mr Poroxxyyi]n&amp#27;g [[P3OS9Tm / ePlermeonxt]y tion [gPO S[T GhtEtpT: ///12e7l.0e.m0.e1:n1t00/004/wdd/9h1ub6/ase9sasi-on8/4a966e655-243-789a884--4f8e53-1a3ccb--bd29c6210940de3fad38/ecle2m0en7t]/ awittht rboidyb:u {t"est/rdatiesgyp":l"xapyateh"d,"]sele tctoor "[:"G//EaTnd rhoitdt.vpi:e/w./V1ie2w7G.ro0u.p[0@.co1n:te1n0t-0d0es1c/=\w"dte/shtu-Ebr/rosre msessisaogne/\"1]a/2anad4rao2id2.-wfiddgfetd.-T4ex6teVibe-w8",0"dcfon-t8exdt"e:e""5,9"m9ualtaiaplde3":/feallsee}m
ent/4d916a9a-8466-4798-[8d5eb1ucg]- b&amp#27;[9352m9[W0D3 Par8oxcy2]&amp#27;0[379/m aGtott rreispbute/odinspslea yweidt]h  wsittaht unso  2b0o0d:y {
"[sdeesbsuig] &amp#27;[o3n5Imd["W:D" aP9r6oex5y5]2&amp#27;3[-389am8 4G-o4tf er3e-sap3ocnbs-ed 2wci6t1h0 4sdteaftdu3s" ,2"0v0a:l u{e""s:e{s"sEiLoEnMIEdN"T:"":1"aa2aa847aa2723-8f-d8f5dd-d4-64e1b3-c8-0adff7-58-d8e4e2597999aadada6d3c"3,"",v"aellueem"e:n"ttr-u6e0"6}6-
1[1deeb4u-ga]5 2&amp#27;e[-345fm[W3C (667b3f51406560c)]e&amp#27;c[f3"9:m" aRae8s7paon7d3i8n-g8 5tdod -c4l1i3ecn-t awfi7t5h- 8d4r2i9v7e9ra.edlde6mce3n"t}D}is
p[ldaeyebdu(g)]  r&amp#27;e[sul3t:5 mt[rWue3C
 &amp#27;([e3c55m3[2HT5cTP9])&amp#27;][&amp#27;3[93m9 m&amp#27; [R3e7smp<o--n dGiEnTg  /twod/ hculbi/esnets siwoint/h6 6dbrfi1v0e5r0.-f9i8nd2d-E4lbe4m2e-n80tb(d)- 6r6ees6au1l6t4:f a{2"de/leelmeemnetnt-/640d6961-61a19ea4-8-4a6562-e4-749f87-3855416c6-cbe9c2f90"3:a"8aca28077a/7d3is8p-l8a5ydedd- 4&amp#27;13[c3-9amf&amp#27;7[53-28m4220907&amp#27;9[a3d9dm6 c&amp#27;3["9,0"mE4L7E9M EmNs T-" :1"4a&amp#27;a[8379am73
8&amp#27;-[8355dmd[-H4T1T3P]c&amp#27;-[a3f97m5 -&amp#27;[89402m9&amp#27;7[93a9dmd6
c&amp#27;3["3}5m
[&amp#27;H[T3T5Pm][&amp#27;H[T3T9Pm ]&amp#27;&amp#27;[[3379mm- -&amp#27;>[&amp#27;3[73m9<m- -&amp#27; [P3O7STm G/EwTd&amp#27;/[h3u9bm/ s&amp#27;e[s37smi/ownd//ehcu5b3/2s5ecs9s-iaob8nc/-664bcf1140-5a02-39c8-d825-74fb64a26-d8f0bbfde-/6e6lee6mae1n6t4 f&amp#27;a[39m&amp#27;[32m200&amp#27;[39m &amp#27;[90m1203 ms - 137&amp#27;[39m
&amp#27;[35m[HTTP]&amp#27;[39m &amp#27;[90m&amp#27;[39m
&amp#27;[35m[HTTP]&amp#27;[39m &amp#27;[37m-->&amp#27;[39m &amp#27;[37mGET&amp#27;[39m &amp#27;[37m/wd/hub/session/ec5325c9-ab8c-4c14-a23c-857f6a6dfbfe/element/aa87a738-85dd-413c-af75-842979add6c3/displayed&amp#27;[39m
&amp#27;[35m[HTTP]&amp#27;[39m &amp#27;[90m{}&amp#27;[39m
[debug] &amp#27;[35m[W3C (ec5325c9)]&amp#27;[39m Calling AppiumDriver.eleme[INFO ] 2021-01-23 13:08:50.065 com.qa.pages.BasePage:97 - error text is - Username and password do not match any user in this service.
ntDisplayed() with args: ["aa87a738-85dd-413c-af75-842979add6c3","ec5325c9-ab8c-4c14-a23c-857f6a6dfbfe"]
[debug] &amp#27;[35m[WD Proxy]&amp#27;[39m Matched '/element/aa87a738-85dd-413c-af75-842979add6c3/attribute/display2ed' tdo/ ccoonmtmeaxntd&amp#27; [n3a9mme 
'&amp#27;g[e3t5Amt[tHrTibTuPt]e&amp#27;'[3
9[mde b&amp#27;u[g9]0 m&amp#27;{[}3&amp#27;5[m3[9WmD 
P[rdoexbyu]g&amp#27;][ 3&amp#27;9[m3 5Pmr[oWx3yCi n(g6 6[bGfE1T0 5/0)e]l&amp#27;e[m3e9nm tC/aalal8i7nag7 3A8-p8p5idud-41m3Dcr-iavfe7r5.g-e8t4Cu2r9r7en9tCaoddn6tecx3t/()a twitth rairbgsu:t e[/"d66ibsfp10l5a0-y9e8dd]2- 4  Then login should fail with an error "Username and password do not match any user in this service." # com.qa.stepdef.LoginStepDef.loginShouldFailWithAnError(java.lang.String)tbo42 [-G8E0bT
d -6h6tet6ap1:6/4f/a122d7"].0
[.d0e.bu1g:]1 &amp#27;0[0350m0[W/3wC d(/6h6bufb1/05s0e)s]&amp#27;s[i3o9mn /Raes9p6oend5i5n2g 3t-o8 cali8e4n-t4 fwiet3h -dar3ivcebr.-gdet2Ccu6r1r0e4ndteCfodn3t/eexlte(m)e nrte/saual8t7:a 7"3N8-A8T5IdVdE_-A4P1P3"c-
a&amp#27;f[753-8542m9[7H9TaTdPd]6&amp#27;c[33/9amtt r&amp#27;[ib3u7tme</-d-i sGpElTa y/ewdd]/ hwuibt/hs ensos iboondy
[debug] &amp#27;[35m[WD Proxy]&amp#27;/[3696mb fG1o0t5 0r-e9s8pdo2n-s4eb 4w2it-h 8s0tbadt-u6s6 e260a0: 1{6"4sfeass2ido/ncIodn"t:e"xat9 6e&amp#27;5[53293m-&amp#27;8[a3824m-240f0e&amp#27;3[-3a93cb-md2 c6&amp#27;10[49de0fmd32" ,"mvsal u-e" :2"t2ru&amp#27;e["}3
9[dmebu
g&amp#27;] [&amp#27;3[355mm[[W3HCT (TecP53]25&amp#27;c[9)3]&amp#27;9[m39 m&amp#27; R[es9p0onmdi&amp#27;n[g 3t9o mclie
n&amp#27;t [w3i5thm d[rHiTveTrP.e]le&amp#27;m[en3t9Dim &amp#27;sp[l3a7yemd-()- >re&amp#27;s[ul3t9: mtr ue&amp#27;[
&amp#27;3[735mmP[HOTSTPT]&amp#27;&amp#27;[[3939mm  &amp#27;&amp#27;[[3377mm/<-wd-/ hGuEbT/ s/ewds/hsuib/osession/ec5325c9-ab8c-4c14-a23c-857f6a6dfbfe/element/aa87a738-85dd-413c-af75-842979add6c3/displayed &amp#27;[39m&amp#27;[32m200&amp#27;[39m &amp#27;[90m43 ms - 14&amp#27;n[39/m66
b&amp#27;f[130550m-9[8HdT2T-4Pb]4&amp#27;2[-3890mb d&amp#27;-[6960em6&amp#27;a[13694mfa
2&amp#27;d[/3e5lemm[eHnTt&amp#27;T[P3]9&amp#27;m[
3&amp#27;9[m35 m&amp#27;[[HT3T7P]m-&amp#27;-[>3&amp#27;[93m9 m&amp#27; [&amp#27;9[03m7{m"GuEsTi&amp#27;[ng3"9:m" a&amp#27;c[c37esm/swidb/ihluibt/ys eisds"i,o"nv/aelcu5e3"2:5"ct9e-satb8-cL-O4GcI1N4"-a}2&amp#27;3[c3-98m57
f[6dae6bdufbgf] e&amp#27;/[3c5omn[tW3eCx t(&amp#27;66[b3f91m0
50&amp#27;)[]3&amp#27;5[m3[9HmT TCPa]l&amp#27;l[i3n9g mA p&amp#27;p[90m{}&amp#27;[39m
[debug] &amp#27;[35m[iW3uCmD r(iveerc.f5i3n25c9)d]E&amp#27;l[em3en9t(m) with args: ["ac ceCsaslilbiinlgi tAyp ipdi"u,m"Dtreisvte-rL.OgGeIN","t66Cbufr1r0e5n0t-C9o8ndt2e-x4tb(4)2 -w8i0tbhd -a6r6ges6:a 1[6"4efca523d2"5]c9
-[adbe8bcu-g4]c 1&amp#27;4[-3a52m3[cBaseDriver]&amp#27;[39m Valid -l8o5c7aft6oar6 dsftbrfaet"e]gi
e[sd efboru gt]h i&amp#27;s[ 3r5emq[uWe3sCt :( excp5a3t2h5,c 9i)d],&amp#27; [c39lams sR ensapmoen,ding  atcoc ecslsiiebnitl iwityt hi ddr,i vcesrs. gseelteCctor,u r-raenndtrCooind uiautomattore
x[td() erbeusgu] &amp#27;l[35tm[:Ba s"NeATDIriVvEe_rA]PP&amp#27;"[
3&amp#27;9m[ 3W5am[HiTtTiP]&amp#27;n[3g9 mu &amp#27;[p3 7tmo< -0-  mGETs  /wdf/ohru bc/osnedsistioni/oenc532
5[cd9e-baub8cg-]4 c&amp#27;1[4-3a52m3[cW-D8 5P7rfo6xay6]d&amp#27;f[b3f9em/ cMoanttcehxetd  &amp#27;'[/3e9lme&amp#27;m[e3n2tm'2 0t0o&amp#27; [c39omm m&amp#27;a[n9d0 mn4a mmes  '-f i2n2d&amp#27;E[l3e9mment
'&amp#27;[
3[5dme[HTbTuPg]]&amp#27; [&amp#27;3[9m3 &amp#27;5m[90[mWD Pr&amp#27;o[39xmy]
&amp#27;[&amp#27;3[53m9[mH TPTP]r&amp#27;[o3x9ymi n&amp#27;g[ 3[7mP-O-S>T&amp#27; [/3e9lm &amp#27;[37emPmOeSnTt&amp#27;][ 3t9om  [&amp#27;P[37OmS/wTd /hhtutbp/sess:i/on//1e2c75.302.50c.9-a1b8:c1-040c0114/-aw2d3/ch-u85b7/fs6ea6sdsfibfoen//e1lae2mae4nat2&amp#27;2[3-9fmdf
d&amp#27;-[4365me[bH-T8T0Pd]&amp#27;f[-8d3e9em5 9&amp#27;9[a9a0amd{"3u/seinlge":m"exnpta] twh",i"vtaluhe "b:o"d/y/:and r{oid".svtireawt.VieewGgryo"up:["@caocncteenst-sdiebsic=l\i"tteyst -iEdrr"o,r" smeeslseagcet\o"]r/"an:d"rotieds.twi-dLgOetG.ITNex"t,Vi"ceow"n}t&amp#27;e[3x9tm"
:["d"e,b"umg]u l&amp#27;t[3i5pml[We3"C :(feacl5s3e25}c9)
][&amp#27;d[3e9bm uCgal]l i&amp#27;n[g3 A5pmp[iuWmDDr iPverro.xfyin]d&amp#27;El[e3m9enmt ()G owti thr earsgps:o n[s"xep atwhi"t,h"/ /satnadrtouisd. v2i0ew0.:V ie{w"Gsroeusp[si@conoIndte"n:t"-d1eas2ca=4\a"2t2es-tf-Edrfrdor- 4mess6ageeb\"-]8/0anddfr-oi8dd.eweid5g9et9.aTaeaxtdV3ie"w,"",v"aecl5u32e5"c:9-{a"bE8Lc-E4McE14N-Ta2"3:c"-815871f16af68d7fb5f-e7"b]0
1[-d4e0bu7gd]- &amp#27;9[43a5am[-B3asde3Ddr2iv8e5r]1&amp#27;d[7369md "Va,l"ied lleomceatnotr -s6t0r6at6e-gi1e1se 4f-ora 5t2hies- 4refq7ue3s5t4:6 x6pcaetchf, "i:d", 1c8l1as1sf 87na5m-e7, ba0cc1e-s4si0b7idli-t9y4 aida,- c3sds3 sde2le8c5to1rd,7 -6adn"dr}o}
[debiudg ]u i&amp#27;a[u3t5omm[atWor3C
[ d(eb6u6gb] f&amp#27;1[305m5[0Ba)s]eD&amp#27;r[i3ve9rm]&amp#27; [R39ems pWoanitdiinng gu p ttoo  0c mlsi fent with driver.findElement() resuorl tc:on d{i"teiloenm
e[ndteb-u6g0]6 &amp#27;6[-35m[1WD1 ePr4o-xya5]2&amp#27;[e3-9m4 fMa7t3ch5e4d 6'6/ecleemcefnt"': t"o 1c8om1m1anfd8 n7a5m-e 7'bf0i1n-4dE0l7emde-nt9'4
a[ade-b3ugd]3 &amp#27;d[235m8[W5D1 Pdr7o6xdy]",&amp#27;"[E3L9mE MPEroxNyTi"n:g" 1[8P1O1STf 8/75e-l7be0m1e-4n0t7]d -t9o4 a[aP-3dO3SdT2 8h5t1tdp7:6d"/}/1
27&amp#27;.[03.05.m1[:H1T00T0P0]/&amp#27;w[d/h3u9bm/ s&amp#27;e[s3s7imon/<a9--6 eP5O5ST2 3/-w8da/8h4ub-/4sefssei3o-na/36c6bb-f10d520c-619084dde2f-d43b/4e2l-e8me0ntb]d -w6i6teh6 abod1y6:4 f{a2"ds/telreamteengty "&amp#27;:[3"9mx&amp#27;p[a3t2hm"2,0"0&amp#27;s[e3l9m &amp#27;e[c9to0rm"2:7" /m/sa n-dro i1d3.7v&amp#27;i[e3w9.VimewG
&amp#27;r[o3u5mp[[H@TcToPn]&amp#27;t[ent-des3c9=m\ &amp#27;"tes[t9-0Emr&amp#27;r[o3r9 mme
s&amp#27;s[a3g5em\["H]T/TaPn]d&amp#27;r[o3i9dm. w&amp#27;i[d3g7emt-.-T>e&amp#27;x[t3V9ime w&amp#27;"[,3"7cmoPnOtSeTx&amp#27;t["39m: "&amp#27;"[,3"7mmu/lwdt/hiupbl/es"e:sfsailsoen}/6
6[dbefbu1g0]5 0&amp#27;-[9385dm2[W-D4 Pbr4ox2y-]&amp#27;8[039bmd G-o6t6 ere6sap1o6n4sfe aw2itdh/ eslteametnuts/ 1280101:f 8{7"5s-e7sbs01-io40n7Id-d9"4a:a"-3ad39d628e55512d37-68da/8c4l-i4cfke&amp#27;[33-9am3cb
-&amp#27;d[23c56m1[0H4TdTePf]&amp#27;d3["3,9"mv a&amp#27;l[u9e0"m:{{""iEdL"E:M"E1N8T1"1:f"be895847d55--7cb0412-2-440a7bd4--9948a7ab--34de3ad624855b125dd76ad"c}"&amp#27;,["3e9lmem
e[ndte-b6u0g6]6 -&amp#27;1[13e54m-[aW532Ce -(46f735466cecf":"be8954d5-c422-4ab4-987b-4ea645b25dac"}}
[debu6g]b f&amp#27;10[5305)m[]W&amp#27;3[C3 9(me cC5a3l2l5icn9g) ]A&amp#27;p[p3i9umm Responding to cliDent rwiitvhe rd.rcilvierc.kf(i)n dwEiltehm eanrtg()s :r e[s"u1l8t1:1 f{8"7e5le-m7ebn0t1--6046067-d1-19e44a-aa-532de3-d42f875315d46766cde"c,f""6:6"bbfe18095540d-59-8cd422-24-b44a2b-48-908b7db--646eea66a4156b42f5ada2cd"",]"E
L[EdMeEbNuTg"]:" b&amp#27;e[83955m4[dW5D- cP4r2o2x-y4a]b&amp#27;4[-3998m7 bMatch-e4de a'6/4e5lbe2me5ndtac/"1}81
1f&amp#27;8[7355-m7[bH0T1T-P4]0&amp#27;7[d3-99m4 a&amp#27;a[-337dm3<d-2-8 5P1OdST7 6/dw/dc/lhiucbk/'s etsos icono/memacn5d3 2n5acm9e- a'bc8lc-ic4kc'14-
a[2d3ecb-u8g5]7 f&amp#27;6[a365dmfb[fe/WeD lePmreonxty ]&amp#27;&amp#27;[[3399mm&amp#27;[ 3P2rmo2x0y0i&amp#27;n[g3 9[mP O&amp#27;S[T9 0/me2l5e7m emsn t-/ 1183171&amp#27;f[83795m-7
b&amp#27;[0315-m4[0H7TdT-P9]4&amp#27;[a3a9-m3 d&amp#27;3d2851d[7960dm/&amp#27;c[l39imck
]&amp#27; [t3o5 m[[PHOTTSPT] &amp#27;ht[tp39:m/ /&amp#27;1[2377m.-0-.>0&amp#27;.[13:91m0 &amp#27;0[0317/mwGdET&amp#27;[39m /&amp#27;[3h7um/wd/hub/bse/ssseisosni/oenc/5312a52ca94-aab282c--f4dcf1d4--4a62e3bc--88057dff6-a86ddefeb5f9e9/aealaedm3en/etl/ebmee8n9t5/41d85-1c14f2827-54-a7bb40-198-74b0-74de-a9644a5ba2-53dda3cd/2a8t5t1rdi7b6udte/c/ltiecxkt]&amp#27; [w3i9tmh 
b&amp#27;o[d3y5m: [H{T"TePl]e&amp#27;m[e3n9tm" :&amp#27;"[19801m1{f}8&amp#27;7[53-97mb0
1[-d4e0b7ud-9g4]a a&amp#27;-[35m3[dW33dC2 8(5e1cd57362d5"c}9)]&amp#27;[
3[9dme bCuagl]l i&amp#27;n[g3 5Amp[pWiDu mPDrroixvye]r&amp#27;.[g3e9tmA tGtorti bruetsep(o)n swei twhi tahr gsst:a t[u"st e2x0t0":, "{b"es8e9s5s4ido5n-Icd4"2:2-"41aab24a-49a8272b--f4defad6-4456be2b5-d8a0cd"f,-"8edce5e352959ca9a-aadb38"c,-"4vca1l4u-ea"2:3ncu-l8l5}7f
6[ad6edbfubgf]e "&amp#27;][3
5[md[eWb3uCg ]( 6&amp#27;6[b3f51m0[5W0D) ]P&amp#27;r[o3x9ym] &amp#27;R[e3s9pmondin gMa ttcoh ecdl i'e/netl ewmietnht /dbrei8v9er5.4cdl5i-cck4(2)2 -r4ab4-987b-4ea645b25dace/asutlttr:i bnuutlel/t
e&amp#27;x[t3'5 mt[oH TcToPm]m&amp#27;a[n3d9 mn a&amp#27;m[e3 7'mg<e-t-A tPtOrSiTb u/twed'
/[dheubbu/gs]e s&amp#27;s[i3o5nm/[6W6Db fP1r0o5x0y-]9&amp#27;8[d329-m4 bP4r2o-x8y0ibndg- 6[6GeE6Ta 1/6e4lfeam2edn/te/lbeem8e9n5t4/d158-1c14f2827-54-a7bb40-19-8470b7-d4-e9a46a4a5-b3d235dd2a8c5/1da7t6dt/rcilbiuctke /&amp#27;t[e3x9tm]&amp#27; [t3o2 m[2G0E0T &amp#27;[h3t9tmp :&amp#27;/[/9120m75.06. 0m.s1 :-10 01040&amp#27;/[w3d9/mhu
b&amp#27;/[s3e5smsi[HonT/TaP9]6&amp#27;e[53592m3 -8&amp#27;a[8940-m4&amp#27;f[e3-a3cb-d2c6104defd3/element/be8954d5-c422-4ab4-987b-4ea645b25dac/attribute/text] with no body
[debug] &amp#27;[35m[WD Proxy]&amp#27;[39m Got response with status 200: {"sessionId":"a96e5523-8a84-4fe3-a3cb-d2c6104defd3","value":"3U9smer
n&amp#27;a[m3e and password do not match any user in this service."}
[5debmu[gH]T T&amp#27;P[]3&amp#27;5[m3[9Wm3C  &amp#27;([e3c75m3-2-5>c&amp#27;9[)39m] &amp#27;&amp#27;[[393m7 mRGeEsTp&amp#27;o[n3d9imn g&amp#27; [t3o7 cml/iwedn/th uwbi/tshe sdsriion/6v6ebrf.1g0e5t0A-t9t8ridb2u-t4e(b)4 2r-e8s0ubldt-:6 6"eU6saer1na6m4ef aa2ndd/ cpoanstsewxotr&amp#27;d[ d3o9 mno
t&amp#27; [m3a5tmc[hH TaTnPy] u&amp#27;s[e3r9 mi n&amp#27; [t9h0ims{ }s&amp#27;e[rv3i9cme.
"[d
e&amp#27;[b3u5gm][ H&amp#27;T[T3P5]&amp#27;m[[3W93mC  &amp#27;([6367bmf<1-0-5 0GE)T] &amp#27;/[w3d9/hmu bC/aslelsisnigon /Aepcp5i3u2m5Dcr9i-vaebr8.c-g4ect14C-uarr2e3nct-C8o5n7tfe6xat6(df)b fwe/ietlhe maerngts/:b e[8"96546db5f-1c045202--948adb24--948b74b2-4-e8a06b4d5-b6265ed6aac1/6a4tftari2bdu"t]e/
te[xdte b&amp#27;u[g3]9 m&amp#27;&amp#27;[[323m52m00[&amp#27;W[33C9 m( 6&amp#27;6[b9f01m3035 0m)s ]-&amp#27; [7329&amp#27;m[ 3R9emsp
o&amp#27;[n3d5imn[gHT TtPo] &amp#27;c[l3i9emn t&amp#27; [w90imt&amp#27;h[ 3d9rmiv
e&amp#27;r[.3g5emt[CHuTTrPr]e&amp#27;n[t3C9omn t&amp#27;e[x37tm(-)-> &amp#27;r[e3s9um l&amp#27;t[:3 7"mNPAOTSIT&amp#27;V[E3_9mA PP&amp#27;"[3
7&amp#27;m[/3w5dm/[hHuTbT/sPe]s&amp#27;s[i3o9nm/ e&amp#27;c[53372m5<c-9--a bG8EcT- 4c/1w4d-/ah2u3bc/-s8e5s7f6a6dfbfe/apspiiuomn//st6o6pb_fr1e0c5o0r-d9i8ngd_2s-c4rebe4n2&amp#27;-[8309bmd-
6&amp#27;6[e365am1[H6T4TfPa]2&amp#27;[d3/9cmo n&amp#27;t[e9x0tm {&amp#27;}[&amp#27;[3399mm&amp#27;[
3[2dme2b0u0g&amp#27;][ 3&amp#27;[93m5 m&amp#27;[[W930Cm 2( emcs5 3-2 52c29&amp#27;)[]3&amp#27;9[m39
m&amp#27; [C3a5lml[iHnTgT PA]p&amp#27;p[i3u9mmD r&amp#27;i[v9e0rm.&amp#27;st[o3p9Rmec
&amp#27;o[r3d5mi[nHgTTPS]c&amp#27;r[e3e9nm( )&amp#27; [w3i7mt-h- >a&amp#27;r[g3s9:m  &amp#27;[[n3u7lmPlO,S"Te&amp#27;c[53392m5 c&amp#27;[93-7amb/8wcd-/4hcu1b4/s-eas2s3ico-n8/5676fb6fa160d5f0b-f9e8"d]2
-[4dbe4b2-u8g0]b d&amp#27;-[6365em6[aA1D6B4]f&amp#27;a[23d9/me lGeemtetnitn&amp#27;g[ 3I9Dms 
o&amp#27;f[ 3a5lml[ H'TsTcPr]e&amp#27;e[n3r9emc o&amp#27;r[d9'0 mp{r"oucseisnsge"s:"
x[pdaetbhu"g,]" v&amp#27;a[l3u5em"[:A"D/B/]&amp#27;a[n3d9rmo iRd.uwnindignegt .'SCc:r\oUlsleVrise\wl[e@ncoovnot\eAnptp-Ddaetsac\=\L"otceaslt\-APnRdOrDoUiCdT\Ss\d"k]\/pplraetcfeodrimn-gt-osoilbsl\iandgb:.:eaxned r-oPi d5.0v3i7e w-.sV ieewmGurloautpo/ra-n5d5r5o4i ds.hweildlg eptg.rTeepx t-Vfi e\w("\}[&amp#27;\[[3:9bmla
n[kd:e\b]u\g]]\ |&amp#27;\[^3\5)ms[cWr3eCe n(r6e6cbofr1d0\5(0\)[]\&amp#27;[[:3b9lma nCka:l\l]i\n]g\ |A\p$\p)i'um
D[rdievbeurg.]f i&amp#27;n[d3E5lme[mAeDnBt](&amp#27;)[ 3w9imt hR uarngnsi:n g[ "'xCp:a\tUhs"e,r"s/\/laenndorvooi\dA.pwipdDgaett.aS\cLrooclallVi\eAwn[d@rcooindt\esndtk-\dpelsact=f\o"rtme-stto-oPlRsO\DaUdCbT.Se\x"e] /-pPr e5c0e3d7i n-gs- siebmluilnagt:o:r-55a5n4d rsohiedl.lv iekwi.lVli e-w2G r2o5u3p0/4a'ndroid.widget.TextView","66bf1050-98d2-4b42-80bd-66e6a164fa2d"]
[debug] &amp#27;[35m[BaseDriver]&amp#27;[39m Valid locator strategies for this request: xpath, id, class name, accessibility id, css selector, -android uiautomator
[debug] &amp#27;[35m[BaseDriver]&amp#27;[39m Waiting up to 0 ms for condition
[debug] &amp#27;[35m[WD Proxy]&amp#27;[39m Matched '/eleme[INFO ] 2021-01-23 13:08:50.917 com.qa.pages.BasePage:97 - product page title is - PRODUCTS
nt' to command name 'findElement'
[debug] &amp#27;[35m[WD Proxy]&amp#27;[39m Proxying [POST /element] to [POST http://127.0.0.1:10001/wd/hub/session/1a2a4a22-fdfd-46eb-80df-8dee599aaad3/element] with body: {"strategy":"xpath","selector":"//android.widget.Scr  Then I should see Products page with title "PRODUCTS"   # com.qa.stepdef.LoginStepDef.iShouldSeeProductsPageWithTitle(java.lang.String)
ollView[@content-desc=\"test-PRODUCTS\"]/preceding-sibling::android.view.ViewGroup/android.widget.TextView","context":"","multiple":false}
[debug] &amp#27;[35m[WD Proxy]&amp#27;[39m Got response with status 200: {"sessionId":"1a2a4a22-fdfd-46eb-80df-8dee599aaad3","value":{"ELEMENT":"5194120c-5e01-4f5e-b768-637c
bf[ad1cec","element-6066-11e4-a52e-4f735466cecf":"5194120c-5e01-4f5e-b768-637cbfad1cec"}}
[debug] &amp#27;[35m[W3C (66bf1050)d]e&amp#27;b[u3g9]m  &amp#27;R[e3s5pmo[nADdBi]n&amp#27;g[ 3t9om  cGlient with driver.findElement(e)t triensgu lItD:s  of all 'screenrecord' processes
[debug] &amp#27;[35m[ADB]&amp#27;[39m Running 'C:\Users\lenovo\AppData\Local\Android\sdk\platform-tools\adb.exe -P 5037 -s emulator-5554 shell pgrep -f \(\[\[:blank:\]\]\|\^\)screenrecord\(\[\[:blank:\]\]\|\$\)'
[debug] &amp#27;[35m[ADB]&amp#27;[39m Getting IDs of all 'screenrecord' processes
[debug] &amp#27;[35m[ADB]&amp#27;[39m Running 'C:\Users\lenovo\AppData\Local\Android\sdk\platform-tools\adb.exe -P 5037 -s emulator-5554 shell pgrep -f \(\[\[:blank:\]\]\|\^\)screenrecord\(\[\[:blank:\]\]\|\$\)'
[debug] &amp#27;[35m[ADB]&amp#27;[39m Running 'C:\Users\lenovo\AppData\Local\Android\sdk\platform-tools\adb.exe -P 5037 -s emulator-5554 pull /sdcard/bee47c98.mp4 C:\Users\lenovo\AppData\Local\Temp\2021023-10936-fe60gv.9tol\bee47c98.mp4'
[debug] &amp#27;[35m[ADB]&amp#27;[39m Running 'C:\Users\lenovo\AppData\Local\Android\sdk\platform-tools\adb.exe -P 5037 -s emula{tor-5"5e5l4e msehneltl- r6m0 6-r6f- /1s1deca4r-da/b5e2ee47-c948f.m7p34'54
6[6dcebeucg]f "&amp#27;:[3"55m[1A9n4d1ro2i0dcDr-i5vee0r]1&amp#27;-[439fm5 eTh-eb 7si6z8e -o6f 3t7hec brfesauldt1icneg cs"c,r"eEenL EreMcEorNdiTn"g :i"s5 319.74 KB
194120c-5e01-4f5e-b768-637c[INFO ] 2021-01-23 13:08:51.737 com.qa.utils.VideoManager:35 - video path: Android_pixel_3a_API_30_x86\Videos\Login with invalid user name.mp4
bfad1cec"}
&amp#27;[35m[HTTP]&amp#27;[[39m d&amp#27;[e37bmu<-g-] P OS&amp#27;T[ /3w5d/mhu[b/Ws3esCsi o(n/e6c6b5f1302505-c989d2)-]4b&amp#27;4[2-3890bmd -6R6ee6sa1p64ofna2ddi/enlgem etnto &amp#27; [c39lm&amp#27;i[e32m2n0t0 &amp#27;[w39imt &amp#27;h[ 90dmr74i9 vmes r-. 1s3t7&amp#27;o[3p9Rme
&amp#27;c[o35rm[dHiTTnPg]S&amp#27;[c3r9me e&amp#27;[n9(0m)&amp#27; [3r9ems
u&amp#27;[l35tm:[H TT"PA]&amp#27;A[A39AmG &amp#27;G[Z370me--X>B&amp#27;t[3c9Dm Q&amp#27;y[3A7AmGAETA&amp#27;A[3G9ml z&amp#27;[b372m1/wtdc/hDuQby/sAesAsiAoDn92/16v6bf1050-98d2-4b42-80bd-66e6a164fa2d/element/5194120c-5e01-4f5e-b768-637cbfad1cec/dispbl3aYyAeAdA&amp#27;B[s3b9XmZo
Z&amp#27;A[A3A5AmA[DHcTMTYPM]J&amp#27;3[D3G9DmC Q&amp#27;A[A9A+0gmA{A}C&amp#27;4[23A9AmEA
A[AdEeAbAuAgAA]A A&amp#27;A[A3A5AAmA[AWA3ACB A(A6A6AbAfA1A0AA5A0A)A]A&amp#27;A[A3A9AmA ACAAaQlAlAiAnAgA AAApApAAiAuAmADArAiAvAeArQ.AeAleAmAeAnAtADAiAsApAlAaAyAedA(A)A AwAiAtAhA AaArAgAsA:A A[A"A5A1A9A4A1A2A0AcA-A5AeI0A1A-A4Bf15beW-Vb07Y6Q8A-A6A3C7FcobZfGaxdy1AcAeAcA"A,A"A6A6AbAf1B0tZHRhAAAAAAAAAAAAAAAAAAAAACtrZXl50-98d2-4b42-80bd-66e6a164fa2d"]
[debug] &amp#27;[35m[WD Proxy]&amp#27;[39m Matched '/element/5194120c-5e01-4f5e-b768-637cbfad1cec/attribute/displayed' to command name 'getAttribute'
[debug] &amp#27;[35m[WD Proxy]&amp#27;[39m Proxying [GET /element/5194120c-5e01-4f5e-b768-]]></system-out>
  </testcase>
  <testcase name="scenario[&quot;Login with invalid password&quot;, &quot;Login Scenarios&quot;](2)" classname="com.qa.runners.MyPixel3TestNGRunnerTest" time="9.01">
    <system-out><![CDATA[tegy":"accessibility id","selector":"test-Username","context":"","multiple":false}
[debug] &amp#27;[35m[WD Proxy]&amp#27;[39m Got response with status 200: {"sessionId":"a96e5523-8a84-4fe3-a3cb-d2c6104defd3","value":{"ELEMENT":"f48dead7-7f30-45d3-8875-6d19979d5a53","element-6066-11e4-a52e-4f735466cecf":"f48dead7-7f30-45d3-8875-6d19979d5a53"}}
[debug] &amp#27;[35m[W3C (ec5325c9)]&amp#27;[39m Responding to client with driver.findElement() result: {"element-6066-11e4-a52e-4f735466cecf":"f48dead7-7f30-45d3-8875-6d19979d5a53","ELEMENT":"f48dead7-7f30-45d3-8875-6d19979d5a53"}
&amp#27;[35m[HTTP]&amp#27;[39m &amp#27;[37m<-- POST /wd/hub/session/ec5325c9-ab8c-4c14-a23c-857f6a6dfbfe/element &amp#27;[39m&amp#27;[32m200&amp#27;[39m &amp#27;[90m56 ms - 137&amp#27;[39m
&amp#27;[35m[HTTP]&amp#27;[39m &amp#27;[90m&amp#27;[39m
&amp#27;[35m[HTTP]&amp#27;[39m &amp#27;[37m-->&amp#27;[39m &amp#27;[37mGET&amp#27;[39m &amp#27;[37m/wd/hub/session/ec5325c9-ab8c-4c14-a23c-857f6a6dfbfe/element/f48dead7-7f30-45d3-8875-6d19979d5a53/displayed&amp#27;[39m
&amp#27;[35m[HTTP]&amp#27;[39m &amp#27;[90m{}&amp#27;[39m
[debug] &amp#27;[35m[W3C (ec5325c9)]&amp#27;[39m Calling AppiumDriver.elementDisplayed() with args: ["f48dead7-7f30-45d3-8875-6d19979d5a53","ec5325c9-ab8c-4c14-a23c-857f6a6dfbfe"]
[debug] &amp#27;[35m[WD Proxy]&amp#27;[39m Mat&amp#27;ch[e3d5 m'[/HeTlTePm]e&amp#27;nt[/3f94m8 d&amp#27;e[a3d77m--7-f>3&amp#27;0[-3495md 3&amp#27;-[83877m5D-E6LdE1T9E9&amp#27;7[93d95ma 5&amp#27;3[/3a7tmt/rwidb/uhtueb//dsiesspsliaon/66ybefd1'0 5t0o- 9c8odm2m-a4nbd4 2n-a8m0eb d'-g6e6teA6tat1r6i4bfuat2ed'&amp#27;[
3[9dmeb
ug] &amp#27;[35m[WD Proxy]&amp#27;[&amp#27;3[93m5 mP[rHoTxTyPi]n&amp#27;g[ 3[9GmE T&amp#27; [/9e0lme{m}e&amp#27;n[t3/9fm48
d[edaedb7u-g7]f 3&amp#27;0[-3455md[3W-38C8 7(56-66bdf119095709)d]5&amp#27;a[5339/ma tCtarlilbiuntge /AdpipsipulmaDyreidv]e rt.od [eGlEeTt ehStetsps:i//12o7n(.)0 .w0i.t1:h1 0a0r0g0s/:w d[/"h6u6bb/fs1e0ss50i-o9n/8ad926-e45b54223--880ab8d4--64f6ee36-aa136c4bf-ad22dc"6]104
d[edfedbu3g/]el e&amp#27;m[e3n5tm/[fB48adseeaDdr7i-v7efr3]0&amp#27;-[4539m Event 'quitSessionRequested' logged at 16113875d332-886867 5(-163d:190987:95d25 aG5M3T/+a0t5tr3i0b u(tIen/ddiias pSltaaynedd]a rwdi tThi mneo )b)od
y&amp#27;[
3[5dme[bAupgp]i u&amp#27;m[]35&amp#27;m[[3W9Dm  PrRemooxvyi]n&amp#27;[g3 9sme sGsoito nr e6s6pbofn1s0e5 0w-i9t8hd 2s-t4abt4u2s- 8200b0d:- 6{6"es6eas1s6i4ofnaI2dd" :f"rao9m6 eo5u5r2 3m-a8sat8e4r- 4sfees3s-iao3nc bl-ids2tc6
1[0d4edbeufgd]3 "&amp#27;,["3v5aml[uUei"A:u"ttormuaet"}or
2[]d&amp#27;e[b3u9gm]  D&amp#27;e[l3e5tmi[nWg3 CU i(eAcu5t3o2m5ac9t)o]r&amp#27;2[ 3s9ems sRiesopnon
d[idnegb utgo]  c&amp#27;l[i3e5nmt[ UiAwuittohm adtroirv2e]r&amp#27;.[el3e9mme nDteDliestpilnagy eUdi(A)u troemsautlotr:2  tsreureve
r&amp#27; [s3e5sms[iHoTnTP]
&amp#27;[[d3e9bmu g&amp#27;][ 3&amp#27;7[m3<5--m [GWED TP ro/wxdy/]h&amp#27;u[b3/9sme sMsaitocnh/eedc 5'3/2'5 ct9o- acbo8mcm-a4ncd1 4n-aa2m3ec -'8d5e7lfe6tae6Sdefsbsfieo/n'el
e[mdeenbtu/gf]4 8&amp#27;d[e3a5dm7-[7WfD3 0P-r4o5dx3y-]8&amp#27;8[7359-m 6Pd1r9ox9y7i9ndg5 a[5D3E/LdEiTsEp l/a]y etdo  &amp#27;[[D3E9LmE&amp#27;T[E3 2hmt2t0p0:&amp#27;//[13297m. 0&amp#27;.[09.01m:112030 0m1s/ w-d /1h4u&amp#27;b[/3s9emss
i&amp#27;o[n3/51ma[2HaT4TaP2]2&amp#27;-[3f9dmf d&amp#27;-[4960emb-&amp#27;[8309dmf-
8&amp#27;d[e3e559m9[aHaTaTdP3]]&amp#27; [3wi9tmh  n&amp#27;o [b3o7dmy--
>[&amp#27;d[e3b9umg ]&amp#27; [&amp#27;3[73m5GmE[TW&amp#27;D[ 3P9rmo x&amp#27;y[]3&amp#27;7[m3/9wmd /Ghoutb /rseesspsoinosne/ ewci5t3h2 5sct9a-tuasb 82c0-04:c 1{4"-sae2s3sci-o8n5I7df"6:a"61daf2baf4ea/2c2o-nftdefxdt-&amp#27;4[63e9bm-8
0&amp#27;d[f3-58md[eHTeT5P9]9&amp#27;a[a3a9dm3 "&amp#27;,["9v0aml{u}e&amp#27;"[:3n9umll
}[d
e[bduegb]u g&amp#27;][ 3&amp#27;5[m3[5Wm3[CA D(Be]c&amp#27;5[33295mc 9R)u]n&amp#27;n[i3n9gm  C'aCl:l\iUnsge rAsp\plieunmoDvroi\vAeprp.DgaettaC\uLrorceanlt\CAonndtreoxitd(\) swdikt\hp laartgfso:r m[-"teoco5l3s2\5acd9b-.aebx8ec --4Pc 1540-3a72 3-cs-8 a704ebf7 shell am force-stop com.swaglabsmobileapp'
[debug] &amp#27;[35m[Logcat]&amp#27;[39m Stopping logcat capture
[debug] &amp#27;[35m[ADB]&amp#27;[39m Removing forwarded port socket connection: 10001 
[debug] &amp#27;[35m[ADB]&amp#27;[39m Running 'C:\Users\lenovo\AppData\Local\Android\sdk\platform-tools\adb.exe -P 5037 -s a704ebf7 forward --remove tcp:10001'
&amp#27;[35m[UiAutomator2]&amp#27;[39m Restoring hidden api policy to the device default configuration
[debug] &amp#27;[35m[ADB]&amp#27;[39m Running 'C:\Users\lenovo\AppData\Local\Android\sdk\platform-tools\adb.exe -P 5037 -s a704ebf7 shell 'settings delete global hidden_api_policy_pre_p_apps;settings delete global hidden_api_policy_p_apps;settings delete global hidden_api_policy''
[debug] &amp#27;[35m[BaseDriver]&amp#27;[39m Event 'quitSessionFinished' logged at 161138755332785f 6(1a36:d0f8b:f5e3" ]GM
T[+d0e5b3u0g ]( I&amp#27;n[d3i5am [SWt3aCn d(aercd5 3T2i5cm9e)])&amp#27;)[
3[9demb uRge]s p&amp#27;o[n3d5imn[gW 3tCo  (c6l6bife1n0t5 0w)i]t&amp#27;h[ 3d9rmi vReerc.eigveetdC urrersepnotnCsoen:t enxutl(l)
 [rdeesbuulgt]:  &amp#27;"[N3A5TmI[VWE3_CA P(P6"6b
f&amp#27;1[03550m)[]H&amp#27;T[T3P9]m&amp#27; [B3u9tm  del&amp#27;[e37tmi<-n-g G EsTe s/swiodn/,h usb/session/ec5325c9-ab8c-o4c1 4n-oat2 3rce-tu8r5n7ifn6ga6
d[fdbefbeug/]c o&amp#27;n[t35emx[tW 3&amp#27;C[ 3(96m6&amp#27;b[f3120m502)0]0&amp#27;&amp#27;[[3399mm  R&amp#27;e[s9p0omn2d inmgs  t-o  2c2l&amp#27;i[e3n9tm wi
t&amp#27;h[ 3d5rmi[vHeTrT.Pde]&amp#27;le[t3e9Sems s&amp#27;i[o9n0(m)&amp#27; [r3e9sumlt
:&amp#27; [nu3l5lm[
H[TdTePb]u&amp#27;g[]3 9&amp#27;m[ 35&amp#27;m[[3W73Cm -(-6>6&amp#27;b[f39m &amp#27;[37mPOST&amp#27;[39m1 0&amp#27;5[03)7]m&amp#27;/[w3d/h9umb /Dseesstsriooyni/negc 5s3o2c5kce9t- acbo8ncn-e4cct1i4o-na2
3&amp#27;c[-3855m7[fH6TaT6Pd]f&amp#27;b[f3e9/me l&amp#27;e[m3e7nmt<&amp#27;-[-3 9DmEL
E&amp#27;T[E3 5/mw[dH/ThTuPb]/&amp#27;s[e3s9smi o&amp#27;n[/966b0fm1{0"5u0-s9i8ndg2":"-a4cbces4s2i-b8i0libtdy- 6i6de"6,a"1va6l4uef":a"2teds t-&amp#27;U[se3r9mn&amp#27;a[me3"2}&amp#27;m[2390m0&amp#27;
[[3de9bumg ] &amp#27;&amp#27;[[9350mm[W432C 3(e cms5 32-5c9 )]1&amp#27;4[3&amp#27;9[m 3C9almli
ng&amp#27; [A3pp5imum[DHrTivTePr.]f&amp#27;in[d3El9emme nt&amp#27;([)9 0wmi&amp#27;t[h 3a9mrgs
: ["accessibility id","test-Username","ec5325c9-ab8c-4c14-a23c-857f6a6dfbfe"]
[debug] &amp#27;[35m[BaseDriver]&amp#27;[39m Valid locator strategies for this request: xpath, id, class name, accessibility id, css selector, -android uiautomator
[debug] &amp#27;[35m[BaseDriver]&amp#27;[39m Waiting up to 0 ms for condition
[debug] &amp#27;[35m[WD Proxy]&amp#27;[39m Matched '/element' to command [INFO ] 2021-01-23 13:08:54.051 com.qa.pages.BasePage:71 - login with standard_user
name 'findElement'
[debug] &amp#27;[35m[WD Proxy]&amp#27;[39m Proxying [POST /element] to [POST http://127.0.0.1:10000/wd/hub/session/a96e5523-8a84-4fe3-a3cb-d2c6104defd3/element] with body: {"strategy":"accessibility id","selector":"test-Username","context":"","multiple":false}
[debug] &amp#27;[35m[WD Proxy]&amp#27;[39m Got response with status 200: {"sessionId":"a96e5523-8a84-4fe3-a3cb-d2c6104defd3","value":{"ELEMENT":"1f4d19b7-65dc-4b72-b232-e386cb6b0bf9","element-6066-11e4-a52e-4f735466cecf":"1f4d19b7-65dc-4b72-b232-e386cb6b0bf9"}}
[debug] &amp#27;[35m[W3C (ec5325c9)]&amp#27;[39m Responding to client with driver.findElement() result: {"element-6066-11e4-a52e-4f735466cecf":"1f4d19b7-65dc-4b72-b232-e386cb6b0bf9","ELEMENT":"1f4d19b7-65dc-4b72-b232-e386cb6b0bf9"}
&amp#27;[35m[HTTP]&amp#27;[39m &amp#27;[37m<-- POST /wd/hub/session/ec5325c9-ab8c-4c1
4-a23c-857f6a6dfbfe/element &amp#27;[39m&amp#27;[32m200&amp#27;[39m &amp#27;[90m75 ms - 137&amp#27;[39m
&amp#27;[35m[HTTP]&amp#27;[39m &amp#27;[90m&amp#27;[39m
&amp#27;[35m[HTTP]&amp#27;[39m &amp#27;[37m-->&amp#27;3[39m &amp#27;[37mPOS Scenarios (T&amp#27;[39m &amp#27;[37m/wd/hub/session/ec5325c9-ab8c-4c14-a23c-857f6a6dfbfe/element/1f4d19b7-65dc-4b72-b232-e386cb6b0bf9/clear&amp#27;[39m
&amp#27;[35m[HTTP]&amp#27;[39m &amp#27;[90m{"id":"1f4d19b3 passed7-65dc-4b72-b232-e386cb6b0bf9"}&amp#27;[39m
[debug] &amp#27;[35m[W3C )(ec5
325c9)]&amp#27;[39m Cal12ling A Steps (ppiumDriver.c12 passedlea)r(
) with args: ["1f4d19b7-65dc-4b72-b232-e386cb6b0bf9","ec5325c9-ab8c-4c14-a23c-857f6a6dfbf0me"]
[debug] &amp#27;[35m[WD Proxy]&amp#27;[39m Matched '/element/1f4d19b7-65dc-4b72-b232-e386cb6b0bf9/clear' to command name 'clear'
[debug] &amp#27;[35m[WD Proxy]&amp#27;[39m Proxying [POST /element/1f4d19b7-65dc-4b72-b232-e386cb6b0bf9/clear] to [POST http://127.0.0.1:10000/wd/hub/session/a96e5523-8a84-4fe3-a3cb-d2c6104defd3/element/1f4d19b7-65dc-4b72-b232-e386cb6b0bf9/clear] with body: {"elementId":"1f4d19b7-65dc-4b72-b232-e386cb6b0bf9"}
[debug] &amp#27;[35m[WD Proxy]&amp#27;[39m Got response with status 200: {"sessionId":"a96e5523-8a84-4fe3-a3cb-d2c6104defd3","value":null}
[debug] &amp#27;[35m[W3C (ec5325c9)]&amp#27;[39m Responding to client with driver.clear() result: null
&amp#27;[35m[HTTP]&amp#27;[39m &amp#27;[37m<-- POST /wd/hub/session/ec5325c9-ab8c-4c14-a23c-857f6a6dfbfe/element/1f4d19b7-65dc-4b72-b232-e386cb6b0bf9/clear &amp#27;[39m&amp#27;[32m200&amp#27;[39m &amp#27;[90m90 ms - 14&amp#27;[39m
&amp#27;[35m[HTTP]&amp#27;[39m &amp#27;[90m&amp#27;[39m
&amp#27;[35m[HTTP]&amp#27;[39m &amp#27;[37m-->&amp#27;[39m &amp#27;[37mGET&amp#27;[3925.085sm &amp#27;[37m/wd/hub/sessi
on/ec
5325c9-ab8c-4c14-a23c-857f6a6dfbfe/context&amp#27;[39m
&amp#27;[
35m[HTTP]&amp#27;[39m &amp#27;[90m{}&amp#27;[39m
[debug] &amp#27;[35m[W3C (ec5325c9)]&amp#27;[39m Calling AppiumDriver.getCurrentContext() with args: ["ec5325c9-ab8c-4c14-a23c-857f6a6dfbfe"]
[debug] &amp#27;[35m[W3C (ec5325c9)]&amp#27;[39m Responding to client with driver.getCurrentContext() result: "NATIVE_APP"
&amp#27;[35m[HTTP]&amp#27;[39m &amp#27;[37m<-- GET /wd/hub/session/ec5325c9-ab8c-4c14-a23c-857f6a6dfbfe/context &amp#27;[39m&amp#27;[32m200&amp#27;[39m &amp#27;[90m3 ms - 22&amp#27;[39m
&amp#27;[35m[HTTP]&amp#27;[39m &amp#27;[90m&amp#27;[39m
&amp#27;[35m[HTTP]&amp#27;[39m &amp#27;[37m-->&amp#27;[39m &amp#27;[37mPOST&amp#27;[39m &amp#27;[37m/wd/hub/session/ec5325c9-ab8c-4c14-a23c-857f6a6dfbfe/element&amp#27;[39m
&amp#27;[35m[HTTP]&amp#27;[39m &amp#27;[90m{"using":"accessibility id","value":"test-Username"}&amp#27;[39m
[debug] &amp#27;[35m[W3C (ec5325c9)]&amp#27;[39m Calling AppiumDriver.findElement() with args: ["accessibility id","test-Username","ec5325c9-ab8c-4c14-a23c-857f6a6dfbfe"]
[debug] &amp#27;[35m[BaseDriver]&amp#27;[39m Valid locator strategies for this request: xpath, id, class name, accessibility id, css selector, -android uiautomator
[debug] &amp#27;[35m[BaseDriver]&amp#27;[39m Waiting up to 0 ms for condition
[debug] &amp#27;[35m[WD Proxy]&amp#27;[39m Matched '/element' to command name 'findElement'
[debug] &amp#27;[35m[WD Proxy]&amp#27;[39m Proxying [POST /element] to [POST http://127.0.0.1:10000/wd/hub/session/a96e5523-8a84-4fe3-a3cb-d2c6104defd3/element] with body: {"strategy":"accessibility id","selector":"test-Username","context":"","multiple":false}
[debug] &amp#27;[35m[WD Proxy]&amp#27;[39m Got response with status 200: {"sessionId":"a96e5523-8a84-4fe3-a3cb-d2c6104defd3","value":{"ELEMENT":"9f7357dc-bbca-4575-acac-5e40290185d4","element-6066-11e4-a52e-4f735466cecf":"9f7357dc-bbca-4575-acac-5e40290185d4"}}
[debug] &amp#27;[35m[W3C (ec5325c9)]&amp#27;[39m Responding to client with driver.findElement() result: {"element-6066-11e4-a52e-4f735466cecf":"9f7357dc-bbca-4575-acac-5e40290185d4","ELEMENT":"9f7357dc-bbca-4575-acac-5e40290185d4"}
&amp#27;[35m[HTTP]&amp#27;[39m &amp#27;[37m<-- POST /wd/hub/session/ec5325c9-ab8c-4c14-a23c-857f6a6dfbfe/element &amp#27;[39m&amp#27;[32m200&amp#27;[39m &amp#27;[90m946 ms - 137&amp#27;[39m
&amp#27;[35m[HTTP]&amp#27;[39m &amp#27;[90m&amp#27;[39m
&amp#27;[35m[HTTP]&amp#27;[39m &amp#27;[37m-->&amp#27;[39m &amp#27;[37mGET&amp#27;[39m &amp#27;[37m/wd/hub/session/ec5325c9-ab8c-4c14-a23c-857f6a6dfbfe/element/9f7357dc-bbca-4575-acac-5e40290185d4/displayed&amp#27;[39m
&amp#27;[35m[HTTP]&amp#27;[39m &amp#27;[90m{}&amp#27;[39m
[debug] &amp#27;[35m[W3C (ec5325c9)]&amp#27;[39m Calling AppiumDriver.elementDisplayed() with args: ["9f7357dc-bbca-4575-acac-5e40290185d4","ec5325c9-ab8c-4c14-a23c-857f6a6dfbfe"]
[debug] &amp#27;[35m[WD Proxy]&amp#27;[39m Matched '/element/9f7357dc-bbca-4575-acac-5e40290185d4/attribute/displayed' to command name 'getAttribute'
[debug] &amp#27;[35m[WD Proxy]&amp#27;[39m Proxying [GET /element/9f7357dc-bbca-4575-acac-5e40290185d4/attribute/displayed] to [GET http://127.0.0.1:10000/wd/hub/session/a96e5523-8a84-4fe3-a3cb-d2c6104defd3/element/9f7357dc-bbca-4575-acac-5e40290185d4/attribute/displayed] with no body
[debug] &amp#27;[35m[WD Proxy]&amp#27;[39m Got response with status 200: {"sessionId":"a96e5523-8a84-4fe3-a3cb-d2c6104defd3","value":"true"}
[debug] &amp#27;[35m[W3C (ec5325c9)]&amp#27;[39m Responding to client with driver.elementDisplayed() result: true
&amp#27;[35m[HTTP]&amp#27;[39m &amp#27;[37m<-- GET /wd/hub/session/ec5325c9-ab8c-4c14-a23c-857f6a6dfbfe/element/9f7357dc-bbca-4575-acac-5e40290185d4/displayed &amp#27;[39m&amp#27;[32m200&amp#27;[39m &amp#27;[90m73 ms - 14&amp#27;[39m
&amp#27;[35m[HTTP]&amp#27;[39m &amp#27;[90m&amp#27;[39m
&amp#27;[35m[HTTP]&amp#27;[39m &amp#27;[37m-->&amp#27;[3  When I enter username as "standard_user"                                                            # com.qa.stepdef.LoginStepDef.iEnterUsernameAs(java.lang.String)9m &amp#27;[37mGET&amp#27;[39m
 &amp#27;[37m/wd/hub/session/ec5325c9-ab8c-4c14-a23c-857f6a6dfbfe/context&amp#27;[39m
&amp#27;[35m[HTTP]&amp#27;[39m &amp#27;[90m{}&amp#27;[39m
[debug] &amp#27;[35m[W3C (ec5325c9)]&amp#27;[39m Calling AppiumDriver.getCurrentContext() with args: ["ec5325c9-ab8c-4c14-a23c-857f6a6dfbfe"]
[debug] &amp#27;[35m[W3C (ec5325c9)]&amp#27;[39m Responding to client with driver.getCurrentContext() result: "NATIVE_APP"
&amp#27;[35m[HTTP]&amp#27;[39m &amp#27;[37m<-- GET /wd/hub/session/ec5325c9-ab8c-4c14-a23c-857f6a6dfbfe/context &amp#27;[39m&amp#27;[32m200&amp#27;[39m &amp#27;[90m2 ms - 22&amp#27;[39m
&amp#27;[35m[HTTP]&amp#27;[39m &amp#27;[90m&amp#27;[39m
&amp#27;[35m[HTTP]&amp#27;[39m &amp#27;[37m-->&amp#27;[39m &amp#27;[37mPOST&amp#27;[39m &amp#27;[37m/wd/hub/session/ec5325c9-ab8c-4c14-a23c-857f6a6dfbfe/element&amp#27;[39m
&amp#27;[35m[HTTP]&amp#27;[39m &amp#27;[90m{"using":"accessibility id","value":"test-Username"}&amp#27;[39m
[debug] &amp#27;[35m[W3C (ec5325c9)]&amp#27;[39m Calling AppiumDriver.findElement() with args: ["accessibility id","test-Username","ec5325c9-ab8c-4c14-a23c-857f6a6dfbfe"]
[debug] &amp#27;[35m[BaseDriver]&amp#27;[39m Valid locator strategies for this request: xpath, id, class name, accessibility id, css selector, -android uiautomator
[debug] &amp#27;[35m[BaseDriver]&amp#27;[39m Waiting up to 0 ms for condition
[debug] &amp#27;[35m[WD Proxy]&amp#27;[39m Matched '/element' to command name 'findElement'
[debug] &amp#27;[35m[WD Proxy]&amp#27;[39m Proxying [POST /element] to [POST http://127.0.0.1:10000/wd/hub/session/a96e5523-8a84-4fe3-a3cb-d2c6104defd3/element] with body: {"strategy":"accessibility id","selector":"test-Username","context":"","multiple":false}
[debug] &amp#27;[35m[WD Proxy]&amp#27;[39m Got response with status 200: {"sessionId":"a96e5523-8a84-4fe3-a3cb-d2c6104defd3","value":{"ELEMENT":"698e7e09-d81b-4867-8369-d3d06d77b8ba","element-6066-11e4-a52e-4f735466cecf":"698e7e09-d81b-4867-8369-d3d06d77b8ba"}}
[debug] &amp#27;[35m[W3C (ec5325c9)]&amp#27;[39m Responding to client with driver.findElement() result: {"element-6066-11e4-a52e-4f735466cecf":"698e7e09-d81b-4867-8369-d3d06d77b8ba","ELEMENT":"698e7e09-d81b-4867-8369-d3d06d77b8ba"}
&amp#27;[35m[HTTP]&amp#27;[39m &amp#27;[37m<-- POST /wd/hub/session/ec5325c9-ab8c-4c14-a23c-857f6a6dfbfe/element &amp#27;[39m&amp#27;[32m200&amp#27;[39m &amp#27;[90m70 ms - 137&amp#27;[39m
&amp#27;[35m[HTTP]&amp#27;[39m &amp#27;[90m&amp#27;[39m
&amp#27;[35m[HTTP]&amp#27;[39m &amp#27;[37m-->&amp#27;[39m &amp#27;[37mPOST&amp#27;[39m &amp#27;[37m/wd/hub/session/ec5325c9-ab8c-4c14-a23c-857f6a6dfbfe/element/698e7e09-d81b-4867-8369-d3d06d77b8ba/value&amp#27;[39m
&amp#27;[35m[HTTP]&amp#27;[39m &amp#27;[90m{"id":"698e7e09-d81b-4867-8369-d3d06d77b8ba","text":"standard_user","value":["s","t","a","n","d","a","r","d","_","u","s","e","r"]}&amp#27;[39m
[debug] &amp#27;[35m[W3C (ec5325c9)]&amp#27;[39m Calling AppiumDriver.setValue() with args: [["s","t","a","n","d","a","r","d","_","u","s","e","r"],"698e7e09-d81b-4867-8369-d3d06d77b8ba","ec5325c9-ab8c-4c14-a23c-857f6a6dfbfe"]
[debug] &amp#27;[35m[WD Proxy]&amp#27;[39m Matched '/element/698e7e09-d81b-4867-8369-d3d06d77b8ba/value' to command name 'setValue'
[debug] &amp#27;[35m[Protocol Converter]&amp#27;[39m Added 'value' property ["s","t","a","n","d","a","r","d","_","u","s","e","r"] to 'setValue' request body
[debug] &amp#27;[35m[WD Proxy]&amp#27;[39m Proxying [POST /element/698e7e09-d81b-4867-8369-d3d06d77b8ba/value] to [POST http://127.0.0.1:10000/wd/hub/session/a96e5523-8a84-4fe3-a3cb-d2c6104defd3/element/698e7e09-d81b-4867-8369-d3d06d77b8ba/value] with body: {"elementId":"698e7e09-d81b-4867-8369-d3d06d77b8ba","text":"standard_user","replace":false,"value":["s","t","a","n","d","a","r","d","_","u","s","e","r"]}
[debug] &amp#27;[35m[WD Proxy]&amp#27;[39m Got response with status 200: {"sessionId":"a96e5523-8a84-4fe3-a3cb-d2c6104defd3","value":null}
[debug] &amp#27;[35m[W3C (ec5325c9)]&amp#27;[39m Responding to client with driver.setValue() result: null
&amp#27;[35m[HTTP]&amp#27;[39m &amp#27;[37m<-- POST /wd/hub/session/ec5325c9-ab8c-4c14-a23c-857f6a6dfbfe/element/698e7e09-d81b-4867-8369-d3d06d77b8ba/value &amp#27;[39m&amp#27;[32m200&amp#27;[39m &amp#27;[90m582 ms - 14&amp#27;[39m
&amp#27;[35m[HTTP]&amp#27;[39m &amp#27;[90m&amp#27;[39m
&amp#27;[35m[HTTP]&amp#27;[39m &amp#27;[37m-->&amp#27;[39m &amp#27;[37mGET&amp#27;[39m &amp#27;[37m/wd/hub/session/ec5325c9-ab8c-4c14-a23c-857f6a6dfbfe/context&amp#27;[39m
&amp#27;[35m[HTTP]&amp#27;[39m &amp#27;[90m{}&amp#27;[39m
[debug] &amp#27;[35m[W3C (ec5325c9)]&amp#27;[39m Calling AppiumDriver.getCurrentContext() with args: ["ec5325c9-ab8c-4c14-a23c-857f6a6dfbfe"]
[debug] &amp#27;[35m[W3C (ec5325c9)]&amp#27;[39m Responding to client with driver.getCurrentContext() result: "NATIVE_APP"
&amp#27;[35m[HTTP]&amp#27;[39m &amp#27;[37m<-- GET /wd/hub/session/ec5325c9-ab8c-4c14-a23c-857f6a6dfbfe/context &amp#27;[39m&amp#27;[32m200&amp#27;[39m &amp#27;[90m2 ms - 22&amp#27;[39m
&amp#27;[35m[HTTP]&amp#27;[39m &amp#27;[90m&amp#27;[39m
&amp#27;[35m[HTTP]&amp#27;[39m &amp#27;[37m-->&amp#27;[39m &amp#27;[37mPOST&amp#27;[39m &amp#27;[37m/wd/hub/session/ec5325c9-ab8c-4c14-a23c-857f6a6dfbfe/element&amp#27;[39m
&amp#27;[35m[HTTP]&amp#27;[39m &amp#27;[90m{"using":"accessibility id","value":"test-Password"}&amp#27;[39m
[debug] &amp#27;[35m[W3C (ec5325c9)]&amp#27;[39m Calling AppiumDriver.findElement() with args: ["accessibility id","test-Password","ec5325c9-ab8c-4c14-a23c-857f6a6dfbfe"]
[debug] &amp#27;[35m[BaseDriver]&amp#27;[39m Valid locator strategies for this request: xpath, id, class name, accessibility id, css selector, -android uiautomator
[debug] &amp#27;[35m[BaseDriver]&amp#27;[39m Waiting up to 0 ms for condition
[debug] &amp#27;[35m[WD Proxy]&amp#27;[39m Matched '/element' to command name 'findElement'
[debug] &amp#27;[35m[WD Proxy]&amp#27;[39m Proxying [POST /element] to [POST http://127.0.0.1:10000/wd/hub/session/a96e5523-8a84-4fe3-a3cb-d2c6104defd3/element] with body: {"strategy":"accessibility id","selector":"test-Password","context":"","multiple":false}
[debug] &amp#27;[35m[WD Proxy]&amp#27;[39m Got response with status 200: {"sessionId":"a96e5523-8a84-4fe3-a3cb-d2c6104defd3","value":{"ELEMENT":"22ecbeb5-0a3d-49fb-8da8-bf0c933d0887","element-6066-11e4-a52e-4f735466cecf":"22ecbeb5-0a3d-49fb-8da8-bf0c933d0887"}}
[debug] &amp#27;[35m[W3C (ec5325c9)]&amp#27;[39m Responding to client with driver.findElement() result: {"element-6066-11e4-a52e-4f735466cecf":"22ecbeb5-0a3d-49fb-8da8-bf0c933d0887","ELEMENT":"22ecbeb5-0a3d-49fb-8da8-bf0c933d0887"}
&amp#27;[35m[HTTP]&amp#27;[39m &amp#27;[37m<-- POST /wd/hub/session/ec5325c9-ab8c-4c14-a23c-857f6a6dfbfe/element &amp#27;[39m&amp#27;[32m200&amp#27;[39m &amp#27;[90m278 ms - 137&amp#27;[39m
&amp#27;[35m[HTTP]&amp#27;[39m &amp#27;[90m&amp#27;[39m
&amp#27;[35m[HTTP]&amp#27;[39m &amp#27;[37m-->&amp#27;[39m &amp#27;[37mGET&amp#27;[39m &amp#27;[37m/wd/hub/session/ec5325c9-ab8c-4c14-a23c-857f6a6dfbfe/element/22ecbeb5-0a3d-49fb-8da8-bf0c933d0887/displayed&amp#27;[39m
&amp#27;[35m[HTTP]&amp#27;[39m &amp#27;[90m{}&amp#27;[39m
[debug] &amp#27;[35m[W3C (ec5325c9)]&amp#27;[39m Calling AppiumDriver.elementDisplayed() with args: ["22ecbeb5-0a3d-49fb-8da8-bf0c933d0887","ec5325c9-ab8c-4c14-a23c-857f6a6dfbfe"]
[debug] &amp#27;[35m[WD Proxy]&amp#27;[39m Matched '/element/22ecbeb5-0a3d-49fb-8da8-bf0c933d0887/attribute/displayed' to command name 'getAttribute'
[debug] &amp#27;[35m[WD Proxy]&amp#27;[39m Proxying [GET /element/22ecbeb5-0a3d-49fb-8da8-bf0c933d0887/attribute/displayed] to [GET http://127.0.0.1:10000/wd/hub/session/a96e5523-8a84-4fe3-a3cb-d2c6104defd3/element/22ecbeb5-0a3d-49fb-8da8-bf0c933d0887/attribute/displayed] with no body
[debug] &amp#27;[35m[WD Proxy]&amp#27;[39m Got response with status 200: {"sessionId":"a96e5523-8a84-4fe3-a3cb-d2c6104defd3","value":"true"}
[debug] &amp#27;[35m[W3C (ec5325c9)]&amp#27;[39m Responding to client with driver.elementDisplayed() result: true
&amp#27;[35m[HTTP]&amp#27;[39m &amp#27;[37m<-- GET /wd/hub/session/ec5325c9-ab8c-4c14-a23c-857f6a6dfbfe/element/22ecbeb5-0a3d-49fb-8da8-bf0c933d0887/displayed &amp#27;[39m&amp#27;[32m200&amp#27;[39m &amp#27;[90m225 ms - 14&amp#27;[39m
&amp#27;[35m[HTTP]&amp#27;[39m &amp#27;[90m&amp#27;[39m
&amp#27;[35m[HTTP]&amp#27;[39m &amp#27;[37m-->&amp#27;[39m &amp#27;[37mGET&amp#27;[39m &amp#27;[37m/wd/hub/session/ec5325c9-ab8c-4c14-a23c-857f6a6dfbfe/context&amp#27;[39m
&amp#27;[35m[HTTP]&amp#27;[39m &amp#27;[90m{}&amp#27;[39m
[debug] &amp#27;[35m[W3C (ec5325c9)]&amp#27;[39m Calling AppiumDriver.getCurrentContext() with args: ["ec5325c9-ab8c-4c14-a23c-857f6a6dfbfe"]
[debug] &amp#27;[35m[W3C (ec5325c9)]&amp#27;[39m Responding to client with driver.getCurrentContext() result: "NATIVE_APP"
&amp#27;[35m[HTTP]&amp#27;[39m &amp#27;[37m<-- GET /wd/hub/session/ec5325c9-ab8c-4c14-a23c-857f6a6dfbfe/context &amp#27;[39m&amp#27;[32m200&amp#27;[39m &amp#27;[90m3 ms - 22&amp#27;[39m
&amp#27;[35m[HTTP]&amp#27;[39m &amp#27;[90m&amp#27;[39m
&amp#27;[35m[HTTP]&amp#27;[39m &amp#27;[37m-->&amp#27;[39m &amp#27;[37mPOST&amp#27;[39m &amp#27;[37m/wd/hub/session/ec5325c9-ab8c-4c14-a23c-857f6a6dfbfe/element&amp#27;[39m
&amp#27;[35m[HTTP]&amp#27;[39m &amp#27;[90m{"using":"accessibility id","value":"test-Password"}&amp#27;[39m
[debug] &amp#27;[35m[W3C (ec5325c9)]&amp#27;[39m Calling AppiumDriver.findElement() with args: ["accessibility id","test-Password","ec5325c9-ab8c-4c14-a23c-857f6a6dfbfe"]
[debug] &amp#27;[35m[BaseDriver]&amp#27;[39m Valid locator strategies for this request: xpath, id, class name, accessibility id, css selector, -android uiautomator
[debug] &amp#27;[35m[BaseDriver]&amp#27;[39m Waiting up to 0 ms for condition
[debug] &amp#27;[35m[WD Proxy]&amp#27;[39m Matched '/element' to command name 'findElement'
[debug] &amp#27;[35m[WD Proxy]&amp#27;[39m Proxying [POST /element] to [POST http://127.0.0.1:10000/wd/hub/session/a96e5523-8a84-4fe3-a3cb-d2c6104defd3/element] with body: {"strategy":"accessibility id","selector":"test-Password","context":"","multiple":false}
[debug] &amp#27;[35m[WD Proxy]&amp#27;[39m Got response with status 200: {"sessionId":"a96e5523-8a84-4fe3-a3cb-d2c6104defd3","value":{"ELEMENT":"23780b80-7469-4f0b-a3fb-f823cce7b755","element-6066-11e4-a52e-4f735466cecf":"23780b80-7469-4f0b-a3fb-f823cce7b755"}}
[debug] &amp#27;[35m[W3C (ec5325c9)]&amp#27;[39m Responding to client with driver.findElement() result: {"element-6066-11e4-a52e-4f735466cecf":"23780b80-7469-4f0b-a3fb-f823cce7b755","ELEMENT":"23780b80-7469-4f0b-a3fb-f823cce7b755"}
&amp#27;[35m[HTTP]&amp#27;[39m &amp#27;[37m<-- POST /wd/hub/session/ec5325c9-ab8c-4c14-a23c-857f6a6dfbfe/element &amp#27;[39m&amp#27;[32m200&amp#27;[39m &amp#27;[90m147 ms - 137&amp#27;[39m
&amp#27;[35m[HTTP]&amp#27;[39m &amp#27;[90m&amp#27;[39m
&amp#27;[35m[HTTP]&amp#27;[39m &amp#27;[37m-->&amp#27;[39m &amp#27;[37mPOST&amp#27;[39m &amp#27;[37m/wd/hub/session/ec5325c9-ab8c-4c14-a23c-857f6a6dfbfe/element/23780b80-7469-4f0b-a[INFO ] 2021-01-23 13:08:57.330 com.qa.pages.BasePage:71 - password is invalidPassword
3fb-f823cce7b755/clear&amp#27;[39m
&amp#27;[35m[HTTP]&amp#27;[39m &amp#27;[90m{"id":"23780b80-7469-4f0b-a3fb-f823cce7b755"}&amp#27;[39m
[debug] &amp#27;[35m[W3C (ec5325c9)]&amp#27;[39m Calling AppiumDriver.clear() with args: ["23780b80-7469-4f0b-a3fb-f823cce7b755","ec5325c9-ab8c-4c14-a23c-857f6a6dfbfe"]
[debug] &amp#27;[35m[WD Proxy]&amp#27;[39m Matched '/element/23780b80-7469-4f0b-a3fb-f823cce7b755/clear' to command name 'clear'
[debug] &amp#27;[35m[WD Proxy]&amp#27;[39m Proxying [POST /element/23780b80-7469-4f0b-a3fb-f823cce7b755/clear] to [POST http://127.0.0.1:10000/wd/hub/session/a96e5523-8a84-4fe3-a3cb-d2c6104defd3/element/23780b80-7469-4f0b-a3fb-f823cce7b755/clear] with body: {"elementId":"23780b80-7469-4f0b-a3fb-f823cce7b755"}
[debug] &amp#27;[35m[WD Proxy]&amp#27;[39m Got response with status 200: {"sessionId":"a96e5523-8a84-4fe3-a3cb-d2c6104defd3","value":null}
[debug] &amp#27;[35m[W3C (ec5325c9)]&amp#27;[39m Responding to client with driver.clear() result: null
&amp#27;[35m[HTTP]&amp#27;[39m &amp#27;[37m<-- POST /wd/hub/session/ec5325c9-ab8c-4c14-a23c-857f6a6dfbfe/element/23780b80-7469-4f0b-a3fb-f823cce7b755/clear &amp#27;[39m&amp#27;[32m200&amp#27;[39m &amp#27;[90m135 ms - 14&amp#27;[39m
&amp#27;[35m[HTTP]&amp#27;[39m &amp#27;[90m&amp#27;[39m
&amp#27;[35m[HTTP]&amp#27;[39m &amp#27;[37m-->&amp#27;[39m &amp#27;[37mGET&amp#27;[39m &amp#27;[37m/wd/hub/session/ec5325c9-ab8c-4c14-a23c-857f6a6dfbfe/context&amp#27;[39m
&amp#27;[35m[HTTP]&amp#27;[39m &amp#27;[90m{}&amp#27;[39m
[debug] &amp#27;[35m[W3C (ec5325c9)]&amp#27;[39m Calling AppiumDriver.getCurrentContext() with args: ["ec5325c9-ab8c-4c14-a23c-857f6a6dfbfe"]
[debug] &amp#27;[35m[W3C (ec5325c9)]&amp#27;[39m Responding to client with driver.getCurrentContext() result: "NATIVE_APP"
&amp#27;[35m[HTTP]&amp#27;[39m &amp#27;[37m<-- GET /wd/hub/session/ec5325c9-ab8c-4c14-a23c-857f6a6dfbfe/context &amp#27;[39m&amp#27;[32m200&amp#27;[39m &amp#27;[90m74 ms - 22&amp#27;[39m
&amp#27;[35m[HTTP]&amp#27;[39m &amp#27;[90m&amp#27;[39m
&amp#27;[35m[HTTP]&amp#27;[39m &amp#27;[37m-->&amp#27;[39m &amp#27;[37mPOST&amp#27;[39m &amp#27;[37m/wd/hub/session/ec5325c9-ab8c-4c14-a23c-857f6a6dfbfe/element&amp#27;[39m
&amp#27;[35m[HTTP]&amp#27;[39m &amp#27;[90m{"using":"accessibility id","value":"test-Password"}&amp#27;[39m
[debug] &amp#27;[35m[W3C (ec5325c9)]&amp#27;[39m Calling AppiumDriver.findElement() with args: ["accessibility id","test-Password","ec5325c9-ab8c-4c14-a23c-857f6a6dfbfe"]
[debug] &amp#27;[35m[BaseDriver]&amp#27;[39m Valid locator strategies for this request: xpath, id, class name, accessibility id, css selector, -android uiautomator
[debug] &amp#27;[35m[BaseDriver]&amp#27;[39m Waiting up to 0 ms for condition
[debug] &amp#27;[35m[WD Proxy]&amp#27;[39m Matched '/element' to command name 'findElement'
[debug] &amp#27;[35m[WD Proxy]&amp#27;[39m Proxying [POST /element] to [POST http://127.0.0.1:10000/wd/hub/session/a96e5523-8a84-4fe3-a3cb-d2c6104defd3/element] with body: {"strategy":"accessibility id","selector":"test-Password","context":"","multiple":false}
[debug] &amp#27;[35m[WD Proxy]&amp#27;[39m Got response with status 200: {"sessionId":"a96e5523-8a84-4fe3-a3cb-d2c6104defd3","value":{"ELEMENT":"d0c70315-3997-4fb6-ba6a-d6cf23798aa0","element-6066-11e4-a52e-4f735466cecf":"d0c70315-3997-4fb6-ba6a-d6cf23798aa0"}}
[debug] &amp#27;[35m[W3C (ec5325c9)]&amp#27;[39m Responding to client with driver.findElement() result: {"element-6066-11e  And I enter password as "invalidPassword"                                                           # com.qa.stepdef.LoginStepDef.iEnterPasswordAs(java.lang.String)4-a52e-4f735466cecf":"d0c70315-3997-4fb
6-ba6a-d6cf23798aa0","ELEMENT":"d0c70315-3997-4fb6-ba6a-d6cf23798aa0"}
&amp#27;[35m[HTTP]&amp#27;[39m &amp#27;[37m<-- POST /wd/hub/session/ec5325c9-ab8c-4c14-a23c-857f6a6dfbfe/element &amp#27;[39m&amp#27;[32m200&amp#27;[39m &amp#27;[90m461 ms - 137&amp#27;[39m
&amp#27;[35m[HTTP]&amp#27;[39m &amp#27;[90m&amp#27;[39m
&amp#27;[35m[HTTP]&amp#27;[39m &amp#27;[37m-->&amp#27;[39m &amp#27;[37mGET&amp#27;[39m &amp#27;[37m/wd/hub/session/ec5325c9-ab8c-4c14-a23c-857f6a6dfbfe/element/d0c70315-3997-4fb6-ba6a-d6cf23798aa0/displayed&amp#27;[39m
&amp#27;[35m[HTTP]&amp#27;[39m &amp#27;[90m{}&amp#27;[39m
[debug] &amp#27;[35m[W3C (ec5325c9)]&amp#27;[39m Calling AppiumDriver.elementDisplayed() with args: ["d0c70315-3997-4fb6-ba6a-d6cf23798aa0","ec5325c9-ab8c-4c14-a23c-857f6a6dfbfe"]
[debug] &amp#27;[35m[WD Proxy]&amp#27;[39m Matched '/element/d0c70315-3997-4fb6-ba6a-d6cf23798aa0/attribute/displayed' to command name 'getAttribute'
[debug] &amp#27;[35m[WD Proxy]&amp#27;[39m Proxying [GET /element/d0c70315-3997-4fb6-ba6a-d6cf23798aa0/attribute/displayed] to [GET http://127.0.0.1:10000/wd/hub/session/a96e5523-8a84-4fe3-a3cb-d2c6104defd3/element/d0c70315-3997-4fb6-ba6a-d6cf23798aa0/attribute/displayed] with no body
[debug] &amp#27;[35m[WD Proxy]&amp#27;[39m Got response with status 200: {"sessionId":"a96e5523-8a84-4fe3-a3cb-d2c6104defd3","value":"true"}
[debug] &amp#27;[35m[W3C (ec5325c9)]&amp#27;[39m Responding to client with driver.elementDisplayed() result: true
&amp#27;[35m[HTTP]&amp#27;[39m &amp#27;[37m<-- GET /wd/hub/session/ec5325c9-ab8c-4c14-a23c-857f6a6dfbfe/element/d0c70315-3997-4fb6-ba6a-d6cf23798aa0/displayed &amp#27;[39m&amp#27;[32m200&amp#27;[39m &amp#27;[90m48 ms - 14&amp#27;[39m
&amp#27;[35m[HTTP]&amp#27;[39m &amp#27;[90m&amp#27;[39m
&amp#27;[35m[HTTP]&amp#27;[39m &amp#27;[37m-->&amp#27;[39m &amp#27;[37mGET&amp#27;[39m &amp#27;[37m/wd/hub/session/ec5325c9-ab8c-4c14-a23c-857f6a6dfbfe/context&amp#27;[39m
&amp#27;[35m[HTTP]&amp#27;[39m &amp#27;[90m{}&amp#27;[39m
[debug] &amp#27;[35m[W3C (ec5325c9)]&amp#27;[39m Calling AppiumDriver.getCurrentContext() with args: ["ec5325c9-ab8c-4c14-a23c-857f6a6dfbfe"]
[debug] &amp#27;[35m[W3C (ec5325c9)]&amp#27;[39m Responding to client with driver.getCurrentContext() result: "NATIVE_APP"
&amp#27;[35m[HTTP]&amp#27;[39m &amp#27;[37m<-- GET /wd/hub/session/ec5325c9-ab8c-4c14-a23c-857f6a6dfbfe/context &amp#27;[39m&amp#27;[32m200&amp#27;[39m &amp#27;[90m3 ms - 22&amp#27;[39m
&amp#27;[35m[HTTP]&amp#27;[39m &amp#27;[90m&amp#27;[39m
&amp#27;[35m[HTTP]&amp#27;[39m &amp#27;[37m-->&amp#27;[39m &amp#27;[37mPOST&amp#27;[39m &amp#27;[37m/wd/hub/session/ec5325c9-ab8c-4c14-a23c-857f6a6dfbfe/element&amp#27;[39m
&amp#27;[35m[HTTP]&amp#27;[39m &amp#27;[90m{"using":"accessibility id","value":"test-Password"}&amp#27;[39m
[debug] &amp#27;[35m[W3C (ec5325c9)]&amp#27;[39m Calling AppiumDriver.findElement() with args: ["accessibility id","test-Password","ec5325c9-ab8c-4c14-a23c-857f6a6dfbfe"]
[debug] &amp#27;[35m[BaseDriver]&amp#27;[39m Valid locator strategies for this request: xpath, id, class name, accessibility id, css selector, -android uiautomator
[debug] &amp#27;[35m[BaseDriver]&amp#27;[39m Waiting up to 0 ms for condition
[debug] &amp#27;[35m[WD Proxy]&amp#27;[39m Matched '/element' to command name 'findElement'
[debug] &amp#27;[35m[WD Proxy]&amp#27;[39m Proxying [POST /element] to [POST http://127.0.0.1:10000/wd/hub/session/a96e5523-8a84-4fe3-a3cb-d2c6104defd3/element] with body: {"strategy":"accessibility id","selector":"test-Password","context":"","multiple":false}
[debug] &amp#27;[35m[WD Proxy]&amp#27;[39m Got response with status 200: {"sessionId":"a96e5523-8a84-4fe3-a3cb-d2c6104defd3","value":{"ELEMENT":"bf4c1178-6b32-4e4e-b867-fde70e335fa8","element-6066-11e4-a52e-4f735466cecf":"bf4c1178-6b32-4e4e-b867-fde70e335fa8"}}
[debug] &amp#27;[35m[W3C (ec5[INFO ] 2021-01-23 13:08:58.440 com.qa.pages.BasePage:54 - press login button
325c9)]&amp#27;[39m Responding to client with driver.findElement() result: {"element-6066-11e4-a52e-4f735466cecf":"bf4c1178-6b32-4e4e-b867-fde70e335fa8","ELEMENT":"bf4c1178-6b32-4e4e-b867-fde70e335fa8"}
&amp#27;[35m[HTTP]&amp#27;[39m &amp#27;[37m<-- POST /wd/hub/session/ec5325c9-ab8c-4c14-a23c-857f6a6dfbfe/element &amp#27;[39m&amp#27;[32m200&amp#27;[39m &amp#27;[90m275 ms - 137&amp#27;[39m
&amp#27;[35m[HTTP]&amp#27;[39m &amp#27;[90m&amp#27;[39m
&amp#27;[35m[HTTP]&amp#27;[39m &amp#27;[37m-->&amp#27;[39m &amp#27;[37mPOST&amp#27;[39m &amp#27;[37m/wd/hub/session/ec5325c9-ab8c-4c14-a23c-857f6a6dfbfe/element/bf4c1178-6b32-4e4e-b867-fde70e335fa8/value&amp#27;[39m
&amp#27;[35m[HTTP]&amp#27;[39m &amp#27;[90m{"id":"bf4c1178-6b32-4e4e-b867-fde70e335fa8","text":"invalidPassword","value":["i","n","v","a","l","i","d","P","a","s","s","w","o","r","d"]}&amp#27;[39m
[debug] &amp#27;[35m[W3C (ec5325c9)]&amp#27;[39m Calling AppiumDriver.setValue() with args: [["i","n","v","a","l","i","d","P","a","s","s","w","o","r","d"],"bf4c1178-6b32-4e4e-b867-fde70e335fa8","ec5325c9-ab8c-4c14-a23c-857f6a6dfbfe"]
[debug] &amp#27;[35m[WD Proxy]&amp#27;[39m Matched '/element/bf4c1178-6b32-4e4e-b867-fde70e335fa8/value' to command name 'setValue'
[debug] &amp#27;[35m[Protocol Converter]&amp#27;[39m Added 'value' property ["i","n","v","a","l","i","d","P","a","s","s","w","o","r","d"] to 'setValue' request body
[debug] &amp#27;[35m[WD Proxy]&amp#27;[39m Proxying [POST /element/bf4c1178-6b32-4e4e-b867-fde70e335fa8/value] to [POST http://127.0.0.1:10000/wd/hub/session/a96e5523-8a84-4fe3-a3cb-d2c6104defd3/element/bf4c1178-6b32-4e4e-b867-fde70e335fa8/value] with body: {"elementId":"bf4c1178-6b32-4e4e-b867-fde70e335fa8","text":"invalidPassword","replace":false,"value":["i","n","v","a","l","i","d","P","a","s","s","w","o","r","d"]}
[debug] &amp#27;[35m[WD Proxy]&amp#27;[39m Got response with status 200: {"sessionId":"a96e5523-8a84-4fe3-a3cb-d2c6104defd3","value":null}
[debug] &amp#27;[35m[W3C (ec5325c9)]&amp#27;[39m Responding to client with driver.setValue() result: null
&amp#27;[35m[HTTP]&amp#27;[39m &amp#27;[37m<-- POST /wd/hub/session/ec5325c9-ab8c-4c14-a23c-857f6a6dfbfe/element/bf4c1178-6b32-4e4e-b867-fde70e335fa8/value &amp#27;[39m&amp#27;[32m200&amp#27;[39m &amp#27;[90m110 ms - 14&amp#27;[39m
&amp#27;[35m[HTTP]&amp#27;[39m &amp#27;[90m&amp#27;[39m
&amp#27;[35m[HTTP]&amp#27;[39m &amp#27;[37m-->&amp#27;[39m &amp#27;[37mGET&amp#27;[39m &amp#27;[37m/wd/hub/session/ec5325c9-ab8c-4c14-a23c-857f6a6dfbfe/context&amp#27;[39m
&amp#27;[35m[HTTP]&amp#27;[39m &amp#27;[90m{}&amp#27;[39m
[debug] &amp#27;[35m[W3C (ec5325c9)]&amp#27;[39m Calling AppiumDriver.getCurrentContext() with args: ["ec5325c9-ab8c-4c14-a23c-857f6a6dfbfe"]
[debug] &amp#27;[35m[W3C (ec5325c9)]&amp#27;[39m Responding to client with driver.getCurrentContext() result: "NATIVE_APP"
&amp#27;[35m[HTTP]&amp#27;[39m &amp#27;[37m<-- GET /wd/hub/session/ec5325c9-ab8c-4c14-a23c-857f6a6dfbfe/context &amp#27;[39m&amp#27;[32m200&amp#27;[39m &amp#27;[90m3 ms - 22&amp#27;[39m
&amp#27;[35m[HTTP]&amp#27;[39m &amp#27;[90m&amp#27;[39m
&amp#27;[35m[HTTP]&amp#27;[39m &amp#27;[37m-->&amp#27;[39m &amp#27;[37mPOST&amp#27;[39m &amp#27;[37m/wd/hub/session/ec5325c9-ab8c-4c14-a23c-857f6a6dfbfe/element&amp#27;[39m
&amp#27;[35m[HTTP]&amp#27;[39m &amp#27;[90m{"using":"accessibility id","value":"test-LOGIN"}&amp#27;[39m
[debug] &amp#27;[35m[W3C (ec5325c9)]&amp#27;[39m Calling AppiumDriver.findElement() with args: ["accessibility id","test-LOGIN","ec5325c9-ab8c-4c14-a23c-857f6a6dfbfe"]
[debug] &amp#27;[35m[BaseDriver]&amp#27;[39m Valid locator strategies for this request: xpath, id, class name, accessibility id, css selector, -android uiautomator
[debug] &amp#27;[35m[BaseDriver]&amp#27;[39m Waiting up to 0 ms for condition
[debug] &amp#27;[35m[WD Proxy]&amp#27;[39m Matched '/element' to command name 'findElement'
[debug] &amp#27;[35m[WD Proxy]&amp#27;[39m Proxying [POST /element] to [POST http://127.0.0.1:10000/  And I login                                                                                         # com.qa.stepdef.LoginStepDef.iLogin()wd/hub/session/a96e5523-8a84-4fe3-a
3cb-d2c6104defd3/element] with body: {"strategy":"accessibility id","selector":"test-LOGIN","context":"","multiple":false}
[debug] &amp#27;[35m[WD Proxy]&amp#27;[39m Got response with status 200: {"sessionId":"a96e5523-8a84-4fe3-a3cb-d2c6104defd3","value":{"ELEMENT":"143cf988-1566-4f16-ba8d-16877f23552a","element-6066-11e4-a52e-4f735466cecf":"143cf988-1566-4f16-ba8d-16877f23552a"}}
[debug] &amp#27;[35m[W3C (ec5325c9)]&amp#27;[39m Responding to client with driver.findElement() result: {"element-6066-11e4-a52e-4f735466cecf":"143cf988-1566-4f16-ba8d-16877f23552a","ELEMENT":"143cf988-1566-4f16-ba8d-16877f23552a"}
&amp#27;[35m[HTTP]&amp#27;[39m &amp#27;[37m<-- POST /wd/hub/session/ec5325c9-ab8c-4c14-a23c-857f6a6dfbfe/element &amp#27;[39m&amp#27;[32m200&amp#27;[39m &amp#27;[90m420 ms - 137&amp#27;[39m
&amp#27;[35m[HTTP]&amp#27;[39m &amp#27;[90m&amp#27;[39m
&amp#27;[35m[HTTP]&amp#27;[39m &amp#27;[37m-->&amp#27;[39m &amp#27;[37mGET&amp#27;[39m &amp#27;[37m/wd/hub/session/ec5325c9-ab8c-4c14-a23c-857f6a6dfbfe/element/143cf988-1566-4f16-ba8d-16877f23552a/displayed&amp#27;[39m
&amp#27;[35m[HTTP]&amp#27;[39m &amp#27;[90m{}&amp#27;[39m
[debug] &amp#27;[35m[W3C (ec5325c9)]&amp#27;[39m Calling AppiumDriver.elementDisplayed() with args: ["143cf988-1566-4f16-ba8d-16877f23552a","ec5325c9-ab8c-4c14-a23c-857f6a6dfbfe"]
[debug] &amp#27;[35m[WD Proxy]&amp#27;[39m Matched '/element/143cf988-1566-4f16-ba8d-16877f23552a/attribute/displayed' to command name 'getAttribute'
[debug] &amp#27;[35m[WD Proxy]&amp#27;[39m Proxying [GET /element/143cf988-1566-4f16-ba8d-16877f23552a/attribute/displayed] to [GET http://127.0.0.1:10000/wd/hub/session/a96e5523-8a84-4fe3-a3cb-d2c6104defd3/element/143cf988-1566-4f16-ba8d-16877f23552a/attribute/displayed] with no body
[debug] &amp#27;[35m[WD Proxy]&amp#27;[39m Got response with status 200: {"sessionId":"a96e5523-8a84-4fe3-a3cb-d2c6104defd3","value":"true"}
[debug] &amp#27;[35m[W3C (ec5325c9)]&amp#27;[39m Responding to client with driver.elementDisplayed() result: true
&amp#27;[35m[HTTP]&amp#27;[39m &amp#27;[37m<-- GET /wd/hub/session/ec5325c9-ab8c-4c14-a23c-857f6a6dfbfe/element/143cf988-1566-4f16-ba8d-16877f23552a/displayed &amp#27;[39m&amp#27;[32m200&amp#27;[39m &amp#27;[90m52 ms - 14&amp#27;[39m
&amp#27;[35m[HTTP]&amp#27;[39m &amp#27;[90m&amp#27;[39m
&amp#27;[35m[HTTP]&amp#27;[39m &amp#27;[37m-->&amp#27;[39m &amp#27;[37mGET&amp#27;[39m &amp#27;[37m/wd/hub/session/ec5325c9-ab8c-4c14-a23c-857f6a6dfbfe/context&amp#27;[39m
&amp#27;[35m[HTTP]&amp#27;[39m &amp#27;[90m{}&amp#27;[39m
[debug] &amp#27;[35m[W3C (ec5325c9)]&amp#27;[39m Calling AppiumDriver.getCurrentContext() with args: ["ec5325c9-ab8c-4c14-a23c-857f6a6dfbfe"]
[debug] &amp#27;[35m[W3C (ec5325c9)]&amp#27;[39m Responding to client with driver.getCurrentContext() result: "NATIVE_APP"
&amp#27;[35m[HTTP]&amp#27;[39m &amp#27;[37m<-- GET /wd/hub/session/ec5325c9-ab8c-4c14-a23c-857f6a6dfbfe/context &amp#27;[39m&amp#27;[32m200&amp#27;[39m &amp#27;[90m3 ms - 22&amp#27;[39m
&amp#27;[35m[HTTP]&amp#27;[39m &amp#27;[90m&amp#27;[39m
&amp#27;[35m[HTTP]&amp#27;[39m &amp#27;[37m-->&amp#27;[39m &amp#27;[37mPOST&amp#27;[39m &amp#27;[37m/wd/hub/session/ec5325c9-ab8c-4c14-a23c-857f6a6dfbfe/element&amp#27;[39m
&amp#27;[35m[HTTP]&amp#27;[39m &amp#27;[90m{"using":"accessibility id","value":"test-LOGIN"}&amp#27;[39m
[debug] &amp#27;[35m[W3C (ec5325c9)]&amp#27;[39m Calling AppiumDriver.findElement() with args: ["accessibility id","test-LOGIN","ec5325c9-ab8c-4c14-a23c-857f6a6dfbfe"]
[debug] &amp#27;[35m[BaseDriver]&amp#27;[39m Valid locator strategies for this request: xpath, id, class name, accessibility id, css selector, -android uiautomator
[debug] &amp#27;[35m[BaseDriver]&amp#27;[39m Waiting up to 0 ms for condition
[debug] &amp#27;[35m[WD Proxy]&amp#27;[39m Matched '/element' to command name 'findElement'
[debug] &amp#27;[35m[WD Proxy]&amp#27;[39m Proxying [POST /element] to [POST http://127.0.0.1:10000/wd/hub/session/a96e5523-8a84-4fe3-a3cb-d2c6104defd3/element] with body: {"strategy":"accessibility id","selector":"test-LOGIN","context":"","multiple":false}
[debug] &amp#27;[35m[WD Proxy]&amp#27;[39m Got response with status 200: {"sessionId":"a96e5523-8a84-4fe3-a3cb-d2c6104defd3","value":{"ELEMENT":"5543bf2f-b05c-4e07-b31d-fbb86b728007","element-6066-11e4-a52e-4f735466cecf":"5543bf2f-b05c-4e07-b31d-fbb86b728007"}}
[debug] &amp#27;[35m[W3C (ec5325c9)]&amp#27;[39m Responding to client with driver.findElement() result: {"element-6066-11e4-a52e-4f735466cecf":"5543bf2f-b05c-4e07-b31d-fbb86b728007","ELEMENT":"5543bf2f-b05c-4e07-b31d-fbb86b728007"}
&amp#27;[35m[HTTP]&amp#27;[39m &amp#27;[37m<-- POST /wd/hub/session/ec5325c9-ab8c-4c14-a23c-857f6a6dfbfe/element &amp#27;[39m&amp#27;[32m200&amp#27;[39m &amp#27;[90m115 ms - 137&amp#27;[39m
&amp#27;[35m[HTTP]&amp#27;[39m &amp#27;[90m&amp#27;[39m
&amp#27;[35m[HTTP]&amp#27;[39m &amp#27;[37m-->&amp#27;[39m &amp#27;[37mPOST&amp#27;[39m &amp#27;[37m/wd/hub/session/ec5325c9-ab8c-4c14-a23c-857f6a6dfbfe/element/5543bf2f-b05c-4e07-b31d-fbb86b728007/click&amp#27;[39m
&amp#27;[35m[HTTP]&amp#27;[39m &amp#27;[90m{"id":"5543bf2f-b05c-4e07-b31d-fbb86b728007"}&amp#27;[39m
[debug] &amp#27;[35m[W3C (ec5325c9)]&amp#27;[39m Calling AppiumDriver.click() with args: ["5543bf2f-b05c-4e07-b31d-fbb86b728007","ec5325c9-ab8c-4c14-a23c-857f6a6dfbfe"]
[debug] &amp#27;[35m[WD Proxy]&amp#27;[39m Matched '/element/5543bf2f-b05c-4e07-b31d-fbb86b728007/click' to command name 'click'
[debug] &amp#27;[35m[WD Proxy]&amp#27;[39m Proxying [POST /element/5543bf2f-b05c-4e07-b31d-fbb86b728007/click] to [POST http://127.0.0.1:10000/wd/hub/session/a96e5523-8a84-4fe3-a3cb-d2c6104defd3/element/5543bf2f-b05c-4e07-b31d-fbb86b728007/click] with body: {"element":"5543bf2f-b05c-4e07-b31d-fbb86b728007"}
[debug] &amp#27;[35m[WD Proxy]&amp#27;[39m Got response with status 200: {"sessionId":"a96e5523-8a84-4fe3-a3cb-d2c6104defd3","value":null}
[debug] &amp#27;[35m[W3C (ec5325c9)]&amp#27;[39m Responding to client with driver.click() result: null
&amp#27;[35m[HTTP]&amp#27;[39m &amp#27;[37m<-- POST /wd/hub/session/ec5325c9-ab8c-4c14-a23c-857f6a6dfbfe/element/5543bf2f-b05c-4e07-b31d-fbb86b728007/click &amp#27;[39m&amp#27;[32m200&amp#27;[39m &amp#27;[90m136 ms - 14&amp#27;[39m
&amp#27;[35m[HTTP]&amp#27;[39m &amp#27;[90m&amp#27;[39m
&amp#27;[35m[HTTP]&amp#27;[39m &amp#27;[37m-->&amp#27;[39m &amp#27;[37mGET&amp#27;[39m &amp#27;[37m/wd/hub/session/ec5325c9-ab8c-4c14-a23c-857f6a6dfbfe/context&amp#27;[39m
&amp#27;[35m[HTTP]&amp#27;[39m &amp#27;[90m{}&amp#27;[39m
[debug] &amp#27;[35m[W3C (ec5325c9)]&amp#27;[39m Calling AppiumDriver.getCurrentContext() with args: ["ec5325c9-ab8c-4c14-a23c-857f6a6dfbfe"]
[debug] &amp#27;[35m[W3C (ec5325c9)]&amp#27;[39m Responding to client with driver.getCurrentContext() result: "NATIVE_APP"
&amp#27;[35m[HTTP]&amp#27;[39m &amp#27;[37m<-- GET /wd/hub/session/ec5325c9-ab8c-4c14-a23c-857f6a6dfbfe/context &amp#27;[39m&amp#27;[32m200&amp#27;[39m &amp#27;[90m3 ms - 22&amp#27;[39m
&amp#27;[35m[HTTP]&amp#27;[39m &amp#27;[90m&amp#27;[39m
&amp#27;[35m[HTTP]&amp#27;[39m &amp#27;[37m-->&amp#27;[39m &amp#27;[37mPOST&amp#27;[39m &amp#27;[37m/wd/hub/session/ec5325c9-ab8c-4c14-a23c-857f6a6dfbfe/element&amp#27;[39m
&amp#27;[35m[HTTP]&amp#27;[39m &amp#27;[90m{"using":"xpath","value":"//android.view.ViewGroup[@content-desc=\"test-Error message\"]/android.widget.TextView"}&amp#27;[39m
[debug] &amp#27;[35m[W3C (ec5325c9)]&amp#27;[39m Calling AppiumDriver.findElement() with args: ["xpath","//android.view.ViewGroup[@content-desc=\"test-Error message\"]/android.widget.TextView","ec5325c9-ab8c-4c14-a23c-857f6a6dfbfe"]
[debug] &amp#27;[35m[BaseDriver]&amp#27;[39m Valid locator strategies for this request: xpath, id, class name, accessibility id, css selector, -android uiautomator
[debug] &amp#27;[35m[BaseDriver]&amp#27;[39m Waiting up to 0 ms for condition
[debug] &amp#27;[35m[WD Proxy]&amp#27;[39m Matched '/element' to command name 'findElement'
[debug] &amp#27;[35m[WD Proxy]&amp#27;[39m Proxying [POST /element] to [POST http://127.0.0.1:10000/wd/hub/session/a96e5523-8a84-4fe3-a3cb-d2c6104defd3/element] with body: {"strategy":"xpath","selector":"//android.view.ViewGroup[@content-desc=\"test-Error message\"]/android.widget.TextView","context":"","multiple":false}
[debug] &amp#27;[35m[WD Proxy]&amp#27;[39m Got response with status 200: {"sessionId":"a96e5523-8a84-4fe3-a3cb-d2c6104defd3","value":{"ELEMENT":"cddf28f3-8fed-4cdf-99ff-769f347b0a6a","element-6066-11e4-a52e-4f735466cecf":"cddf28f3-8fed-4cdf-99ff-769f347b0a6a"}}
[debug] &amp#27;[35m[W3C (ec5325c9)]&amp#27;[39m Responding to client with driver.findElement() result: {"element-6066-11e4-a52e-4f735466cecf":"cddf28f3-8fed-4cdf-99ff-769f347b0a6a","ELEMENT":"cddf28f3-8fed-4cdf-99ff-769f347b0a6a"}
&amp#27;[35m[HTTP]&amp#27;[39m &amp#27;[37m<-- POST /wd/hub/session/ec5325c9-ab8c-4c14-a23c-857f6a6dfbfe/element &amp#27;[39m&amp#27;[32m200&amp#27;[39m &amp#27;[90m775 ms - 137&amp#27;[39m
&amp#27;[35m[HTTP]&amp#27;[39m &amp#27;[90m&amp#27;[39m
&amp#27;[35m[HTTP]&amp#27;[39m &amp#27;[37m-->&amp#27;[39m &amp#27;[37mGET&amp#27;[39m &amp#27;[37m/wd/hub/session/ec5325c9-ab8c-4c14-a23c-857f6a6dfbfe/element/cddf28f3-8fed-4cdf-99ff-769f347b0a6a/displayed&amp#27;[39m
&amp#27;[35m[HTTP]&amp#27;[39m &amp#27;[90m{}&amp#27;[39m
[debug] &amp#27;[35m[W3C (ec5325c9)]&amp#27;[39m Calling AppiumDriver.elementDisplayed() with args: ["cddf28f3-8fed-4cdf-99ff-769f347b0a6a","ec5325c9-ab8c-4c14-a23c-857f6a6dfbfe"]
[debug] &amp#27;[35m[WD Proxy]&amp#27;[39m Matched '/element/cddf28f3-8fed-4cdf-99ff-769f347b0a6a/attribute/displayed' to command name 'getAttribute'
[debug] &amp#27;[35m[WD Proxy]&amp#27;[39m Proxying [GET /element/cddf28f3-8fed-4cdf-99ff-769f347b0a6a/attribute/displayed] to [GET http://127.0.0.1:10000/wd/hub/session/a96e5523-8a84-4fe3-a3cb-d2c6104defd3/element/cddf28f3-8fed-4cdf-99ff-769f347b0a6a/attribute/displayed] with no body
[debug] &amp#27;[35m[WD Proxy]&amp#27;[39m Got response with status 200: {"sessionId":"a96e5523-8a84-4fe3-a3cb-d2c6104defd3","value":"true"}
[debug] &amp#27;[35m[W3C (ec5325c9)]&amp#27;[39m Responding to client with driver.elementDisplayed() result: true
&amp#27;[35m[HTTP]&amp#27;[39m &amp#27;[37m<-- GET /wd/hub/session/ec5325c9-ab8c-4c14-a23c-857f6a6dfbfe/element/cddf28f3-8fed-4cdf-99ff-769f347b0a6a/displayed &amp#27;[39m&amp#27;[32m200&amp#27;[39m &amp#27;[90m63 ms - 14&amp#27;[39m
&amp#27;[35m[HTTP]&amp#27;[39m &amp#27;[90m&amp#27;[39m
&amp#27;[35m[HTTP]&amp#27;[39m &amp#27;[37m-->&amp#27;[39m &amp#27;[37mGET&amp#27;[39m &amp#27;[37m/wd/hub/session/ec5325c9-ab8c-4c14-a23c-857f6a6dfbfe/context&amp#27;[39m
&amp#27;[35m[HTTP]&amp#27;[39m &amp#27;[90m{}&amp#27;[39m
[debug] &amp#27;[35m[W3C (ec5325c9)]&amp#27;[39m Calling AppiumDriver.getCurrentContext() with args: ["ec5325c9-ab8c-4c14-a23c-857f6a6dfbfe"]
[debug] &amp#27;[35m[W3C (ec5325c9)]&amp#27;[39m Responding to client with driver.getCurrentContext() result: "NATIVE_APP"
&amp#27;[35m[HTTP]&amp#27;[39m &amp#27;[37m<-- GET /wd/hub/session/ec5325c9-ab8c-4c14-a23c-857f6a6dfbfe/context &amp#27;[39m&amp#27;[32m200&amp#27;[39m &amp#27;[90m3 ms - 22&amp#27;[39m
&amp#27;[35m[HTTP]&amp#27;[39m &amp#27;[90m&amp#27;[39m
&amp#27;[35m[HTTP]&amp#27;[39m &amp#27;[37m-->&amp#27;[39m &amp#27;[37mPOST&amp#27;[39m &amp#27;[37m/wd/hub/session/ec5325c9-ab8c-4c14-a23c-857f6a6dfbfe/element&amp#27;[39m
&amp#27;[35m[HTTP]&amp#27;[39m &amp#27;[90m{"using":"xpath","value":"//android.view.ViewGroup[@content-desc=\"test-Error message\"]/android.widget.TextView"}&amp#27;[39m
[debug] &amp#27;[35m[W3C (ec5325c9)]&amp#27;[39m Calling AppiumDriver.findElement() with args: ["xpath","//android.view.ViewGroup[@content-desc=\"test-Error message\"]/android.widget.TextView","ec5325c9-ab8c-4c14-a23c-857f6a6dfbfe"]
[debug] &amp#27;[35m[BaseDriver]&amp#27;[39m Valid locator strategies for this request: xpath, id, class name, accessibility id, css selector, -android uiautomator
[debug] &amp#27;[35m[BaseDriver]&amp#27;[39m Waiting up to 0 ms for condition
[debug] &amp#27;[35m[WD Proxy]&amp#27;[39m Matched '/element' to command name 'findElement'
[debug] &amp#27;[35m[WD Proxy]&amp#27;[39m Proxying [POST /element] to [POST http://127.0.0.1:10000/wd/hub/session/a96e5523-8a84-4fe3-a3cb-d2c6104defd3/element] with body: {"strategy":"xpath","selector":"//android.view.ViewGroup[@content-desc=\"test-Error message\"]/android.widget.TextView","context":"","multiple":false}
[debug] &amp#27;[35m[WD Proxy]&amp#27;[39m Got response with status 200: {"sessionId":"a96e5523-8a84-4fe3-a3cb-d2c6104defd3","value":{"ELEMENT":"28d037a3-f8e9-4aa6-9f34-3fb75022f371","element-6066-11e4-a52e-4f735466cecf":"28d037a3-f8e9-4aa6-9f34-3fb75022f371"}}
[debug] &amp#27;[35m[W3C (ec5325c9)]&amp#27;[39m Responding to client with driver.findElement() result: {"element-6066-11e4-a52e-4f735466cecf":"28d037a3-f8e9-4aa6-9f34-3fb75022f371","ELEMENT":"28d037a3-f8e9-4aa6-9f34-3fb75022f371"}
&amp#27;[35m[HTTP]&amp#27;[39m &amp#27;[37m<-- POST /wd/hub/session/ec5325c9-ab8c-4c14-a23c-857f6a6dfbfe/element &amp#27;[39m&amp#27;[32m200&amp#27;[39m &amp#27;[90m411 ms - 137&amp#27;[39m
&amp#27;[35m[HTTP]&amp#27;[39m &amp#27;[90m&amp#27;[39m
&amp#27;[35m[HTTP]&amp#27;[39m &amp#27;[37m-->&amp#27;[39m &amp#27;[37mGET&amp#27;[39m &amp#27;[37m/wd/hub/session/ec5325c9-ab8c-4c14-a23c-857f6a6dfbfe/element/28d037a3-f8e9-4aa6-9f34-3fb75022f371/attribute/text&amp#27;[39m
&amp#27;[35m[HTTP]&amp#27;[39m &amp#27;[90m{}&amp#27;[39m
[debug] &amp#27;[35m[W3C (ec5325c9)]&amp#27;[39m Calling AppiumDriver.getAttribute() with args: ["text","28d037a3-f8e9-4aa6-9f34-3fb75022f371","ec5325c9-ab8c-4c14-a23c-857f6a6dfbfe"]
[debug] &amp#27;[35m[WD Proxy]&amp#27;[39m Matched '/element/28d037a3-f8e9-4aa6-9f34-3fb75022f371/attribute/text' to command name 'getAttribute'
[debug] &amp#27;[35m[WD Proxy]&amp#27;[39m Proxying [GET /element/28d037a3-f8e9-4aa6-9f34-3fb75022f371/attribute/text] to [GET http://127.0.0.1:10000/wd/hub/session/a96e5523-8a84-4fe3-a3cb-d2c6104defd3/element/28d037a3-f8e9-4aa6-9f34-3fb75022f371/attribute/text] with no body
[debug] &amp#27;[35m[WD Proxy]&amp#27;[39m Got response with status 200: {"sessionId":"a96e5523-8a84-4fe3-a3cb-d2c6104defd3","value":"Username and password do not match any user in this service."}
[debug] &amp#27;[35m[W3C (ec5325c9)]&amp#27;[39m Responding to client with driver.getAttribute() result: "Username and password do not match any user in this service."
&amp#27;[35m[HTTP]&amp#27;[39m &amp#27;[37m<-- GET /wd/hub/session/ec5325c9-ab8c-4c14-a23c-857f6a6dfbfe/elem[INFO ] 2021-01-23 13:09:00.127 com.qa.pages.BasePage:97 - error text is - Username and password do not match any user in this service.
ent/28d037a3-f8e9-4aa6-9f34-3fb75022f371/attribute/text &amp#27;[39m&amp#27;[32m200&amp#27;[39m &amp#27;[90m40 ms - 72&amp#27;[39m
&amp#27;[35m[HTTP]&amp#27;[39m &amp#27;[90m&amp#27;[39m
  Then login should fail with an error "Username and password do not match any user in this service." # com.qa.stepdef.LoginStepDef.loginShouldFailWithAnError(java.lang.String)
&amp#27;[35m[HTTP]&amp#27;[39m &amp#27;[37m-->&amp#27;[39m &amp#27;[37mPOST&amp#27;[39m &amp#27;[37m/wd/hub/session/ec5325c9-ab8c-4c14-a23c-857f6a6dfbfe/appium/stop_recording_screen&amp#27;[39m
&amp#27;[35m[HTTP]&amp#27;[39m &amp#27;[90m{}&amp#27;[39m
[debug] &amp#27;[35m[W3C (ec5325c9)]&amp#27;[39m Calling AppiumDriver.stopRecordingScreen() with args: [null,"ec5325c9-ab8c-4c14-a23c-857f6a6dfbfe"]
[debug] &amp#27;[35m[ADB]&amp#27;[39m Getting IDs of all 'screenrecord' processes
[debug] &amp#27;[35m[ADB]&amp#27;[39m Running 'C:\Users\lenovo\AppData\Local\Android\sdk\platform-tools\adb.exe -P 5037 -s emulator-5554 shell pgrep -f \(\[\[:blank:\]\]\|\^\)screenrecord\(\[\[:blank:\]\]\|\$\)'
[debug] &amp#27;[35m[ADB]&amp#27;[39m Running 'C:\Users\lenovo\AppData\Local\Android\sdk\platform-tools\adb.exe -P 5037 -s emulator-5554 shell kill -2 25487'
[debug] &amp#27;[35m[ADB]&amp#27;[39m Getting IDs of all 'screenrecord' processes
[debug] &amp#27;[35m[ADB]&amp#27;[39m Running 'C:\Users\lenovo\AppData\Local\Android\sdk\platform-tools\adb.exe -P 5037 -s emulator-5554 shell pgrep -f \(\[\[:blank:\]\]\|\^\)screenrecord\(\[\[:blank:\]\]\|\$\)'
[debug] &amp#27;[35m[ADB]&amp#27;[39m Getting IDs of all 'screenrecord' processes
[debug] &amp#27;[35m[ADB]&amp#27;[39m Running 'C:\Users\lenovo\AppData\Local\Android\sdk\platform-tools\adb.exe -P 5037 -s emulator-5554 shell pgrep -f \(\[\[:blank:\]\]\|\^\)screenrecord\(\[\[:blank:\]\]\|\$\)'
[debug] &amp#27;[35m[ADB]&amp#27;[39m Running 'C:\Users\lenovo\AppData\Local\Android\sdk\platform-tools\adb.exe -P 5037 -s emulator-5554 pull /sdcard/c5ff3c78.mp4 C:\Users\lenovo\AppData\Local\Temp\2021023-10936-1x5803d.9uk3\c5ff3c78.mp4'
[debug] &amp#27;[35m[ADB]&amp#27;[39m Running 'C:\Users\lenovo\AppData\Local\Android\sdk\platform-tools\adb.exe -P 5037 -s emulator-5554 shell rm -rf /sdcard/c5ff3c78.mp4'
[debug] &amp#27;[35m[AndroidDriver]&amp#27;[39m The size of the resulting screen recording is 264.06 KB
[debug] &amp#27;[35m[W3C (ec5325c9)]&amp#27;[39m Responding to client with driver.stopRecordingScreen() result: "AAAAGGZ0eXBtcDQyAAAAAGlzb21tcDQyAAADo21vb3YAAABsbXZoZAAAAADcMYMT3DGDEwAAA+gAABvQAAEAAAEAAAAAAAAAAAAAAAABAAAAAAAAAAAAAAAAAAAAAQAAAAAAAAAAAAAAAAAAQAAAAAAAAAAAAAAAAAAAAAAAAAAAAAAAAAAAAAAAAAIAAAB1bWV0YQAAACFoZGxyAAAAAAAAAABtZHRhAAAAAAAAAAAAAAAAAAAAACtrZXlzAAAAAAAAAAEAAAAbbWR0YWNvbS5hbmRyb2lkLnZlcnNpb24AAAAhaWxzdAAAABkAAAABAAAAEWRhdGEAAAABAAAAADkAAAK6dHJhawAAAFx0a2hkAAAAB9wxgxPcMYMTAAAAAQAAAAAAABvQAAAAAAAAAAAAAAAAAAAAAAABAAAAAAAAAAAAAAAAAAAAAQAAAAAAAAAAAAAAAAAAQAAAAAQ4AAAIrAAAAAACVm1kaWEAAAAgbWRoZAAAAADcMYMT3DGDEwABX5AACccxAAAAAAAAACxoZGxyAAAAAAAAAAB2aWRlAAAAAAAAAAAAAAAAVmlkZW9IYW5kbGUAAAACAm1pbmYAAAAUdm1oZAAAAAEAAAAAAAAAAAAAACRkaW5mAAAAHGRyZWYAAAAAAAAAAQAAAAx1cmwgAAAAAQAAAcJzdGJsAAAAsnN0c2QAAAAAAAAAAQAAAKJhdmMxAAAAAAAAAAEAAAAAAAAAAAAAAAAAAAAABDgIrABIAAAASAAAAAAAAAABACAgICAgICAgICAgICAgICAgICAgICAgICAgICAgICAAGP//AAAAKWF2Y0MBQsAy/+EAEGdCwDKNaARAEX5bgHhEI1ABAAZozgGoNcgAAAAQcGFzcAABAAAAAQAAAAAAE2NvbHJuY2x4AAEAAQABAAAAAHhzdHRzAAAAAAAAAA0AAAABAAC4LwAAAAEAAFT2AAAAAQACy+kAAAABAADXPAAAAAEAAHXkAAAAAQAAko4AAAABAAC18AAA...
&amp#27;[35m[HTTP]&amp#27;[39m &amp#27;[37m<-- POST /wd/hub/session/ec5325c9-ab8c-4c14-a23c-857f6a6dfbfe/appium/stop_recording_screen &amp#27;[39m&amp#27;[32m200&amp#27;[39m &amp#27;[90m1609 ms - 360540&amp#27;[39m
&amp#27;[35m[HTTP]&amp#27;[39m &amp#27;[90m&amp#27;[39m
[INFO ] 2021-01-23 13:09:01.820 com.qa.utils.VideoManager:35 - video path: Android_pixel_3a_API_30_x86\Videos\Login with invalid password.mp4
]]></system-out>
  </testcase>
  <testcase name="scenario[&quot;Login with valid user name and password&quot;, &quot;Login Scenarios&quot;](3)" classname="com.qa.runners.MyPixel3TestNGRunnerTest" time="12.724">
    <system-out><![CDATA[
@Test
Scenario Outline: Login with valid user name and password # src/test/resources/Login.feature:29
&amp#27;[35m[HTTP]&amp#27;[39m &amp#27;[37m-->&amp#27;[39m &amp#27;[37mPOST&amp#27;[39m &amp#27;[37m/wd/hub/session/ec5325c9-ab8c-4c14-a23c-857f6a6dfbfe/appium/start_recording_screen&amp#27;[39m
&amp#27;[35m[HTTP]&amp#27;[39m &amp#27;[90m{}&amp#27;[39m
[debug] &amp#27;[35m[W3C (ec5325c9)]&amp#27;[39m Calling AppiumDriver.startRecordingScreen() with args: [null,"ec5325c9-ab8c-4c14-a23c-857f6a6dfbfe"]
[debug] &amp#27;[35m[ADB]&amp#27;[39m Getting IDs of all 'screenrecord' processes
[debug] &amp#27;[35m[ADB]&amp#27;[39m Running 'C:\Users\lenovo\AppData\Local\Android\sdk\platform-tools\adb.exe -P 5037 -s emulator-5554 shell pgrep -f \(\[\[:blank:\]\]\|\^\)screenrecord\(\[\[:blank:\]\]\|\$\)'
&amp#27;[35m[AndroidDriver]&amp#27;[39m Screen recording has not been previously started by Appium. There is nothing to stop
[debug] &amp#27;[35m[ADB]&amp#27;[39m Getting IDs of all 'screenrecord' processes
[debug] &amp#27;[35m[ADB]&amp#27;[39m Running 'C:\Users\lenovo\AppData\Local\Android\sdk\platform-tools\adb.exe -P 5037 -s emulator-5554 shell pgrep -f \(\[\[:blank:\]\]\|\^\)screenrecord\(\[\[:blank:\]\]\|\$\)'
[debug] &amp#27;[35m[ADB]&amp#27;[39m Building screenrecord process with the command line: adb -P 5037 -s emulator-5554 shell screenrecord --time-limit 180 /sdcard/30a3bb4b.mp4
[debug] &amp#27;[35m[ADB]&amp#27;[39m Running 'C:\Users\lenovo\AppData\Local\Android\sdk\platform-tools\adb.exe -P 5037 -s emulator-5554 shell "[ -e '/sdcard/30a3bb4b.mp4' ] && echo __PASS__"'
[debug] &amp#27;[35m[ADB]&amp#27;[39m Running 'C:\Users\lenovo\AppData\Local\Android\sdk\platform-tools\adb.exe -P 5037 -s emulator-5554 shell "[ -e '/sdcard/30a3bb4b.mp4' ] && echo __PASS__"'
[debug] &amp#27;[35m[W3C (ec5325c9)]&amp#27;[39m Responding to client with driver.startRecordingScreen() result: ""
&amp#27;[35m[HTTP]&amp#27;[39m &amp#27;[37m<-- POST /wd/hub/session/ec5325c9-ab8c-4c14-a23c-857f6a6dfbfe/appium/start_recording_screen &amp#27;[39m&amp#27;[32m200&amp#27;[39m &amp#27;[90m920 ms - 12&amp#27;[39m
&amp#27;[35m[HTTP]&amp#27;[39m &amp#27;[90m&amp#27;[39m
&amp#27;[35m[HTTP]&amp#27;[39m &amp#27;[37m-->&amp#27;[39m &amp#27;[37mGET&amp#27;[39m &amp#27;[37m/wd/hub/session/ec5325c9-ab8c-4c14-a23c-857f6a6dfbfe/context&amp#27;[39m
&amp#27;[35m[HTTP]&amp#27;[39m &amp#27;[90m{}&amp#27;[39m
[debug] &amp#27;[35m[W3C (ec5325c9)]&amp#27;[39m Calling AppiumDriver.getCurrentContext() with args: ["ec5325c9-ab8c-4c14-a23c-857f6a6dfbfe"]
[debug] &amp#27;[35m[W3C (ec5325c9)]&amp#27;[39m Responding to client with driver.getCurrentContext() result: "NATIVE_APP"
&amp#27;[35m[HTTP]&amp#27;[39m &amp#27;[37m<-- GET /wd/hub/session/ec5325c9-ab8c-4c14-a23c-857f6a6dfbfe/context &amp#27;[39m&amp#27;[32m200&amp#27;[39m &amp#27;[90m3 ms - 22&amp#27;[39m
&amp#27;[35m[HTTP]&amp#27;[39m &amp#27;[90m&amp#27;[39m
&amp#27;[35m[HTTP]&amp#27;[39m &amp#27;[37m-->&amp#27;[39m &amp#27;[37mPOST&amp#27;[39m &amp#27;[37m/wd/hub/session/ec5325c9-ab8c-4c14-a23c-857f6a6dfbfe/element&amp#27;[39m
&amp#27;[35m[HTTP]&amp#27;[39m &amp#27;[90m{"using":"accessibility id","value":"test-Username"}&amp#27;[39m
[debug] &amp#27;[35m[W3C (ec5325c9)]&amp#27;[39m Calling AppiumDriver.findElement() with args: ["accessibility id","test-Username","ec5325c9-ab8c-4c14-a23c-857f6a6dfbfe"]
[debug] &amp#27;[35m[BaseDriver]&amp#27;[39m Valid locator strategies for this request: xpath, id, class name, accessibility id, css selector, -android uiautomator
[debug] &amp#27;[35m[BaseDriver]&amp#27;[39m Waiting up to 0 ms for condition
[debug] &amp#27;[35m[WD Proxy]&amp#27;[39m Matched '/element' to command name 'findElement'
[debug] &amp#27;[35m[WD Proxy]&amp#27;[39m Proxying [POST /element] to [POST http://127.0.0.1:10000/wd/hub/session/a96e5523-8a84-4fe3-a3cb-d2c6104defd3/element] with body: {"strategy":"accessibility id","selector":"test-Username","context":"","multiple":false}
[debug] &amp#27;[35m[WD Proxy]&amp#27;[39m Got response with status 200: {"sessionId":"a96e5523-8a84-4fe3-a3cb-d2c6104defd3","value":{"ELEMENT":"70986e7e-b9c9-422c-b185-579055399215","element-6066-11e4-a52e-4f735466cecf":"70986e7e-b9c9-422c-b185-579055399215"}}
[debug] &amp#27;[35m[W3C (ec5325c9)]&amp#27;[39m Responding to client with driver.findElement() result: {"element-6066-11e4-a52e-4f735466cecf":"70986e7e-b9c9-422c-b185-579055399215","ELEMENT":"70986e7e-b9c9-422c-b185-579055399215"}
&amp#27;[35m[HTTP]&amp#27;[39m &amp#27;[37m<-- POST /wd/hub/session/ec5325c9-ab8c-4c14-a23c-857f6a6dfbfe/element &amp#27;[39m&amp#27;[32m200&amp#27;[39m &amp#27;[90m72 ms - 137&amp#27;[39m
&amp#27;[35m[HTTP]&amp#27;[39m &amp#27;[90m&amp#27;[39m
&amp#27;[35m[HTTP]&amp#27;[39m &amp#27;[37m-->&amp#27;[39m &amp#27;[37mGET&amp#27;[39m &amp#27;[37m/wd/hub/session/ec5325c9-ab8c-4c14-a23c-857f6a6dfbfe/element/70986e7e-b9c9-422c-b185-579055399215/displayed&amp#27;[39m
&amp#27;[35m[HTTP]&amp#27;[39m &amp#27;[90m{}&amp#27;[39m
[debug] &amp#27;[35m[W3C (ec5325c9)]&amp#27;[39m Calling AppiumDriver.elementDisplayed() with args: ["70986e7e-b9c9-422c-b185-579055399215","ec5325c9-ab8c-4c14-a23c-857f6a6dfbfe"]
[debug] &amp#27;[35m[WD Proxy]&amp#27;[39m Matched '/element/70986e7e-b9c9-422c-b185-579055399215/attribute/displayed' to command name 'getAttribute'
[debug] &amp#27;[35m[WD Proxy]&amp#27;[39m Proxying [GET /element/70986e7e-b9c9-422c-b185-579055399215/attribute/displayed] to [GET http://127.0.0.1:10000/wd/hub/session/a96e5523-8a84-4fe3-a3cb-d2c6104defd3/element/70986e7e-b9c9-422c-b185-579055399215/attribute/displayed] with no body
[debug] &amp#27;[35m[WD Proxy]&amp#27;[39m Got response with status 200: {"sessionId":"a96e5523-8a84-4fe3-a3cb-d2c6104defd3","value":"true"}
[debug] &amp#27;[35m[W3C (ec5325c9)]&amp#27;[39m Responding to client with driver.elementDisplayed() result: true
&amp#27;[35m[HTTP]&amp#27;[39m &amp#27;[37m<-- GET /wd/hub/session/ec5325c9-ab8c-4c14-a23c-857f6a6dfbfe/element/70986e7e-b9c9-422c-b185-579055399215/displayed &amp#27;[39m&amp#27;[32m200&amp#27;[39m &amp#27;[90m38 ms - 14&amp#27;[39m
&amp#27;[35m[HTTP]&amp#27;[39m &amp#27;[90m&amp#27;[39m
&amp#27;[35m[HTTP]&amp#27;[39m &amp#27;[37m-->&amp#27;[39m &amp#27;[37mGET&amp#27;[39m &amp#27;[37m/wd/hub/session/ec5325c9-ab8c-4c14-a23c-857f6a6dfbfe/context&amp#27;[39m
&amp#27;[35m[HTTP]&amp#27;[39m &amp#27;[90m{}&amp#27;[39m
[debug] &amp#27;[35m[W3C (ec5325c9)]&amp#27;[39m Calling AppiumDriver.getCurrentContext() with args: ["ec5325c9-ab8c-4c14-a23c-857f6a6dfbfe"]
[debug] &amp#27;[35m[W3C (ec5325c9)]&amp#27;[39m Responding to client with driver.getCurrentContext() result: "NATIVE_APP"
&amp#27;[35m[HTTP]&amp#27;[39m &amp#27;[37m<-- GET /wd/hub/session/ec5325c9-ab8c-4c14-a23c-857f6a6dfbfe/context &amp#27;[39m&amp#27;[32m200&amp#27;[39m &amp#27;[90m2 ms - 22&amp#27;[39m
&amp#27;[35m[HTTP]&amp#27;[39m &amp#27;[90m&amp#27;[39m
&amp#27;[35m[HTTP]&amp#27;[39m &amp#27;[37m-->&amp#27;[39m &amp#27;[37mPOST&amp#27;[39m &amp#27;[37m/wd/hub/session/ec5325c9-ab8c-4c14-a23c-857f6a6dfbfe/element&amp#27;[39m
&amp#27;[35m[HTTP]&amp#27;[39m &amp#27;[90m{"using":"accessibility id","value":"test-Username"}&amp#27;[39m
[debug] &amp#27;[35m[W3C (ec5325c9)]&amp#27;[39m Calling AppiumDriver.findElement() with args: ["accessibility id","test-Username","ec5325c9-ab8c-4c14-a23c-857f6a6dfbfe"]
[debug] &amp#27;[35m[BaseDriver]&amp#27;[39m Valid locator strategies for this request: xpath, id, class name, accessibility id, css selector, -android uiautomator
[debug] &amp#27;[35m[BaseDriver]&amp#27;[39m Waiting up to 0 ms for condition
[debug] &amp#27;[35m[WD Proxy]&amp#27;[39m Matched '/element' to command name 'findElement'
[debug] &amp#27;[35m[WD Proxy]&amp#27;[39m Proxying [POST /element] to [POST http://127.0.0.1:10000/wd/hub/session/a96e5523-8a84-4fe3-a3cb-d2c6104defd3/element] with body: {"strategy":"accessibility id","selector":"test-Username","context":"","multiple":false}
[debug] &amp#27;[35m[WD Proxy]&amp#27;[39m Got response with status 200: {"sessionId":"a96e5523-8a84-4fe3-a3cb-d2c6104defd3","value":{"ELEMENT":"794c5fed-3f2f-4a2f-9ff3-bbdfc64a16e3","element-6066-11e4-a52e-4f735466cecf":"794c5fed-3f2f-4a2f-9ff3-bbdfc64a16e3"}}
[debug] &amp#27;[35m[W3C (ec5325c9)]&amp#27;[39m Responding to client with driver.findElement() result: {"element-6066-11e4-a52e-4f735466cecf":"794c5fed-3f2f-4a2f-9ff3-bbdfc64a16e3","ELEMENT":"794c5fed-3f2f-4a2f-9ff3-bbdfc64a16e3"}
&amp#27;[35m[HTTP]&amp#27;[39m &amp#27;[37m<-- POST /wd/hub/session/ec5325c9-ab8c-4c14-a23c-857f6a6dfbfe/element &amp#27;[39m&amp#27;[32m200&amp#27;[39m &amp#27;[90m58 ms - 137&amp#27;[39m
&amp#27;[35m[HTTP]&amp#27;[39m &amp#27;[90m&amp#27;[39m
&amp#27;[35m[HTTP]&amp#27;[39m &amp#27;[37m-->&amp#27;[39m &amp#27;[37mPOST&amp#27;[39m &amp#27;[37m/wd/hub/session/ec5325c9-ab8c-4c14-a23c-857f6a6dfbfe/element/794c5fed-3f2f-4a2f-9ff3-bbdfc64a16e3/clear&amp#27;[39m
&amp#27;[35m[HTTP]&amp#27;[39m &amp#27;[90m{"id":"794c5fed-3f2f-4a2f-9ff3-bbdfc64a16e3"}&amp#27;[39m
[debug] &amp#27;[35m[W3C (ec5325c9)]&amp#27;[39m Calling AppiumDriver.clear() with args: ["794c5fed-3f2f-4a2f-9ff3-bbdfc64a16e3","ec5325c9-ab8c-4c14-a23c-857f6a6dfbfe"]
[debug] &amp#27;[35m[WD Proxy]&amp#27;[39m Matched '/element/794c5fed-3f2f-4a2f-9ff3-bbdfc64a16e3/clear' to command name 'clear'
[debug] &amp#27;[35m[WD Proxy]&amp#27;[39m Proxying [POST /element/794c5fed-3f2f-4a2f-9ff3-bbdfc64a16e3/clear] to [POST http://127.0.0.1:10000/wd/hub/session/a96e5523-8a84-4fe3-a3cb-d2c6104defd3/element/794c5fed-3f2f-4a2f-9ff3-bbdfc64a16e3/clear] with body: {"elementId":"794c5fed-3f2f-4a2f-9ff3-bbdfc64a16e3"}
[debug] &amp#27;[35m[WD Proxy]&amp#27;[39m Got response with status 200: {"sessionId":"a96e5523-8a84-4fe3-a3cb-d2c6104defd3","value":null}
[debug] &amp#27;[35m[W3C (ec5325c9)]&amp#27;[39m Responding to client with driver.clear() result: null
&amp#27;[35m[HTTP]&amp#27;[39m &amp#27;[37m<-- POST /wd/hub/session/ec5325c9-ab8c-4c14-a23c-857f6a6dfbfe/element/794c5fed-3f2f-4a2f-9ff3-bbdfc64a16e3/clear &amp#27;[39m&amp#27;[32m200&amp#27;[39m &amp#27;[90m53 ms - 14&amp#27;[39m
&amp#27;[35m[HTTP]&amp#27;[39m &amp#27;[90m&amp#27;[39m
&amp#27;[35m[HTTP]&amp#27;[39m &amp#27;[37m-->&amp#27;[39m &amp#27;[37mGET&amp#27;[39m &amp#27;[37m/wd/hub/session/ec5325c9-ab8c-4c14-a23c-857f6a6dfbfe/context&amp#27;[39m
&amp#27;[35m[HTTP]&amp#27;[39m &amp#27;[90m{}&amp#27;[39m
[debug] &amp#27;[35m[W3C (ec5325c9)]&amp#27;[39m Calling AppiumDriver.getCurrentContext() with args: ["ec5325c9-ab8c-4c14-a23c-857f6a6dfbfe"]
[debug] &amp#27;[35m[W3C (ec5325c9)]&amp#27;[39m Responding to client with driver.getCurrentContext() result: "NATIVE_APP"
&amp#27;[35m[HTTP]&amp#27;[39m &amp#27;[37m<-- GET /wd/hub/session/ec5325c9-ab8c-4c14-a23c-857f6a6dfbfe/context &amp#27;[39m&amp#27;[32m200&amp#27;[39m &amp#27;[90m2 ms - 22&amp#27;[39m
&amp#27;[35m[HTTP]&amp#27;[39m &amp#27;[90m&amp#27;[39m
&amp#27;[35m[HTTP]&amp#27;[39m &amp#27;[37m-->&amp#27;[39m &amp#27;[37mPOST&amp#27;[39m &amp#27;[37m/wd/hub/session/ec5325c9-ab8c-4c14-a23c-857f6a6dfbfe/element&amp#27;[39m
&amp#27;[35m[HTTP]&amp#27;[39m &amp#27;[90m{"using":"accessibility id","value":"test-Username"}&amp#27;[39m
[debug] &amp#27;[35m[W3C (ec5325c9)]&amp#27;[39m Calling AppiumDriver.findElement() with args: ["accessibility id","test-Username","ec5325c9-ab8c-4c14-a23c-857f6a6dfbfe"]
[debug] &amp#27;[35m[BaseDriver]&amp#27;[39m Valid locator strategies for this request: xpath, id, class name, accessibility id, css selector, -android uiautomator
[debug] &amp#27;[35m[BaseDriver]&amp#27;[39m Waiting up to 0 ms for condition
[debug] &amp#27;[35m[WD Proxy]&amp#27;[39m Matched '/element' to command name 'findElement'
[debug] &amp#27;[35m[WD Proxy]&amp#27;[39m Proxying [POST /element] to [POST http://127.0.0.1:10000/wd/hub/session/a96e5523-8a84-4fe3-a3cb-d2c6104defd3/element] with body: {"strategy":"accessibility id","selector":"test-Username","context":"","multiple":false}
[debug] &amp#27;[35m[WD Proxy]&amp#27;[39m Got response with status 200: {"sessionId":"a96e5523-8a84-4fe3-a3cb-d2c6104defd3","value":{"ELEMENT":"ed28dad8-0f80-4c96-b79e-cd5bc712027d","element-6066-11e4-a52e-4f735466cecf":"ed28dad8-0f80-4c96-b79e-cd5bc712027d"}}
[debug] &amp#27;[35m[W3C (ec5325c9)]&amp#27;[39m Responding to client with driver.findElement() result: {"element-6066-11e4-a52e-4f735466cecf":"ed28dad8-0f80-4c96-b79e-cd5bc712027d","ELEMENT":"ed28dad8-0f80-4c96-b79e-cd5bc712027d"}
&amp#27;[35m[HTTP]&amp#27;[39m &amp#27;[37m<-- POST /wd/hub/session/ec5325c9-ab8c-4c14-a23c-857f6a6dfbfe/element &amp#27;[39m&amp#27;[32m200&amp#27;[39m &amp#27;[90m75 ms - 137&amp#27;[39m
&amp#27;[35m[HTTP]&amp#27;[39m &amp#27;[90m&amp#27;[39m
&amp#27;[35m[HTTP]&amp#27;[39m &amp#27;[37m-->&amp#27;[39m &amp#27;[37mGET&amp#27;[39m &amp#27;[37m/wd/hub/session/ec5325c9-ab8c-4c14-a23c-857f6a6dfbfe/element/ed28dad8-0f80-4c96-b79e-cd5bc712027d/displayed&amp#27;[39m
&amp#27;[35m[HTTP]&amp#27;[39m &amp#27;[90m{}&amp#27;[39m
[debug] &amp#27;[35m[W3C (ec5325c9)]&amp#27;[39m Calling AppiumDriver.elementDisplayed() with args: ["ed28dad8-0f80-4c96-b79e-cd5bc712027d","ec5325c9-ab8c-4c14-a23c-857f6a6dfbfe"]
[debug] &amp#27;[35m[WD Proxy]&amp#27;[39m Matched '/element/ed28dad8-0f80-4c96-b79e-cd5bc712027d/attribute/displayed' to command name 'getAttribute'
[debug] &amp#27;[35m[WD Proxy]&amp#27;[39m Proxying [GET /element/ed28dad8-0f80-4c96-b79e-cd5bc712027d/attribute/displayed] to [GET http://127.0.0.1:10000/wd/hub/session/a96e5523-8a84-4fe3-a3cb-d2c6104defd3/element/ed28dad8-0f80-4c96-b79e-cd5bc712027d/attribute/displayed] with no body
[debug] &amp#27;[35m[WD Proxy]&amp#27;[39m Got response with status 200: {"sessionId":"a96e5523-8a84-4fe3-a3cb-d2c6104defd3","value":"true"}
[debug] &amp#27;[35m[W3C (ec5325c9)]&amp#27;[39m Responding to client with driver.elementDisplayed() result: true
[INFO ] 2021-01-23 13:09:03.518 com.qa.pages.BasePage:71 - login with standard_user
&amp#27;[35m[HTTP]&amp#27;[39m &amp#27;[37m<-- GET /wd/hub/session/ec5325c9-ab8c-4c14-a23c-857f6a6dfbfe/element/ed28dad8-0f80-4c96-b79e-cd5bc712027d/displayed &amp#27;[39m&amp#27;[32m200&amp#27;[39m &amp#27;[90m411 ms - 14&amp#27;[39m
&amp#27;[35m[HTTP]&amp#27;[39m &amp#27;[90m&amp#27;[39m
&amp#27;[35m[HTTP]&amp#27;[39m &amp#27;[37m-->&amp#27;[39m &amp#27;[37mGET&amp#27;[39m &amp#27;[37m/wd/hub/session/ec5325c9-ab8c-4c14-a23c-857f6a6dfbfe/context&amp#27;[39m
&amp#27;[35m[HTTP]&amp#27;[39m &amp#27;[90m{}&amp#27;[39m
[debug] &amp#27;[35m[W3C (ec5325c9)]&amp#27;[39m Calling AppiumDriver.getCurrentContext() with args: ["ec5325c9-ab8c-4c14-a23c-857f6a6dfbfe"]
[debug] &amp#27;[35m[W3C (ec5325c9)]&amp#27;[39m Responding to client with driver.getCurrentContext() result: "NATIVE_APP"
&amp#27;[35m[HTTP]&amp#27;[39m &amp#27;[37m<-- GET /wd/hub/session/ec5325c9-ab8c-4c14-a23c-857f6a6dfbfe/context &amp#27;[39m&amp#27;[32m200&amp#27;[39m &amp#27;[90m3 ms - 22&amp#27;[39m
&amp#27;[35m[HTTP]&amp#27;[39m &amp#27;[90m&amp#27;[39m
&amp#27;[35m[HTTP]&amp#27;[39m &amp#27;[37m-->&amp#27;[39m &amp#27;[37mPOST&amp#27;[39m &amp#27;[37m/wd/hub/session/ec5325c9-ab8c-4c14-a23c-857f6a6dfbfe/element&amp#27;[39m
&amp#27;[35m[HTTP]&amp#27;[39m &amp#27;[90m{"using":"accessibility id","value":"test-Username"}&amp#27;[39m
[debug] &amp#27;[35m[W3C (ec5325c9)]&amp#27;[39m Calling AppiumDriver.findElement() with args: ["accessibility id","test-Username","ec5325c9-ab8c-4c14-a23c-857f6a6dfbfe"]
[debug] &amp#27;[35m[BaseDriver]&amp#27;[39m Valid locator strategies for this request: xpath, id, class name, accessibility id, css selector, -android uiautomator
[debug] &amp#27;[35m[BaseDriver]&amp#27;[39m Waiting up to 0 ms for condition
[debug] &amp#27;[35m[WD Proxy]&amp#27;[39m Matched '/element' to command name 'findElement'
[debug] &amp#27;[35m[WD Proxy]&amp#27;[39m Proxying [POST /element] to [POST http://127.0.0.1:10000/wd/hub/session/a96e5523-8a84-4fe3-a3cb-d2c6104defd3/element] with body: {"strategy":"accessibility id","selector":"test-Username","context":"","multiple":false}
[debug] &amp#27;[35m[WD Proxy]&amp#27;[39m Got response with status 200: {"sessionId":"a96e5523-8a84-4fe3-a3cb-d2c6104defd3","value":{"ELEMENT":"58bab6da-b943-46ff-971b-c3b8dc26adbb","element-6066-11e4-a52e-4f735466cecf":"58bab6da-b943-46ff-971b-c3b8dc26adbb"}}
[debug] &amp#27;[35m[W3C (ec5325c9)]&amp#27;[39m Responding to client with driver.findElement() result: {"element-6066-11e4-a52e-4f735466cecf":"58bab6da-b943-46ff-971b-c3b8dc26adbb","ELEMENT":"58bab6da-b943-46ff-971b-c3b8dc26adbb"}
&amp#27;[35m[HTTP]&amp#27;[39m &amp#27;[37m<-- POST /wd/hub/session/ec5325c9-ab8c-4c14-a23c-857f6a6dfbfe/element &amp#27;[39m&amp#27;[32m200&amp#27;[39m &amp#27;[90m62 ms - 137&amp#27;[39m
&amp#27;[35m[HTTP]&amp#27;[39m &amp#27;[90m&amp#27;[39m
&amp#27;[35m[HTTP]&amp#27;[39m &amp#27;[37m-->&amp#27;[39m &amp#27;[37mPOST&amp#27;[39m &amp#27;[37m/wd/hub/session/ec5325c9-ab8c-4c14-a23c-857f6a6dfbfe/element/58bab6da-b943-46ff-971b-c3b8dc26adbb/value&amp#27;[39m
&amp#27;[35m[HTTP]&amp#27;[39m &amp#27;[90m{"id":"58bab6da-b943-46ff-971b-c3b8dc26adbb","text":"standard_user","value":["s","t","a","n","d","a","r","d","_","u","s","e","r"]}&amp#27;[39m
[debug] &amp#27;[35m[W3C (ec5325c9)]&amp#27;[39m Calling AppiumDriver.setValue() with args: [["s","t","a","n","d","a","r","d","_","u","s","e","r"],"58bab6da-b943-46ff-971b-c3b8dc26adbb","ec5325c9-ab8c-4c14-a23c-857f6a6dfbfe"]
[debug] &amp#27;[35m[WD Proxy]&amp#27;[39m Matched '/element/58bab6da-b943-46ff-971b-c3b8dc26adbb/value' to command name 'setValue'
[debug] &amp#27;[35m[Protocol Converter]&amp#27;[39m Added 'value' property ["s","t","a","n","d","a","r","d","_","u","s","e","r"] to 'setValue' request body
[debug] &amp#27;[35m[WD Proxy]&amp#27;[39m Proxying [POST /element/58bab6da-b943-46ff-971b-c3b8dc26adbb/value] to [POST http://127.0.0.1:10000/wd/hub/session/a96e5523-8a84-4fe3-a3cb-d2c6104defd3/element/58bab6da-b943-46ff-971b-c3b8dc26adbb/value] with body: {"elementId":"58bab6da-b943-46ff-971b-c3b8dc26adbb","text":"standard_user","replace":false,"value":["s","t","a","n","d","a","r","d","_","u","s","e","r"]}
[debug] &amp#27;[35m[WD Proxy]&amp#27;[39m Got response with status 200: {"sessionId":"a96e5523-8a84-4fe3-a3cb-d2c6104defd3","value":null}
[debug] &amp#27;[35m[W3C (ec5325c9)]&amp#27;[39m Responding to client with driver.setValue() result: null
  When I enter username as "standard_user"                # com.qa.stepdef.LoginStepDef.iEnterUsernameAs(java.lang.String)
&amp#27;[35m[HTTP]&amp#27;[39m &amp#27;[37m<-- POST /wd/hub/session/ec5325c9-ab8c-4c14-a23c-857f6a6dfbfe/element/58bab6da-b943-46ff-971b-c3b8dc26adbb/value &amp#27;[39m&amp#27;[32m200&amp#27;[39m &amp#27;[90m563 ms - 14&amp#27;[39m
&amp#27;[35m[HTTP]&amp#27;[39m &amp#27;[90m&amp#27;[39m
&amp#27;[35m[HTTP]&amp#27;[39m &amp#27;[37m-->&amp#27;[39m &amp#27;[37mGET&amp#27;[39m &amp#27;[37m/wd/hub/session/ec5325c9-ab8c-4c14-a23c-857f6a6dfbfe/context&amp#27;[39m
&amp#27;[35m[HTTP]&amp#27;[39m &amp#27;[90m{}&amp#27;[39m
[debug] &amp#27;[35m[W3C (ec5325c9)]&amp#27;[39m Calling AppiumDriver.getCurrentContext() with args: ["ec5325c9-ab8c-4c14-a23c-857f6a6dfbfe"]
[debug] &amp#27;[35m[W3C (ec5325c9)]&amp#27;[39m Responding to client with driver.getCurrentContext() result: "NATIVE_APP"
&amp#27;[35m[HTTP]&amp#27;[39m &amp#27;[37m<-- GET /wd/hub/session/ec5325c9-ab8c-4c14-a23c-857f6a6dfbfe/context &amp#27;[39m&amp#27;[32m200&amp#27;[39m &amp#27;[90m2 ms - 22&amp#27;[39m
&amp#27;[35m[HTTP]&amp#27;[39m &amp#27;[90m&amp#27;[39m
&amp#27;[35m[HTTP]&amp#27;[39m &amp#27;[37m-->&amp#27;[39m &amp#27;[37mPOST&amp#27;[39m &amp#27;[37m/wd/hub/session/ec5325c9-ab8c-4c14-a23c-857f6a6dfbfe/element&amp#27;[39m
&amp#27;[35m[HTTP]&amp#27;[39m &amp#27;[90m{"using":"accessibility id","value":"test-Password"}&amp#27;[39m
[debug] &amp#27;[35m[W3C (ec5325c9)]&amp#27;[39m Calling AppiumDriver.findElement() with args: ["accessibility id","test-Password","ec5325c9-ab8c-4c14-a23c-857f6a6dfbfe"]
[debug] &amp#27;[35m[BaseDriver]&amp#27;[39m Valid locator strategies for this request: xpath, id, class name, accessibility id, css selector, -android uiautomator
[debug] &amp#27;[35m[BaseDriver]&amp#27;[39m Waiting up to 0 ms for condition
[debug] &amp#27;[35m[WD Proxy]&amp#27;[39m Matched '/element' to command name 'findElement'
[debug] &amp#27;[35m[WD Proxy]&amp#27;[39m Proxying [POST /element] to [POST http://127.0.0.1:10000/wd/hub/session/a96e5523-8a84-4fe3-a3cb-d2c6104defd3/element] with body: {"strategy":"accessibility id","selector":"test-Password","context":"","multiple":false}
[debug] &amp#27;[35m[WD Proxy]&amp#27;[39m Got response with status 200: {"sessionId":"a96e5523-8a84-4fe3-a3cb-d2c6104defd3","value":{"ELEMENT":"32ad782a-ad63-4827-9e5c-1e402d7de762","element-6066-11e4-a52e-4f735466cecf":"32ad782a-ad63-4827-9e5c-1e402d7de762"}}
[debug] &amp#27;[35m[W3C (ec5325c9)]&amp#27;[39m Responding to client with driver.findElement() result: {"element-6066-11e4-a52e-4f735466cecf":"32ad782a-ad63-4827-9e5c-1e402d7de762","ELEMENT":"32ad782a-ad63-4827-9e5c-1e402d7de762"}
&amp#27;[35m[HTTP]&amp#27;[39m &amp#27;[37m<-- POST /wd/hub/session/ec5325c9-ab8c-4c14-a23c-857f6a6dfbfe/element &amp#27;[39m&amp#27;[32m200&amp#27;[39m &amp#27;[90m533 ms - 137&amp#27;[39m
&amp#27;[35m[HTTP]&amp#27;[39m &amp#27;[90m&amp#27;[39m
&amp#27;[35m[HTTP]&amp#27;[39m &amp#27;[37m-->&amp#27;[39m &amp#27;[37mGET&amp#27;[39m &amp#27;[37m/wd/hub/session/ec5325c9-ab8c-4c14-a23c-857f6a6dfbfe/element/32ad782a-ad63-4827-9e5c-1e402d7de762/displayed&amp#27;[39m
&amp#27;[35m[HTTP]&amp#27;[39m &amp#27;[90m{}&amp#27;[39m
[debug] &amp#27;[35m[W3C (ec5325c9)]&amp#27;[39m Calling AppiumDriver.elementDisplayed() with args: ["32ad782a-ad63-4827-9e5c-1e402d7de762","ec5325c9-ab8c-4c14-a23c-857f6a6dfbfe"]
[debug] &amp#27;[35m[WD Proxy]&amp#27;[39m Matched '/element/32ad782a-ad63-4827-9e5c-1e402d7de762/attribute/displayed' to command name 'getAttribute'
[debug] &amp#27;[35m[WD Proxy]&amp#27;[39m Proxying [GET /element/32ad782a-ad63-4827-9e5c-1e402d7de762/attribute/displayed] to [GET http://127.0.0.1:10000/wd/hub/session/a96e5523-8a84-4fe3-a3cb-d2c6104defd3/element/32ad782a-ad63-4827-9e5c-1e402d7de762/attribute/displayed] with no body
[debug] &amp#27;[35m[WD Proxy]&amp#27;[39m Got response with status 200: {"sessionId":"a96e5523-8a84-4fe3-a3cb-d2c6104defd3","value":"true"}
[debug] &amp#27;[35m[W3C (ec5325c9)]&amp#27;[39m Responding to client with driver.elementDisplayed() result: true
&amp#27;[35m[HTTP]&amp#27;[39m &amp#27;[37m<-- GET /wd/hub/session/ec5325c9-ab8c-4c14-a23c-857f6a6dfbfe/element/32ad782a-ad63-4827-9e5c-1e402d7de762/displayed &amp#27;[39m&amp#27;[32m200&amp#27;[39m &amp#27;[90m53 ms - 14&amp#27;[39m
&amp#27;[35m[HTTP]&amp#27;[39m &amp#27;[90m&amp#27;[39m
&amp#27;[35m[HTTP]&amp#27;[39m &amp#27;[37m-->&amp#27;[39m &amp#27;[37mGET&amp#27;[39m &amp#27;[37m/wd/hub/session/ec5325c9-ab8c-4c14-a23c-857f6a6dfbfe/context&amp#27;[39m
&amp#27;[35m[HTTP]&amp#27;[39m &amp#27;[90m{}&amp#27;[39m
[debug] &amp#27;[35m[W3C (ec5325c9)]&amp#27;[39m Calling AppiumDriver.getCurrentContext() with args: ["ec5325c9-ab8c-4c14-a23c-857f6a6dfbfe"]
[debug] &amp#27;[35m[W3C (ec5325c9)]&amp#27;[39m Responding to client with driver.getCurrentContext() result: "NATIVE_APP"
&amp#27;[35m[HTTP]&amp#27;[39m &amp#27;[37m<-- GET /wd/hub/session/ec5325c9-ab8c-4c14-a23c-857f6a6dfbfe/context &amp#27;[39m&amp#27;[32m200&amp#27;[39m &amp#27;[90m3 ms - 22&amp#27;[39m
&amp#27;[35m[HTTP]&amp#27;[39m &amp#27;[90m&amp#27;[39m
&amp#27;[35m[HTTP]&amp#27;[39m &amp#27;[37m-->&amp#27;[39m &amp#27;[37mPOST&amp#27;[39m &amp#27;[37m/wd/hub/session/ec5325c9-ab8c-4c14-a23c-857f6a6dfbfe/element&amp#27;[39m
&amp#27;[35m[HTTP]&amp#27;[39m &amp#27;[90m{"using":"accessibility id","value":"test-Password"}&amp#27;[39m
[debug] &amp#27;[35m[W3C (ec5325c9)]&amp#27;[39m Calling AppiumDriver.findElement() with args: ["accessibility id","test-Password","ec5325c9-ab8c-4c14-a23c-857f6a6dfbfe"]
[debug] &amp#27;[35m[BaseDriver]&amp#27;[39m Valid locator strategies for this request: xpath, id, class name, accessibility id, css selector, -android uiautomator
[debug] &amp#27;[35m[BaseDriver]&amp#27;[39m Waiting up to 0 ms for condition
[debug] &amp#27;[35m[WD Proxy]&amp#27;[39m Matched '/element' to command name 'findElement'
[debug] &amp#27;[35m[WD Proxy]&amp#27;[39m Proxying [POST /element] to [POST http://127.0.0.1:10000/wd/hub/session/a96e5523-8a84-4fe3-a3cb-d2c6104defd3/element] with body: {"strategy":"accessibility id","selector":"test-Password","context":"","multiple":false}
[debug] &amp#27;[35m[WD Proxy]&amp#27;[39m Got response with status 200: {"sessionId":"a96e5523-8a84-4fe3-a3cb-d2c6104defd3","value":{"ELEMENT":"574deaf2-7686-48fc-b4ef-7939ad8baff0","element-6066-11e4-a52e-4f735466cecf":"574deaf2-7686-48fc-b4ef-7939ad8baff0"}}
[debug] &amp#27;[35m[W3C (ec5325c9)]&amp#27;[39m Responding to client with driver.findElement() result: {"element-6066-11e4-a52e-4f735466cecf":"574deaf2-7686-48fc-b4ef-7939ad8baff0","ELEMENT":"574deaf2-7686-48fc-b4ef-7939ad8baff0"}
&amp#27;[35m[HTTP]&amp#27;[39m &amp#27;[37m<-- POST /wd/hub/session/ec5325c9-ab8c-4c14-a23c-857f6a6dfbfe/element &amp#27;[39m&amp#27;[32m200&amp#27;[39m &amp#27;[90m176 ms - 137&amp#27;[39m
&amp#27;[35m[HTTP]&amp#27;[39m &amp#27;[90m&amp#27;[39m
&amp#27;[35m[HTTP]&amp#27;[39m &amp#27;[37m-->&amp#27;[39m &amp#27;[37mPOST&amp#27;[39m &amp#27;[37m/wd/hub/session/ec5325c9-ab8c-4c14-a23c-857f6a6dfbfe/element/574deaf2-7686-48fc-b4ef-7939ad8baff0/clear&amp#27;[39m
&amp#27;[35m[HTTP]&amp#27;[39m &amp#27;[90m{"id":"574deaf2-7686-48fc-b4ef-7939ad8baff0"}&amp#27;[39m
[debug] &amp#27;[35m[W3C (ec5325c9)]&amp#27;[39m Calling AppiumDriver.clear() with args: ["574deaf2-7686-48fc-b4ef-7939ad8baff0","ec5325c9-ab8c-4c14-a23c-857f6a6dfbfe"]
[debug] &amp#27;[35m[WD Proxy]&amp#27;[39m Matched '/element/574deaf2-7686-48fc-b4ef-7939ad8baff0/clear' to command name 'clear'
[debug] &amp#27;[35m[WD Proxy]&amp#27;[39m Proxying [POST /element/574deaf2-7686-48fc-b4ef-7939ad8baff0/clear] to [POST http://127.0.0.1:10000/wd/hub/session/a96e5523-8a84-4fe3-a3cb-d2c6104defd3/element/574deaf2-7686-48fc-b4ef-7939ad8baff0/clear] with body: {"elementId":"574deaf2-7686-48fc-b4ef-7939ad8baff0"}
[debug] &amp#27;[35m[WD Proxy]&amp#27;[39m Got response with status 200: {"sessionId":"a96e5523-8a84-4fe3-a3cb-d2c6104defd3","value":null}
[debug] &amp#27;[35m[W3C (ec5325c9)]&amp#27;[39m Responding to client with driver.clear() result: null
&amp#27;[35m[HTTP]&amp#27;[39m &amp#27;[37m<-- POST /wd/hub/session/ec5325c9-ab8c-4c14-a23c-857f6a6dfbfe/element/574deaf2-7686-48fc-b4ef-7939ad8baff0/clear &amp#27;[39m&amp#27;[32m200&amp#27;[39m &amp#27;[90m40 ms - 14&amp#27;[39m
&amp#27;[35m[HTTP]&amp#27;[39m &amp#27;[90m&amp#27;[39m
&amp#27;[35m[HTTP]&amp#27;[39m &amp#27;[37m-->&amp#27;[39m &amp#27;[37mGET&amp#27;[39m &amp#27;[37m/wd/hub/session/ec5325c9-ab8c-4c14-a23c-857f6a6dfbfe/context&amp#27;[39m
&amp#27;[35m[HTTP]&amp#27;[39m &amp#27;[90m{}&amp#27;[39m
[debug] &amp#27;[35m[W3C (ec5325c9)]&amp#27;[39m Calling AppiumDriver.getCurrentContext() with args: ["ec5325c9-ab8c-4c14-a23c-857f6a6dfbfe"]
[debug] &amp#27;[35m[W3C (ec5325c9)]&amp#27;[39m Responding to client with driver.getCurrentContext() result: "NATIVE_APP"
&amp#27;[35m[HTTP]&amp#27;[39m &amp#27;[37m<-- GET /wd/hub/session/ec5325c9-ab8c-4c14-a23c-857f6a6dfbfe/context &amp#27;[39m&amp#27;[32m200&amp#27;[39m &amp#27;[90m3 ms - 22&amp#27;[39m
&amp#27;[35m[HTTP]&amp#27;[39m &amp#27;[90m&amp#27;[39m
&amp#27;[35m[HTTP]&amp#27;[39m &amp#27;[37m-->&amp#27;[39m &amp#27;[37mPOST&amp#27;[39m &amp#27;[37m/wd/hub/session/ec5325c9-ab8c-4c14-a23c-857f6a6dfbfe/element&amp#27;[39m
&amp#27;[35m[HTTP]&amp#27;[39m &amp#27;[90m{"using":"accessibility id","value":"test-Password"}&amp#27;[39m
[debug] &amp#27;[35m[W3C (ec5325c9)]&amp#27;[39m Calling AppiumDriver.findElement() with args: ["accessibility id","test-Password","ec5325c9-ab8c-4c14-a23c-857f6a6dfbfe"]
[debug] &amp#27;[35m[BaseDriver]&amp#27;[39m Valid locator strategies for this request: xpath, id, class name, accessibility id, css selector, -android uiautomator
[debug] &amp#27;[35m[BaseDriver]&amp#27;[39m Waiting up to 0 ms for condition
[debug] &amp#27;[35m[WD Proxy]&amp#27;[39m Matched '/element' to command name 'findElement'
[debug] &amp#27;[35m[WD Proxy]&amp#27;[39m Proxying [POST /element] to [POST http://127.0.0.1:10000/wd/hub/session/a96e5523-8a84-4fe3-a3cb-d2c6104defd3/element] with body: {"strategy":"accessibility id","selector":"test-Password","context":"","multiple":false}
[debug] &amp#27;[35m[WD Proxy]&amp#27;[39m Got response with status 200: {"sessionId":"a96e5523-8a84-4fe3-a3cb-d2c6104defd3","value":{"ELEMENT":"2ea0e2a9-0ea7-4647-8b8b-a99feada8876","element-6066-11e4-a52e-4f735466cecf":"2ea0e2a9-0ea7-4647-8b8b-a99feada8876"}}
[debug] &amp#27;[35m[W3C (ec5325c9)]&amp#27;[39m Responding to client with driver.findElement() result: {"element-6066-11e4-a52e-4f735466cecf":"2ea0e2a9-0ea7-4647-8b8b-a99feada8876","ELEMENT":"2ea0e2a9-0ea7-4647-8b8b-a99feada8876"}
&amp#27;[35m[HTTP]&amp#27;[39m &amp#27;[37m<-- POST /wd/hub/session/ec5325c9-ab8c-4c14-a23c-857f6a6dfbfe/element &amp#27;[39m&amp#27;[32m200&amp#27;[39m &amp#27;[90m271 ms - 137&amp#27;[39m
&amp#27;[35m[HTTP]&amp#27;[39m &amp#27;[90m&amp#27;[39m
&amp#27;[35m[HTTP]&amp#27;[39m &amp#27;[37m-->&amp#27;[39m &amp#27;[37mGET&amp#27;[39m &amp#27;[37m/wd/hub/session/ec5325c9-ab8c-4c14-a23c-857f6a6dfbfe/element/2ea0e2a9-0ea7-4647-8b8b-a99feada8876/displayed&amp#27;[39m
&amp#27;[35m[HTTP]&amp#27;[39m &amp#27;[90m{}&amp#27;[39m
[debug] &amp#27;[35m[W3C (ec5325c9)]&amp#27;[39m Calling AppiumDriver.elementDisplayed() with args: ["2ea0e2a9-0ea7-4647-8b8b-a99feada8876","ec5325c9-ab8c-4c14-a23c-857f6a6dfbfe"]
[debug] &amp#27;[35m[WD Proxy]&amp#27;[39m Matched '/element/2ea0e2a9-0ea7-4647-8b8b-a99feada8876/attribute/displayed' to command name 'getAttribute'
[debug] &amp#27;[35m[WD Proxy]&amp#27;[39m Proxying [GET /element/2ea0e2a9-0ea7-4647-8b8b-a99feada8876/attribute/displayed] to [GET http://127.0.0.1:10000/wd/hub/session/a96e5523-8a84-4fe3-a3cb-d2c6104defd3/element/2ea0e2a9-0ea7-4647-8b8b-a99feada8876/attribute/displayed] with no body
[debug] &amp#27;[35m[WD Proxy]&amp#27;[39m Got response with status 200: {"sessionId":"a96e5523-8a84-4fe3-a3cb-d2c6104defd3","value":"true"}
[debug] &amp#27;[35m[W3C (ec5325c9)]&amp#27;[39m Responding to client with driver.elementDisplayed() result: true
&amp#27;[35m[HTTP]&amp#27;[39m &amp#27;[37m<-- GET /wd/hub/session/ec5325c9-ab8c-4c14-a23c-857f6a6dfbfe/element/2ea0e2a9-0ea7-4647-8b8b-a99feada8876/displayed &amp#27;[39m&amp#27;[32m200&amp#27;[39m &amp#27;[90m214 ms - 14&amp#27;[39m
&amp#27;[35m[HTTP]&amp#27;[39m &amp#27;[90m&amp#27;[39m
[INFO ] 2021-01-23 13:09:05.495 com.qa.pages.BasePage:71 - password is secret_sauce
&amp#27;[35m[HTTP]&amp#27;[39m &amp#27;[37m-->&amp#27;[39m &amp#27;[37mGET&amp#27;[39m &amp#27;[37m/wd/hub/session/ec5325c9-ab8c-4c14-a23c-857f6a6dfbfe/context&amp#27;[39m
&amp#27;[35m[HTTP]&amp#27;[39m &amp#27;[90m{}&amp#27;[39m
[debug] &amp#27;[35m[W3C (ec5325c9)]&amp#27;[39m Calling AppiumDriver.getCurrentContext() with args: ["ec5325c9-ab8c-4c14-a23c-857f6a6dfbfe"]
[debug] &amp#27;[35m[W3C (ec5325c9)]&amp#27;[39m Responding to client with driver.getCurrentContext() result: "NATIVE_APP"
&amp#27;[35m[HTTP]&amp#27;[39m &amp#27;[37m<-- GET /wd/hub/session/ec5325c9-ab8c-4c14-a23c-857f6a6dfbfe/context &amp#27;[39m&amp#27;[32m200&amp#27;[39m &amp#27;[90m3 ms - 22&amp#27;[39m
&amp#27;[35m[HTTP]&amp#27;[39m &amp#27;[90m&amp#27;[39m
&amp#27;[35m[HTTP]&amp#27;[39m &amp#27;[37m-->&amp#27;[39m &amp#27;[37mPOST&amp#27;[39m &amp#27;[37m/wd/hub/session/ec5325c9-ab8c-4c14-a23c-857f6a6dfbfe/element&amp#27;[39m
&amp#27;[35m[HTTP]&amp#27;[39m &amp#27;[90m{"using":"accessibility id","value":"test-Password"}&amp#27;[39m
[debug] &amp#27;[35m[W3C (ec5325c9)]&amp#27;[39m Calling AppiumDriver.findElement() with args: ["accessibility id","test-Password","ec5325c9-ab8c-4c14-a23c-857f6a6dfbfe"]
[debug] &amp#27;[35m[BaseDriver]&amp#27;[39m Valid locator strategies for this request: xpath, id, class name, accessibility id, css selector, -android uiautomator
[debug] &amp#27;[35m[BaseDriver]&amp#27;[39m Waiting up to 0 ms for condition
[debug] &amp#27;[35m[WD Proxy]&amp#27;[39m Matched '/element' to command name 'findElement'
[debug] &amp#27;[35m[WD Proxy]&amp#27;[39m Proxying [POST /element] to [POST http://127.0.0.1:10000/wd/hub/session/a96e5523-8a84-4fe3-a3cb-d2c6104defd3/element] with body: {"strategy":"accessibility id","selector":"test-Password","context":"","multiple":false}
[debug] &amp#27;[35m[WD Proxy]&amp#27;[39m Got response with status 200: {"sessionId":"a96e5523-8a84-4fe3-a3cb-d2c6104defd3","value":{"ELEMENT":"104ac4cc-9abe-47f7-a44e-b2d9a5b78305","element-6066-11e4-a52e-4f735466cecf":"104ac4cc-9abe-47f7-a44e-b2d9a5b78305"}}
[debug] &amp#27;[35m[W3C (ec5325c9)]&amp#27;[39m Responding to client with driver.findElement() result: {"element-6066-11e4-a52e-4f735466cecf":"104ac4cc-9abe-47f7-a44e-b2d9a5b78305","ELEMENT":"104ac4cc-9abe-47f7-a44e-b2d9a5b78305"}
&amp#27;[35m[HTTP]&amp#27;[39m &amp#27;[37m<-- POST /wd/hub/session/ec5325c9-ab8c-4c14-a23c-857f6a6dfbfe/element &amp#27;[39m&amp#27;[32m200&amp#27;[39m &amp#27;[90m61 ms - 137&amp#27;[39m
&amp#27;[35m[HTTP]&amp#27;[39m &amp#27;[90m&amp#27;[39m
&amp#27;[35m[HTTP]&amp#27;[39m &amp#27;[37m-->&amp#27;[39m &amp#27;[37mPOST&amp#27;[39m &amp#27;[37m/wd/hub/session/ec5325c9-ab8c-4c14-a23c-857f6a6dfbfe/element/104ac4cc-9abe-47f7-a44e-b2d9a5b78305/value&amp#27;[39m
&amp#27;[35m[HTTP]&amp#27;[39m &amp#27;[90m{"id":"104ac4cc-9abe-47f7-a44e-b2d9a5b78305","text":"secret_sauce","value":["s","e","c","r","e","t","_","s","a","u","c","e"]}&amp#27;[39m
[debug] &amp#27;[35m[W3C (ec5325c9)]&amp#27;[39m Calling AppiumDriver.setValue() with args: [["s","e","c","r","e","t","_","s","a","u","c","e"],"104ac4cc-9abe-47f7-a44e-b2d9a5b78305","ec5325c9-ab8c-4c14-a23c-857f6a6dfbfe"]
[debug] &amp#27;[35m[WD Proxy]&amp#27;[39m Matched '/element/104ac4cc-9abe-47f7-a44e-b2d9a5b78305/value' to command name 'setValue'
[debug] &amp#27;[35m[Protocol Converter]&amp#27;[39m Added 'value' property ["s","e","c","r","e","t","_","s","a","u","c","e"] to 'setValue' request body
[debug] &amp#27;[35m[WD Proxy]&amp#27;[39m Proxying [POST /element/104ac4cc-9abe-47f7-a44e-b2d9a5b78305/value] to [POST http://127.0.0.1:10000/wd/hub/session/a96e5523-8a84-4fe3-a3cb-d2c6104defd3/element/104ac4cc-9abe-47f7-a44e-b2d9a5b78305/value] with body: {"elementId":"104ac4cc-9abe-47f7-a44e-b2d9a5b78305","text":"secret_sauce","replace":false,"value":["s","e","c","r","e","t","_","s","a","u","c","e"]}
[debug] &amp#27;[35m[WD Proxy]&amp#27;[39m Got response with status 200: {"sessionId":"a96e5523-8a84-4fe3-a3cb-d2c6104defd3","value":null}
[debug] &amp#27;[35m[W3C (ec5325c9)]&amp#27;[39m Responding to client with driver.setValue() result: null
&amp#27;[35m[HTTP]&amp#27;[39m &amp#27;[37m<-- POST /wd/hub/session/ec5325c9-ab8c-4c14-a23c-857f6a6dfbfe/element/104ac4cc-9abe-47f7-a44e-b2d9a5b78305/value &amp#27;[39m&amp#27;[32m200&amp#27;[39m &amp#27;[90m195 ms - 14&amp#27;[3  And I enter password as "secret_sauce"                  # com.qa.stepdef.LoginStepDef.iEnterPasswordAs(java.lang.String)9m

&amp#27;[35m[HTTP]&amp#27;[39m &amp#27;[90m&amp#27;[39m
&amp#27;[35m[HTTP]&amp#27;[39m &amp#27;[37m-->&amp#27;[39m &amp#27;[37mGET&amp#27;[39m &amp#27;[37m/wd/hub/session/ec5325c9-ab8c-4c14-a23c-857f6a6dfbfe/context&amp#27;[39m
&amp#27;[35m[HTTP]&amp#27;[39m &amp#27;[90m{}&amp#27;[39m
[debug] &amp#27;[35m[W3C (ec5325c9)]&amp#27;[39m Calling AppiumDriver.getCurrentContext() with args: ["ec5325c9-ab8c-4c14-a23c-857f6a6dfbfe"]
[debug] &amp#27;[35m[W3C (ec5325c9)]&amp#27;[39m Responding to client with driver.getCurrentContext() result: "NATIVE_APP"
&amp#27;[35m[HTTP]&amp#27;[39m &amp#27;[37m<-- GET /wd/hub/session/ec5325c9-ab8c-4c14-a23c-857f6a6dfbfe/context &amp#27;[39m&amp#27;[32m200&amp#27;[39m &amp#27;[90m3 ms - 22&amp#27;[39m
&amp#27;[35m[HTTP]&amp#27;[39m &amp#27;[90m&amp#27;[39m
&amp#27;[35m[HTTP]&amp#27;[39m &amp#27;[37m-->&amp#27;[39m &amp#27;[37mPOST&amp#27;[39m &amp#27;[37m/wd/hub/session/ec5325c9-ab8c-4c14-a23c-857f6a6dfbfe/element&amp#27;[39m
&amp#27;[35m[HTTP]&amp#27;[39m &amp#27;[90m{"using":"accessibility id","value":"test-LOGIN"}&amp#27;[39m
[debug] &amp#27;[35m[W3C (ec5325c9)]&amp#27;[39m Calling AppiumDriver.findElement() with args: ["accessibility id","test-LOGIN","ec5325c9-ab8c-4c14-a23c-857f6a6dfbfe"]
[debug] &amp#27;[35m[BaseDriver]&amp#27;[39m Valid locator strategies for this request: xpath, id, class name, accessibility id, css selector, -android uiautomator
[debug] &amp#27;[35m[BaseDriver]&amp#27;[39m Waiting up to 0 ms for condition
[debug] &amp#27;[35m[WD Proxy]&amp#27;[39m Matched '/element' to command name 'findElement'
[debug] &amp#27;[35m[WD Proxy]&amp#27;[39m Proxying [POST /element] to [POST http://127.0.0.1:10000/wd/hub/session/a96e5523-8a84-4fe3-a3cb-d2c6104defd3/element] with body: {"strategy":"accessibility id","selector":"test-LOGIN","context":"","multiple":false}
[debug] &amp#27;[35m[WD Proxy]&amp#27;[39m Got response with status 200: {"sessionId":"a96e5523-8a84-4fe3-a3cb-d2c6104defd3","value":{"ELEMENT":"ad02d82c-b647-460a-9bd2-8023c9e1af53","element-6066-11e4-a52e-4f735466cecf":"ad02d82c-b647-460a-9bd2-8023c9e1af53"}}
[debug] &amp#27;[35m[W3C (ec5325c9)]&amp#27;[39m Responding to client with driver.findElement() result: {"element-6066-11e4-a52e-4f735466cecf":"ad02d82c-b647-460a-9bd2-8023c9e1af53","ELEMENT":"ad02d82c-b647-460a-9bd2-8023c9e1af53"}
&amp#27;[35m[HTTP]&amp#27;[39m &amp#27;[37m<-- POST /wd/hub/session/ec5325c9-ab8c-4c14-a23c-857f6a6dfbfe/element &amp#27;[39m&amp#27;[32m200&amp#27;[39m &amp#27;[90m515 ms - 137&amp#27;[39m
&amp#27;[35m[HTTP]&amp#27;[39m &amp#27;[90m&amp#27;[39m
&amp#27;[35m[HTTP]&amp#27;[39m &amp#27;[37m-->&amp#27;[39m &amp#27;[37mGET&amp#27;[39m &amp#27;[37m/wd/hub/session/ec5325c9-ab8c-4c14-a23c-857f6a6dfbfe/element/ad02d82c-b647-460a-9bd2-8023c9e1af53/displayed&amp#27;[39m
&amp#27;[35m[HTTP]&amp#27;[39m &amp#27;[90m{}&amp#27;[39m
[debug] &amp#27;[35m[W3C (ec5325c9)]&amp#27;[39m Calling AppiumDriver.elementDisplayed() with args: ["ad02d82c-b647-460a-9bd2-8023c9e1af53","ec5325c9-ab8c-4c14-a23c-857f6a6dfbfe"]
[debug] &amp#27;[35m[WD Proxy]&amp#27;[39m Matched '/element/ad02d82c-b647-460a-9bd2-8023c9e1af53/attribute/displayed' to command name 'getAttribute'
[debug] &amp#27;[35m[WD Proxy]&amp#27;[39m Proxying [GET /element/ad02d82c-b647-460a-9bd2-8023c9e1af53/attribute/displayed] to [GET http://127.0.0.1:10000/wd/hub/session/a96e5523-8a84-4fe3-a3cb-d2c6104defd3/element/ad02d82c-b647-460a-9bd2-8023c9e1af53/attribute/displayed] with no body
[debug] &amp#27;[35m[WD Proxy]&amp#27;[39m Got response with status 200: {"sessionId":"a96e5523-8a84-4fe3-a3cb-d2c6104defd3","value":"true"}
[debug] &amp#27;[35m[W3C (ec5325c9)]&amp#27;[39m Responding to client with driver.elementDisplayed() result: true
&amp#27;[35m[HTTP]&amp#27;[39m &amp#27;[37m<-- GET /wd/hub/session/ec5325c9-ab8c-4c14-a23c-857f6a6dfbfe/element/ad02d82c-b647-460a-9bd2-8023c9e1af53/displayed &amp#27;[39m&amp#27;[32m200&amp#27;[39m &amp#27;[90m29 ms - 14&amp#27;[39m
&amp#27;[35m[HTTP]&amp#27;[39m[INFO ] 2021-01-23 13:09:06.329 com.qa.pages.BasePage:54 - press login button
 &amp#27;[90m&amp#27;[39m
&amp#27;[35m[HTTP]&amp#27;[39m &amp#27;[37m-->&amp#27;[39m &amp#27;[37mGET&amp#27;[39m &amp#27;[37m/wd/hub/session/ec5325c9-ab8c-4c14-a23c-857f6a6dfbfe/context&amp#27;[39m
&amp#27;[35m[HTTP]&amp#27;[39m &amp#27;[90m{}&amp#27;[39m
[debug] &amp#27;[35m[W3C (ec5325c9)]&amp#27;[39m Calling AppiumDriver.getCurrentContext() with args: ["ec5325c9-ab8c-4c14-a23c-857f6a6dfbfe"]
[debug] &amp#27;[35m[W3C (ec5325c9)]&amp#27;[39m Responding to client with driver.getCurrentContext() result: "NATIVE_APP"
&amp#27;[35m[HTTP]&amp#27;[39m &amp#27;[37m<-- GET /wd/hub/session/ec5325c9-ab8c-4c14-a23c-857f6a6dfbfe/context &amp#27;[39m&amp#27;[32m200&amp#27;[39m &amp#27;[90m3 ms - 22&amp#27;[39m
&amp#27;[35m[HTTP]&amp#27;[39m &amp#27;[90m&amp#27;[39m
&amp#27;[35m[HTTP]&amp#27;[39m &amp#27;[37m-->&amp#27;[39m &amp#27;[37mPOST&amp#27;[39m &amp#27;[37m/wd/hub/session/ec5325c9-ab8c-4c14-a23c-857f6a6dfbfe/element&amp#27;[39m
&amp#27;[35m[HTTP]&amp#27;[39m &amp#27;[90m{"using":"accessibility id","value":"test-LOGIN"}&amp#27;[39m
[debug] &amp#27;[35m[W3C (ec5325c9)]&amp#27;[39m Calling AppiumDriver.findElement() with args: ["accessibility id","test-LOGIN","ec5325c9-ab8c-4c14-a23c-857f6a6dfbfe"]
[debug] &amp#27;[35m[BaseDriver]&amp#27;[39m Valid locator strategies for this request: xpath, id, class name, accessibility id, css selector, -android uiautomator
[debug] &amp#27;[35m[BaseDriver]&amp#27;[39m Waiting up to 0 ms for condition
[debug] &amp#27;[35m[WD Proxy]&amp#27;[39m Matched '/element' to command name 'findElement'
[debug] &amp#27;[35m[WD Proxy]&amp#27;[39m Proxying [POST /element] to [POST http://127.0.0.1:10000/wd/hub/session/a96e5523-8a84-4fe3-a3cb-d2c6104defd3/element] with body: {"strategy":"accessibility id","selector":"test-LOGIN","context":"","multiple":false}
[debug] &amp#27;[35m[WD Proxy]&amp#27;[39m Got response with status 200: {"sessionId":"a96e5523-8a84-4fe3-a3cb-d2c6104defd3","value":{"ELEMENT":"e4aa3498-8547-4c31-93cc-8ad9198e0bd5","element-6066-11e4-a52e-4f735466cecf":"e4aa3498-8547-4c31-93cc-8ad9198e0bd5"}}
[debug] &amp#27;[35m[W3C (ec5325c9)]&amp#27;[39m Responding to client with driver.findElement() result: {"element-6066-11e4-a52e-4f735466cecf":"e4aa3498-8547-4c31-93cc-8ad9198e0bd5","ELEMENT":"e4aa3498-8547-4c31-93cc-8ad9198e0bd5"}
&amp#27;[35m[HTTP]&amp#27;[39m &amp#27;[37m<-- POST /wd/hub/session/ec5325c9-ab8c-4c14-a23c-857f6a6dfbfe/element &amp#27;[39m&amp#27;[32m200&amp#27;[39m &amp#27;[90m123 ms - 137&amp#27;[39m
&amp#27;[35m[HTTP]&amp#27;[39m &amp#27;[90m&amp#27;[39m
&amp#27;[35m[HTTP]&amp#27;[39m &amp#27;[37m-->&amp#27;[39m &amp#27;[37mPOST&amp#27;[39m &amp#27;[37m/wd/hub/session/ec5325c9-ab8c-4c14-a23c-857f6a6dfbfe/element/e4aa3498-8547-4c31-93cc-8ad9198e0bd5/click&amp#27;[39m
&amp#27;[35m[HTTP]&amp#27;[39m &amp#27;[90m{"id":"e4aa3498-8547-4c31-93cc-8ad9198e0bd5"}&amp#27;[39m
[debug] &amp#27;[35m[W3C (ec5325c9)]&amp#27;[39m Calling AppiumDriver.click() with args: ["e4aa3498-8547-4c31-93cc-8ad9198e0bd5","ec5325c9-ab8c-4c14-a23c-857f6a6dfbfe"]
[debug] &amp#27;[35m[WD Proxy]&amp#27;[39m Matched '/element/e4aa3498-8547-4c31-93cc-8ad9198e0bd5/click' to command name 'click'
[debug] &amp#27;[35m[WD Proxy]&amp#27;[39m Proxying [POST /element/e4aa3498-8547-4c31-93cc-8ad9198e0bd5/click] to [POST http://127.0.0.1:10000/wd/hub/session/a96e5523-8a84-4fe3-a3cb-d2c6104defd3/element/e4aa3498-8547-4c31-93cc-8ad9198e0bd5/click] with body: {"element":"e4aa3498-8547-4c31-93cc-8ad9198e0bd5"}
[debug] &amp#27;[35m[WD Proxy]&amp#27;[39m Got response with status 200: {"sessionId":"a96e5523-8a84-4fe3-a3cb-d2c6104defd3","value":null}
[debug] &amp#27;[35m[W3C (ec5325c9)]&amp#27;[39m Responding to client with driver.click() result: null
&amp#27;[35m[HTTP]&amp#27;[39m &amp#27;[37m<-- POST /wd/hub/session/ec5325c9-ab8c-4c14-a23c-857f6a6dfbfe/element/e4aa3498-8547-4c31-93cc-8ad9198e0bd5/click &amp#27;[39m&amp#27;[32m200&amp#27;[39m &amp#27;[90m165 ms - 14&amp#27;[39m
&amp#27;[35m[HTTP]&amp#27;[39m &amp#27;[90m&amp#27;[39m
  And I login                                             # com.qa.stepdef.LoginStepDef.iLogin()
&amp#27;[35m[HTTP]&amp#27;[39m &amp#27;[37m-->&amp#27;[39m &amp#27;[37mGET&amp#27;[39m &amp#27;[37m/wd/hub/session/ec5325c9-ab8c-4c14-a23c-857f6a6dfbfe/context&amp#27;[39m
&amp#27;[35m[HTTP]&amp#27;[39m &amp#27;[90m{}&amp#27;[39m
[debug] &amp#27;[35m[W3C (ec5325c9)]&amp#27;[39m Calling AppiumDriver.getCurrentContext() with args: ["ec5325c9-ab8c-4c14-a23c-857f6a6dfbfe"]
[debug] &amp#27;[35m[W3C (ec5325c9)]&amp#27;[39m Responding to client with driver.getCurrentContext() result: "NATIVE_APP"
&amp#27;[35m[HTTP]&amp#27;[39m &amp#27;[37m<-- GET /wd/hub/session/ec5325c9-ab8c-4c14-a23c-857f6a6dfbfe/context &amp#27;[39m&amp#27;[32m200&amp#27;[39m &amp#27;[90m3 ms - 22&amp#27;[39m
&amp#27;[35m[HTTP]&amp#27;[39m &amp#27;[90m&amp#27;[39m
&amp#27;[35m[HTTP]&amp#27;[39m &amp#27;[37m-->&amp#27;[39m &amp#27;[37mPOST&amp#27;[39m &amp#27;[37m/wd/hub/session/ec5325c9-ab8c-4c14-a23c-857f6a6dfbfe/element&amp#27;[39m
&amp#27;[35m[HTTP]&amp#27;[39m &amp#27;[90m{"using":"xpath","value":"//android.widget.ScrollView[@content-desc=\"test-PRODUCTS\"]/preceding-sibling::android.view.ViewGroup/android.widget.TextView"}&amp#27;[39m
[debug] &amp#27;[35m[W3C (ec5325c9)]&amp#27;[39m Calling AppiumDriver.findElement() with args: ["xpath","//android.widget.ScrollView[@content-desc=\"test-PRODUCTS\"]/preceding-sibling::android.view.ViewGroup/android.widget.TextView","ec5325c9-ab8c-4c14-a23c-857f6a6dfbfe"]
[debug] &amp#27;[35m[BaseDriver]&amp#27;[39m Valid locator strategies for this request: xpath, id, class name, accessibility id, css selector, -android uiautomator
[debug] &amp#27;[35m[BaseDriver]&amp#27;[39m Waiting up to 0 ms for condition
[debug] &amp#27;[35m[WD Proxy]&amp#27;[39m Matched '/element' to command name 'findElement'
[debug] &amp#27;[35m[WD Proxy]&amp#27;[39m Proxying [POST /element] to [POST http://127.0.0.1:10000/wd/hub/session/a96e5523-8a84-4fe3-a3cb-d2c6104defd3/element] with body: {"strategy":"xpath","selector":"//android.widget.ScrollView[@content-desc=\"test-PRODUCTS\"]/preceding-sibling::android.view.ViewGroup/android.widget.TextView","context":"","multiple":false}
&amp#27;[35m[WD Proxy]&amp#27;[39m Got response with status 404: {"sessionId":"a96e5523-8a84-4fe3-a3cb-d2c6104defd3","value":{"error":"no such element","message":"An element could not be located on the page using the given search parameters","stacktrace":"io.appium.uiautomator2.common.exceptions.ElementNotFoundException: An element could not be located on the page using the given search parameters\n\tat io.appium.uiautomator2.handler.FindElement.findElement(FindElement.java:96)\n\tat io.appium.uiautomator2.handler.FindElement.safeHandle(FindElement.java:71)\n\tat io.appium.uiautomator2.handler.request.SafeRequestHandler.handle(SafeRequestHandler.java:41)\n\tat io.appium.uiautomator2.server.AppiumServlet.handleRequest(AppiumServlet.java:261)\n\tat io.appium.uiautomator2.server.AppiumServlet.handleHttpRequest(AppiumServlet.java:255)\n\tat io.appium.uiautomator2.http.ServerHandler.channelRead(ServerHandler.java:68)\n\tat io.netty.channel.AbstractChannelHandlerContext.invokeChannelRead(AbstractChannelHandlerContext.java:366)\n\tat io.netty.channel.AbstractChannelHandlerCont...
[debug] &amp#27;[35m[W3C]&amp#27;[39m Matched W3C error code 'no such element' to NoSuchElementError
[debug] &amp#27;[35m[W3C (ec5325c9)]&amp#27;[39m Encountered internal error running command: NoSuchElementError: An element could not be located on the page using the given search parameters.
[debug] &amp#27;[35m[W3C (ec5325c9)]&amp#27;[39m     at AndroidUiautomator2Driver.findElOrEls (C:\Users\lenovo\AppData\Roaming\npm\node_modules\appium\node_modules\appium-android-driver\lib\commands\find.js:75:11)
[debug] &amp#27;[35m[W3C (ec5325c9)]&amp#27;[39m     at runMicrotasks (<anonymous>)
[debug] &amp#27;[35m[W3C (ec5325c9)]&amp#27;[39m     at processTicksAndRejections (internal/process/task_queues.js:93:5)
[debug] &amp#27;[35m[W3C (ec5325c9)]&amp#27;[39m     at AndroidUiautomator2Driver.findElOrElsWithProcessing (C:\Users\lenovo\AppData\Roaming\npm\node_modules\appium\node_modules\appium-base-driver\lib\basedriver\commands\find.js:33:12)
[debug] &amp#27;[35m[W3C (ec5325c9)]&amp#27;[39m     at AndroidUiautomator2Driver.findElement (C:\Users\lenovo\AppData\Roaming\npm\node_modules\appium\node_modules\appium-base-driver\lib\basedriver\commands\find.js:53:10)
&amp#27;[35m[HTTP]&amp#27;[39m &amp#27;[37m<-- POST /wd/hub/session/ec5325c9-ab8c-4c14-a23c-857f6a6dfbfe/element &amp#27;[39m&amp#27;[33m404&amp#27;[39m &amp#27;[90m371 ms - 917&amp#27;[39m
&amp#27;[35m[HTTP]&amp#27;[39m &amp#27;[90m&amp#27;[39m
&amp#27;[35m[HTTP]&amp#27;[39m &amp#27;[37m-->&amp#27;[39m &amp#27;[37mPOST&amp#27;[39m &amp#27;[37m/wd/hub/session/ec5325c9-ab8c-4c14-a23c-857f6a6dfbfe/element&amp#27;[39m
&amp#27;[35m[HTTP]&amp#27;[39m &amp#27;[90m{"using":"xpath","value":"//android.widget.ScrollView[@content-desc=\"test-PRODUCTS\"]/preceding-sibling::android.view.ViewGroup/android.widget.TextView"}&amp#27;[39m
[debug] &amp#27;[35m[W3C (ec5325c9)]&amp#27;[39m Calling AppiumDriver.findElement() with args: ["xpath","//android.widget.ScrollView[@content-desc=\"test-PRODUCTS\"]/preceding-sibling::android.view.ViewGroup/android.widget.TextView","ec5325c9-ab8c-4c14-a23c-857f6a6dfbfe"]
[debug] &amp#27;[35m[BaseDriver]&amp#27;[39m Valid locator strategies for this request: xpath, id, class name, accessibility id, css selector, -android uiautomator
[debug] &amp#27;[35m[BaseDriver]&amp#27;[39m Waiting up to 0 ms for condition
[debug] &amp#27;[35m[WD Proxy]&amp#27;[39m Matched '/element' to command name 'findElement'
[debug] &amp#27;[35m[WD Proxy]&amp#27;[39m Proxying [POST /element] to [POST http://127.0.0.1:10000/wd/hub/session/a96e5523-8a84-4fe3-a3cb-d2c6104defd3/element] with body: {"strategy":"xpath","selector":"//android.widget.ScrollView[@content-desc=\"test-PRODUCTS\"]/preceding-sibling::android.view.ViewGroup/android.widget.TextView","context":"","multiple":false}
&amp#27;[35m[WD Proxy]&amp#27;[39m Got response with status 404: {"sessionId":"a96e5523-8a84-4fe3-a3cb-d2c6104defd3","value":{"error":"no such element","message":"An element could not be located on the page using the given search parameters","stacktrace":"io.appium.uiautomator2.common.exceptions.ElementNotFoundException: An element could not be located on the page using the given search parameters\n\tat io.appium.uiautomator2.handler.FindElement.findElement(FindElement.java:96)\n\tat io.appium.uiautomator2.handler.FindElement.safeHandle(FindElement.java:71)\n\tat io.appium.uiautomator2.handler.request.SafeRequestHandler.handle(SafeRequestHandler.java:41)\n\tat io.appium.uiautomator2.server.AppiumServlet.handleRequest(AppiumServlet.java:261)\n\tat io.appium.uiautomator2.server.AppiumServlet.handleHttpRequest(AppiumServlet.java:255)\n\tat io.appium.uiautomator2.http.ServerHandler.channelRead(ServerHandler.java:68)\n\tat io.netty.channel.AbstractChannelHandlerContext.invokeChannelRead(AbstractChannelHandlerContext.java:366)\n\tat io.netty.channel.AbstractChannelHandlerCont...
[debug] &amp#27;[35m[W3C]&amp#27;[39m Matched W3C error code 'no such element' to NoSuchElementError
[debug] &amp#27;[35m[W3C (ec5325c9)]&amp#27;[39m Encountered internal error running command: NoSuchElementError: An element could not be located on the page using the given search parameters.
[debug] &amp#27;[35m[W3C (ec5325c9)]&amp#27;[39m     at AndroidUiautomator2Driver.findElOrEls (C:\Users\lenovo\AppData\Roaming\npm\node_modules\appium\node_modules\appium-android-driver\lib\commands\find.js:75:11)
[debug] &amp#27;[35m[W3C (ec5325c9)]&amp#27;[39m     at runMicrotasks (<anonymous>)
[debug] &amp#27;[35m[W3C (ec5325c9)]&amp#27;[39m     at processTicksAndRejections (internal/process/task_queues.js:93:5)
[debug] &amp#27;[35m[W3C (ec5325c9)]&amp#27;[39m     at AndroidUiautomator2Driver.findElOrElsWithProcessing (C:\Users\lenovo\AppData\Roaming\npm\node_modules\appium\node_modules\appium-base-driver\lib\basedriver\commands\find.js:33:12)
[debug] &amp#27;[35m[W3C (ec5325c9)]&amp#27;[39m     at AndroidUiautomator2Driver.findElement (C:\Users\lenovo\AppData\Roaming\npm\node_modules\appium\node_modules\appium-base-driver\lib\basedriver\commands\find.js:53:10)
&amp#27;[35m[HTTP]&amp#27;[39m &amp#27;[37m<-- POST /wd/hub/session/ec5325c9-ab8c-4c14-a23c-857f6a6dfbfe/element &amp#27;[39m&amp#27;[33m404&amp#27;[39m &amp#27;[90m154 ms - 917&amp#27;[39m
&amp#27;[35m[HTTP]&amp#27;[39m &amp#27;[90m&amp#27;[39m
&amp#27;[35m[HTTP]&amp#27;[39m &amp#27;[37m-->&amp#27;[39m &amp#27;[37mGET&amp#27;[39m &amp#27;[37m/wd/hub/session/ec5325c9-ab8c-4c14-a23c-857f6a6dfbfe/context&amp#27;[39m
&amp#27;[35m[HTTP]&amp#27;[39m &amp#27;[90m{}&amp#27;[39m
[debug] &amp#27;[35m[W3C (ec5325c9)]&amp#27;[39m Calling AppiumDriver.getCurrentContext() with args: ["ec5325c9-ab8c-4c14-a23c-857f6a6dfbfe"]
[debug] &amp#27;[35m[W3C (ec5325c9)]&amp#27;[39m Responding to client with driver.getCurrentContext() result: "NATIVE_APP"
&amp#27;[35m[HTTP]&amp#27;[39m &amp#27;[37m<-- GET /wd/hub/session/ec5325c9-ab8c-4c14-a23c-857f6a6dfbfe/context &amp#27;[39m&amp#27;[32m200&amp#27;[39m &amp#27;[90m3 ms - 22&amp#27;[39m
&amp#27;[35m[HTTP]&amp#27;[39m &amp#27;[90m&amp#27;[39m
&amp#27;[35m[HTTP]&amp#27;[39m &amp#27;[37m-->&amp#27;[39m &amp#27;[37mPOST&amp#27;[39m &amp#27;[37m/wd/hub/session/ec5325c9-ab8c-4c14-a23c-857f6a6dfbfe/element&amp#27;[39m
&amp#27;[35m[HTTP]&amp#27;[39m &amp#27;[90m{"using":"xpath","value":"//android.widget.ScrollView[@content-desc=\"test-PRODUCTS\"]/preceding-sibling::android.view.ViewGroup/android.widget.TextView"}&amp#27;[39m
[debug] &amp#27;[35m[W3C (ec5325c9)]&amp#27;[39m Calling AppiumDriver.findElement() with args: ["xpath","//android.widget.ScrollView[@content-desc=\"test-PRODUCTS\"]/preceding-sibling::android.view.ViewGroup/android.widget.TextView","ec5325c9-ab8c-4c14-a23c-857f6a6dfbfe"]
[debug] &amp#27;[35m[BaseDriver]&amp#27;[39m Valid locator strategies for this request: xpath, id, class name, accessibility id, css selector, -android uiautomator
[debug] &amp#27;[35m[BaseDriver]&amp#27;[39m Waiting up to 0 ms for condition
[debug] &amp#27;[35m[WD Proxy]&amp#27;[39m Matched '/element' to command name 'findElement'
[debug] &amp#27;[35m[WD Proxy]&amp#27;[39m Proxying [POST /element] to [POST http://127.0.0.1:10000/wd/hub/session/a96e5523-8a84-4fe3-a3cb-d2c6104defd3/element] with body: {"strategy":"xpath","selector":"//android.widget.ScrollView[@content-desc=\"test-PRODUCTS\"]/preceding-sibling::android.view.ViewGroup/android.widget.TextView","context":"","multiple":false}
[debug] &amp#27;[35m[WD Proxy]&amp#27;[39m Got response with status 200: {"sessionId":"a96e5523-8a84-4fe3-a3cb-d2c6104defd3","value":{"ELEMENT":"24a0827d-a5e2-4c10-94f9-3b5b877ba122","element-6066-11e4-a52e-4f735466cecf":"24a0827d-a5e2-4c10-94f9-3b5b877ba122"}}
[debug] &amp#27;[35m[W3C (ec5325c9)]&amp#27;[39m Responding to client with driver.findElement() result: {"element-6066-11e4-a52e-4f735466cecf":"24a0827d-a5e2-4c10-94f9-3b5b877ba122","ELEMENT":"24a0827d-a5e2-4c10-94f9-3b5b877ba122"}
&amp#27;[35m[HTTP]&amp#27;[39m &amp#27;[37m<-- POST /wd/hub/session/ec5325c9-ab8c-4c14-a23c-857f6a6dfbfe/element &amp#27;[39m&amp#27;[32m200&amp#27;[39m &amp#27;[90m2570 ms - 137&amp#27;[39m
&amp#27;[35m[HTTP]&amp#27;[39m &amp#27;[90m&amp#27;[39m
&amp#27;[35m[HTTP]&amp#27;[39m &amp#27;[37m-->&amp#27;[39m &amp#27;[37mGET&amp#27;[39m &amp#27;[37m/wd/hub/session/ec5325c9-ab8c-4c14-a23c-857f6a6dfbfe/element/24a0827d-a5e2-4c10-94f9-3b5b877ba122/displayed&amp#27;[39m
&amp#27;[35m[HTTP]&amp#27;[39m &amp#27;[90m{}&amp#27;[39m
[debug] &amp#27;[35m[W3C (ec5325c9)]&amp#27;[39m Calling AppiumDriver.elementDisplayed() with args: ["24a0827d-a5e2-4c10-94f9-3b5b877ba122","ec5325c9-ab8c-4c14-a23c-857f6a6dfbfe"]
[debug] &amp#27;[35m[WD Proxy]&amp#27;[39m Matched '/element/24a0827d-a5e2-4c10-94f9-3b5b877ba122/attribute/displayed' to command name 'getAttribute'
[debug] &amp#27;[35m[WD Proxy]&amp#27;[39m Proxying [GET /element/24a0827d-a5e2-4c10-94f9-3b5b877ba122/attribute/displayed] to [GET http://127.0.0.1:10000/wd/hub/session/a96e5523-8a84-4fe3-a3cb-d2c6104defd3/element/24a0827d-a5e2-4c10-94f9-3b5b877ba122/attribute/displayed] with no body
[debug] &amp#27;[35m[WD Proxy]&amp#27;[39m Got response with status 200: {"sessionId":"a96e5523-8a84-4fe3-a3cb-d2c6104defd3","value":"true"}
[debug] &amp#27;[35m[W3C (ec5325c9)]&amp#27;[39m Responding to client with driver.elementDisplayed() result: true
&amp#27;[35m[HTTP]&amp#27;[39m &amp#27;[37m<-- GET /wd/hub/session/ec5325c9-ab8c-4c14-a23c-857f6a6dfbfe/element/24a0827d-a5e2-4c10-94f9-3b5b877ba122/displayed &amp#27;[39m&amp#27;[32m200&amp#27;[39m &amp#27;[90m86 ms - 14&amp#27;[39m
&amp#27;[35m[HTTP]&amp#27;[39m &amp#27;[90m&amp#27;[39m
&amp#27;[35m[HTTP]&amp#27;[39m &amp#27;[37m-->&amp#27;[39m &amp#27;[37mGET&amp#27;[39m &amp#27;[37m/wd/hub/session/ec5325c9-ab8c-4c14-a23c-857f6a6dfbfe/context&amp#27;[39m
&amp#27;[35m[HTTP]&amp#27;[39m &amp#27;[90m{}&amp#27;[39m
[debug] &amp#27;[35m[W3C (ec5325c9)]&amp#27;[39m Calling AppiumDriver.getCurrentContext() with args: ["ec5325c9-ab8c-4c14-a23c-857f6a6dfbfe"]
[debug] &amp#27;[35m[W3C (ec5325c9)]&amp#27;[39m Responding to client with driver.getCurrentContext() result: "NATIVE_APP"
&amp#27;[35m[HTTP]&amp#27;[39m &amp#27;[37m<-- GET /wd/hub/session/ec5325c9-ab8c-4c14-a23c-857f6a6dfbfe/context &amp#27;[39m&amp#27;[32m200&amp#27;[39m &amp#27;[90m4 ms - 22&amp#27;[39m
&amp#27;[35m[HTTP]&amp#27;[39m &amp#27;[90m&amp#27;[39m
&amp#27;[35m[HTTP]&amp#27;[39m &amp#27;[37m-->&amp#27;[39m &amp#27;[37mPOST&amp#27;[39m &amp#27;[37m/wd/hub/session/ec5325c9-ab8c-4c14-a23c-857f6a6dfbfe/element&amp#27;[39m
&amp#27;[35m[HTTP]&amp#27;[39m &amp#27;[90m{"using":"xpath","value":"//android.widget.ScrollView[@content-desc=\"test-PRODUCTS\"]/preceding-sibling::android.view.ViewGroup/android.widget.TextView"}&amp#27;[39m
[debug] &amp#27;[35m[W3C (ec5325c9)]&amp#27;[39m Calling AppiumDriver.findElement() with args: ["xpath","//android.widget.ScrollView[@content-desc=\"test-PRODUCTS\"]/preceding-sibling::android.view.ViewGroup/android.widget.TextView","ec5325c9-ab8c-4c14-a23c-857f6a6dfbfe"]
[debug] &amp#27;[35m[BaseDriver]&amp#27;[39m Valid locator strategies for this request: xpath, id, class name, accessibility id, css selector, -android uiautomator
[debug] &amp#27;[35m[BaseDriver]&amp#27;[39m Waiting up to 0 ms for condition
[debug] &amp#27;[35m[WD Proxy]&amp#27;[39m Matched '/element' to command name 'findElement'
[debug] &amp#27;[35m[WD Proxy]&amp#27;[39m Proxying [POST /element] to [POST http://127.0.0.1:10000/wd/hub/session/a96e5523-8a84-4fe3-a3cb-d2c6104defd3/element] with body: {"strategy":"xpath","selector":"//android.widget.ScrollView[@content-desc=\"test-PRODUCTS\"]/preceding-sibling::android.view.ViewGroup/android.widget.TextView","context":"","multiple":false}
[debug] &amp#27;[35m[WD Proxy]&amp#27;[39m Got response with status 200: {"sessionId":"a96e5523-8a84-4fe3-a3cb-d2c6104defd3","value":{"ELEMENT":"737788e2-2afe-4236-a72f-151d70cc0619","element-6066-11e4-a52e-4f735466cecf":"737788e2-2afe-4236-a72f-151d70cc0619"}}
[debug] &amp#27;[35m[W3C (ec5325c9)]&amp#27;[39m Responding to client with driver.findElement() result: {"element-6066-11e4-a52e-4f735466cecf":"737788e2-2afe-4236-a72f-151d70cc0619","ELEMENT":"737788e2-2afe-4236-a72f-151d70cc0619"}
&amp#27;[35m[HTTP]&amp#27;[39m &amp#27;[37m<-- POST /wd/hub/session/ec5325c9-ab8c-4c14-a23c-857f6a6dfbfe/element &amp#27;[39m&amp#27;[32m200&amp#27;[39m &amp#27;[90m1310 ms - 137&amp#27;[39m
&amp#27;[35m[HTTP]&amp#27;[39m &amp#27;[90m&amp#27;[39m
&amp#27;[35m[HTTP]&amp#27;[39m &amp#27;[37m-->&amp#27;[39m &amp#27;[37mGET&amp#27;[39m &amp#27;[37m/wd/hub/session/ec5325c9-ab8c-4c14-a23c-857f6a6dfbfe/element/737788e2-2afe-4236-a72f-151d70cc0619/attribute/text&amp#27;[39m
&amp#27;[35m[HTTP]&amp#27;[39m &amp#27;[90m{}&amp#27;[39m
[debug] &amp#27;[35m[W3C (ec5325c9)]&amp#27;[39m Calling AppiumDriver.getAttribute() with args: ["text","737788e2-2afe-4236-a72f-151d70cc0619","ec5325c9-ab8c-4c14-a23c-857f6a6dfbfe"]
[debug] &amp#27;[35m[WD Proxy]&amp#27;[39m Matched '/element/737788e2-2afe-4236-a72f-151d70cc0619/attribute/text' to command name 'getAttribute'
[debug] &amp#27;[35m[WD Proxy]&amp#27;[39m Proxying [GET /element/737788e2-2afe-4236-a72f-151d70cc0619/attribute/text] to [GET http://127.0.0.1:10000/wd/hub/session/a96e5523-8a84-4fe3-a3cb-d2c6104defd3/element/737788e2-2afe-4236-a72f-151d70cc0619/attribute/text] with no body
[debug] &amp#27;[35m[WD Proxy]&amp#27;[39m Got response with status 200: {"sessionId":"a96e5523-8a84-4fe3-a3cb-d2c6104defd3","value":"PRODUCTS"}
[debug] &amp#27;[35m[W3C (ec5325c9)]&amp#27;[39m Responding to client with driver.getAttribute() result: "PRODUCTS"
&amp#27;[35m[HTTP]&amp#27;[39m &amp#27;[37m<-- GET /wd/hub/session/ec5325c9-ab8c-4c14-a23c-857f6a6dfbfe/element/737788e2-2afe-4236-a72f-151d70cc0619/attribute/text &amp#27;[39m&amp#27;[32m200&amp#27;[39m &amp#27;[90m203 ms - 20&amp#27;[39m
&amp#27;[35m[HTTP]&amp#27;[39m &amp#27;[90m&amp#27;[39m
[INFO ] 2021-01-23 13:09:12.385 com.qa.pages.BasePage:97 - product page title is - PRODUCTS
  Then I should see Products page with title "PRODUCTS"   # com.qa.stepdef.LoginStepDef.iShouldSeeProductsPageWithTitle(java.lang.String)
&amp#27;[35m[HTTP]&amp#27;[39m &amp#27;[37m-->&amp#27;[39m &amp#27;[37mPOST&amp#27;[39m &amp#27;[37m/wd/hub/session/ec5325c9-ab8c-4c14-a23c-857f6a6dfbfe/appium/stop_recording_screen&amp#27;[39m
&amp#27;[35m[HTTP]&amp#27;[39m &amp#27;[90m{}&amp#27;[39m
[debug] &amp#27;[35m[W3C (ec5325c9)]&amp#27;[39m Calling AppiumDriver.stopRecordingScreen() with args: [null,"ec5325c9-ab8c-4c14-a23c-857f6a6dfbfe"]
[debug] &amp#27;[35m[ADB]&amp#27;[39m Getting IDs of all 'screenrecord' processes
[debug] &amp#27;[35m[ADB]&amp#27;[39m Running 'C:\Users\lenovo\AppData\Local\Android\sdk\platform-tools\adb.exe -P 5037 -s emulator-5554 shell pgrep -f \(\[\[:blank:\]\]\|\^\)screenrecord\(\[\[:blank:\]\]\|\$\)'
[debug] &amp#27;[35m[ADB]&amp#27;[39m Running 'C:\Users\lenovo\AppData\Local\Android\sdk\platform-tools\adb.exe -P 5037 -s emulator-5554 shell kill -2 25615'
[debug] &amp#27;[35m[ADB]&amp#27;[39m Getting IDs of all 'screenrecord' processes
[debug] &amp#27;[35m[ADB]&amp#27;[39m Running 'C:\Users\lenovo\AppData\Local\Android\sdk\platform-tools\adb.exe -P 5037 -s emulator-5554 shell pgrep -f \(\[\[:blank:\]\]\|\^\)screenrecord\(\[\[:blank:\]\]\|\$\)'
[debug] &amp#27;[35m[ADB]&amp#27;[39m Getting IDs of all 'screenrecord' processes
[debug] &amp#27;[35m[ADB]&amp#27;[39m Running 'C:\Users\lenovo\AppData\Local\Android\sdk\platform-tools\adb.exe -P 5037 -s emulator-5554 shell pgrep -f \(\[\[:blank:\]\]\|\^\)screenrecord\(\[\[:blank:\]\]\|\$\)'
[debug] &amp#27;[35m[ADB]&amp#27;[39m Running 'C:\Users\lenovo\AppData\Local\Android\sdk\platform-tools\adb.exe -P 5037 -s emulator-5554 pull /sdcard/30a3bb4b.mp4 C:\Users\lenovo\AppData\Local\Temp\2021023-10936-1u2wb91.3i47\30a3bb4b.mp4'
[debug] &amp#27;[35m[ADB]&amp#27;[39m Running 'C:\Users\lenovo\AppData\Local\Android\sdk\platform-tools\adb.exe -P 5037 -s emulator-5554 shell rm -rf /sdcard/30a3bb4b.mp4'
[debug] &amp#27;[35m[AndroidDriver]&amp#27;[39m The size of the resulting screen recording is 933.90 KB
[debug] &amp#27;[35m[W3C (ec5325c9)]&amp#27;[39m Responding to client with driver.stopRecordingScreen() result: "AAAAGGZ0eXBtcDQyAAAAAGlzb21tcDQyAAAEP21vb3YAAABsbXZoZAAAAADcMYMf3DGDHwAAA+gAACQfAAEAAAEAAAAAAAAAAAAAAAABAAAAAAAAAAAAAAAAAAAAAQAAAAAAAAAAAAAAAAAAQAAAAAAAAAAAAAAAAAAAAAAAAAAAAAAAAAAAAAAAAAIAAAB1bWV0YQAAACFoZGxyAAAAAAAAAABtZHRhAAAAAAAAAAAAAAAAAAAAACtrZXlzAAAAAAAAAAEAAAAbbWR0YWNvbS5hbmRyb2lkLnZlcnNpb24AAAAhaWxzdAAAABkAAAABAAAAEWRhdGEAAAABAAAAADkAAANWdHJhawAAAFx0a2hkAAAAB9wxgx/cMYMfAAAAAQAAAAAAACQfAAAAAAAAAAAAAAAAAAAAAAABAAAAAAAAAAAAAAAAAAAAAQAAAAAAAAAAAAAAAAAAQAAAAAQ4AAAIrAAAAAAC8m1kaWEAAAAgbWRoZAAAAADcMYMf3DGDHwABX5AADLL5AAAAAAAAACxoZGxyAAAAAAAAAAB2aWRlAAAAAAAAAAAAAAAAVmlkZW9IYW5kbGUAAAACnm1pbmYAAAAUdm1oZAAAAAEAAAAAAAAAAAAAACRkaW5mAAAAHGRyZWYAAAAAAAAAAQAAAAx1cmwgAAAAAQAAAl5zdGJsAAAAsnN0c2QAAAAAAAAAAQAAAKJhdmMxAAAAAAAAAAEAAAAAAAAAAAAAAAAAAAAABDgIrABIAAAASAAAAAAAAAABACAgICAgICAgICAgICAgICAgICAgICAgICAgICAgICAAGP//AAAAKWF2Y0MBQsAy/+EAEGdCwDKNaARAEX5bgHhEI1ABAAZozgGoNcgAAAAQcGFzcAABAAAAAQAAAAAAE2NvbHJuY2x4AAEAAQABAAAAAOBzdHRzAAAAAAAAABoAAAABAABJFQAAAAEAAKdxAAAAAQAAoxkAAAABAAA7eQAAAAEAADO1AAAAAQAA3LsAAAABAABH+QAA...
&amp#27;[35m[HTTP]&amp#27;[39m &amp#27;[37m<-- POST /wd/hub/session/ec5325c9-ab8c-4c14-a23c-857f6a6dfbfe/appium/stop_recording_screen &amp#27;[39m&amp#27;[32m200&amp#27;[39m &amp#27;[90m1918 ms - 1275104&amp#27;[39m
&amp#27;[35m[HTTP]&amp#27;[39m &amp#27;[90m&amp#27;[39m
[INFO ] 2021-01-23 13:09:14.535 com.qa.utils.VideoManager:35 - video path: Android_pixel_3a_API_30_x86\Videos\Login with valid user name and password.mp4
]]></system-out>
  </testcase>
</testsuite>