<?xml version="1.0" encoding="UTF-8"?>
<!-- Generated by org.testng.reporters.JUnitReportReporter -->
<testsuite hostname="DESKTOP-T6VNPJJ" failures="0" tests="3" name="com.qa.runners.MyPixel3TestNGRunnerTest" time="31.381" errors="0" timestamp="2021-01-24T14:46:30 IST" skipped="0">
  <testcase classname="com.qa.runners.MyPixel3TestNGRunnerTest" name="scenario" time="12.029"/>
  <system-out/>
  <testcase classname="com.qa.runners.MyPixel3TestNGRunnerTest" name="scenario" time="11.739"/>
  <system-out/>
  <testcase classname="com.qa.runners.MyPixel3TestNGRunnerTest" name="scenario" time="7.613"/>
  <system-out/>
</testsuite> <!-- com.qa.runners.MyPixel3TestNGRunnerTest -->
