<?xml version="1.0" encoding="UTF-8"?>
<!-- Generated by org.testng.reporters.JUnitReportReporter -->
<testsuite skipped="0" hostname="DESKTOP-T6VNPJJ" name="com.qa.runners.MyRedmiTestNGRunnerTest" tests="3" failures="0" timestamp="2021-01-23T13:09:17 IST" time="24.156" errors="0">
  <testcase name="scenario" time="7.637" classname="com.qa.runners.MyRedmiTestNGRunnerTest"/>
  <system-out/>
  <testcase name="scenario" time="6.056" classname="com.qa.runners.MyRedmiTestNGRunnerTest"/>
  <system-out/>
  <testcase name="scenario" time="10.463" classname="com.qa.runners.MyRedmiTestNGRunnerTest"/>
  <system-out/>
</testsuite> <!-- com.qa.runners.MyRedmiTestNGRunnerTest -->
