<?xml version="1.0" encoding="UTF-8"?>
<!-- Generated by org.testng.reporters.JUnitReportReporter -->
<testsuite skipped="0" hostname="DESKTOP-T6VNPJJ" name="com.qa.runners.MyPixel3TestNGRunnerTest" tests="3" failures="0" timestamp="2021-01-23T13:09:17 IST" time="39.148" errors="0">
  <testcase name="scenario" time="16.435" classname="com.qa.runners.MyPixel3TestNGRunnerTest"/>
  <system-out/>
  <testcase name="scenario" time="10.002" classname="com.qa.runners.MyPixel3TestNGRunnerTest"/>
  <system-out/>
  <testcase name="scenario" time="12.711" classname="com.qa.runners.MyPixel3TestNGRunnerTest"/>
  <system-out/>
</testsuite> <!-- com.qa.runners.MyPixel3TestNGRunnerTest -->
